
*** Running vivado
    with args -log top_MAC_Array_Test.vdi -applog -m64 -product Vivado -messageDb vivado.pb -mode batch -source top_MAC_Array_Test.tcl -notrace


****** Vivado v2022.2 (64-bit)
  **** SW Build 3671981 on Fri Oct 14 04:59:54 MDT 2022
  **** IP Build 3669848 on Fri Oct 14 08:30:02 MDT 2022
    ** Copyright 1986-2022 Xilinx, Inc. All Rights Reserved.

source top_MAC_Array_Test.tcl -notrace
Command: link_design -top top_MAC_Array_Test -part xc7a100tcsg324-1
Design is defaulting to srcset: sources_1
Design is defaulting to constrset: constrs_1
INFO: [Device 21-403] Loading part xc7a100tcsg324-1
Netlist sorting complete. Time (s): cpu = 00:00:00.02 ; elapsed = 00:00:00.01 . Memory (MB): peak = 2055.457 ; gain = 0.000 ; free physical = 21943 ; free virtual = 34073
INFO: [Netlist 29-17] Analyzing 53 Unisim elements for replacement
INFO: [Netlist 29-28] Unisim Transformation completed in 0 CPU seconds
INFO: [Project 1-479] Netlist was created with Vivado 2022.2
INFO: [Project 1-570] Preparing netlist for logic optimization
Parsing XDC File [/home/intern/Bendaou/stage_2025/Code VHDL/project/impl_results/MAC_Array/500MHz/temp_500MHz.xdc]
Finished Parsing XDC File [/home/intern/Bendaou/stage_2025/Code VHDL/project/impl_results/MAC_Array/500MHz/temp_500MHz.xdc]
INFO: [Opt 31-138] Pushed 0 inverter(s) to 0 load pin(s).
Netlist sorting complete. Time (s): cpu = 00:00:00 ; elapsed = 00:00:00 . Memory (MB): peak = 2217.953 ; gain = 0.000 ; free physical = 21856 ; free virtual = 33987
INFO: [Project 1-111] Unisim Transformation Summary:
No Unisim elements were transformed.

7 Infos, 0 Warnings, 0 Critical Warnings and 0 Errors encountered.
link_design completed successfully
link_design: Time (s): cpu = 00:00:05 ; elapsed = 00:00:05 . Memory (MB): peak = 2217.953 ; gain = 511.379 ; free physical = 21856 ; free virtual = 33987
Command: opt_design
Attempting to get a license for feature 'Implementation' and/or device 'xc7a100t'
INFO: [Common 17-349] Got license for feature 'Implementation' and/or device 'xc7a100t'
Running DRC as a precondition to command opt_design

Starting DRC Task
INFO: [DRC 23-27] Running DRC with 8 threads
INFO: [Project 1-461] DRC finished with 0 Errors
INFO: [Project 1-462] Please refer to the DRC report (report_drc) for more information.

Time (s): cpu = 00:00:01 ; elapsed = 00:00:00.75 . Memory (MB): peak = 2306.734 ; gain = 88.781 ; free physical = 21855 ; free virtual = 33986

Starting Cache Timing Information Task
INFO: [Timing 38-35] Done setting XDC timing constraints.
Ending Cache Timing Information Task | Checksum: 146f1add8

Time (s): cpu = 00:00:07 ; elapsed = 00:00:07 . Memory (MB): peak = 2713.586 ; gain = 406.852 ; free physical = 21482 ; free virtual = 33613

Starting Logic Optimization Task

Phase 1 Retarget
INFO: [Opt 31-138] Pushed 0 inverter(s) to 0 load pin(s).
INFO: [Opt 31-49] Retargeted 0 cell(s).
Phase 1 Retarget | Checksum: 146f1add8

Time (s): cpu = 00:00:00.29 ; elapsed = 00:00:00.11 . Memory (MB): peak = 2992.477 ; gain = 0.000 ; free physical = 21228 ; free virtual = 33361
INFO: [Opt 31-389] Phase Retarget created 0 cells and removed 0 cells

Phase 2 Constant propagation
INFO: [Opt 31-138] Pushed 0 inverter(s) to 0 load pin(s).
Phase 2 Constant propagation | Checksum: 19fd50f45

Time (s): cpu = 00:00:00.31 ; elapsed = 00:00:00.13 . Memory (MB): peak = 2992.477 ; gain = 0.000 ; free physical = 21228 ; free virtual = 33361
INFO: [Opt 31-389] Phase Constant propagation created 0 cells and removed 0 cells

Phase 3 Sweep
Phase 3 Sweep | Checksum: 102292980

Time (s): cpu = 00:00:00.34 ; elapsed = 00:00:00.16 . Memory (MB): peak = 2992.477 ; gain = 0.000 ; free physical = 21228 ; free virtual = 33361
INFO: [Opt 31-389] Phase Sweep created 0 cells and removed 0 cells

Phase 4 BUFG optimization
Phase 4 BUFG optimization | Checksum: 102292980

Time (s): cpu = 00:00:00.38 ; elapsed = 00:00:00.19 . Memory (MB): peak = 3024.492 ; gain = 32.016 ; free physical = 21228 ; free virtual = 33361
INFO: [Opt 31-662] Phase BUFG optimization created 0 cells of which 0 are BUFGs and removed 0 cells.

Phase 5 Shift Register Optimization
INFO: [Opt 31-1064] SRL Remap converted 0 SRLs to 0 registers and converted 0 registers of register chains to 0 SRLs
Phase 5 Shift Register Optimization | Checksum: 102292980

Time (s): cpu = 00:00:00.38 ; elapsed = 00:00:00.19 . Memory (MB): peak = 3024.492 ; gain = 32.016 ; free physical = 21228 ; free virtual = 33361
INFO: [Opt 31-389] Phase Shift Register Optimization created 0 cells and removed 0 cells

Phase 6 Post Processing Netlist
Phase 6 Post Processing Netlist | Checksum: 102292980

Time (s): cpu = 00:00:00.39 ; elapsed = 00:00:00.2 . Memory (MB): peak = 3024.492 ; gain = 32.016 ; free physical = 21228 ; free virtual = 33361
INFO: [Opt 31-389] Phase Post Processing Netlist created 0 cells and removed 0 cells
Opt_design Change Summary
=========================


-------------------------------------------------------------------------------------------------------------------------
|  Phase                        |  #Cells created  |  #Cells Removed  |  #Constrained objects preventing optimizations  |
-------------------------------------------------------------------------------------------------------------------------
|  Retarget                     |               0  |               0  |                                              0  |
|  Constant propagation         |               0  |               0  |                                              0  |
|  Sweep                        |               0  |               0  |                                              0  |
|  BUFG optimization            |               0  |               0  |                                              0  |
|  Shift Register Optimization  |               0  |               0  |                                              0  |
|  Post Processing Netlist      |               0  |               0  |                                              0  |
-------------------------------------------------------------------------------------------------------------------------



Starting Connectivity Check Task

Time (s): cpu = 00:00:00.01 ; elapsed = 00:00:00.01 . Memory (MB): peak = 3024.492 ; gain = 0.000 ; free physical = 21230 ; free virtual = 33362
Ending Logic Optimization Task | Checksum: 1192a6a1a

Time (s): cpu = 00:00:00.43 ; elapsed = 00:00:00.24 . Memory (MB): peak = 3024.492 ; gain = 32.016 ; free physical = 21230 ; free virtual = 33362

Starting Power Optimization Task
INFO: [Pwropt 34-132] Skipping clock gating for clocks with a period < 2.00 ns.
Ending Power Optimization Task | Checksum: 1192a6a1a

Time (s): cpu = 00:00:00 ; elapsed = 00:00:00.01 . Memory (MB): peak = 3024.492 ; gain = 0.000 ; free physical = 21230 ; free virtual = 33362

Starting Final Cleanup Task
Ending Final Cleanup Task | Checksum: 1192a6a1a

Time (s): cpu = 00:00:00 ; elapsed = 00:00:00 . Memory (MB): peak = 3024.492 ; gain = 0.000 ; free physical = 21230 ; free virtual = 33362

Starting Netlist Obfuscation Task
Netlist sorting complete. Time (s): cpu = 00:00:00 ; elapsed = 00:00:00 . Memory (MB): peak = 3024.492 ; gain = 0.000 ; free physical = 21230 ; free virtual = 33362
Ending Netlist Obfuscation Task | Checksum: 1192a6a1a

Time (s): cpu = 00:00:00 ; elapsed = 00:00:00.01 . Memory (MB): peak = 3024.492 ; gain = 0.000 ; free physical = 21230 ; free virtual = 33362
INFO: [Common 17-83] Releasing license: Implementation
24 Infos, 0 Warnings, 0 Critical Warnings and 0 Errors encountered.
opt_design completed successfully
opt_design: Time (s): cpu = 00:00:10 ; elapsed = 00:00:10 . Memory (MB): peak = 3024.492 ; gain = 806.539 ; free physical = 21230 ; free virtual = 33362
INFO: [Timing 38-480] Writing timing data to binary archive.
Writing XDEF routing.
Writing XDEF routing logical nets.
Writing XDEF routing special nets.
Write XDEF Complete: Time (s): cpu = 00:00:00.11 ; elapsed = 00:00:00.03 . Memory (MB): peak = 3032.496 ; gain = 0.000 ; free physical = 21229 ; free virtual = 33362
INFO: [Common 17-1381] The checkpoint '/home/intern/Bendaou/stage_2025/Code VHDL/project/impl_results/MAC_Array/500MHz/impl_MAC_Array_500MHz.runs/impl_1/top_MAC_Array_Test_opt.dcp' has been generated.
INFO: [runtcl-4] Executing : report_drc -file top_MAC_Array_Test_drc_opted.rpt -pb top_MAC_Array_Test_drc_opted.pb -rpx top_MAC_Array_Test_drc_opted.rpx
Command: report_drc -file top_MAC_Array_Test_drc_opted.rpt -pb top_MAC_Array_Test_drc_opted.pb -rpx top_MAC_Array_Test_drc_opted.rpx
INFO: [IP_Flow 19-234] Refreshing IP repositories
INFO: [IP_Flow 19-1704] No user IP repositories specified
INFO: [IP_Flow 19-2313] Loaded Vivado IP repository '/tools/Xilinx/Vivado/2022.2/data/ip'.
INFO: [DRC 23-27] Running DRC with 8 threads
INFO: [Vivado_Tcl 2-168] The results of DRC are in file /home/intern/Bendaou/stage_2025/Code VHDL/project/impl_results/MAC_Array/500MHz/impl_MAC_Array_500MHz.runs/impl_1/top_MAC_Array_Test_drc_opted.rpt.
report_drc completed successfully
Command: place_design
Attempting to get a license for feature 'Implementation' and/or device 'xc7a100t'
INFO: [Common 17-349] Got license for feature 'Implementation' and/or device 'xc7a100t'
INFO: [DRC 23-27] Running DRC with 8 threads
INFO: [Vivado_Tcl 4-198] DRC finished with 0 Errors
INFO: [Vivado_Tcl 4-199] Please refer to the DRC report (report_drc) for more information.
Running DRC as a precondition to command place_design
INFO: [DRC 23-27] Running DRC with 8 threads
INFO: [Vivado_Tcl 4-198] DRC finished with 0 Errors
INFO: [Vivado_Tcl 4-199] Please refer to the DRC report (report_drc) for more information.

Starting Placer Task
INFO: [Place 30-611] Multithreading enabled for place_design using a maximum of 8 CPUs

Phase 1 Placer Initialization

Phase 1.1 Placer Initialization Netlist Sorting
Netlist sorting complete. Time (s): cpu = 00:00:00 ; elapsed = 00:00:00 . Memory (MB): peak = 3142.484 ; gain = 0.000 ; free physical = 21201 ; free virtual = 33335
Phase 1.1 Placer Initialization Netlist Sorting | Checksum: 6ca217f6

Time (s): cpu = 00:00:00 ; elapsed = 00:00:00.01 . Memory (MB): peak = 3142.484 ; gain = 0.000 ; free physical = 21201 ; free virtual = 33335
Netlist sorting complete. Time (s): cpu = 00:00:00 ; elapsed = 00:00:00 . Memory (MB): peak = 3142.484 ; gain = 0.000 ; free physical = 21201 ; free virtual = 33335

Phase 1.2 IO Placement/ Clock Placement/ Build Placer Device
INFO: [Timing 38-35] Done setting XDC timing constraints.
Phase 1.2 IO Placement/ Clock Placement/ Build Placer Device | Checksum: 1020477c1

Time (s): cpu = 00:00:00.96 ; elapsed = 00:00:00.38 . Memory (MB): peak = 3142.484 ; gain = 0.000 ; free physical = 21201 ; free virtual = 33335

Phase 1.3 Build Placer Netlist Model
Phase 1.3 Build Placer Netlist Model | Checksum: 1c9e0c061

Time (s): cpu = 00:00:02 ; elapsed = 00:00:00.79 . Memory (MB): peak = 3142.484 ; gain = 0.000 ; free physical = 21201 ; free virtual = 33333

Phase 1.4 Constrain Clocks/Macros
Phase 1.4 Constrain Clocks/Macros | Checksum: 1c9e0c061

Time (s): cpu = 00:00:02 ; elapsed = 00:00:00.8 . Memory (MB): peak = 3142.484 ; gain = 0.000 ; free physical = 21201 ; free virtual = 33333
Phase 1 Placer Initialization | Checksum: 1c9e0c061

Time (s): cpu = 00:00:02 ; elapsed = 00:00:00.81 . Memory (MB): peak = 3142.484 ; gain = 0.000 ; free physical = 21201 ; free virtual = 33333

Phase 2 Global Placement

Phase 2.1 Floorplanning

Phase 2.1.1 Partition Driven Placement

Phase 2.1.1.1 PBP: Partition Driven Placement
Phase 2.1.1.1 PBP: Partition Driven Placement | Checksum: 1d4a2eb6a

Time (s): cpu = 00:00:04 ; elapsed = 00:00:01 . Memory (MB): peak = 3142.484 ; gain = 0.000 ; free physical = 21230 ; free virtual = 33361

Phase 2.1.1.2 PBP: Clock Region Placement
Phase 2.1.1.2 PBP: Clock Region Placement | Checksum: 1f19e1a47

Time (s): cpu = 00:00:04 ; elapsed = 00:00:02 . Memory (MB): peak = 3142.484 ; gain = 0.000 ; free physical = 21230 ; free virtual = 33361

Phase 2.1.1.3 PBP: Compute Congestion
Phase 2.1.1.3 PBP: Compute Congestion | Checksum: 1f19e1a47

Time (s): cpu = 00:00:04 ; elapsed = 00:00:02 . Memory (MB): peak = 3142.484 ; gain = 0.000 ; free physical = 21208 ; free virtual = 33339

Phase 2.1.1.4 PBP: UpdateTiming
Phase 2.1.1.4 PBP: UpdateTiming | Checksum: 189a7de59

Time (s): cpu = 00:00:05 ; elapsed = 00:00:02 . Memory (MB): peak = 3142.484 ; gain = 0.000 ; free physical = 21205 ; free virtual = 33339

Phase 2.1.1.5 PBP: Add part constraints
Phase 2.1.1.5 PBP: Add part constraints | Checksum: 189a7de59

Time (s): cpu = 00:00:05 ; elapsed = 00:00:02 . Memory (MB): peak = 3142.484 ; gain = 0.000 ; free physical = 21205 ; free virtual = 33339
Phase 2.1.1 Partition Driven Placement | Checksum: 189a7de59

Time (s): cpu = 00:00:05 ; elapsed = 00:00:02 . Memory (MB): peak = 3142.484 ; gain = 0.000 ; free physical = 21205 ; free virtual = 33339
Phase 2.1 Floorplanning | Checksum: 1be007c04

Time (s): cpu = 00:00:05 ; elapsed = 00:00:02 . Memory (MB): peak = 3142.484 ; gain = 0.000 ; free physical = 21205 ; free virtual = 33339

Phase 2.2 Update Timing before SLR Path Opt
Phase 2.2 Update Timing before SLR Path Opt | Checksum: 1be007c04

Time (s): cpu = 00:00:05 ; elapsed = 00:00:02 . Memory (MB): peak = 3142.484 ; gain = 0.000 ; free physical = 21205 ; free virtual = 33338

Phase 2.3 Post-Processing in Floorplanning
Phase 2.3 Post-Processing in Floorplanning | Checksum: 1c395465e

Time (s): cpu = 00:00:05 ; elapsed = 00:00:02 . Memory (MB): peak = 3142.484 ; gain = 0.000 ; free physical = 21205 ; free virtual = 33338

Phase 2.4 Global Placement Core

Phase 2.4.1 UpdateTiming Before Physical Synthesis
Phase 2.4.1 UpdateTiming Before Physical Synthesis | Checksum: 1f5218206

Time (s): cpu = 00:00:16 ; elapsed = 00:00:05 . Memory (MB): peak = 3142.484 ; gain = 0.000 ; free physical = 21189 ; free virtual = 33323

Phase 2.4.2 Physical Synthesis In Placer
INFO: [Physopt 32-1035] Found 112 LUTNM shape to break, 4 LUT instances to create LUTNM shape
INFO: [Physopt 32-1044] Break lutnm for timing: one critical 6, two critical 106, total 112, new lutff created 5
INFO: [Physopt 32-1138] End 1 Pass. Optimized 112 nets or LUTs. Breaked 112 LUTs, combined 0 existing LUT and moved 0 existing LUT
INFO: [Physopt 32-65] No nets found for high-fanout optimization.
INFO: [Physopt 32-232] Optimized 0 net. Created 0 new instance.
INFO: [Physopt 32-775] End 1 Pass. Optimized 0 net or cell. Created 0 new cell, deleted 0 existing cell and moved 0 existing cell
INFO: [Physopt 32-456] No candidate cells for DSP register optimization found in the design.
INFO: [Physopt 32-775] End 2 Pass. Optimized 0 net or cell. Created 0 new cell, deleted 0 existing cell and moved 0 existing cell
INFO: [Physopt 32-1123] No candidate cells found for Shift Register to Pipeline optimization
INFO: [Physopt 32-775] End 2 Pass. Optimized 0 net or cell. Created 0 new cell, deleted 0 existing cell and moved 0 existing cell
INFO: [Physopt 32-677] No candidate cells for Shift Register optimization found in the design
INFO: [Physopt 32-775] End 1 Pass. Optimized 0 net or cell. Created 0 new cell, deleted 0 existing cell and moved 0 existing cell
INFO: [Physopt 32-526] No candidate cells for BRAM register optimization found in the design
INFO: [Physopt 32-775] End 1 Pass. Optimized 0 net or cell. Created 0 new cell, deleted 0 existing cell and moved 0 existing cell
INFO: [Physopt 32-846] No candidate cells for URAM register optimization found in the design
INFO: [Physopt 32-775] End 2 Pass. Optimized 0 net or cell. Created 0 new cell, deleted 0 existing cell and moved 0 existing cell
INFO: [Physopt 32-949] No candidate nets found for dynamic/static region interface net replication
INFO: [Physopt 32-775] End 1 Pass. Optimized 0 net or cell. Created 0 new cell, deleted 0 existing cell and moved 0 existing cell
Netlist sorting complete. Time (s): cpu = 00:00:00 ; elapsed = 00:00:00 . Memory (MB): peak = 3142.484 ; gain = 0.000 ; free physical = 21185 ; free virtual = 33321

Summary of Physical Synthesis Optimizations
============================================


-----------------------------------------------------------------------------------------------------------------------------------------------------------
|  Optimization                                     |  Added Cells  |  Removed Cells  |  Optimized Cells/Nets  |  Dont Touch  |  Iterations  |  Elapsed   |
-----------------------------------------------------------------------------------------------------------------------------------------------------------
|  LUT Combining                                    |          112  |              0  |                   112  |           0  |           1  |  00:00:00  |
|  Retime                                           |            0  |              0  |                     0  |           0  |           1  |  00:00:00  |
|  Very High Fanout                                 |            0  |              0  |                     0  |           0  |           1  |  00:00:00  |
|  DSP Register                                     |            0  |              0  |                     0  |           0  |           1  |  00:00:00  |
|  Shift Register to Pipeline                       |            0  |              0  |                     0  |           0  |           1  |  00:00:00  |
|  Shift Register                                   |            0  |              0  |                     0  |           0  |           1  |  00:00:00  |
|  BRAM Register                                    |            0  |              0  |                     0  |           0  |           1  |  00:00:00  |
|  URAM Register                                    |            0  |              0  |                     0  |           0  |           1  |  00:00:00  |
|  Dynamic/Static Region Interface Net Replication  |            0  |              0  |                     0  |           0  |           1  |  00:00:00  |
|  Total                                            |          112  |              0  |                   112  |           0  |           9  |  00:00:00  |
-----------------------------------------------------------------------------------------------------------------------------------------------------------


Phase 2.4.2 Physical Synthesis In Placer | Checksum: 12ae01175

Time (s): cpu = 00:00:17 ; elapsed = 00:00:06 . Memory (MB): peak = 3142.484 ; gain = 0.000 ; free physical = 21176 ; free virtual = 33310
Phase 2.4 Global Placement Core | Checksum: c7802702

Time (s): cpu = 00:00:17 ; elapsed = 00:00:06 . Memory (MB): peak = 3142.484 ; gain = 0.000 ; free physical = 21168 ; free virtual = 33306
Phase 2 Global Placement | Checksum: c7802702

Time (s): cpu = 00:00:17 ; elapsed = 00:00:06 . Memory (MB): peak = 3142.484 ; gain = 0.000 ; free physical = 21168 ; free virtual = 33306

Phase 3 Detail Placement

Phase 3.1 Commit Multi Column Macros
Phase 3.1 Commit Multi Column Macros | Checksum: 12347a987

Time (s): cpu = 00:00:18 ; elapsed = 00:00:06 . Memory (MB): peak = 3142.484 ; gain = 0.000 ; free physical = 21167 ; free virtual = 33305

Phase 3.2 Commit Most Macros & LUTRAMs
Phase 3.2 Commit Most Macros & LUTRAMs | Checksum: fe956a77

Time (s): cpu = 00:00:19 ; elapsed = 00:00:06 . Memory (MB): peak = 3142.484 ; gain = 0.000 ; free physical = 21167 ; free virtual = 33305

Phase 3.3 Area Swap Optimization
Phase 3.3 Area Swap Optimization | Checksum: 15b23d7b6

Time (s): cpu = 00:00:19 ; elapsed = 00:00:06 . Memory (MB): peak = 3142.484 ; gain = 0.000 ; free physical = 21167 ; free virtual = 33305

Phase 3.4 Pipeline Register Optimization
Phase 3.4 Pipeline Register Optimization | Checksum: 1170b751a

Time (s): cpu = 00:00:19 ; elapsed = 00:00:06 . Memory (MB): peak = 3142.484 ; gain = 0.000 ; free physical = 21167 ; free virtual = 33305

Phase 3.5 Fast Optimization
Phase 3.5 Fast Optimization | Checksum: 15d977070

Time (s): cpu = 00:00:22 ; elapsed = 00:00:09 . Memory (MB): peak = 3142.484 ; gain = 0.000 ; free physical = 21177 ; free virtual = 33308

Phase 3.6 Small Shape Detail Placement
Phase 3.6 Small Shape Detail Placement | Checksum: 1adc29ecd

Time (s): cpu = 00:00:23 ; elapsed = 00:00:10 . Memory (MB): peak = 3142.484 ; gain = 0.000 ; free physical = 21167 ; free virtual = 33299

Phase 3.7 Re-assign LUT pins
Phase 3.7 Re-assign LUT pins | Checksum: 1df1f8e25

Time (s): cpu = 00:00:23 ; elapsed = 00:00:10 . Memory (MB): peak = 3142.484 ; gain = 0.000 ; free physical = 21167 ; free virtual = 33299

Phase 3.8 Pipeline Register Optimization
Phase 3.8 Pipeline Register Optimization | Checksum: 12e155fa1

Time (s): cpu = 00:00:23 ; elapsed = 00:00:10 . Memory (MB): peak = 3142.484 ; gain = 0.000 ; free physical = 21167 ; free virtual = 33299

Phase 3.9 Fast Optimization
Phase 3.9 Fast Optimization | Checksum: 1bec89241

Time (s): cpu = 00:00:30 ; elapsed = 00:00:16 . Memory (MB): peak = 3142.484 ; gain = 0.000 ; free physical = 21114 ; free virtual = 33252
Phase 3 Detail Placement | Checksum: 1bec89241

Time (s): cpu = 00:00:30 ; elapsed = 00:00:16 . Memory (MB): peak = 3142.484 ; gain = 0.000 ; free physical = 21114 ; free virtual = 33252

Phase 4 Post Placement Optimization and Clean-Up

Phase 4.1 Post Commit Optimization
INFO: [Timing 38-35] Done setting XDC timing constraints.

Phase 4.1.1 Post Placement Optimization
Post Placement Optimization Initialization | Checksum: 185751257

Phase 4.1.1.1 BUFG Insertion

Starting Physical Synthesis Task

Phase 1 Physical Synthesis Initialization
INFO: [Physopt 32-721] Multithreading enabled for phys_opt_design using a maximum of 8 CPUs
INFO: [Physopt 32-619] Estimated Timing Summary | WNS=-4.218 | TNS=-1406.974 |
Phase 1 Physical Synthesis Initialization | Checksum: 19f4b8014

Time (s): cpu = 00:00:00.38 ; elapsed = 00:00:00.11 . Memory (MB): peak = 3142.484 ; gain = 0.000 ; free physical = 21111 ; free virtual = 33249
INFO: [Place 46-56] BUFG insertion identified 0 candidate nets. Inserted BUFG: 0, Replicated BUFG Driver: 0, Skipped due to Placement/Routing Conflicts: 0, Skipped due to Timing Degradation: 0, Skipped due to Illegal Netlist: 0.
Ending Physical Synthesis Task | Checksum: 1ae43c5b0

Time (s): cpu = 00:00:00.41 ; elapsed = 00:00:00.14 . Memory (MB): peak = 3142.484 ; gain = 0.000 ; free physical = 21114 ; free virtual = 33252
Phase 4.1.1.1 BUFG Insertion | Checksum: 185751257

Time (s): cpu = 00:00:33 ; elapsed = 00:00:17 . Memory (MB): peak = 3142.484 ; gain = 0.000 ; free physical = 21113 ; free virtual = 33252

Phase 4.1.1.2 Post Placement Timing Optimization
INFO: [Place 30-746] Post Placement Timing Summary WNS=-3.976. For the most accurate timing information please run report_timing.
Phase 4.1.1.2 Post Placement Timing Optimization | Checksum: 1d66afeaa

Time (s): cpu = 00:00:38 ; elapsed = 00:00:21 . Memory (MB): peak = 3142.484 ; gain = 0.000 ; free physical = 21123 ; free virtual = 33255

Time (s): cpu = 00:00:38 ; elapsed = 00:00:21 . Memory (MB): peak = 3142.484 ; gain = 0.000 ; free physical = 21123 ; free virtual = 33255
Phase 4.1 Post Commit Optimization | Checksum: 1d66afeaa

Time (s): cpu = 00:00:38 ; elapsed = 00:00:21 . Memory (MB): peak = 3142.484 ; gain = 0.000 ; free physical = 21123 ; free virtual = 33255

Phase 4.2 Post Placement Cleanup
Phase 4.2 Post Placement Cleanup | Checksum: 1d66afeaa

Time (s): cpu = 00:00:38 ; elapsed = 00:00:21 . Memory (MB): peak = 3142.484 ; gain = 0.000 ; free physical = 21123 ; free virtual = 33255

Phase 4.3 Placer Reporting

Phase 4.3.1 Print Estimated Congestion
INFO: [Place 30-612] Post-Placement Estimated Congestion 
 ____________________________________________________
|           | Global Congestion | Short Congestion  |
| Direction | Region Size       | Region Size       |
|___________|___________________|___________________|
|      North|                1x1|                4x4|
|___________|___________________|___________________|
|      South|                1x1|                1x1|
|___________|___________________|___________________|
|       East|                1x1|                1x1|
|___________|___________________|___________________|
|       West|                1x1|                1x1|
|___________|___________________|___________________|

Phase 4.3.1 Print Estimated Congestion | Checksum: 1d66afeaa

Time (s): cpu = 00:00:38 ; elapsed = 00:00:21 . Memory (MB): peak = 3142.484 ; gain = 0.000 ; free physical = 21123 ; free virtual = 33255
Phase 4.3 Placer Reporting | Checksum: 1d66afeaa

Time (s): cpu = 00:00:38 ; elapsed = 00:00:21 . Memory (MB): peak = 3142.484 ; gain = 0.000 ; free physical = 21123 ; free virtual = 33255

Phase 4.4 Final Placement Cleanup
Netlist sorting complete. Time (s): cpu = 00:00:00 ; elapsed = 00:00:00 . Memory (MB): peak = 3142.484 ; gain = 0.000 ; free physical = 21123 ; free virtual = 33255

Time (s): cpu = 00:00:38 ; elapsed = 00:00:21 . Memory (MB): peak = 3142.484 ; gain = 0.000 ; free physical = 21123 ; free virtual = 33255
Phase 4 Post Placement Optimization and Clean-Up | Checksum: 23fb94d56

Time (s): cpu = 00:00:38 ; elapsed = 00:00:21 . Memory (MB): peak = 3142.484 ; gain = 0.000 ; free physical = 21123 ; free virtual = 33255
Ending Placer Task | Checksum: 1d07a354e

Time (s): cpu = 00:00:38 ; elapsed = 00:00:21 . Memory (MB): peak = 3142.484 ; gain = 0.000 ; free physical = 21123 ; free virtual = 33255
INFO: [Common 17-83] Releasing license: Implementation
66 Infos, 0 Warnings, 0 Critical Warnings and 0 Errors encountered.
place_design completed successfully
place_design: Time (s): cpu = 00:00:39 ; elapsed = 00:00:21 . Memory (MB): peak = 3142.484 ; gain = 0.000 ; free physical = 21152 ; free virtual = 33284
INFO: [Timing 38-480] Writing timing data to binary archive.
Writing XDEF routing.
Writing XDEF routing logical nets.
Writing XDEF routing special nets.
Write XDEF Complete: Time (s): cpu = 00:00:00.58 ; elapsed = 00:00:00.21 . Memory (MB): peak = 3142.484 ; gain = 0.000 ; free physical = 21143 ; free virtual = 33280
INFO: [Common 17-1381] The checkpoint '/home/intern/Bendaou/stage_2025/Code VHDL/project/impl_results/MAC_Array/500MHz/impl_MAC_Array_500MHz.runs/impl_1/top_MAC_Array_Test_placed.dcp' has been generated.
INFO: [runtcl-4] Executing : report_io -file top_MAC_Array_Test_io_placed.rpt
report_io: Time (s): cpu = 00:00:00.06 ; elapsed = 00:00:00.14 . Memory (MB): peak = 3142.484 ; gain = 0.000 ; free physical = 21132 ; free virtual = 33265
INFO: [runtcl-4] Executing : report_utilization -file top_MAC_Array_Test_utilization_placed.rpt -pb top_MAC_Array_Test_utilization_placed.pb
INFO: [runtcl-4] Executing : report_control_sets -verbose -file top_MAC_Array_Test_control_sets_placed.rpt
report_control_sets: Time (s): cpu = 00:00:00.02 ; elapsed = 00:00:00.08 . Memory (MB): peak = 3142.484 ; gain = 0.000 ; free physical = 21134 ; free virtual = 33267
Command: phys_opt_design
Attempting to get a license for feature 'Implementation' and/or device 'xc7a100t'
INFO: [Common 17-349] Got license for feature 'Implementation' and/or device 'xc7a100t'

Starting Initial Update Timing Task

Time (s): cpu = 00:00:01 ; elapsed = 00:00:00.33 . Memory (MB): peak = 3142.484 ; gain = 0.000 ; free physical = 21126 ; free virtual = 33260
INFO: [Vivado_Tcl 4-1435] PhysOpt_Tcl_Interface Runtime Before Starting Physical Synthesis Task | CPU: 1.38s |  WALL: 0.36s
Netlist sorting complete. Time (s): cpu = 00:00:00 ; elapsed = 00:00:00 . Memory (MB): peak = 3142.484 ; gain = 0.000 ; free physical = 21126 ; free virtual = 33260

Starting Physical Synthesis Task

Phase 1 Physical Synthesis Initialization
INFO: [Physopt 32-721] Multithreading enabled for phys_opt_design using a maximum of 8 CPUs
INFO: [Physopt 32-619] Estimated Timing Summary | WNS=-3.919 | TNS=-1396.990 |
Phase 1 Physical Synthesis Initialization | Checksum: 1ddc8eb31

Time (s): cpu = 00:00:00.76 ; elapsed = 00:00:00.29 . Memory (MB): peak = 3142.484 ; gain = 0.000 ; free physical = 21126 ; free virtual = 33260
INFO: [Physopt 32-619] Estimated Timing Summary | WNS=-3.919 | TNS=-1396.990 |

Phase 2 DSP Register Optimization
INFO: [Physopt 32-456] No candidate cells for DSP register optimization found in the design.
INFO: [Physopt 32-775] End 2 Pass. Optimized 0 net or cell. Created 0 new cell, deleted 0 existing cell and moved 0 existing cell
Phase 2 DSP Register Optimization | Checksum: 1ddc8eb31

Time (s): cpu = 00:00:00.89 ; elapsed = 00:00:00.34 . Memory (MB): peak = 3142.484 ; gain = 0.000 ; free physical = 21126 ; free virtual = 33260

Phase 3 Critical Path Optimization
INFO: [Physopt 32-619] Estimated Timing Summary | WNS=-3.919 | TNS=-1396.990 |
INFO: [Physopt 32-702] Processed net MAC_GEN[0].MAC_INST/add_inst/p_0_in. Optimizations did not improve timing on the net.
INFO: [Physopt 32-663] Processed net MAC_GEN[0].MAC_INST/add_inst/aligned_x_1[0].  Re-placed instance MAC_GEN[0].MAC_INST/add_inst/aligned_x_1_reg[0]
INFO: [Physopt 32-735] Processed net MAC_GEN[0].MAC_INST/add_inst/aligned_x_1[0]. Optimization improves timing on the net.
INFO: [Physopt 32-619] Estimated Timing Summary | WNS=-3.878 | TNS=-1396.194 |
INFO: [Physopt 32-663] Processed net MAC_GEN[0].MAC_INST/add_inst/aligned_x_1[2].  Re-placed instance MAC_GEN[0].MAC_INST/add_inst/aligned_x_1_reg[2]
INFO: [Physopt 32-735] Processed net MAC_GEN[0].MAC_INST/add_inst/aligned_x_1[2]. Optimization improves timing on the net.
INFO: [Physopt 32-619] Estimated Timing Summary | WNS=-3.805 | TNS=-1396.329 |
INFO: [Physopt 32-663] Processed net MAC_GEN[0].MAC_INST/add_inst/aligned_x_1[8].  Re-placed instance MAC_GEN[0].MAC_INST/add_inst/aligned_x_1_reg[8]
INFO: [Physopt 32-735] Processed net MAC_GEN[0].MAC_INST/add_inst/aligned_x_1[8]. Optimization improves timing on the net.
INFO: [Physopt 32-619] Estimated Timing Summary | WNS=-3.792 | TNS=-1396.619 |
INFO: [Physopt 32-663] Processed net MAC_GEN[0].MAC_INST/add_inst/aligned_x_1[4].  Re-placed instance MAC_GEN[0].MAC_INST/add_inst/aligned_x_1_reg[4]
INFO: [Physopt 32-735] Processed net MAC_GEN[0].MAC_INST/add_inst/aligned_x_1[4]. Optimization improves timing on the net.
INFO: [Physopt 32-619] Estimated Timing Summary | WNS=-3.780 | TNS=-1397.172 |
INFO: [Physopt 32-663] Processed net MAC_GEN[0].MAC_INST/add_inst/aligned_y_1[2].  Re-placed instance MAC_GEN[0].MAC_INST/add_inst/aligned_y_1_reg[2]
INFO: [Physopt 32-735] Processed net MAC_GEN[0].MAC_INST/add_inst/aligned_y_1[2]. Optimization improves timing on the net.
INFO: [Physopt 32-619] Estimated Timing Summary | WNS=-3.765 | TNS=-1397.436 |
INFO: [Physopt 32-663] Processed net MAC_GEN[0].MAC_INST/add_inst/aligned_x_1[2].  Re-placed instance MAC_GEN[0].MAC_INST/add_inst/aligned_x_1_reg[2]
INFO: [Physopt 32-735] Processed net MAC_GEN[0].MAC_INST/add_inst/aligned_x_1[2]. Optimization improves timing on the net.
INFO: [Physopt 32-619] Estimated Timing Summary | WNS=-3.764 | TNS=-1394.659 |
INFO: [Physopt 32-663] Processed net MAC_GEN[0].MAC_INST/add_inst/aligned_x_1[10].  Re-placed instance MAC_GEN[0].MAC_INST/add_inst/aligned_x_1_reg[10]
INFO: [Physopt 32-735] Processed net MAC_GEN[0].MAC_INST/add_inst/aligned_x_1[10]. Optimization improves timing on the net.
INFO: [Physopt 32-619] Estimated Timing Summary | WNS=-3.752 | TNS=-1395.175 |
INFO: [Physopt 32-663] Processed net MAC_GEN[0].MAC_INST/add_inst/aligned_x_1[8].  Re-placed instance MAC_GEN[0].MAC_INST/add_inst/aligned_x_1_reg[8]
INFO: [Physopt 32-735] Processed net MAC_GEN[0].MAC_INST/add_inst/aligned_x_1[8]. Optimization improves timing on the net.
INFO: [Physopt 32-619] Estimated Timing Summary | WNS=-3.747 | TNS=-1394.788 |
INFO: [Physopt 32-81] Processed net MAC_GEN[0].MAC_INST/add_inst/aligned_x_1[2]. Replicated 1 times.
INFO: [Physopt 32-735] Processed net MAC_GEN[0].MAC_INST/add_inst/aligned_x_1[2]. Optimization improves timing on the net.
INFO: [Physopt 32-619] Estimated Timing Summary | WNS=-3.743 | TNS=-1396.394 |
INFO: [Physopt 32-81] Processed net MAC_GEN[0].MAC_INST/add_inst/aligned_x_1[8]. Replicated 1 times.
INFO: [Physopt 32-735] Processed net MAC_GEN[0].MAC_INST/add_inst/aligned_x_1[8]. Optimization improves timing on the net.
INFO: [Physopt 32-619] Estimated Timing Summary | WNS=-3.737 | TNS=-1398.727 |
INFO: [Physopt 32-702] Processed net MAC_GEN[0].MAC_INST/add_inst/aligned_x_1[8]. Optimizations did not improve timing on the net.
INFO: [Physopt 32-702] Processed net MAC_GEN[0].MAC_INST/add_inst/r_mant_2_reg[39]_i_1_n_0. Optimizations did not improve timing on the net.
INFO: [Physopt 32-702] Processed net MAC_GEN[0].MAC_INST/add_inst/r_mant_2_reg[35]_i_1_n_0. Optimizations did not improve timing on the net.
INFO: [Physopt 32-702] Processed net MAC_GEN[0].MAC_INST/add_inst/r_mant_2_reg[31]_i_1_n_0. Optimizations did not improve timing on the net.
INFO: [Physopt 32-702] Processed net MAC_GEN[0].MAC_INST/add_inst/r_mant_2_reg[27]_i_1_n_0. Optimizations did not improve timing on the net.
INFO: [Physopt 32-702] Processed net MAC_GEN[0].MAC_INST/add_inst/r_mant_2_reg[23]_i_1_n_0. Optimizations did not improve timing on the net.
INFO: [Physopt 32-702] Processed net MAC_GEN[0].MAC_INST/add_inst/r_mant_2_reg[19]_i_1_n_0. Optimizations did not improve timing on the net.
INFO: [Physopt 32-702] Processed net MAC_GEN[0].MAC_INST/add_inst/r_mant_2_reg[15]_i_1_n_0. Optimizations did not improve timing on the net.
INFO: [Physopt 32-702] Processed net MAC_GEN[0].MAC_INST/add_inst/r_mant_2_reg[11]_i_1_n_0. Optimizations did not improve timing on the net.
INFO: [Physopt 32-702] Processed net MAC_GEN[0].MAC_INST/add_inst/r_mant_2_reg[7]_i_1_n_0. Optimizations did not improve timing on the net.
INFO: [Physopt 32-702] Processed net MAC_GEN[0].MAC_INST/add_inst/r_mant_2_reg[3]_i_1_n_0. Optimizations did not improve timing on the net.
INFO: [Physopt 32-702] Processed net MAC_GEN[0].MAC_INST/add_inst/r_mant_2[3]_i_6_n_0. Optimizations did not improve timing on the net.
INFO: [Physopt 32-702] Processed net MAC_GEN[0].MAC_INST/add_inst/CO[0]. Optimizations did not improve timing on the net.
INFO: [Physopt 32-702] Processed net MAC_GEN[0].MAC_INST/add_inst/signe_r_2_reg_i_3_n_0. Optimizations did not improve timing on the net.
INFO: [Physopt 32-702] Processed net MAC_GEN[0].MAC_INST/add_inst/signe_r_2_reg_i_12_n_0. Optimizations did not improve timing on the net.
INFO: [Physopt 32-702] Processed net MAC_GEN[0].MAC_INST/add_inst/signe_r_2_reg_i_21_n_0. Optimizations did not improve timing on the net.
INFO: [Physopt 32-702] Processed net MAC_GEN[0].MAC_INST/add_inst/signe_r_2_i_38_n_0. Optimizations did not improve timing on the net.
INFO: [Physopt 32-702] Processed net MAC_GEN[0].MAC_INST/add_inst/r_mant_2_reg[40]_i_1_n_7. Optimizations did not improve timing on the net.
INFO: [Physopt 32-702] Processed net clk_IBUF. Optimizations did not improve timing on the net.
INFO: [Physopt 32-702] Processed net clk. Optimizations did not improve timing on the net.
INFO: [Physopt 32-702] Processed net MAC_GEN[0].MAC_INST/add_inst/p_0_in. Optimizations did not improve timing on the net.
INFO: [Physopt 32-702] Processed net MAC_GEN[0].MAC_INST/add_inst/aligned_x_1[8]. Optimizations did not improve timing on the net.
INFO: [Physopt 32-702] Processed net MAC_GEN[0].MAC_INST/add_inst/r_mant_2[3]_i_6_n_0. Optimizations did not improve timing on the net.
INFO: [Physopt 32-702] Processed net MAC_GEN[0].MAC_INST/add_inst/CO[0]. Optimizations did not improve timing on the net.
INFO: [Physopt 32-702] Processed net MAC_GEN[0].MAC_INST/add_inst/signe_r_2_i_38_n_0. Optimizations did not improve timing on the net.
INFO: [Physopt 32-702] Processed net MAC_GEN[0].MAC_INST/add_inst/r_mant_2_reg[40]_i_1_n_7. Optimizations did not improve timing on the net.
INFO: [Physopt 32-702] Processed net clk_IBUF. Optimizations did not improve timing on the net.
INFO: [Physopt 32-702] Processed net clk. Optimizations did not improve timing on the net.
INFO: [Physopt 32-619] Estimated Timing Summary | WNS=-3.737 | TNS=-1398.727 |
Phase 3 Critical Path Optimization | Checksum: 1ddc8eb31

Time (s): cpu = 00:00:04 ; elapsed = 00:00:02 . Memory (MB): peak = 3142.484 ; gain = 0.000 ; free physical = 21127 ; free virtual = 33260

Phase 4 Critical Path Optimization
INFO: [Physopt 32-619] Estimated Timing Summary | WNS=-3.737 | TNS=-1398.727 |
INFO: [Physopt 32-702] Processed net MAC_GEN[0].MAC_INST/add_inst/p_0_in. Optimizations did not improve timing on the net.
INFO: [Physopt 32-702] Processed net MAC_GEN[0].MAC_INST/add_inst/aligned_x_1[8]. Optimizations did not improve timing on the net.
INFO: [Physopt 32-702] Processed net MAC_GEN[0].MAC_INST/add_inst/r_mant_2_reg[39]_i_1_n_0. Optimizations did not improve timing on the net.
INFO: [Physopt 32-702] Processed net MAC_GEN[0].MAC_INST/add_inst/r_mant_2_reg[35]_i_1_n_0. Optimizations did not improve timing on the net.
INFO: [Physopt 32-702] Processed net MAC_GEN[0].MAC_INST/add_inst/r_mant_2_reg[31]_i_1_n_0. Optimizations did not improve timing on the net.
INFO: [Physopt 32-702] Processed net MAC_GEN[0].MAC_INST/add_inst/r_mant_2_reg[27]_i_1_n_0. Optimizations did not improve timing on the net.
INFO: [Physopt 32-702] Processed net MAC_GEN[0].MAC_INST/add_inst/r_mant_2_reg[23]_i_1_n_0. Optimizations did not improve timing on the net.
INFO: [Physopt 32-702] Processed net MAC_GEN[0].MAC_INST/add_inst/r_mant_2_reg[19]_i_1_n_0. Optimizations did not improve timing on the net.
INFO: [Physopt 32-702] Processed net MAC_GEN[0].MAC_INST/add_inst/r_mant_2_reg[15]_i_1_n_0. Optimizations did not improve timing on the net.
INFO: [Physopt 32-702] Processed net MAC_GEN[0].MAC_INST/add_inst/r_mant_2_reg[11]_i_1_n_0. Optimizations did not improve timing on the net.
INFO: [Physopt 32-702] Processed net MAC_GEN[0].MAC_INST/add_inst/r_mant_2_reg[7]_i_1_n_0. Optimizations did not improve timing on the net.
INFO: [Physopt 32-702] Processed net MAC_GEN[0].MAC_INST/add_inst/r_mant_2_reg[3]_i_1_n_0. Optimizations did not improve timing on the net.
INFO: [Physopt 32-702] Processed net MAC_GEN[0].MAC_INST/add_inst/r_mant_2[3]_i_6_n_0. Optimizations did not improve timing on the net.
INFO: [Physopt 32-702] Processed net MAC_GEN[0].MAC_INST/add_inst/CO[0]. Optimizations did not improve timing on the net.
INFO: [Physopt 32-702] Processed net MAC_GEN[0].MAC_INST/add_inst/signe_r_2_reg_i_3_n_0. Optimizations did not improve timing on the net.
INFO: [Physopt 32-702] Processed net MAC_GEN[0].MAC_INST/add_inst/signe_r_2_reg_i_12_n_0. Optimizations did not improve timing on the net.
INFO: [Physopt 32-702] Processed net MAC_GEN[0].MAC_INST/add_inst/signe_r_2_reg_i_21_n_0. Optimizations did not improve timing on the net.
INFO: [Physopt 32-702] Processed net MAC_GEN[0].MAC_INST/add_inst/signe_r_2_i_38_n_0. Optimizations did not improve timing on the net.
INFO: [Physopt 32-702] Processed net MAC_GEN[0].MAC_INST/add_inst/r_mant_2_reg[40]_i_1_n_7. Optimizations did not improve timing on the net.
INFO: [Physopt 32-702] Processed net clk_IBUF. Optimizations did not improve timing on the net.
INFO: [Physopt 32-702] Processed net clk. Optimizations did not improve timing on the net.
INFO: [Physopt 32-702] Processed net MAC_GEN[0].MAC_INST/add_inst/p_0_in. Optimizations did not improve timing on the net.
INFO: [Physopt 32-702] Processed net MAC_GEN[0].MAC_INST/add_inst/aligned_x_1[8]. Optimizations did not improve timing on the net.
INFO: [Physopt 32-702] Processed net MAC_GEN[0].MAC_INST/add_inst/r_mant_2[3]_i_6_n_0. Optimizations did not improve timing on the net.
INFO: [Physopt 32-702] Processed net MAC_GEN[0].MAC_INST/add_inst/CO[0]. Optimizations did not improve timing on the net.
INFO: [Physopt 32-702] Processed net MAC_GEN[0].MAC_INST/add_inst/signe_r_2_i_38_n_0. Optimizations did not improve timing on the net.
INFO: [Physopt 32-702] Processed net MAC_GEN[0].MAC_INST/add_inst/r_mant_2_reg[40]_i_1_n_7. Optimizations did not improve timing on the net.
INFO: [Physopt 32-702] Processed net clk_IBUF. Optimizations did not improve timing on the net.
INFO: [Physopt 32-702] Processed net clk. Optimizations did not improve timing on the net.
INFO: [Physopt 32-619] Estimated Timing Summary | WNS=-3.737 | TNS=-1398.727 |
Phase 4 Critical Path Optimization | Checksum: 1ddc8eb31

Time (s): cpu = 00:00:06 ; elapsed = 00:00:03 . Memory (MB): peak = 3142.484 ; gain = 0.000 ; free physical = 21166 ; free virtual = 33299
Netlist sorting complete. Time (s): cpu = 00:00:00.01 ; elapsed = 00:00:00 . Memory (MB): peak = 3142.484 ; gain = 0.000 ; free physical = 21166 ; free virtual = 33299
INFO: [Physopt 32-603] Post Physical Optimization Timing Summary | WNS=-3.737 | TNS=-1398.727 |

Summary of Physical Synthesis Optimizations
============================================


-------------------------------------------------------------------------------------------------------------------------------------------------------------
|  Optimization   |  WNS Gain (ns)  |  TNS Gain (ns)  |  Added Cells  |  Removed Cells  |  Optimized Cells/Nets  |  Dont Touch  |  Iterations  |  Elapsed   |
-------------------------------------------------------------------------------------------------------------------------------------------------------------
|  DSP Register   |          0.000  |          0.000  |            0  |              0  |                     0  |           0  |           1  |  00:00:00  |
|  Critical Path  |          0.182  |         -1.738  |            2  |              0  |                    10  |           0  |           2  |  00:00:03  |
|  Total          |          0.182  |         -1.738  |            2  |              0  |                    10  |           0  |           3  |  00:00:03  |
-------------------------------------------------------------------------------------------------------------------------------------------------------------


Netlist sorting complete. Time (s): cpu = 00:00:00 ; elapsed = 00:00:00 . Memory (MB): peak = 3142.484 ; gain = 0.000 ; free physical = 21166 ; free virtual = 33299
Ending Physical Synthesis Task | Checksum: 1fb3e66c2

Time (s): cpu = 00:00:06 ; elapsed = 00:00:03 . Memory (MB): peak = 3142.484 ; gain = 0.000 ; free physical = 21166 ; free virtual = 33300
INFO: [Common 17-83] Releasing license: Implementation
172 Infos, 0 Warnings, 0 Critical Warnings and 0 Errors encountered.
phys_opt_design completed successfully
INFO: [Timing 38-480] Writing timing data to binary archive.
Writing XDEF routing.
Writing XDEF routing logical nets.
Writing XDEF routing special nets.
Write XDEF Complete: Time (s): cpu = 00:00:00.58 ; elapsed = 00:00:00.22 . Memory (MB): peak = 3142.484 ; gain = 0.000 ; free physical = 21164 ; free virtual = 33302
INFO: [Common 17-1381] The checkpoint '/home/intern/Bendaou/stage_2025/Code VHDL/project/impl_results/MAC_Array/500MHz/impl_MAC_Array_500MHz.runs/impl_1/top_MAC_Array_Test_physopt.dcp' has been generated.
Command: route_design
Attempting to get a license for feature 'Implementation' and/or device 'xc7a100t'
INFO: [Common 17-349] Got license for feature 'Implementation' and/or device 'xc7a100t'
INFO: [DRC 23-27] Running DRC with 8 threads
INFO: [Vivado_Tcl 4-198] DRC finished with 0 Errors
INFO: [Vivado_Tcl 4-199] Please refer to the DRC report (report_drc) for more information.
Running DRC as a precondition to command route_design
INFO: [DRC 23-27] Running DRC with 8 threads
INFO: [Vivado_Tcl 4-198] DRC finished with 0 Errors
INFO: [Vivado_Tcl 4-199] Please refer to the DRC report (report_drc) for more information.


Starting Routing Task
INFO: [Route 35-254] Multithreading enabled for route_design using a maximum of 8 CPUs

Phase 1 Build RT Design
Checksum: PlaceDB: 9efc45d2 ConstDB: 0 ShapeSum: cc314d23 RouteDB: 0
Post Restoration Checksum: NetGraph: 3e925884 NumContArr: 48bfe04d Constraints: 0 Timing: 0
Phase 1 Build RT Design | Checksum: 875238d1

Time (s): cpu = 00:00:26 ; elapsed = 00:00:21 . Memory (MB): peak = 3222.820 ; gain = 43.957 ; free physical = 21023 ; free virtual = 33157

Phase 2 Router Initialization

Phase 2.1 Fix Topology Constraints
Phase 2.1 Fix Topology Constraints | Checksum: 875238d1

Time (s): cpu = 00:00:26 ; elapsed = 00:00:21 . Memory (MB): peak = 3254.820 ; gain = 75.957 ; free physical = 20992 ; free virtual = 33126

Phase 2.2 Pre Route Cleanup
Phase 2.2 Pre Route Cleanup | Checksum: 875238d1

Time (s): cpu = 00:00:26 ; elapsed = 00:00:21 . Memory (MB): peak = 3254.820 ; gain = 75.957 ; free physical = 20992 ; free virtual = 33126
 Number of Nodes with overlaps = 0

Phase 2.3 Update Timing
Phase 2.3 Update Timing | Checksum: 18a5ffc47

Time (s): cpu = 00:00:29 ; elapsed = 00:00:22 . Memory (MB): peak = 3289.117 ; gain = 110.254 ; free physical = 20952 ; free virtual = 33087
INFO: [Route 35-416] Intermediate Timing Summary | WNS=-3.653 | TNS=-1369.975| WHS=-0.149 | THS=-28.198|


Router Utilization Summary
  Global Vertical Routing Utilization    = 0 %
  Global Horizontal Routing Utilization  = 0 %
  Routable Net Status*
  *Does not include unroutable nets such as driverless and loadless.
  Run report_route_status for detailed report.
  Number of Failed Nets               = 2862
    (Failed Nets is the sum of unrouted and partially routed nets)
  Number of Unrouted Nets             = 2862
  Number of Partially Routed Nets     = 0
  Number of Node Overlaps             = 0

Phase 2 Router Initialization | Checksum: b446f8f9

Time (s): cpu = 00:00:30 ; elapsed = 00:00:22 . Memory (MB): peak = 3289.117 ; gain = 110.254 ; free physical = 20937 ; free virtual = 33072

Phase 3 Initial Routing

Phase 3.1 Global Routing
Phase 3.1 Global Routing | Checksum: b446f8f9

Time (s): cpu = 00:00:30 ; elapsed = 00:00:22 . Memory (MB): peak = 3289.117 ; gain = 110.254 ; free physical = 20937 ; free virtual = 33072
Phase 3 Initial Routing | Checksum: 139315cb8

Time (s): cpu = 00:00:31 ; elapsed = 00:00:23 . Memory (MB): peak = 3289.117 ; gain = 110.254 ; free physical = 20938 ; free virtual = 33072
INFO: [Route 35-580] Design has 304 pins with tight setup and hold constraints.

The top 5 pins with tight setup and hold constraints:

+====================+===================+============================================================+
| Launch Setup Clock | Launch Hold Clock | Pin                                                        |
+====================+===================+============================================================+
| sys_clk_pin        | sys_clk_pin       | MAC_GEN[0].MAC_INST/add_inst/r_mant_2_reg[35]/D            |
| sys_clk_pin        | sys_clk_pin       | MAC_GEN[0].MAC_INST/add_inst/shift_count_computed_reg[1]/D |
| sys_clk_pin        | sys_clk_pin       | MAC_GEN[0].MAC_INST/add_inst/r_mant_2_reg[34]/D            |
| sys_clk_pin        | sys_clk_pin       | MAC_GEN[0].MAC_INST/add_inst/r_mant_2_reg[32]/D            |
| sys_clk_pin        | sys_clk_pin       | MAC_GEN[0].MAC_INST/add_inst/r_mant_2_reg[27]/D            |
+--------------------+-------------------+------------------------------------------------------------+

File with complete list of pins: tight_setup_hold_pins.txt


Phase 4 Rip-up And Reroute

Phase 4.1 Global Iteration 0
 Number of Nodes with overlaps = 914
 Number of Nodes with overlaps = 312
 Number of Nodes with overlaps = 121
 Number of Nodes with overlaps = 53
 Number of Nodes with overlaps = 28
 Number of Nodes with overlaps = 17
 Number of Nodes with overlaps = 13
 Number of Nodes with overlaps = 6
 Number of Nodes with overlaps = 2
 Number of Nodes with overlaps = 2
 Number of Nodes with overlaps = 2
 Number of Nodes with overlaps = 2
 Number of Nodes with overlaps = 1
 Number of Nodes with overlaps = 0
INFO: [Route 35-416] Intermediate Timing Summary | WNS=-4.092 | TNS=-1806.273| WHS=N/A    | THS=N/A    |

Phase 4.1 Global Iteration 0 | Checksum: 15cf1c4e1

Time (s): cpu = 00:00:43 ; elapsed = 00:00:29 . Memory (MB): peak = 3289.117 ; gain = 110.254 ; free physical = 20965 ; free virtual = 33099

Phase 4.2 Global Iteration 1
 Number of Nodes with overlaps = 43
 Number of Nodes with overlaps = 27
 Number of Nodes with overlaps = 12
 Number of Nodes with overlaps = 5
 Number of Nodes with overlaps = 1
 Number of Nodes with overlaps = 0
INFO: [Route 35-416] Intermediate Timing Summary | WNS=-4.323 | TNS=-1814.973| WHS=N/A    | THS=N/A    |

Phase 4.2 Global Iteration 1 | Checksum: 1c6cc317d

Time (s): cpu = 00:00:45 ; elapsed = 00:00:30 . Memory (MB): peak = 3289.117 ; gain = 110.254 ; free physical = 20965 ; free virtual = 33100
Phase 4 Rip-up And Reroute | Checksum: 1c6cc317d

Time (s): cpu = 00:00:45 ; elapsed = 00:00:30 . Memory (MB): peak = 3289.117 ; gain = 110.254 ; free physical = 20965 ; free virtual = 33100

Phase 5 Delay and Skew Optimization

Phase 5.1 Delay CleanUp

Phase 5.1.1 Update Timing
Phase 5.1.1 Update Timing | Checksum: 27dedc736

Time (s): cpu = 00:00:45 ; elapsed = 00:00:30 . Memory (MB): peak = 3289.117 ; gain = 110.254 ; free physical = 20964 ; free virtual = 33099
INFO: [Route 35-416] Intermediate Timing Summary | WNS=-4.085 | TNS=-1708.621| WHS=N/A    | THS=N/A    |

 Number of Nodes with overlaps = 0
Phase 5.1 Delay CleanUp | Checksum: 21b9264ef

Time (s): cpu = 00:00:46 ; elapsed = 00:00:31 . Memory (MB): peak = 3289.117 ; gain = 110.254 ; free physical = 20965 ; free virtual = 33100

Phase 5.2 Clock Skew Optimization
Phase 5.2 Clock Skew Optimization | Checksum: 21b9264ef

Time (s): cpu = 00:00:46 ; elapsed = 00:00:31 . Memory (MB): peak = 3289.117 ; gain = 110.254 ; free physical = 20965 ; free virtual = 33100
Phase 5 Delay and Skew Optimization | Checksum: 21b9264ef

Time (s): cpu = 00:00:46 ; elapsed = 00:00:31 . Memory (MB): peak = 3289.117 ; gain = 110.254 ; free physical = 20965 ; free virtual = 33100

Phase 6 Post Hold Fix

Phase 6.1 Hold Fix Iter

Phase 6.1.1 Update Timing
Phase 6.1.1 Update Timing | Checksum: 22416cd54

Time (s): cpu = 00:00:47 ; elapsed = 00:00:31 . Memory (MB): peak = 3289.117 ; gain = 110.254 ; free physical = 20965 ; free virtual = 33100
INFO: [Route 35-416] Intermediate Timing Summary | WNS=-4.085 | TNS=-1706.910| WHS=0.076  | THS=0.000  |

Phase 6.1 Hold Fix Iter | Checksum: 22416cd54

Time (s): cpu = 00:00:47 ; elapsed = 00:00:31 . Memory (MB): peak = 3289.117 ; gain = 110.254 ; free physical = 20965 ; free virtual = 33100
Phase 6 Post Hold Fix | Checksum: 22416cd54

Time (s): cpu = 00:00:47 ; elapsed = 00:00:31 . Memory (MB): peak = 3289.117 ; gain = 110.254 ; free physical = 20965 ; free virtual = 33100

Phase 7 Route finalize

Router Utilization Summary
  Global Vertical Routing Utilization    = 0.487836 %
  Global Horizontal Routing Utilization  = 0.627593 %
  Routable Net Status*
  *Does not include unroutable nets such as driverless and loadless.
  Run report_route_status for detailed report.
  Number of Failed Nets               = 0
    (Failed Nets is the sum of unrouted and partially routed nets)
  Number of Unrouted Nets             = 0
  Number of Partially Routed Nets     = 0
  Number of Node Overlaps             = 0

Congestion Report
North Dir 1x1 Area, Max Cong = 29.7297%, No Congested Regions.
South Dir 1x1 Area, Max Cong = 60.3604%, No Congested Regions.
East Dir 1x1 Area, Max Cong = 47.0588%, No Congested Regions.
West Dir 1x1 Area, Max Cong = 44.1176%, No Congested Regions.

------------------------------
Reporting congestion hotspots
------------------------------
Direction: North
----------------
Congested clusters found at Level 0
Effective congestion level: 0 Aspect Ratio: 1 Sparse Ratio: 0
Direction: South
----------------
Congested clusters found at Level 0
Effective congestion level: 0 Aspect Ratio: 1 Sparse Ratio: 0
Direction: East
----------------
Congested clusters found at Level 0
Effective congestion level: 0 Aspect Ratio: 1 Sparse Ratio: 0
Direction: West
----------------
Congested clusters found at Level 0
Effective congestion level: 0 Aspect Ratio: 1 Sparse Ratio: 0

Phase 7 Route finalize | Checksum: 19af7ad62

Time (s): cpu = 00:00:47 ; elapsed = 00:00:31 . Memory (MB): peak = 3289.117 ; gain = 110.254 ; free physical = 20965 ; free virtual = 33100

Phase 8 Verifying routed nets

 Verification completed successfully
Phase 8 Verifying routed nets | Checksum: 19af7ad62

Time (s): cpu = 00:00:47 ; elapsed = 00:00:31 . Memory (MB): peak = 3289.117 ; gain = 110.254 ; free physical = 20965 ; free virtual = 33100

Phase 9 Depositing Routes
Phase 9 Depositing Routes | Checksum: 183cd47a1

Time (s): cpu = 00:00:47 ; elapsed = 00:00:31 . Memory (MB): peak = 3305.125 ; gain = 126.262 ; free physical = 20965 ; free virtual = 33100

Phase 10 Post Router Timing
INFO: [Route 35-57] Estimated Timing Summary | WNS=-4.085 | TNS=-1706.910| WHS=0.076  | THS=0.000  |

WARNING: [Route 35-328] Router estimated timing not met.
Resolution: For a complete and accurate timing signoff, report_timing_summary must be run after route_design. Alternatively, route_design can be run with the -timing_summary option to enable a complete timing signoff at the end of route_design.
Phase 10 Post Router Timing | Checksum: 183cd47a1

Time (s): cpu = 00:00:48 ; elapsed = 00:00:31 . Memory (MB): peak = 3305.125 ; gain = 126.262 ; free physical = 20965 ; free virtual = 33100
INFO: [Route 35-16] Router Completed Successfully

Time (s): cpu = 00:00:48 ; elapsed = 00:00:31 . Memory (MB): peak = 3305.125 ; gain = 126.262 ; free physical = 21009 ; free virtual = 33144

Routing Is Done.
INFO: [Common 17-83] Releasing license: Implementation
191 Infos, 1 Warnings, 0 Critical Warnings and 0 Errors encountered.
route_design completed successfully
route_design: Time (s): cpu = 00:00:49 ; elapsed = 00:00:32 . Memory (MB): peak = 3305.125 ; gain = 162.641 ; free physical = 21009 ; free virtual = 33144
INFO: [Timing 38-480] Writing timing data to binary archive.
Writing XDEF routing.
Writing XDEF routing logical nets.
Writing XDEF routing special nets.
Write XDEF Complete: Time (s): cpu = 00:00:00.61 ; elapsed = 00:00:00.24 . Memory (MB): peak = 3305.125 ; gain = 0.000 ; free physical = 21005 ; free virtual = 33145
INFO: [Common 17-1381] The checkpoint '/home/intern/Bendaou/stage_2025/Code VHDL/project/impl_results/MAC_Array/500MHz/impl_MAC_Array_500MHz.runs/impl_1/top_MAC_Array_Test_routed.dcp' has been generated.
INFO: [runtcl-4] Executing : report_drc -file top_MAC_Array_Test_drc_routed.rpt -pb top_MAC_Array_Test_drc_routed.pb -rpx top_MAC_Array_Test_drc_routed.rpx
Command: report_drc -file top_MAC_Array_Test_drc_routed.rpt -pb top_MAC_Array_Test_drc_routed.pb -rpx top_MAC_Array_Test_drc_routed.rpx
INFO: [IP_Flow 19-1839] IP Catalog is up to date.
INFO: [DRC 23-27] Running DRC with 8 threads
INFO: [Vivado_Tcl 2-168] The results of DRC are in file /home/intern/Bendaou/stage_2025/Code VHDL/project/impl_results/MAC_Array/500MHz/impl_MAC_Array_500MHz.runs/impl_1/top_MAC_Array_Test_drc_routed.rpt.
report_drc completed successfully
INFO: [runtcl-4] Executing : report_methodology -file top_MAC_Array_Test_methodology_drc_routed.rpt -pb top_MAC_Array_Test_methodology_drc_routed.pb -rpx top_MAC_Array_Test_methodology_drc_routed.rpx
Command: report_methodology -file top_MAC_Array_Test_methodology_drc_routed.rpt -pb top_MAC_Array_Test_methodology_drc_routed.pb -rpx top_MAC_Array_Test_methodology_drc_routed.rpx
INFO: [Timing 38-35] Done setting XDC timing constraints.
INFO: [DRC 23-133] Running Methodology with 8 threads
INFO: [Vivado_Tcl 2-1520] The results of Report Methodology are in file /home/intern/Bendaou/stage_2025/Code VHDL/project/impl_results/MAC_Array/500MHz/impl_MAC_Array_500MHz.runs/impl_1/top_MAC_Array_Test_methodology_drc_routed.rpt.
report_methodology completed successfully
INFO: [runtcl-4] Executing : report_power -file top_MAC_Array_Test_power_routed.rpt -pb top_MAC_Array_Test_power_summary_routed.pb -rpx top_MAC_Array_Test_power_routed.rpx
Command: report_power -file top_MAC_Array_Test_power_routed.rpt -pb top_MAC_Array_Test_power_summary_routed.pb -rpx top_MAC_Array_Test_power_routed.rpx
INFO: [Timing 38-35] Done setting XDC timing constraints.
Running Vector-less Activity Propagation...

Finished Running Vector-less Activity Propagation
203 Infos, 1 Warnings, 0 Critical Warnings and 0 Errors encountered.
report_power completed successfully
INFO: [runtcl-4] Executing : report_route_status -file top_MAC_Array_Test_route_status.rpt -pb top_MAC_Array_Test_route_status.pb
INFO: [runtcl-4] Executing : report_timing_summary -max_paths 10 -report_unconstrained -file top_MAC_Array_Test_timing_summary_routed.rpt -pb top_MAC_Array_Test_timing_summary_routed.pb -rpx top_MAC_Array_Test_timing_summary_routed.rpx -warn_on_violation 
INFO: [Timing 38-91] UpdateTimingParams: Speed grade: -1, Delay Type: min_max.
INFO: [Timing 38-191] Multithreading enabled for timing update using a maximum of 8 CPUs
CRITICAL WARNING: [Timing 38-282] The design failed to meet the timing requirements. Please see the timing summary report for details on the timing violations.
INFO: [runtcl-4] Executing : report_incremental_reuse -file top_MAC_Array_Test_incremental_reuse_routed.rpt
INFO: [Vivado_Tcl 4-1062] Incremental flow is disabled. No incremental reuse Info to report.
INFO: [runtcl-4] Executing : report_clock_utilization -file top_MAC_Array_Test_clock_utilization_routed.rpt
INFO: [runtcl-4] Executing : report_bus_skew -warn_on_violation -file top_MAC_Array_Test_bus_skew_routed.rpt -pb top_MAC_Array_Test_bus_skew_routed.pb -rpx top_MAC_Array_Test_bus_skew_routed.rpx
INFO: [Timing 38-91] UpdateTimingParams: Speed grade: -1, Delay Type: min_max.
INFO: [Timing 38-191] Multithreading enabled for timing update using a maximum of 8 CPUs
INFO: [Common 17-206] Exiting Vivado at Wed Jul 23 11:37:57 2025...
