
*** Running vivado
    with args -log top_FPAdd_Test.vdi -applog -m64 -product Vivado -messageDb vivado.pb -mode batch -source top_FPAdd_Test.tcl -notrace


****** Vivado v2022.2 (64-bit)
  **** SW Build 3671981 on Fri Oct 14 04:59:54 MDT 2022
  **** IP Build 3669848 on Fri Oct 14 08:30:02 MDT 2022
    ** Copyright 1986-2022 Xilinx, Inc. All Rights Reserved.

source top_FPAdd_Test.tcl -notrace
Command: link_design -top top_FPAdd_Test -part xc7a100tcsg324-1
Design is defaulting to srcset: sources_1
Design is defaulting to constrset: constrs_1
INFO: [Device 21-403] Loading part xc7a100tcsg324-1
Netlist sorting complete. Time (s): cpu = 00:00:00 ; elapsed = 00:00:00 . Memory (MB): peak = 2063.953 ; gain = 0.000 ; free physical = 23135 ; free virtual = 34861
INFO: [Project 1-479] Netlist was created with Vivado 2022.2
INFO: [Project 1-570] Preparing netlist for logic optimization
Parsing XDC File [/home/intern/Bendaou/stage_2025/Code VHDL/project/impl_results/FPAdd/250MHz/temp_250MHz.xdc]
Finished Parsing XDC File [/home/intern/Bendaou/stage_2025/Code VHDL/project/impl_results/FPAdd/250MHz/temp_250MHz.xdc]
INFO: [Opt 31-138] Pushed 0 inverter(s) to 0 load pin(s).
Netlist sorting complete. Time (s): cpu = 00:00:00 ; elapsed = 00:00:00 . Memory (MB): peak = 2223.449 ; gain = 0.000 ; free physical = 23037 ; free virtual = 34763
INFO: [Project 1-111] Unisim Transformation Summary:
No Unisim elements were transformed.

5 Infos, 0 Warnings, 0 Critical Warnings and 0 Errors encountered.
link_design completed successfully
Command: opt_design
Attempting to get a license for feature 'Implementation' and/or device 'xc7a100t'
INFO: [Common 17-349] Got license for feature 'Implementation' and/or device 'xc7a100t'
Running DRC as a precondition to command opt_design

Starting DRC Task
INFO: [DRC 23-27] Running DRC with 8 threads
INFO: [Project 1-461] DRC finished with 0 Errors
INFO: [Project 1-462] Please refer to the DRC report (report_drc) for more information.

Time (s): cpu = 00:00:01 ; elapsed = 00:00:00.7 . Memory (MB): peak = 2311.262 ; gain = 83.844 ; free physical = 23035 ; free virtual = 34761

Starting Cache Timing Information Task
INFO: [Timing 38-35] Done setting XDC timing constraints.
Ending Cache Timing Information Task | Checksum: 17e9f3b4b

Time (s): cpu = 00:00:06 ; elapsed = 00:00:06 . Memory (MB): peak = 2766.113 ; gain = 454.852 ; free physical = 22677 ; free virtual = 34403

Starting Logic Optimization Task

Phase 1 Retarget
INFO: [Opt 31-138] Pushed 0 inverter(s) to 0 load pin(s).
INFO: [Opt 31-49] Retargeted 0 cell(s).
Phase 1 Retarget | Checksum: 1f867a939

Time (s): cpu = 00:00:00.01 ; elapsed = 00:00:00.01 . Memory (MB): peak = 3044.004 ; gain = 0.000 ; free physical = 22460 ; free virtual = 34186
INFO: [Opt 31-389] Phase Retarget created 1 cells and removed 2 cells

Phase 2 Constant propagation
INFO: [Opt 31-138] Pushed 0 inverter(s) to 0 load pin(s).
Phase 2 Constant propagation | Checksum: 1baa8f985

Time (s): cpu = 00:00:00.02 ; elapsed = 00:00:00.01 . Memory (MB): peak = 3044.004 ; gain = 0.000 ; free physical = 22460 ; free virtual = 34186
INFO: [Opt 31-389] Phase Constant propagation created 0 cells and removed 7 cells

Phase 3 Sweep
Phase 3 Sweep | Checksum: 1fd4a3e5e

Time (s): cpu = 00:00:00.02 ; elapsed = 00:00:00.02 . Memory (MB): peak = 3044.004 ; gain = 0.000 ; free physical = 22460 ; free virtual = 34186
INFO: [Opt 31-389] Phase Sweep created 1 cells and removed 0 cells

Phase 4 BUFG optimization
Phase 4 BUFG optimization | Checksum: 1fd4a3e5e

Time (s): cpu = 00:00:00.02 ; elapsed = 00:00:00.02 . Memory (MB): peak = 3076.020 ; gain = 32.016 ; free physical = 22460 ; free virtual = 34186
INFO: [Opt 31-662] Phase BUFG optimization created 0 cells of which 0 are BUFGs and removed 0 cells.

Phase 5 Shift Register Optimization
INFO: [Opt 31-1064] SRL Remap converted 0 SRLs to 0 registers and converted 0 registers of register chains to 0 SRLs
Phase 5 Shift Register Optimization | Checksum: 1fd4a3e5e

Time (s): cpu = 00:00:00.02 ; elapsed = 00:00:00.02 . Memory (MB): peak = 3076.020 ; gain = 32.016 ; free physical = 22460 ; free virtual = 34186
INFO: [Opt 31-389] Phase Shift Register Optimization created 0 cells and removed 0 cells

Phase 6 Post Processing Netlist
Phase 6 Post Processing Netlist | Checksum: 1fd4a3e5e

Time (s): cpu = 00:00:00.02 ; elapsed = 00:00:00.02 . Memory (MB): peak = 3076.020 ; gain = 32.016 ; free physical = 22460 ; free virtual = 34186
INFO: [Opt 31-389] Phase Post Processing Netlist created 0 cells and removed 0 cells
Opt_design Change Summary
=========================


-------------------------------------------------------------------------------------------------------------------------
|  Phase                        |  #Cells created  |  #Cells Removed  |  #Constrained objects preventing optimizations  |
-------------------------------------------------------------------------------------------------------------------------
|  Retarget                     |               1  |               2  |                                              0  |
|  Constant propagation         |               0  |               7  |                                              0  |
|  Sweep                        |               1  |               0  |                                              0  |
|  BUFG optimization            |               0  |               0  |                                              0  |
|  Shift Register Optimization  |               0  |               0  |                                              0  |
|  Post Processing Netlist      |               0  |               0  |                                              0  |
-------------------------------------------------------------------------------------------------------------------------



Starting Connectivity Check Task

Time (s): cpu = 00:00:00 ; elapsed = 00:00:00 . Memory (MB): peak = 3076.020 ; gain = 0.000 ; free physical = 22460 ; free virtual = 34186
Ending Logic Optimization Task | Checksum: 217168297

Time (s): cpu = 00:00:00.03 ; elapsed = 00:00:00.03 . Memory (MB): peak = 3076.020 ; gain = 32.016 ; free physical = 22460 ; free virtual = 34186

Starting Power Optimization Task
INFO: [Pwropt 34-132] Skipping clock gating for clocks with a period < 2.00 ns.
Ending Power Optimization Task | Checksum: 217168297

Time (s): cpu = 00:00:00 ; elapsed = 00:00:00 . Memory (MB): peak = 3076.020 ; gain = 0.000 ; free physical = 22460 ; free virtual = 34186

Starting Final Cleanup Task
Ending Final Cleanup Task | Checksum: 217168297

Time (s): cpu = 00:00:00 ; elapsed = 00:00:00 . Memory (MB): peak = 3076.020 ; gain = 0.000 ; free physical = 22460 ; free virtual = 34186

Starting Netlist Obfuscation Task
Netlist sorting complete. Time (s): cpu = 00:00:00 ; elapsed = 00:00:00 . Memory (MB): peak = 3076.020 ; gain = 0.000 ; free physical = 22460 ; free virtual = 34186
Ending Netlist Obfuscation Task | Checksum: 217168297

Time (s): cpu = 00:00:00 ; elapsed = 00:00:00 . Memory (MB): peak = 3076.020 ; gain = 0.000 ; free physical = 22460 ; free virtual = 34186
INFO: [Common 17-83] Releasing license: Implementation
22 Infos, 0 Warnings, 0 Critical Warnings and 0 Errors encountered.
opt_design completed successfully
opt_design: Time (s): cpu = 00:00:09 ; elapsed = 00:00:09 . Memory (MB): peak = 3076.020 ; gain = 848.602 ; free physical = 22460 ; free virtual = 34186
INFO: [Timing 38-480] Writing timing data to binary archive.
Writing XDEF routing.
Writing XDEF routing logical nets.
Writing XDEF routing special nets.
Write XDEF Complete: Time (s): cpu = 00:00:00.05 ; elapsed = 00:00:00.03 . Memory (MB): peak = 3100.031 ; gain = 16.008 ; free physical = 22460 ; free virtual = 34186
INFO: [Common 17-1381] The checkpoint '/home/intern/Bendaou/stage_2025/Code VHDL/project/impl_results/FPAdd/250MHz/impl_FPAdd_250MHz.runs/impl_1/top_FPAdd_Test_opt.dcp' has been generated.
INFO: [runtcl-4] Executing : report_drc -file top_FPAdd_Test_drc_opted.rpt -pb top_FPAdd_Test_drc_opted.pb -rpx top_FPAdd_Test_drc_opted.rpx
Command: report_drc -file top_FPAdd_Test_drc_opted.rpt -pb top_FPAdd_Test_drc_opted.pb -rpx top_FPAdd_Test_drc_opted.rpx
INFO: [IP_Flow 19-234] Refreshing IP repositories
INFO: [IP_Flow 19-1704] No user IP repositories specified
INFO: [IP_Flow 19-2313] Loaded Vivado IP repository '/tools/Xilinx/Vivado/2022.2/data/ip'.
INFO: [DRC 23-27] Running DRC with 8 threads
INFO: [Vivado_Tcl 2-168] The results of DRC are in file /home/intern/Bendaou/stage_2025/Code VHDL/project/impl_results/FPAdd/250MHz/impl_FPAdd_250MHz.runs/impl_1/top_FPAdd_Test_drc_opted.rpt.
report_drc completed successfully
Command: place_design
Attempting to get a license for feature 'Implementation' and/or device 'xc7a100t'
INFO: [Common 17-349] Got license for feature 'Implementation' and/or device 'xc7a100t'
INFO: [DRC 23-27] Running DRC with 8 threads
INFO: [Vivado_Tcl 4-198] DRC finished with 0 Errors
INFO: [Vivado_Tcl 4-199] Please refer to the DRC report (report_drc) for more information.
Running DRC as a precondition to command place_design
INFO: [DRC 23-27] Running DRC with 8 threads
INFO: [Vivado_Tcl 4-198] DRC finished with 0 Errors
INFO: [Vivado_Tcl 4-199] Please refer to the DRC report (report_drc) for more information.

Starting Placer Task
INFO: [Place 30-611] Multithreading enabled for place_design using a maximum of 8 CPUs

Phase 1 Placer Initialization

Phase 1.1 Placer Initialization Netlist Sorting
Netlist sorting complete. Time (s): cpu = 00:00:00 ; elapsed = 00:00:00 . Memory (MB): peak = 3172.066 ; gain = 0.000 ; free physical = 22443 ; free virtual = 34169
Phase 1.1 Placer Initialization Netlist Sorting | Checksum: 18f1b2723

Time (s): cpu = 00:00:00 ; elapsed = 00:00:00.01 . Memory (MB): peak = 3172.066 ; gain = 0.000 ; free physical = 22443 ; free virtual = 34169
Netlist sorting complete. Time (s): cpu = 00:00:00 ; elapsed = 00:00:00 . Memory (MB): peak = 3172.066 ; gain = 0.000 ; free physical = 22443 ; free virtual = 34169

Phase 1.2 IO Placement/ Clock Placement/ Build Placer Device
INFO: [Timing 38-35] Done setting XDC timing constraints.
Phase 1.2 IO Placement/ Clock Placement/ Build Placer Device | Checksum: 8053f020

Time (s): cpu = 00:00:00.43 ; elapsed = 00:00:00.22 . Memory (MB): peak = 3172.066 ; gain = 0.000 ; free physical = 22427 ; free virtual = 34153

Phase 1.3 Build Placer Netlist Model
Phase 1.3 Build Placer Netlist Model | Checksum: a42f52e7

Time (s): cpu = 00:00:00.51 ; elapsed = 00:00:00.25 . Memory (MB): peak = 3172.066 ; gain = 0.000 ; free physical = 22427 ; free virtual = 34153

Phase 1.4 Constrain Clocks/Macros
Phase 1.4 Constrain Clocks/Macros | Checksum: a42f52e7

Time (s): cpu = 00:00:00.52 ; elapsed = 00:00:00.25 . Memory (MB): peak = 3172.066 ; gain = 0.000 ; free physical = 22427 ; free virtual = 34153
Phase 1 Placer Initialization | Checksum: a42f52e7

Time (s): cpu = 00:00:00.52 ; elapsed = 00:00:00.26 . Memory (MB): peak = 3172.066 ; gain = 0.000 ; free physical = 22427 ; free virtual = 34153

Phase 2 Global Placement

Phase 2.1 Floorplanning
Phase 2.1 Floorplanning | Checksum: 82e5ebd2

Time (s): cpu = 00:00:00.56 ; elapsed = 00:00:00.27 . Memory (MB): peak = 3172.066 ; gain = 0.000 ; free physical = 22427 ; free virtual = 34153

Phase 2.2 Update Timing before SLR Path Opt
Phase 2.2 Update Timing before SLR Path Opt | Checksum: 9bcb1ec7

Time (s): cpu = 00:00:00.57 ; elapsed = 00:00:00.27 . Memory (MB): peak = 3172.066 ; gain = 0.000 ; free physical = 22427 ; free virtual = 34153

Phase 2.3 Post-Processing in Floorplanning
Phase 2.3 Post-Processing in Floorplanning | Checksum: 9bcb1ec7

Time (s): cpu = 00:00:00.57 ; elapsed = 00:00:00.27 . Memory (MB): peak = 3172.066 ; gain = 0.000 ; free physical = 22427 ; free virtual = 34153

Phase 2.4 Global Placement Core

Phase 2.4.1 UpdateTiming Before Physical Synthesis
Phase 2.4.1 UpdateTiming Before Physical Synthesis | Checksum: 1661a97ce

Time (s): cpu = 00:00:00.89 ; elapsed = 00:00:00.37 . Memory (MB): peak = 3172.066 ; gain = 0.000 ; free physical = 22427 ; free virtual = 34154

Phase 2.4.2 Physical Synthesis In Placer
INFO: [Physopt 32-1044] Break lutnm for timing: one critical 0, two critical 0, total 0, new lutff created 0
INFO: [Physopt 32-1138] End 1 Pass. Optimized 0 net or LUT. Breaked 0 LUT, combined 0 existing LUT and moved 0 existing LUT
INFO: [Physopt 32-65] No nets found for high-fanout optimization.
INFO: [Physopt 32-232] Optimized 0 net. Created 0 new instance.
INFO: [Physopt 32-775] End 1 Pass. Optimized 0 net or cell. Created 0 new cell, deleted 0 existing cell and moved 0 existing cell
INFO: [Physopt 32-670] No setup violation found.  DSP Register Optimization was not performed.
INFO: [Physopt 32-670] No setup violation found.  Shift Register to Pipeline Optimization was not performed.
INFO: [Physopt 32-670] No setup violation found.  Shift Register Optimization was not performed.
INFO: [Physopt 32-670] No setup violation found.  BRAM Register Optimization was not performed.
INFO: [Physopt 32-670] No setup violation found.  URAM Register Optimization was not performed.
INFO: [Physopt 32-949] No candidate nets found for dynamic/static region interface net replication
INFO: [Physopt 32-775] End 1 Pass. Optimized 0 net or cell. Created 0 new cell, deleted 0 existing cell and moved 0 existing cell
Netlist sorting complete. Time (s): cpu = 00:00:00 ; elapsed = 00:00:00 . Memory (MB): peak = 3172.066 ; gain = 0.000 ; free physical = 22427 ; free virtual = 34154

Summary of Physical Synthesis Optimizations
============================================


-----------------------------------------------------------------------------------------------------------------------------------------------------------
|  Optimization                                     |  Added Cells  |  Removed Cells  |  Optimized Cells/Nets  |  Dont Touch  |  Iterations  |  Elapsed   |
-----------------------------------------------------------------------------------------------------------------------------------------------------------
|  LUT Combining                                    |            0  |              0  |                     0  |           0  |           1  |  00:00:00  |
|  Retime                                           |            0  |              0  |                     0  |           0  |           1  |  00:00:00  |
|  Very High Fanout                                 |            0  |              0  |                     0  |           0  |           1  |  00:00:00  |
|  DSP Register                                     |            0  |              0  |                     0  |           0  |           0  |  00:00:00  |
|  Shift Register to Pipeline                       |            0  |              0  |                     0  |           0  |           0  |  00:00:00  |
|  Shift Register                                   |            0  |              0  |                     0  |           0  |           0  |  00:00:00  |
|  BRAM Register                                    |            0  |              0  |                     0  |           0  |           0  |  00:00:00  |
|  URAM Register                                    |            0  |              0  |                     0  |           0  |           0  |  00:00:00  |
|  Dynamic/Static Region Interface Net Replication  |            0  |              0  |                     0  |           0  |           1  |  00:00:00  |
|  Total                                            |            0  |              0  |                     0  |           0  |           4  |  00:00:00  |
-----------------------------------------------------------------------------------------------------------------------------------------------------------


Phase 2.4.2 Physical Synthesis In Placer | Checksum: 1661a97ce

Time (s): cpu = 00:00:01 ; elapsed = 00:00:00.61 . Memory (MB): peak = 3172.066 ; gain = 0.000 ; free physical = 22427 ; free virtual = 34154
Phase 2.4 Global Placement Core | Checksum: 156a286fd

Time (s): cpu = 00:00:01 ; elapsed = 00:00:00.64 . Memory (MB): peak = 3172.066 ; gain = 0.000 ; free physical = 22427 ; free virtual = 34153
Phase 2 Global Placement | Checksum: 156a286fd

Time (s): cpu = 00:00:01 ; elapsed = 00:00:00.64 . Memory (MB): peak = 3172.066 ; gain = 0.000 ; free physical = 22427 ; free virtual = 34153

Phase 3 Detail Placement

Phase 3.1 Commit Multi Column Macros
Phase 3.1 Commit Multi Column Macros | Checksum: 129cb2941

Time (s): cpu = 00:00:01 ; elapsed = 00:00:00.65 . Memory (MB): peak = 3172.066 ; gain = 0.000 ; free physical = 22427 ; free virtual = 34153

Phase 3.2 Commit Most Macros & LUTRAMs
Phase 3.2 Commit Most Macros & LUTRAMs | Checksum: e466290c

Time (s): cpu = 00:00:01 ; elapsed = 00:00:00.66 . Memory (MB): peak = 3172.066 ; gain = 0.000 ; free physical = 22427 ; free virtual = 34153

Phase 3.3 Area Swap Optimization
Phase 3.3 Area Swap Optimization | Checksum: eac7f6d1

Time (s): cpu = 00:00:01 ; elapsed = 00:00:00.66 . Memory (MB): peak = 3172.066 ; gain = 0.000 ; free physical = 22427 ; free virtual = 34153

Phase 3.4 Pipeline Register Optimization
Phase 3.4 Pipeline Register Optimization | Checksum: cf1ca3dd

Time (s): cpu = 00:00:01 ; elapsed = 00:00:00.66 . Memory (MB): peak = 3172.066 ; gain = 0.000 ; free physical = 22427 ; free virtual = 34153

Phase 3.5 Small Shape Detail Placement
Phase 3.5 Small Shape Detail Placement | Checksum: b64c0e30

Time (s): cpu = 00:00:02 ; elapsed = 00:00:00.78 . Memory (MB): peak = 3172.066 ; gain = 0.000 ; free physical = 22426 ; free virtual = 34153

Phase 3.6 Re-assign LUT pins
Phase 3.6 Re-assign LUT pins | Checksum: b64c0e30

Time (s): cpu = 00:00:02 ; elapsed = 00:00:00.78 . Memory (MB): peak = 3172.066 ; gain = 0.000 ; free physical = 22426 ; free virtual = 34153

Phase 3.7 Pipeline Register Optimization
Phase 3.7 Pipeline Register Optimization | Checksum: 9b00593c

Time (s): cpu = 00:00:02 ; elapsed = 00:00:00.78 . Memory (MB): peak = 3172.066 ; gain = 0.000 ; free physical = 22426 ; free virtual = 34153
Phase 3 Detail Placement | Checksum: 9b00593c

Time (s): cpu = 00:00:02 ; elapsed = 00:00:00.78 . Memory (MB): peak = 3172.066 ; gain = 0.000 ; free physical = 22426 ; free virtual = 34153

Phase 4 Post Placement Optimization and Clean-Up

Phase 4.1 Post Commit Optimization
INFO: [Timing 38-35] Done setting XDC timing constraints.

Phase 4.1.1 Post Placement Optimization
Post Placement Optimization Initialization | Checksum: fbc70380

Phase 4.1.1.1 BUFG Insertion

Starting Physical Synthesis Task

Phase 1 Physical Synthesis Initialization
INFO: [Physopt 32-721] Multithreading enabled for phys_opt_design using a maximum of 8 CPUs
INFO: [Physopt 32-619] Estimated Timing Summary | WNS=2.618 | TNS=0.000 |
Phase 1 Physical Synthesis Initialization | Checksum: 160b6c697

Time (s): cpu = 00:00:00.01 ; elapsed = 00:00:00 . Memory (MB): peak = 3172.066 ; gain = 0.000 ; free physical = 22426 ; free virtual = 34153
INFO: [Place 46-56] BUFG insertion identified 0 candidate nets. Inserted BUFG: 0, Replicated BUFG Driver: 0, Skipped due to Placement/Routing Conflicts: 0, Skipped due to Timing Degradation: 0, Skipped due to Illegal Netlist: 0.
Ending Physical Synthesis Task | Checksum: 1134031d1

Time (s): cpu = 00:00:00.01 ; elapsed = 00:00:00 . Memory (MB): peak = 3172.066 ; gain = 0.000 ; free physical = 22426 ; free virtual = 34153
Phase 4.1.1.1 BUFG Insertion | Checksum: fbc70380

Time (s): cpu = 00:00:02 ; elapsed = 00:00:00.85 . Memory (MB): peak = 3172.066 ; gain = 0.000 ; free physical = 22426 ; free virtual = 34153

Phase 4.1.1.2 Post Placement Timing Optimization
INFO: [Place 30-746] Post Placement Timing Summary WNS=2.618. For the most accurate timing information please run report_timing.
Phase 4.1.1.2 Post Placement Timing Optimization | Checksum: f70e80fd

Time (s): cpu = 00:00:02 ; elapsed = 00:00:00.85 . Memory (MB): peak = 3172.066 ; gain = 0.000 ; free physical = 22426 ; free virtual = 34153

Time (s): cpu = 00:00:02 ; elapsed = 00:00:00.85 . Memory (MB): peak = 3172.066 ; gain = 0.000 ; free physical = 22426 ; free virtual = 34153
Phase 4.1 Post Commit Optimization | Checksum: f70e80fd

Time (s): cpu = 00:00:02 ; elapsed = 00:00:00.85 . Memory (MB): peak = 3172.066 ; gain = 0.000 ; free physical = 22426 ; free virtual = 34153

Phase 4.2 Post Placement Cleanup
Phase 4.2 Post Placement Cleanup | Checksum: f70e80fd

Time (s): cpu = 00:00:02 ; elapsed = 00:00:00.85 . Memory (MB): peak = 3172.066 ; gain = 0.000 ; free physical = 22426 ; free virtual = 34153

Phase 4.3 Placer Reporting

Phase 4.3.1 Print Estimated Congestion
INFO: [Place 30-612] Post-Placement Estimated Congestion 
 ____________________________________________________
|           | Global Congestion | Short Congestion  |
| Direction | Region Size       | Region Size       |
|___________|___________________|___________________|
|      North|                1x1|                1x1|
|___________|___________________|___________________|
|      South|                1x1|                1x1|
|___________|___________________|___________________|
|       East|                1x1|                1x1|
|___________|___________________|___________________|
|       West|                1x1|                1x1|
|___________|___________________|___________________|

Phase 4.3.1 Print Estimated Congestion | Checksum: f70e80fd

Time (s): cpu = 00:00:02 ; elapsed = 00:00:00.86 . Memory (MB): peak = 3172.066 ; gain = 0.000 ; free physical = 22426 ; free virtual = 34153
Phase 4.3 Placer Reporting | Checksum: f70e80fd

Time (s): cpu = 00:00:02 ; elapsed = 00:00:00.86 . Memory (MB): peak = 3172.066 ; gain = 0.000 ; free physical = 22426 ; free virtual = 34153

Phase 4.4 Final Placement Cleanup
Netlist sorting complete. Time (s): cpu = 00:00:00 ; elapsed = 00:00:00 . Memory (MB): peak = 3172.066 ; gain = 0.000 ; free physical = 22426 ; free virtual = 34153

Time (s): cpu = 00:00:02 ; elapsed = 00:00:00.86 . Memory (MB): peak = 3172.066 ; gain = 0.000 ; free physical = 22426 ; free virtual = 34153
Phase 4 Post Placement Optimization and Clean-Up | Checksum: b6bcb0b8

Time (s): cpu = 00:00:02 ; elapsed = 00:00:00.86 . Memory (MB): peak = 3172.066 ; gain = 0.000 ; free physical = 22426 ; free virtual = 34153
Ending Placer Task | Checksum: 4af30618

Time (s): cpu = 00:00:02 ; elapsed = 00:00:00.86 . Memory (MB): peak = 3172.066 ; gain = 0.000 ; free physical = 22426 ; free virtual = 34153
INFO: [Common 17-83] Releasing license: Implementation
58 Infos, 0 Warnings, 0 Critical Warnings and 0 Errors encountered.
place_design completed successfully
INFO: [Timing 38-480] Writing timing data to binary archive.
Writing XDEF routing.
Writing XDEF routing logical nets.
Writing XDEF routing special nets.
Write XDEF Complete: Time (s): cpu = 00:00:00.05 ; elapsed = 00:00:00.03 . Memory (MB): peak = 3172.066 ; gain = 0.000 ; free physical = 22426 ; free virtual = 34153
INFO: [Common 17-1381] The checkpoint '/home/intern/Bendaou/stage_2025/Code VHDL/project/impl_results/FPAdd/250MHz/impl_FPAdd_250MHz.runs/impl_1/top_FPAdd_Test_placed.dcp' has been generated.
INFO: [runtcl-4] Executing : report_io -file top_FPAdd_Test_io_placed.rpt
report_io: Time (s): cpu = 00:00:00.06 ; elapsed = 00:00:00.16 . Memory (MB): peak = 3172.066 ; gain = 0.000 ; free physical = 22407 ; free virtual = 34134
INFO: [runtcl-4] Executing : report_utilization -file top_FPAdd_Test_utilization_placed.rpt -pb top_FPAdd_Test_utilization_placed.pb
INFO: [runtcl-4] Executing : report_control_sets -verbose -file top_FPAdd_Test_control_sets_placed.rpt
report_control_sets: Time (s): cpu = 00:00:00 ; elapsed = 00:00:00.09 . Memory (MB): peak = 3172.066 ; gain = 0.000 ; free physical = 22405 ; free virtual = 34131
Command: phys_opt_design
Attempting to get a license for feature 'Implementation' and/or device 'xc7a100t'
INFO: [Common 17-349] Got license for feature 'Implementation' and/or device 'xc7a100t'

Starting Initial Update Timing Task

Time (s): cpu = 00:00:00 ; elapsed = 00:00:00.01 . Memory (MB): peak = 3172.066 ; gain = 0.000 ; free physical = 22405 ; free virtual = 34131
INFO: [Vivado_Tcl 4-383] Design worst setup slack (WNS) is greater than or equal to 0.000 ns. Skipping all physical synthesis optimizations.
INFO: [Vivado_Tcl 4-232] No setup violation found. The netlist was not modified.
INFO: [Common 17-83] Releasing license: Implementation
67 Infos, 0 Warnings, 0 Critical Warnings and 0 Errors encountered.
phys_opt_design completed successfully
INFO: [Timing 38-480] Writing timing data to binary archive.
Writing XDEF routing.
Writing XDEF routing logical nets.
Writing XDEF routing special nets.
Write XDEF Complete: Time (s): cpu = 00:00:00.05 ; elapsed = 00:00:00.02 . Memory (MB): peak = 3172.066 ; gain = 0.000 ; free physical = 22403 ; free virtual = 34130
INFO: [Common 17-1381] The checkpoint '/home/intern/Bendaou/stage_2025/Code VHDL/project/impl_results/FPAdd/250MHz/impl_FPAdd_250MHz.runs/impl_1/top_FPAdd_Test_physopt.dcp' has been generated.
Command: route_design
Attempting to get a license for feature 'Implementation' and/or device 'xc7a100t'
INFO: [Common 17-349] Got license for feature 'Implementation' and/or device 'xc7a100t'
Running DRC as a precondition to command route_design
INFO: [DRC 23-27] Running DRC with 8 threads
INFO: [Vivado_Tcl 4-198] DRC finished with 0 Errors
INFO: [Vivado_Tcl 4-199] Please refer to the DRC report (report_drc) for more information.


Starting Routing Task
INFO: [Route 35-254] Multithreading enabled for route_design using a maximum of 8 CPUs

Phase 1 Build RT Design
Checksum: PlaceDB: 230b985d ConstDB: 0 ShapeSum: 27e76dbb RouteDB: 0
Post Restoration Checksum: NetGraph: fd55c5f NumContArr: a415a4cd Constraints: 0 Timing: 0
Phase 1 Build RT Design | Checksum: b3eb012c

Time (s): cpu = 00:00:24 ; elapsed = 00:00:20 . Memory (MB): peak = 3209.711 ; gain = 37.645 ; free physical = 22266 ; free virtual = 33993

Phase 2 Router Initialization

Phase 2.1 Fix Topology Constraints
Phase 2.1 Fix Topology Constraints | Checksum: b3eb012c

Time (s): cpu = 00:00:24 ; elapsed = 00:00:20 . Memory (MB): peak = 3242.711 ; gain = 70.645 ; free physical = 22235 ; free virtual = 33962

Phase 2.2 Pre Route Cleanup
Phase 2.2 Pre Route Cleanup | Checksum: b3eb012c

Time (s): cpu = 00:00:24 ; elapsed = 00:00:20 . Memory (MB): peak = 3242.711 ; gain = 70.645 ; free physical = 22235 ; free virtual = 33962
 Number of Nodes with overlaps = 0

Phase 2.3 Update Timing
Phase 2.3 Update Timing | Checksum: 16f1d292e

Time (s): cpu = 00:00:25 ; elapsed = 00:00:21 . Memory (MB): peak = 3258.008 ; gain = 85.941 ; free physical = 22218 ; free virtual = 33945
INFO: [Route 35-416] Intermediate Timing Summary | WNS=2.534  | TNS=0.000  | WHS=-0.074 | THS=-0.336 |


Router Utilization Summary
  Global Vertical Routing Utilization    = 0 %
  Global Horizontal Routing Utilization  = 0 %
  Routable Net Status*
  *Does not include unroutable nets such as driverless and loadless.
  Run report_route_status for detailed report.
  Number of Failed Nets               = 18
    (Failed Nets is the sum of unrouted and partially routed nets)
  Number of Unrouted Nets             = 18
  Number of Partially Routed Nets     = 0
  Number of Node Overlaps             = 0

Phase 2 Router Initialization | Checksum: 199922b03

Time (s): cpu = 00:00:25 ; elapsed = 00:00:21 . Memory (MB): peak = 3263.461 ; gain = 91.395 ; free physical = 22211 ; free virtual = 33938

Phase 3 Initial Routing

Phase 3.1 Global Routing
Phase 3.1 Global Routing | Checksum: 199922b03

Time (s): cpu = 00:00:25 ; elapsed = 00:00:21 . Memory (MB): peak = 3263.461 ; gain = 91.395 ; free physical = 22211 ; free virtual = 33938
Phase 3 Initial Routing | Checksum: fb34832d

Time (s): cpu = 00:00:26 ; elapsed = 00:00:21 . Memory (MB): peak = 3263.461 ; gain = 91.395 ; free physical = 22211 ; free virtual = 33938

Phase 4 Rip-up And Reroute

Phase 4.1 Global Iteration 0
 Number of Nodes with overlaps = 0
INFO: [Route 35-416] Intermediate Timing Summary | WNS=2.278  | TNS=0.000  | WHS=N/A    | THS=N/A    |

Phase 4.1 Global Iteration 0 | Checksum: d2b2b331

Time (s): cpu = 00:00:26 ; elapsed = 00:00:21 . Memory (MB): peak = 3263.461 ; gain = 91.395 ; free physical = 22211 ; free virtual = 33938
Phase 4 Rip-up And Reroute | Checksum: d2b2b331

Time (s): cpu = 00:00:26 ; elapsed = 00:00:21 . Memory (MB): peak = 3263.461 ; gain = 91.395 ; free physical = 22211 ; free virtual = 33938

Phase 5 Delay and Skew Optimization

Phase 5.1 Delay CleanUp
Phase 5.1 Delay CleanUp | Checksum: d2b2b331

Time (s): cpu = 00:00:26 ; elapsed = 00:00:21 . Memory (MB): peak = 3263.461 ; gain = 91.395 ; free physical = 22211 ; free virtual = 33938

Phase 5.2 Clock Skew Optimization
Phase 5.2 Clock Skew Optimization | Checksum: d2b2b331

Time (s): cpu = 00:00:26 ; elapsed = 00:00:21 . Memory (MB): peak = 3263.461 ; gain = 91.395 ; free physical = 22211 ; free virtual = 33938
Phase 5 Delay and Skew Optimization | Checksum: d2b2b331

Time (s): cpu = 00:00:26 ; elapsed = 00:00:21 . Memory (MB): peak = 3263.461 ; gain = 91.395 ; free physical = 22211 ; free virtual = 33938

Phase 6 Post Hold Fix

Phase 6.1 Hold Fix Iter

Phase 6.1.1 Update Timing
Phase 6.1.1 Update Timing | Checksum: ddf110d4

Time (s): cpu = 00:00:26 ; elapsed = 00:00:21 . Memory (MB): peak = 3263.461 ; gain = 91.395 ; free physical = 22211 ; free virtual = 33938
INFO: [Route 35-416] Intermediate Timing Summary | WNS=2.373  | TNS=0.000  | WHS=0.175  | THS=0.000  |

Phase 6.1 Hold Fix Iter | Checksum: ddf110d4

Time (s): cpu = 00:00:26 ; elapsed = 00:00:21 . Memory (MB): peak = 3263.461 ; gain = 91.395 ; free physical = 22211 ; free virtual = 33938
Phase 6 Post Hold Fix | Checksum: ddf110d4

Time (s): cpu = 00:00:26 ; elapsed = 00:00:21 . Memory (MB): peak = 3263.461 ; gain = 91.395 ; free physical = 22211 ; free virtual = 33938

Phase 7 Route finalize

Router Utilization Summary
  Global Vertical Routing Utilization    = 0.00687644 %
  Global Horizontal Routing Utilization  = 0.00262859 %
  Routable Net Status*
  *Does not include unroutable nets such as driverless and loadless.
  Run report_route_status for detailed report.
  Number of Failed Nets               = 0
    (Failed Nets is the sum of unrouted and partially routed nets)
  Number of Unrouted Nets             = 0
  Number of Partially Routed Nets     = 0
  Number of Node Overlaps             = 0

Phase 7 Route finalize | Checksum: ddf110d4

Time (s): cpu = 00:00:26 ; elapsed = 00:00:21 . Memory (MB): peak = 3263.461 ; gain = 91.395 ; free physical = 22211 ; free virtual = 33938

Phase 8 Verifying routed nets

 Verification completed successfully
Phase 8 Verifying routed nets | Checksum: ddf110d4

Time (s): cpu = 00:00:26 ; elapsed = 00:00:21 . Memory (MB): peak = 3263.461 ; gain = 91.395 ; free physical = 22211 ; free virtual = 33938

Phase 9 Depositing Routes
Phase 9 Depositing Routes | Checksum: 1b90e1cb8

Time (s): cpu = 00:00:26 ; elapsed = 00:00:21 . Memory (MB): peak = 3279.469 ; gain = 107.402 ; free physical = 22211 ; free virtual = 33938

Phase 10 Post Router Timing
INFO: [Route 35-57] Estimated Timing Summary | WNS=2.373  | TNS=0.000  | WHS=0.175  | THS=0.000  |

INFO: [Route 35-327] The final timing numbers are based on the router estimated timing analysis. For a complete and accurate timing signoff, please run report_timing_summary.
Phase 10 Post Router Timing | Checksum: 1b90e1cb8

Time (s): cpu = 00:00:26 ; elapsed = 00:00:21 . Memory (MB): peak = 3279.469 ; gain = 107.402 ; free physical = 22211 ; free virtual = 33938
INFO: [Route 35-16] Router Completed Successfully

Time (s): cpu = 00:00:26 ; elapsed = 00:00:21 . Memory (MB): peak = 3279.469 ; gain = 107.402 ; free physical = 22247 ; free virtual = 33975

Routing Is Done.
INFO: [Common 17-83] Releasing license: Implementation
81 Infos, 0 Warnings, 0 Critical Warnings and 0 Errors encountered.
route_design completed successfully
route_design: Time (s): cpu = 00:00:27 ; elapsed = 00:00:21 . Memory (MB): peak = 3279.469 ; gain = 107.402 ; free physical = 22247 ; free virtual = 33975
INFO: [Timing 38-480] Writing timing data to binary archive.
Writing XDEF routing.
Writing XDEF routing logical nets.
Writing XDEF routing special nets.
Write XDEF Complete: Time (s): cpu = 00:00:00.05 ; elapsed = 00:00:00.03 . Memory (MB): peak = 3279.469 ; gain = 0.000 ; free physical = 22248 ; free virtual = 33976
INFO: [Common 17-1381] The checkpoint '/home/intern/Bendaou/stage_2025/Code VHDL/project/impl_results/FPAdd/250MHz/impl_FPAdd_250MHz.runs/impl_1/top_FPAdd_Test_routed.dcp' has been generated.
INFO: [runtcl-4] Executing : report_drc -file top_FPAdd_Test_drc_routed.rpt -pb top_FPAdd_Test_drc_routed.pb -rpx top_FPAdd_Test_drc_routed.rpx
Command: report_drc -file top_FPAdd_Test_drc_routed.rpt -pb top_FPAdd_Test_drc_routed.pb -rpx top_FPAdd_Test_drc_routed.rpx
INFO: [IP_Flow 19-1839] IP Catalog is up to date.
INFO: [DRC 23-27] Running DRC with 8 threads
INFO: [Vivado_Tcl 2-168] The results of DRC are in file /home/intern/Bendaou/stage_2025/Code VHDL/project/impl_results/FPAdd/250MHz/impl_FPAdd_250MHz.runs/impl_1/top_FPAdd_Test_drc_routed.rpt.
report_drc completed successfully
INFO: [runtcl-4] Executing : report_methodology -file top_FPAdd_Test_methodology_drc_routed.rpt -pb top_FPAdd_Test_methodology_drc_routed.pb -rpx top_FPAdd_Test_methodology_drc_routed.rpx
Command: report_methodology -file top_FPAdd_Test_methodology_drc_routed.rpt -pb top_FPAdd_Test_methodology_drc_routed.pb -rpx top_FPAdd_Test_methodology_drc_routed.rpx
INFO: [Timing 38-35] Done setting XDC timing constraints.
INFO: [DRC 23-133] Running Methodology with 8 threads
INFO: [Vivado_Tcl 2-1520] The results of Report Methodology are in file /home/intern/Bendaou/stage_2025/Code VHDL/project/impl_results/FPAdd/250MHz/impl_FPAdd_250MHz.runs/impl_1/top_FPAdd_Test_methodology_drc_routed.rpt.
report_methodology completed successfully
INFO: [runtcl-4] Executing : report_power -file top_FPAdd_Test_power_routed.rpt -pb top_FPAdd_Test_power_summary_routed.pb -rpx top_FPAdd_Test_power_routed.rpx
Command: report_power -file top_FPAdd_Test_power_routed.rpt -pb top_FPAdd_Test_power_summary_routed.pb -rpx top_FPAdd_Test_power_routed.rpx
INFO: [Timing 38-35] Done setting XDC timing constraints.
Running Vector-less Activity Propagation...

Finished Running Vector-less Activity Propagation
93 Infos, 0 Warnings, 0 Critical Warnings and 0 Errors encountered.
report_power completed successfully
INFO: [runtcl-4] Executing : report_route_status -file top_FPAdd_Test_route_status.rpt -pb top_FPAdd_Test_route_status.pb
INFO: [runtcl-4] Executing : report_timing_summary -max_paths 10 -report_unconstrained -file top_FPAdd_Test_timing_summary_routed.rpt -pb top_FPAdd_Test_timing_summary_routed.pb -rpx top_FPAdd_Test_timing_summary_routed.rpx -warn_on_violation 
INFO: [Timing 38-91] UpdateTimingParams: Speed grade: -1, Delay Type: min_max.
INFO: [Timing 38-191] Multithreading enabled for timing update using a maximum of 8 CPUs
INFO: [runtcl-4] Executing : report_incremental_reuse -file top_FPAdd_Test_incremental_reuse_routed.rpt
INFO: [Vivado_Tcl 4-1062] Incremental flow is disabled. No incremental reuse Info to report.
INFO: [runtcl-4] Executing : report_clock_utilization -file top_FPAdd_Test_clock_utilization_routed.rpt
INFO: [runtcl-4] Executing : report_bus_skew -warn_on_violation -file top_FPAdd_Test_bus_skew_routed.rpt -pb top_FPAdd_Test_bus_skew_routed.pb -rpx top_FPAdd_Test_bus_skew_routed.rpx
INFO: [Timing 38-91] UpdateTimingParams: Speed grade: -1, Delay Type: min_max.
INFO: [Timing 38-191] Multithreading enabled for timing update using a maximum of 8 CPUs
INFO: [Common 17-206] Exiting Vivado at Fri Jul 18 12:41:45 2025...
