
*** Running vivado
    with args -log top_FPMAC_Test.vds -m64 -product Vivado -mode batch -messageDb vivado.pb -notrace -source top_FPMAC_Test.tcl


****** Vivado v2022.2 (64-bit)
  **** SW Build 3671981 on Fri Oct 14 04:59:54 MDT 2022
  **** IP Build 3669848 on Fri Oct 14 08:30:02 MDT 2022
    ** Copyright 1986-2022 Xilinx, Inc. All Rights Reserved.

source top_FPMAC_Test.tcl -notrace
Command: synth_design -top top_FPMAC_Test -part xc7a100tcsg324-1
Starting synth_design
Attempting to get a license for feature 'Synthesis' and/or device 'xc7a100t'
INFO: [Common 17-349] Got license for feature 'Synthesis' and/or device 'xc7a100t'
INFO: [Device 21-403] Loading part xc7a100tcsg324-1
INFO: [Synth 8-7079] Multithreading enabled for synth_design using a maximum of 4 processes.
INFO: [Synth 8-7078] Launching helper process for spawning children vivado processes
INFO: [Synth 8-7075] Helper process launched with PID 48145
INFO: [Synth 8-11241] undeclared symbol 'REGCCE', assumed default net type 'wire' [/tools/Xilinx/Vivado/2022.2/data/verilog/src/unimacro/BRAM_SINGLE_MACRO.v:2170]
---------------------------------------------------------------------------------
Starting RTL Elaboration : Time (s): cpu = 00:00:03 ; elapsed = 00:00:04 . Memory (MB): peak = 2431.547 ; gain = 370.801 ; free physical = 24492 ; free virtual = 35712
Synthesis current peak Physical Memory [PSS] (MB): peak = 1847.436; parent = 1642.844; children = 204.592
Synthesis current peak Virtual Memory [VSS] (MB): peak = 3459.895; parent = 2431.551; children = 1028.344
---------------------------------------------------------------------------------
INFO: [Synth 8-638] synthesizing module 'top_FPMAC_Test' [/home/intern/Bendaou/stage_2025/Code VHDL/project/vhdl_files/flopoco/top_FPMAC_Test_250MHz.vhd:40]
INFO: [Synth 8-3491] module 'FPMAC16' declared at '/home/intern/Bendaou/stage_2025/Code VHDL/project/vhdl_files/flopoco/top_FPMAC_Test_250MHz.vhd:417' bound to instance 'DUT' of component 'FPMAC16' [/home/intern/Bendaou/stage_2025/Code VHDL/project/vhdl_files/flopoco/top_FPMAC_Test_250MHz.vhd:101]
INFO: [Synth 8-638] synthesizing module 'FPMAC16' [/home/intern/Bendaou/stage_2025/Code VHDL/project/vhdl_files/flopoco/top_FPMAC_Test_250MHz.vhd:428]
INFO: [Synth 8-3491] module 'RightShifter11_by_max_37_Freq250_uid4' declared at '/home/intern/Bendaou/stage_2025/Code VHDL/project/vhdl_files/flopoco/top_FPMAC_Test_250MHz.vhd:212' bound to instance 'RightShifterComponent' of component 'RightShifter11_by_max_37_Freq250_uid4' [/home/intern/Bendaou/stage_2025/Code VHDL/project/vhdl_files/flopoco/top_FPMAC_Test_250MHz.vhd:735]
INFO: [Synth 8-638] synthesizing module 'RightShifter11_by_max_37_Freq250_uid4' [/home/intern/Bendaou/stage_2025/Code VHDL/project/vhdl_files/flopoco/top_FPMAC_Test_250MHz.vhd:219]
INFO: [Synth 8-256] done synthesizing module 'RightShifter11_by_max_37_Freq250_uid4' (0#1) [/home/intern/Bendaou/stage_2025/Code VHDL/project/vhdl_files/flopoco/top_FPMAC_Test_250MHz.vhd:219]
INFO: [Synth 8-3491] module 'LZC_26_Freq250_uid6' declared at '/home/intern/Bendaou/stage_2025/Code VHDL/project/vhdl_files/flopoco/top_FPMAC_Test_250MHz.vhd:271' bound to instance 'IEEEFPFMA_5_10_Freq250_uid2LeadingZeroCounter' of component 'LZC_26_Freq250_uid6' [/home/intern/Bendaou/stage_2025/Code VHDL/project/vhdl_files/flopoco/top_FPMAC_Test_250MHz.vhd:754]
INFO: [Synth 8-638] synthesizing module 'LZC_26_Freq250_uid6' [/home/intern/Bendaou/stage_2025/Code VHDL/project/vhdl_files/flopoco/top_FPMAC_Test_250MHz.vhd:277]
INFO: [Synth 8-256] done synthesizing module 'LZC_26_Freq250_uid6' (0#1) [/home/intern/Bendaou/stage_2025/Code VHDL/project/vhdl_files/flopoco/top_FPMAC_Test_250MHz.vhd:277]
INFO: [Synth 8-3491] module 'LeftShifter37_by_max_36_Freq250_uid8' declared at '/home/intern/Bendaou/stage_2025/Code VHDL/project/vhdl_files/flopoco/top_FPMAC_Test_250MHz.vhd:346' bound to instance 'NormalizationShifter' of component 'LeftShifter37_by_max_36_Freq250_uid8' [/home/intern/Bendaou/stage_2025/Code VHDL/project/vhdl_files/flopoco/top_FPMAC_Test_250MHz.vhd:771]
INFO: [Synth 8-638] synthesizing module 'LeftShifter37_by_max_36_Freq250_uid8' [/home/intern/Bendaou/stage_2025/Code VHDL/project/vhdl_files/flopoco/top_FPMAC_Test_250MHz.vhd:353]
INFO: [Synth 8-256] done synthesizing module 'LeftShifter37_by_max_36_Freq250_uid8' (0#1) [/home/intern/Bendaou/stage_2025/Code VHDL/project/vhdl_files/flopoco/top_FPMAC_Test_250MHz.vhd:353]
INFO: [Synth 8-256] done synthesizing module 'FPMAC16' (0#1) [/home/intern/Bendaou/stage_2025/Code VHDL/project/vhdl_files/flopoco/top_FPMAC_Test_250MHz.vhd:428]
INFO: [Synth 8-226] default block is never used [/home/intern/Bendaou/stage_2025/Code VHDL/project/vhdl_files/flopoco/top_FPMAC_Test_250MHz.vhd:142]
INFO: [Synth 8-256] done synthesizing module 'top_FPMAC_Test' (0#1) [/home/intern/Bendaou/stage_2025/Code VHDL/project/vhdl_files/flopoco/top_FPMAC_Test_250MHz.vhd:40]
WARNING: [Synth 8-3936] Found unconnected internal register 'level6_reg' and it is trimmed from '100' to '73' bits. [/home/intern/Bendaou/stage_2025/Code VHDL/project/vhdl_files/flopoco/top_FPMAC_Test_250MHz.vhd:388]
WARNING: [Synth 8-7129] Port clk in module RightShifter11_by_max_37_Freq250_uid4 is either unconnected or has no load
WARNING: [Synth 8-7129] Port RndMode[1] in module FPMAC16 is either unconnected or has no load
WARNING: [Synth 8-7129] Port RndMode[0] in module FPMAC16 is either unconnected or has no load
---------------------------------------------------------------------------------
Finished RTL Elaboration : Time (s): cpu = 00:00:05 ; elapsed = 00:00:05 . Memory (MB): peak = 2503.516 ; gain = 442.770 ; free physical = 24419 ; free virtual = 35641
Synthesis current peak Physical Memory [PSS] (MB): peak = 1847.436; parent = 1642.844; children = 204.592
Synthesis current peak Virtual Memory [VSS] (MB): peak = 3531.863; parent = 2503.520; children = 1028.344
---------------------------------------------------------------------------------
---------------------------------------------------------------------------------
Start Handling Custom Attributes
---------------------------------------------------------------------------------
---------------------------------------------------------------------------------
Finished Handling Custom Attributes : Time (s): cpu = 00:00:05 ; elapsed = 00:00:05 . Memory (MB): peak = 2518.359 ; gain = 457.613 ; free physical = 24419 ; free virtual = 35641
Synthesis current peak Physical Memory [PSS] (MB): peak = 1847.436; parent = 1642.844; children = 204.592
Synthesis current peak Virtual Memory [VSS] (MB): peak = 3546.707; parent = 2518.363; children = 1028.344
---------------------------------------------------------------------------------
---------------------------------------------------------------------------------
Finished RTL Optimization Phase 1 : Time (s): cpu = 00:00:05 ; elapsed = 00:00:05 . Memory (MB): peak = 2518.359 ; gain = 457.613 ; free physical = 24419 ; free virtual = 35641
Synthesis current peak Physical Memory [PSS] (MB): peak = 1847.436; parent = 1642.844; children = 204.592
Synthesis current peak Virtual Memory [VSS] (MB): peak = 3546.707; parent = 2518.363; children = 1028.344
---------------------------------------------------------------------------------
Netlist sorting complete. Time (s): cpu = 00:00:00 ; elapsed = 00:00:00.01 . Memory (MB): peak = 2518.359 ; gain = 0.000 ; free physical = 24419 ; free virtual = 35641
INFO: [Project 1-570] Preparing netlist for logic optimization

Processing XDC Constraints
Initializing timing engine
Parsing XDC File [/home/intern/Bendaou/stage_2025/Code VHDL/project/impl_results/FPMAC/250MHz/temp_250MHz.xdc]
Finished Parsing XDC File [/home/intern/Bendaou/stage_2025/Code VHDL/project/impl_results/FPMAC/250MHz/temp_250MHz.xdc]
INFO: [Project 1-236] Implementation specific constraints were found while reading constraint file [/home/intern/Bendaou/stage_2025/Code VHDL/project/impl_results/FPMAC/250MHz/temp_250MHz.xdc]. These constraints will be ignored for synthesis but will be used in implementation. Impacted constraints are listed in the file [.Xil/top_FPMAC_Test_propImpl.xdc].
Resolution: To avoid this warning, move constraints listed in [.Xil/top_FPMAC_Test_propImpl.xdc] to another XDC file and exclude this new file from synthesis with the used_in_synthesis property (File Properties dialog in GUI) and re-run elaboration/synthesis.
Completed Processing XDC Constraints

Netlist sorting complete. Time (s): cpu = 00:00:00 ; elapsed = 00:00:00 . Memory (MB): peak = 2687.109 ; gain = 0.000 ; free physical = 24378 ; free virtual = 35599
INFO: [Project 1-111] Unisim Transformation Summary:
No Unisim elements were transformed.

Constraint Validation Runtime : Time (s): cpu = 00:00:00.01 ; elapsed = 00:00:00.01 . Memory (MB): peak = 2687.109 ; gain = 0.000 ; free physical = 24378 ; free virtual = 35599
INFO: [Synth 8-11241] undeclared symbol 'REGCCE', assumed default net type 'wire' [/tools/Xilinx/Vivado/2022.2/data/verilog/src/unimacro/BRAM_SINGLE_MACRO.v:2170]
---------------------------------------------------------------------------------
Finished Constraint Validation : Time (s): cpu = 00:00:11 ; elapsed = 00:00:11 . Memory (MB): peak = 2687.109 ; gain = 626.363 ; free physical = 24466 ; free virtual = 35687
Synthesis current peak Physical Memory [PSS] (MB): peak = 1847.436; parent = 1642.844; children = 204.592
Synthesis current peak Virtual Memory [VSS] (MB): peak = 3683.441; parent = 2655.098; children = 1028.344
---------------------------------------------------------------------------------
---------------------------------------------------------------------------------
Start Loading Part and Timing Information
---------------------------------------------------------------------------------
Loading part: xc7a100tcsg324-1
---------------------------------------------------------------------------------
Finished Loading Part and Timing Information : Time (s): cpu = 00:00:11 ; elapsed = 00:00:12 . Memory (MB): peak = 2687.109 ; gain = 626.363 ; free physical = 24466 ; free virtual = 35687
Synthesis current peak Physical Memory [PSS] (MB): peak = 1847.436; parent = 1642.844; children = 204.592
Synthesis current peak Virtual Memory [VSS] (MB): peak = 3683.441; parent = 2655.098; children = 1028.344
---------------------------------------------------------------------------------
---------------------------------------------------------------------------------
Start Applying 'set_property' XDC Constraints
---------------------------------------------------------------------------------
---------------------------------------------------------------------------------
Finished applying 'set_property' XDC Constraints : Time (s): cpu = 00:00:11 ; elapsed = 00:00:12 . Memory (MB): peak = 2687.109 ; gain = 626.363 ; free physical = 24466 ; free virtual = 35687
Synthesis current peak Physical Memory [PSS] (MB): peak = 1847.436; parent = 1642.844; children = 204.592
Synthesis current peak Virtual Memory [VSS] (MB): peak = 3683.441; parent = 2655.098; children = 1028.344
---------------------------------------------------------------------------------
INFO: [Synth 8-802] inferred FSM for state register 'state_reg' in module 'top_FPMAC_Test'
---------------------------------------------------------------------------------------------------
                   State |                     New Encoding |                Previous Encoding 
---------------------------------------------------------------------------------------------------
                    idle |                             0001 |                               00
                wait_mac |                             0010 |                               01
                    load |                             0100 |                               10
                done_mac |                             1000 |                               11
---------------------------------------------------------------------------------------------------
INFO: [Synth 8-3354] encoded FSM with state register 'state_reg' using encoding 'one-hot' in module 'top_FPMAC_Test'
---------------------------------------------------------------------------------
Finished RTL Optimization Phase 2 : Time (s): cpu = 00:00:11 ; elapsed = 00:00:12 . Memory (MB): peak = 2687.109 ; gain = 626.363 ; free physical = 24466 ; free virtual = 35688
Synthesis current peak Physical Memory [PSS] (MB): peak = 1847.436; parent = 1642.844; children = 204.592
Synthesis current peak Virtual Memory [VSS] (MB): peak = 3683.441; parent = 2655.098; children = 1028.344
---------------------------------------------------------------------------------
---------------------------------------------------------------------------------
Start RTL Component Statistics 
---------------------------------------------------------------------------------
Detailed RTL Component Info : 
+---Adders : 
	   3 Input   38 Bit       Adders := 2     
	   2 Input   17 Bit       Adders := 1     
	   7 Input    7 Bit       Adders := 4     
	   2 Input    7 Bit       Adders := 3     
	   3 Input    7 Bit       Adders := 2     
	   2 Input    6 Bit       Adders := 4     
	   3 Input    5 Bit       Adders := 3     
	   2 Input    4 Bit       Adders := 1     
	   2 Input    2 Bit       Adders := 1     
+---XORs : 
	   5 Input      1 Bit         XORs := 1     
	   2 Input      1 Bit         XORs := 3     
	   3 Input      1 Bit         XORs := 2     
+---Registers : 
	               68 Bit    Registers := 1     
	               38 Bit    Registers := 1     
	               37 Bit    Registers := 1     
	               31 Bit    Registers := 1     
	               16 Bit    Registers := 3     
	               15 Bit    Registers := 6     
	                7 Bit    Registers := 3     
	                6 Bit    Registers := 5     
	                5 Bit    Registers := 1     
	                4 Bit    Registers := 1     
	                2 Bit    Registers := 1     
	                1 Bit    Registers := 29    
+---Muxes : 
	   2 Input   74 Bit        Muxes := 1     
	   2 Input   73 Bit        Muxes := 1     
	   2 Input   68 Bit        Muxes := 1     
	   2 Input   52 Bit        Muxes := 1     
	   2 Input   44 Bit        Muxes := 1     
	   2 Input   42 Bit        Muxes := 1     
	   2 Input   40 Bit        Muxes := 1     
	   2 Input   38 Bit        Muxes := 2     
	   2 Input   37 Bit        Muxes := 1     
	   2 Input   26 Bit        Muxes := 1     
	   2 Input   18 Bit        Muxes := 1     
	   2 Input   16 Bit        Muxes := 2     
	   4 Input   16 Bit        Muxes := 3     
	   2 Input   15 Bit        Muxes := 2     
	   2 Input   14 Bit        Muxes := 1     
	   2 Input   12 Bit        Muxes := 1     
	   2 Input   10 Bit        Muxes := 2     
	   2 Input    7 Bit        Muxes := 3     
	   3 Input    7 Bit        Muxes := 1     
	   2 Input    6 Bit        Muxes := 4     
	   4 Input    4 Bit        Muxes := 3     
	   2 Input    4 Bit        Muxes := 1     
	   2 Input    3 Bit        Muxes := 2     
	   2 Input    2 Bit        Muxes := 2     
	   4 Input    2 Bit        Muxes := 2     
	   2 Input    1 Bit        Muxes := 5     
	   4 Input    1 Bit        Muxes := 5     
---------------------------------------------------------------------------------
Finished RTL Component Statistics 
---------------------------------------------------------------------------------
---------------------------------------------------------------------------------
Start Part Resource Summary
---------------------------------------------------------------------------------
Part Resources:
DSPs: 240 (col length:80)
BRAMs: 270 (col length: RAMB18 80 RAMB36 40)
---------------------------------------------------------------------------------
Finished Part Resource Summary
---------------------------------------------------------------------------------
---------------------------------------------------------------------------------
Start Cross Boundary and Area Optimization
---------------------------------------------------------------------------------
WARNING: [Synth 8-7080] Parallel synthesis criteria is not met
DSP Report: Generating DSP DUT/multOp, operation Mode is: A*B.
DSP Report: operator DUT/multOp is absorbed into DSP DUT/multOp.
---------------------------------------------------------------------------------
Finished Cross Boundary and Area Optimization : Time (s): cpu = 00:00:19 ; elapsed = 00:00:20 . Memory (MB): peak = 2687.109 ; gain = 626.363 ; free physical = 24427 ; free virtual = 35654
Synthesis current peak Physical Memory [PSS] (MB): peak = 1847.436; parent = 1642.844; children = 204.592
Synthesis current peak Virtual Memory [VSS] (MB): peak = 3683.441; parent = 2655.098; children = 1028.344
---------------------------------------------------------------------------------
---------------------------------------------------------------------------------
Start ROM, RAM, DSP, Shift Register and Retiming Reporting
---------------------------------------------------------------------------------

DSP: Preliminary Mapping Report (see note below. The ' indicates corresponding REG is set)
+------------+-------------+--------+--------+--------+--------+--------+------+------+------+------+-------+------+------+
|Module Name | DSP Mapping | A Size | B Size | C Size | D Size | P Size | AREG | BREG | CREG | DREG | ADREG | MREG | PREG | 
+------------+-------------+--------+--------+--------+--------+--------+------+------+------+------+-------+------+------+
|FPMAC16     | A*B         | 11     | 11     | -      | -      | 22     | 0    | 0    | -    | -    | -     | 0    | 0    | 
+------------+-------------+--------+--------+--------+--------+--------+------+------+------+------+-------+------+------+

Note: The table above is a preliminary report that shows the DSPs inferred at the current stage of the synthesis flow. Some DSP may be reimplemented as non DSP primitives later in the synthesis flow. Multiple instantiated DSPs are reported only once.
---------------------------------------------------------------------------------
Finished ROM, RAM, DSP, Shift Register and Retiming Reporting
---------------------------------------------------------------------------------
---------------------------------------------------------------------------------
Start Applying XDC Timing Constraints
---------------------------------------------------------------------------------
---------------------------------------------------------------------------------
Finished Applying XDC Timing Constraints : Time (s): cpu = 00:00:24 ; elapsed = 00:00:26 . Memory (MB): peak = 2687.109 ; gain = 626.363 ; free physical = 24416 ; free virtual = 35643
Synthesis current peak Physical Memory [PSS] (MB): peak = 1990.271; parent = 1785.742; children = 204.592
Synthesis current peak Virtual Memory [VSS] (MB): peak = 3683.441; parent = 2655.098; children = 1028.344
---------------------------------------------------------------------------------
---------------------------------------------------------------------------------
Start Timing Optimization
---------------------------------------------------------------------------------
---------------------------------------------------------------------------------
Finished Timing Optimization : Time (s): cpu = 00:00:27 ; elapsed = 00:00:28 . Memory (MB): peak = 2687.109 ; gain = 626.363 ; free physical = 24359 ; free virtual = 35586
Synthesis current peak Physical Memory [PSS] (MB): peak = 2004.771; parent = 1800.242; children = 204.592
Synthesis current peak Virtual Memory [VSS] (MB): peak = 3683.441; parent = 2655.098; children = 1028.344
---------------------------------------------------------------------------------
---------------------------------------------------------------------------------
Start Technology Mapping
---------------------------------------------------------------------------------
---------------------------------------------------------------------------------
Finished Technology Mapping : Time (s): cpu = 00:00:27 ; elapsed = 00:00:28 . Memory (MB): peak = 2687.109 ; gain = 626.363 ; free physical = 24359 ; free virtual = 35586
Synthesis current peak Physical Memory [PSS] (MB): peak = 2007.217; parent = 1802.688; children = 204.592
Synthesis current peak Virtual Memory [VSS] (MB): peak = 3683.441; parent = 2655.098; children = 1028.344
---------------------------------------------------------------------------------
---------------------------------------------------------------------------------
Start IO Insertion
---------------------------------------------------------------------------------
---------------------------------------------------------------------------------
Start Flattening Before IO Insertion
---------------------------------------------------------------------------------
---------------------------------------------------------------------------------
Finished Flattening Before IO Insertion
---------------------------------------------------------------------------------
---------------------------------------------------------------------------------
Start Final Netlist Cleanup
---------------------------------------------------------------------------------
---------------------------------------------------------------------------------
Finished Final Netlist Cleanup
---------------------------------------------------------------------------------
---------------------------------------------------------------------------------
Finished IO Insertion : Time (s): cpu = 00:00:30 ; elapsed = 00:00:31 . Memory (MB): peak = 2687.109 ; gain = 626.363 ; free physical = 24385 ; free virtual = 35612
Synthesis current peak Physical Memory [PSS] (MB): peak = 2007.494; parent = 1802.965; children = 204.592
Synthesis current peak Virtual Memory [VSS] (MB): peak = 3683.441; parent = 2655.098; children = 1028.344
---------------------------------------------------------------------------------
---------------------------------------------------------------------------------
Start Renaming Generated Instances
---------------------------------------------------------------------------------
---------------------------------------------------------------------------------
Finished Renaming Generated Instances : Time (s): cpu = 00:00:30 ; elapsed = 00:00:31 . Memory (MB): peak = 2687.109 ; gain = 626.363 ; free physical = 24385 ; free virtual = 35612
Synthesis current peak Physical Memory [PSS] (MB): peak = 2007.494; parent = 1802.965; children = 204.592
Synthesis current peak Virtual Memory [VSS] (MB): peak = 3683.441; parent = 2655.098; children = 1028.344
---------------------------------------------------------------------------------
---------------------------------------------------------------------------------
Start Rebuilding User Hierarchy
---------------------------------------------------------------------------------
---------------------------------------------------------------------------------
Finished Rebuilding User Hierarchy : Time (s): cpu = 00:00:30 ; elapsed = 00:00:32 . Memory (MB): peak = 2687.109 ; gain = 626.363 ; free physical = 24385 ; free virtual = 35612
Synthesis current peak Physical Memory [PSS] (MB): peak = 2007.611; parent = 1803.082; children = 204.592
Synthesis current peak Virtual Memory [VSS] (MB): peak = 3683.441; parent = 2655.098; children = 1028.344
---------------------------------------------------------------------------------
---------------------------------------------------------------------------------
Start Renaming Generated Ports
---------------------------------------------------------------------------------
---------------------------------------------------------------------------------
Finished Renaming Generated Ports : Time (s): cpu = 00:00:30 ; elapsed = 00:00:32 . Memory (MB): peak = 2687.109 ; gain = 626.363 ; free physical = 24385 ; free virtual = 35612
Synthesis current peak Physical Memory [PSS] (MB): peak = 2007.674; parent = 1803.145; children = 204.592
Synthesis current peak Virtual Memory [VSS] (MB): peak = 3683.441; parent = 2655.098; children = 1028.344
---------------------------------------------------------------------------------
---------------------------------------------------------------------------------
Start Handling Custom Attributes
---------------------------------------------------------------------------------
---------------------------------------------------------------------------------
Finished Handling Custom Attributes : Time (s): cpu = 00:00:30 ; elapsed = 00:00:32 . Memory (MB): peak = 2687.109 ; gain = 626.363 ; free physical = 24385 ; free virtual = 35612
Synthesis current peak Physical Memory [PSS] (MB): peak = 2007.674; parent = 1803.145; children = 204.592
Synthesis current peak Virtual Memory [VSS] (MB): peak = 3683.441; parent = 2655.098; children = 1028.344
---------------------------------------------------------------------------------
---------------------------------------------------------------------------------
Start Renaming Generated Nets
---------------------------------------------------------------------------------
---------------------------------------------------------------------------------
Finished Renaming Generated Nets : Time (s): cpu = 00:00:30 ; elapsed = 00:00:32 . Memory (MB): peak = 2687.109 ; gain = 626.363 ; free physical = 24385 ; free virtual = 35612
Synthesis current peak Physical Memory [PSS] (MB): peak = 2007.674; parent = 1803.145; children = 204.592
Synthesis current peak Virtual Memory [VSS] (MB): peak = 3683.441; parent = 2655.098; children = 1028.344
---------------------------------------------------------------------------------
---------------------------------------------------------------------------------
Start ROM, RAM, DSP, Shift Register and Retiming Reporting
---------------------------------------------------------------------------------

Static Shift Register Report:
+---------------+----------------------------+--------+-------+--------------+--------------------+-------------------+--------+---------+
|Module Name    | RTL Name                   | Length | Width | Reset Signal | Pull out first Reg | Pull out last Reg | SRL16E | SRLC32E | 
+---------------+----------------------------+--------+-------+--------------+--------------------+-------------------+--------+---------+
|top_FPMAC_Test | DUT/RisNaN_d3_reg          | 3      | 1     | NO           | NO                 | YES               | 1      | 0       | 
|top_FPMAC_Test | DUT/sticky1_d3_reg         | 3      | 1     | NO           | NO                 | YES               | 1      | 0       | 
|top_FPMAC_Test | DUT/tentativeRisInf_d3_reg | 3      | 1     | NO           | NO                 | YES               | 1      | 0       | 
+---------------+----------------------------+--------+-------+--------------+--------------------+-------------------+--------+---------+

---------------------------------------------------------------------------------
Finished ROM, RAM, DSP, Shift Register and Retiming Reporting
---------------------------------------------------------------------------------
---------------------------------------------------------------------------------
Start Writing Synthesis Report
---------------------------------------------------------------------------------

DSP Final Report (the ' indicates corresponding REG is set)
+------------+-------------+--------+--------+--------+--------+--------+------+------+------+------+-------+------+------+
|Module Name | DSP Mapping | A Size | B Size | C Size | D Size | P Size | AREG | BREG | CREG | DREG | ADREG | MREG | PREG | 
+------------+-------------+--------+--------+--------+--------+--------+------+------+------+------+-------+------+------+
|FPMAC16     | A*B         | 11     | 11     | -      | -      | 22     | 0    | 0    | -    | -    | -     | 0    | 0    | 
+------------+-------------+--------+--------+--------+--------+--------+------+------+------+------+-------+------+------+


Report BlackBoxes: 
+-+--------------+----------+
| |BlackBox name |Instances |
+-+--------------+----------+
+-+--------------+----------+

Report Cell Usage: 
+------+--------+------+
|      |Cell    |Count |
+------+--------+------+
|1     |BUFG    |     1|
|2     |CARRY4  |    36|
|3     |DSP48E1 |     1|
|4     |LUT1    |     3|
|5     |LUT2    |    40|
|6     |LUT3    |    67|
|7     |LUT4    |    67|
|8     |LUT5    |   128|
|9     |LUT6    |   319|
|10    |SRL16E  |     3|
|11    |FDCE    |    57|
|12    |FDPE    |     1|
|13    |FDRE    |   177|
|14    |FDSE    |     4|
|15    |IBUF    |     3|
|16    |OBUF    |    17|
+------+--------+------+
---------------------------------------------------------------------------------
Finished Writing Synthesis Report : Time (s): cpu = 00:00:30 ; elapsed = 00:00:32 . Memory (MB): peak = 2687.109 ; gain = 626.363 ; free physical = 24385 ; free virtual = 35612
Synthesis current peak Physical Memory [PSS] (MB): peak = 2007.752; parent = 1803.223; children = 204.592
Synthesis current peak Virtual Memory [VSS] (MB): peak = 3683.441; parent = 2655.098; children = 1028.344
---------------------------------------------------------------------------------
Synthesis finished with 0 errors, 0 critical warnings and 1 warnings.
Synthesis Optimization Runtime : Time (s): cpu = 00:00:28 ; elapsed = 00:00:30 . Memory (MB): peak = 2687.109 ; gain = 457.613 ; free physical = 24437 ; free virtual = 35664
Synthesis Optimization Complete : Time (s): cpu = 00:00:30 ; elapsed = 00:00:32 . Memory (MB): peak = 2687.109 ; gain = 626.363 ; free physical = 24437 ; free virtual = 35664
INFO: [Project 1-571] Translating synthesized netlist
Netlist sorting complete. Time (s): cpu = 00:00:00.01 ; elapsed = 00:00:00.01 . Memory (MB): peak = 2687.109 ; gain = 0.000 ; free physical = 24548 ; free virtual = 35775
INFO: [Netlist 29-17] Analyzing 37 Unisim elements for replacement
INFO: [Netlist 29-28] Unisim Transformation completed in 0 CPU seconds
INFO: [Project 1-570] Preparing netlist for logic optimization
INFO: [Opt 31-138] Pushed 0 inverter(s) to 0 load pin(s).
Netlist sorting complete. Time (s): cpu = 00:00:00 ; elapsed = 00:00:00 . Memory (MB): peak = 2687.109 ; gain = 0.000 ; free physical = 24562 ; free virtual = 35789
INFO: [Project 1-111] Unisim Transformation Summary:
No Unisim elements were transformed.

Synth Design complete, checksum: e2b5a487
INFO: [Common 17-83] Releasing license: Synthesis
34 Infos, 5 Warnings, 0 Critical Warnings and 0 Errors encountered.
synth_design completed successfully
synth_design: Time (s): cpu = 00:00:37 ; elapsed = 00:00:36 . Memory (MB): peak = 2687.109 ; gain = 976.246 ; free physical = 24729 ; free virtual = 35956
INFO: [Common 17-1381] The checkpoint '/home/intern/Bendaou/stage_2025/Code VHDL/project/impl_results/FPMAC/250MHz/impl_FPMAC_250MHz.runs/synth_1/top_FPMAC_Test.dcp' has been generated.
INFO: [runtcl-4] Executing : report_utilization -file top_FPMAC_Test_utilization_synth.rpt -pb top_FPMAC_Test_utilization_synth.pb
INFO: [Common 17-206] Exiting Vivado at Mon Jul 21 10:11:14 2025...
