
*** Running vivado
    with args -log top_MAC_Test.vds -m64 -product Vivado -mode batch -messageDb vivado.pb -notrace -source top_MAC_Test.tcl


****** Vivado v2022.2 (64-bit)
  **** SW Build 3671981 on Fri Oct 14 04:59:54 MDT 2022
  **** IP Build 3669848 on Fri Oct 14 08:30:02 MDT 2022
    ** Copyright 1986-2022 Xilinx, Inc. All Rights Reserved.

source top_MAC_Test.tcl -notrace
Command: synth_design -top top_MAC_Test -part xc7a100tcsg324-1
Starting synth_design
Attempting to get a license for feature 'Synthesis' and/or device 'xc7a100t'
INFO: [Common 17-349] Got license for feature 'Synthesis' and/or device 'xc7a100t'
INFO: [Device 21-403] Loading part xc7a100tcsg324-1
INFO: [Synth 8-7079] Multithreading enabled for synth_design using a maximum of 4 processes.
INFO: [Synth 8-7078] Launching helper process for spawning children vivado processes
INFO: [Synth 8-7075] Helper process launched with PID 75331
INFO: [Synth 8-11241] undeclared symbol 'REGCCE', assumed default net type 'wire' [/tools/Xilinx/Vivado/2022.2/data/verilog/src/unimacro/BRAM_SINGLE_MACRO.v:2170]
---------------------------------------------------------------------------------
Starting RTL Elaboration : Time (s): cpu = 00:00:03 ; elapsed = 00:00:04 . Memory (MB): peak = 2431.547 ; gain = 370.801 ; free physical = 23653 ; free virtual = 35113
Synthesis current peak Physical Memory [PSS] (MB): peak = 1847.538; parent = 1642.925; children = 204.613
Synthesis current peak Virtual Memory [VSS] (MB): peak = 3459.895; parent = 2431.551; children = 1028.344
---------------------------------------------------------------------------------
INFO: [Synth 8-638] synthesizing module 'top_MAC_Test' [/home/intern/Bendaou/stage_2025/Code VHDL/project/vhdl_files/my_code/top_MAC_Test.vhd:50]
INFO: [Synth 8-3491] module 'top_Mult_Test' declared at '/home/intern/Bendaou/stage_2025/Code VHDL/project/vhdl_files/my_code/top_Mult_Test.vhd:36' bound to instance 'mult_inst' of component 'top_Mult_Test' [/home/intern/Bendaou/stage_2025/Code VHDL/project/vhdl_files/my_code/top_MAC_Test.vhd:147]
INFO: [Synth 8-638] synthesizing module 'top_Mult_Test' [/home/intern/Bendaou/stage_2025/Code VHDL/project/vhdl_files/my_code/top_Mult_Test.vhd:58]
INFO: [Synth 8-256] done synthesizing module 'top_Mult_Test' (0#1) [/home/intern/Bendaou/stage_2025/Code VHDL/project/vhdl_files/my_code/top_Mult_Test.vhd:58]
INFO: [Synth 8-3491] module 'top_Add_Test' declared at '/home/intern/Bendaou/stage_2025/Code VHDL/project/vhdl_files/my_code/top_Add_Test.vhd:30' bound to instance 'add_inst' of component 'top_Add_Test' [/home/intern/Bendaou/stage_2025/Code VHDL/project/vhdl_files/my_code/top_MAC_Test.vhd:158]
INFO: [Synth 8-638] synthesizing module 'top_Add_Test' [/home/intern/Bendaou/stage_2025/Code VHDL/project/vhdl_files/my_code/top_Add_Test.vhd:51]
INFO: [Synth 8-256] done synthesizing module 'top_Add_Test' (0#1) [/home/intern/Bendaou/stage_2025/Code VHDL/project/vhdl_files/my_code/top_Add_Test.vhd:51]
INFO: [Synth 8-256] done synthesizing module 'top_MAC_Test' (0#1) [/home/intern/Bendaou/stage_2025/Code VHDL/project/vhdl_files/my_code/top_MAC_Test.vhd:50]
WARNING: [Synth 8-6014] Unused sequential element mantissa_ext_reg was removed.  [/home/intern/Bendaou/stage_2025/Code VHDL/project/vhdl_files/my_code/top_Mult_Test.vhd:115]
WARNING: [Synth 8-6014] Unused sequential element round_reg was removed.  [/home/intern/Bendaou/stage_2025/Code VHDL/project/vhdl_files/my_code/top_Add_Test.vhd:104]
WARNING: [Synth 8-6014] Unused sequential element sticky_reg was removed.  [/home/intern/Bendaou/stage_2025/Code VHDL/project/vhdl_files/my_code/top_Add_Test.vhd:104]
---------------------------------------------------------------------------------
Finished RTL Elaboration : Time (s): cpu = 00:00:05 ; elapsed = 00:00:05 . Memory (MB): peak = 2503.516 ; gain = 442.770 ; free physical = 23577 ; free virtual = 35038
Synthesis current peak Physical Memory [PSS] (MB): peak = 1847.538; parent = 1642.925; children = 204.613
Synthesis current peak Virtual Memory [VSS] (MB): peak = 3531.863; parent = 2503.520; children = 1028.344
---------------------------------------------------------------------------------
---------------------------------------------------------------------------------
Start Handling Custom Attributes
---------------------------------------------------------------------------------
---------------------------------------------------------------------------------
Finished Handling Custom Attributes : Time (s): cpu = 00:00:05 ; elapsed = 00:00:05 . Memory (MB): peak = 2521.328 ; gain = 460.582 ; free physical = 23577 ; free virtual = 35038
Synthesis current peak Physical Memory [PSS] (MB): peak = 1847.538; parent = 1642.925; children = 204.613
Synthesis current peak Virtual Memory [VSS] (MB): peak = 3549.676; parent = 2521.332; children = 1028.344
---------------------------------------------------------------------------------
---------------------------------------------------------------------------------
Finished RTL Optimization Phase 1 : Time (s): cpu = 00:00:05 ; elapsed = 00:00:05 . Memory (MB): peak = 2521.328 ; gain = 460.582 ; free physical = 23577 ; free virtual = 35038
Synthesis current peak Physical Memory [PSS] (MB): peak = 1847.538; parent = 1642.925; children = 204.613
Synthesis current peak Virtual Memory [VSS] (MB): peak = 3549.676; parent = 2521.332; children = 1028.344
---------------------------------------------------------------------------------
Netlist sorting complete. Time (s): cpu = 00:00:00.01 ; elapsed = 00:00:00 . Memory (MB): peak = 2521.328 ; gain = 0.000 ; free physical = 23577 ; free virtual = 35038
INFO: [Project 1-570] Preparing netlist for logic optimization

Processing XDC Constraints
Initializing timing engine
Parsing XDC File [/home/intern/Bendaou/stage_2025/Code VHDL/project/impl_results/MAC/300MHz/temp_300MHz.xdc]
WARNING: [Vivado 12-2489] -period contains time 3.333333 which will be rounded to 3.333 to ensure it is an integer multiple of 1 picosecond [/home/intern/Bendaou/stage_2025/Code VHDL/project/impl_results/MAC/300MHz/temp_300MHz.xdc:3]
WARNING: [Vivado 12-2489] -waveform contains time 1.666667 which will be rounded to 1.667 to ensure it is an integer multiple of 1 picosecond [/home/intern/Bendaou/stage_2025/Code VHDL/project/impl_results/MAC/300MHz/temp_300MHz.xdc:3]
Finished Parsing XDC File [/home/intern/Bendaou/stage_2025/Code VHDL/project/impl_results/MAC/300MHz/temp_300MHz.xdc]
INFO: [Project 1-236] Implementation specific constraints were found while reading constraint file [/home/intern/Bendaou/stage_2025/Code VHDL/project/impl_results/MAC/300MHz/temp_300MHz.xdc]. These constraints will be ignored for synthesis but will be used in implementation. Impacted constraints are listed in the file [.Xil/top_MAC_Test_propImpl.xdc].
Resolution: To avoid this warning, move constraints listed in [.Xil/top_MAC_Test_propImpl.xdc] to another XDC file and exclude this new file from synthesis with the used_in_synthesis property (File Properties dialog in GUI) and re-run elaboration/synthesis.
Completed Processing XDC Constraints

Netlist sorting complete. Time (s): cpu = 00:00:00 ; elapsed = 00:00:00 . Memory (MB): peak = 2686.078 ; gain = 0.000 ; free physical = 23606 ; free virtual = 35068
INFO: [Project 1-111] Unisim Transformation Summary:
No Unisim elements were transformed.

Constraint Validation Runtime : Time (s): cpu = 00:00:00 ; elapsed = 00:00:00.01 . Memory (MB): peak = 2686.078 ; gain = 0.000 ; free physical = 23606 ; free virtual = 35068
INFO: [Synth 8-11241] undeclared symbol 'REGCCE', assumed default net type 'wire' [/tools/Xilinx/Vivado/2022.2/data/verilog/src/unimacro/BRAM_SINGLE_MACRO.v:2170]
---------------------------------------------------------------------------------
Finished Constraint Validation : Time (s): cpu = 00:00:11 ; elapsed = 00:00:12 . Memory (MB): peak = 2686.078 ; gain = 625.332 ; free physical = 23600 ; free virtual = 35062
Synthesis current peak Physical Memory [PSS] (MB): peak = 1847.538; parent = 1642.925; children = 204.613
Synthesis current peak Virtual Memory [VSS] (MB): peak = 3682.410; parent = 2654.066; children = 1028.344
---------------------------------------------------------------------------------
---------------------------------------------------------------------------------
Start Loading Part and Timing Information
---------------------------------------------------------------------------------
Loading part: xc7a100tcsg324-1
---------------------------------------------------------------------------------
Finished Loading Part and Timing Information : Time (s): cpu = 00:00:11 ; elapsed = 00:00:12 . Memory (MB): peak = 2686.078 ; gain = 625.332 ; free physical = 23600 ; free virtual = 35062
Synthesis current peak Physical Memory [PSS] (MB): peak = 1847.538; parent = 1642.925; children = 204.613
Synthesis current peak Virtual Memory [VSS] (MB): peak = 3682.410; parent = 2654.066; children = 1028.344
---------------------------------------------------------------------------------
---------------------------------------------------------------------------------
Start Applying 'set_property' XDC Constraints
---------------------------------------------------------------------------------
---------------------------------------------------------------------------------
Finished applying 'set_property' XDC Constraints : Time (s): cpu = 00:00:11 ; elapsed = 00:00:12 . Memory (MB): peak = 2686.078 ; gain = 625.332 ; free physical = 23600 ; free virtual = 35062
Synthesis current peak Physical Memory [PSS] (MB): peak = 1847.538; parent = 1642.925; children = 204.613
Synthesis current peak Virtual Memory [VSS] (MB): peak = 3682.410; parent = 2654.066; children = 1028.344
---------------------------------------------------------------------------------
INFO: [Synth 8-802] inferred FSM for state register 'state_reg' in module 'top_MAC_Test'
---------------------------------------------------------------------------------------------------
                   State |                     New Encoding |                Previous Encoding 
---------------------------------------------------------------------------------------------------
                    idle |                              000 |                              000
           multiply_wait |                              001 |                              010
               start_add |                              010 |                              011
                add_wait |                              011 |                              100
                    done |                              100 |                              101
---------------------------------------------------------------------------------------------------
INFO: [Synth 8-3354] encoded FSM with state register 'state_reg' using encoding 'sequential' in module 'top_MAC_Test'
---------------------------------------------------------------------------------
Finished RTL Optimization Phase 2 : Time (s): cpu = 00:00:12 ; elapsed = 00:00:12 . Memory (MB): peak = 2686.078 ; gain = 625.332 ; free physical = 23626 ; free virtual = 35088
Synthesis current peak Physical Memory [PSS] (MB): peak = 1847.538; parent = 1642.925; children = 204.613
Synthesis current peak Virtual Memory [VSS] (MB): peak = 3682.410; parent = 2654.066; children = 1028.344
---------------------------------------------------------------------------------
---------------------------------------------------------------------------------
Start RTL Component Statistics 
---------------------------------------------------------------------------------
Detailed RTL Component Info : 
+---Adders : 
	   2 Input   32 Bit       Adders := 2     
	   2 Input   11 Bit       Adders := 2     
	   3 Input    7 Bit       Adders := 1     
	   2 Input    5 Bit       Adders := 4     
	   3 Input    5 Bit       Adders := 3     
	   2 Input    4 Bit       Adders := 1     
+---XORs : 
	   2 Input      1 Bit         XORs := 1     
+---Registers : 
	               41 Bit    Registers := 2     
	               40 Bit    Registers := 2     
	               32 Bit    Registers := 1     
	               22 Bit    Registers := 1     
	               16 Bit    Registers := 6     
	               11 Bit    Registers := 6     
	               10 Bit    Registers := 3     
	                6 Bit    Registers := 1     
	                5 Bit    Registers := 9     
	                4 Bit    Registers := 1     
	                1 Bit    Registers := 29    
+---Muxes : 
	   2 Input   41 Bit        Muxes := 5     
	   2 Input   40 Bit        Muxes := 7     
	   5 Input   16 Bit        Muxes := 2     
	   2 Input   16 Bit        Muxes := 1     
	   2 Input   10 Bit        Muxes := 5     
	  34 Input    6 Bit        Muxes := 1     
	   2 Input    6 Bit        Muxes := 3     
	  41 Input    6 Bit        Muxes := 1     
	   2 Input    5 Bit        Muxes := 7     
	   5 Input    3 Bit        Muxes := 1     
	   2 Input    3 Bit        Muxes := 1     
	   2 Input    1 Bit        Muxes := 16    
	   5 Input    1 Bit        Muxes := 11    
---------------------------------------------------------------------------------
Finished RTL Component Statistics 
---------------------------------------------------------------------------------
---------------------------------------------------------------------------------
Start Part Resource Summary
---------------------------------------------------------------------------------
Part Resources:
DSPs: 240 (col length:80)
BRAMs: 270 (col length: RAMB18 80 RAMB36 40)
---------------------------------------------------------------------------------
Finished Part Resource Summary
---------------------------------------------------------------------------------
---------------------------------------------------------------------------------
Start Cross Boundary and Area Optimization
---------------------------------------------------------------------------------
WARNING: [Synth 8-7080] Parallel synthesis criteria is not met
DSP Report: Generating DSP mult_inst/mant_r0, operation Mode is: A*B.
DSP Report: operator mult_inst/mant_r0 is absorbed into DSP mult_inst/mant_r0.
---------------------------------------------------------------------------------
Finished Cross Boundary and Area Optimization : Time (s): cpu = 00:00:17 ; elapsed = 00:00:18 . Memory (MB): peak = 2686.078 ; gain = 625.332 ; free physical = 23649 ; free virtual = 35116
Synthesis current peak Physical Memory [PSS] (MB): peak = 1848.167; parent = 1643.616; children = 204.613
Synthesis current peak Virtual Memory [VSS] (MB): peak = 3682.410; parent = 2654.066; children = 1028.344
---------------------------------------------------------------------------------
---------------------------------------------------------------------------------
Start ROM, RAM, DSP, Shift Register and Retiming Reporting
---------------------------------------------------------------------------------

DSP: Preliminary Mapping Report (see note below. The ' indicates corresponding REG is set)
+--------------+-------------+--------+--------+--------+--------+--------+------+------+------+------+-------+------+------+
|Module Name   | DSP Mapping | A Size | B Size | C Size | D Size | P Size | AREG | BREG | CREG | DREG | ADREG | MREG | PREG | 
+--------------+-------------+--------+--------+--------+--------+--------+------+------+------+------+-------+------+------+
|top_Mult_Test | A*B         | 11     | 11     | -      | -      | 22     | 0    | 0    | -    | -    | -     | 0    | 0    | 
+--------------+-------------+--------+--------+--------+--------+--------+------+------+------+------+-------+------+------+

Note: The table above is a preliminary report that shows the DSPs inferred at the current stage of the synthesis flow. Some DSP may be reimplemented as non DSP primitives later in the synthesis flow. Multiple instantiated DSPs are reported only once.
---------------------------------------------------------------------------------
Finished ROM, RAM, DSP, Shift Register and Retiming Reporting
---------------------------------------------------------------------------------
---------------------------------------------------------------------------------
Start Applying XDC Timing Constraints
---------------------------------------------------------------------------------
---------------------------------------------------------------------------------
Finished Applying XDC Timing Constraints : Time (s): cpu = 00:00:23 ; elapsed = 00:00:24 . Memory (MB): peak = 2686.078 ; gain = 625.332 ; free physical = 23606 ; free virtual = 35073
Synthesis current peak Physical Memory [PSS] (MB): peak = 1991.046; parent = 1786.495; children = 204.613
Synthesis current peak Virtual Memory [VSS] (MB): peak = 3682.410; parent = 2654.066; children = 1028.344
---------------------------------------------------------------------------------
---------------------------------------------------------------------------------
Start Timing Optimization
---------------------------------------------------------------------------------
---------------------------------------------------------------------------------
Finished Timing Optimization : Time (s): cpu = 00:00:23 ; elapsed = 00:00:24 . Memory (MB): peak = 2686.078 ; gain = 625.332 ; free physical = 23606 ; free virtual = 35073
Synthesis current peak Physical Memory [PSS] (MB): peak = 1992.394; parent = 1787.843; children = 204.613
Synthesis current peak Virtual Memory [VSS] (MB): peak = 3682.410; parent = 2654.066; children = 1028.344
---------------------------------------------------------------------------------
---------------------------------------------------------------------------------
Start Technology Mapping
---------------------------------------------------------------------------------
---------------------------------------------------------------------------------
Finished Technology Mapping : Time (s): cpu = 00:00:23 ; elapsed = 00:00:25 . Memory (MB): peak = 2686.078 ; gain = 625.332 ; free physical = 23583 ; free virtual = 35050
Synthesis current peak Physical Memory [PSS] (MB): peak = 1999.132; parent = 1794.581; children = 204.613
Synthesis current peak Virtual Memory [VSS] (MB): peak = 3682.410; parent = 2654.066; children = 1028.344
---------------------------------------------------------------------------------
---------------------------------------------------------------------------------
Start IO Insertion
---------------------------------------------------------------------------------
---------------------------------------------------------------------------------
Start Flattening Before IO Insertion
---------------------------------------------------------------------------------
---------------------------------------------------------------------------------
Finished Flattening Before IO Insertion
---------------------------------------------------------------------------------
---------------------------------------------------------------------------------
Start Final Netlist Cleanup
---------------------------------------------------------------------------------
---------------------------------------------------------------------------------
Finished Final Netlist Cleanup
---------------------------------------------------------------------------------
---------------------------------------------------------------------------------
Finished IO Insertion : Time (s): cpu = 00:00:26 ; elapsed = 00:00:28 . Memory (MB): peak = 2686.078 ; gain = 625.332 ; free physical = 23600 ; free virtual = 35067
Synthesis current peak Physical Memory [PSS] (MB): peak = 1999.698; parent = 1795.147; children = 204.613
Synthesis current peak Virtual Memory [VSS] (MB): peak = 3682.410; parent = 2654.066; children = 1028.344
---------------------------------------------------------------------------------
---------------------------------------------------------------------------------
Start Renaming Generated Instances
---------------------------------------------------------------------------------
---------------------------------------------------------------------------------
Finished Renaming Generated Instances : Time (s): cpu = 00:00:26 ; elapsed = 00:00:28 . Memory (MB): peak = 2686.078 ; gain = 625.332 ; free physical = 23600 ; free virtual = 35067
Synthesis current peak Physical Memory [PSS] (MB): peak = 1999.698; parent = 1795.147; children = 204.613
Synthesis current peak Virtual Memory [VSS] (MB): peak = 3682.410; parent = 2654.066; children = 1028.344
---------------------------------------------------------------------------------
---------------------------------------------------------------------------------
Start Rebuilding User Hierarchy
---------------------------------------------------------------------------------
---------------------------------------------------------------------------------
Finished Rebuilding User Hierarchy : Time (s): cpu = 00:00:26 ; elapsed = 00:00:28 . Memory (MB): peak = 2686.078 ; gain = 625.332 ; free physical = 23600 ; free virtual = 35067
Synthesis current peak Physical Memory [PSS] (MB): peak = 1999.733; parent = 1795.183; children = 204.613
Synthesis current peak Virtual Memory [VSS] (MB): peak = 3682.410; parent = 2654.066; children = 1028.344
---------------------------------------------------------------------------------
---------------------------------------------------------------------------------
Start Renaming Generated Ports
---------------------------------------------------------------------------------
---------------------------------------------------------------------------------
Finished Renaming Generated Ports : Time (s): cpu = 00:00:26 ; elapsed = 00:00:28 . Memory (MB): peak = 2686.078 ; gain = 625.332 ; free physical = 23605 ; free virtual = 35072
Synthesis current peak Physical Memory [PSS] (MB): peak = 1999.812; parent = 1795.261; children = 204.613
Synthesis current peak Virtual Memory [VSS] (MB): peak = 3682.410; parent = 2654.066; children = 1028.344
---------------------------------------------------------------------------------
---------------------------------------------------------------------------------
Start Handling Custom Attributes
---------------------------------------------------------------------------------
---------------------------------------------------------------------------------
Finished Handling Custom Attributes : Time (s): cpu = 00:00:26 ; elapsed = 00:00:28 . Memory (MB): peak = 2686.078 ; gain = 625.332 ; free physical = 23605 ; free virtual = 35072
Synthesis current peak Physical Memory [PSS] (MB): peak = 1999.812; parent = 1795.261; children = 204.613
Synthesis current peak Virtual Memory [VSS] (MB): peak = 3682.410; parent = 2654.066; children = 1028.344
---------------------------------------------------------------------------------
---------------------------------------------------------------------------------
Start Renaming Generated Nets
---------------------------------------------------------------------------------
---------------------------------------------------------------------------------
Finished Renaming Generated Nets : Time (s): cpu = 00:00:26 ; elapsed = 00:00:28 . Memory (MB): peak = 2686.078 ; gain = 625.332 ; free physical = 23605 ; free virtual = 35072
Synthesis current peak Physical Memory [PSS] (MB): peak = 1999.827; parent = 1795.276; children = 204.613
Synthesis current peak Virtual Memory [VSS] (MB): peak = 3682.410; parent = 2654.066; children = 1028.344
---------------------------------------------------------------------------------
---------------------------------------------------------------------------------
Start Writing Synthesis Report
---------------------------------------------------------------------------------

DSP Final Report (the ' indicates corresponding REG is set)
+--------------+-------------+--------+--------+--------+--------+--------+------+------+------+------+-------+------+------+
|Module Name   | DSP Mapping | A Size | B Size | C Size | D Size | P Size | AREG | BREG | CREG | DREG | ADREG | MREG | PREG | 
+--------------+-------------+--------+--------+--------+--------+--------+------+------+------+------+-------+------+------+
|top_Mult_Test | (A*B)'      | 11     | 11     | -      | -      | 22     | 0    | 0    | -    | -    | -     | 0    | 1    | 
+--------------+-------------+--------+--------+--------+--------+--------+------+------+------+------+-------+------+------+


Report BlackBoxes: 
+-+--------------+----------+
| |BlackBox name |Instances |
+-+--------------+----------+
+-+--------------+----------+

Report Cell Usage: 
+------+--------+------+
|      |Cell    |Count |
+------+--------+------+
|1     |BUFG    |     1|
|2     |CARRY4  |    16|
|3     |DSP48E1 |     1|
|4     |LUT1    |     2|
|5     |LUT2    |    71|
|6     |LUT3    |    45|
|7     |LUT4    |   158|
|8     |LUT5    |   161|
|9     |LUT6    |   275|
|10    |FDCE    |   425|
|11    |FDRE    |    16|
|12    |IBUF    |     4|
|13    |OBUF    |    17|
+------+--------+------+
---------------------------------------------------------------------------------
Finished Writing Synthesis Report : Time (s): cpu = 00:00:26 ; elapsed = 00:00:28 . Memory (MB): peak = 2686.078 ; gain = 625.332 ; free physical = 23605 ; free virtual = 35072
Synthesis current peak Physical Memory [PSS] (MB): peak = 1999.905; parent = 1795.354; children = 204.613
Synthesis current peak Virtual Memory [VSS] (MB): peak = 3682.410; parent = 2654.066; children = 1028.344
---------------------------------------------------------------------------------
Synthesis finished with 0 errors, 0 critical warnings and 1 warnings.
Synthesis Optimization Runtime : Time (s): cpu = 00:00:25 ; elapsed = 00:00:26 . Memory (MB): peak = 2686.078 ; gain = 460.582 ; free physical = 23665 ; free virtual = 35132
Synthesis Optimization Complete : Time (s): cpu = 00:00:26 ; elapsed = 00:00:28 . Memory (MB): peak = 2686.078 ; gain = 625.332 ; free physical = 23665 ; free virtual = 35132
INFO: [Project 1-571] Translating synthesized netlist
Netlist sorting complete. Time (s): cpu = 00:00:03 ; elapsed = 00:00:00.01 . Memory (MB): peak = 2686.078 ; gain = 0.000 ; free physical = 23729 ; free virtual = 35196
INFO: [Netlist 29-17] Analyzing 17 Unisim elements for replacement
INFO: [Netlist 29-28] Unisim Transformation completed in 0 CPU seconds
INFO: [Project 1-570] Preparing netlist for logic optimization
INFO: [Opt 31-138] Pushed 0 inverter(s) to 0 load pin(s).
Netlist sorting complete. Time (s): cpu = 00:00:00 ; elapsed = 00:00:00 . Memory (MB): peak = 2686.078 ; gain = 0.000 ; free physical = 23694 ; free virtual = 35161
INFO: [Project 1-111] Unisim Transformation Summary:
No Unisim elements were transformed.

Synth Design complete, checksum: ef9b921c
INFO: [Common 17-83] Releasing license: Synthesis
27 Infos, 6 Warnings, 0 Critical Warnings and 0 Errors encountered.
synth_design completed successfully
synth_design: Time (s): cpu = 00:00:33 ; elapsed = 00:00:32 . Memory (MB): peak = 2686.078 ; gain = 975.215 ; free physical = 23855 ; free virtual = 35322
INFO: [Common 17-1381] The checkpoint '/home/intern/Bendaou/stage_2025/Code VHDL/project/impl_results/MAC/300MHz/impl_MAC_300MHz.runs/synth_1/top_MAC_Test.dcp' has been generated.
INFO: [runtcl-4] Executing : report_utilization -file top_MAC_Test_utilization_synth.rpt -pb top_MAC_Test_utilization_synth.pb
INFO: [Common 17-206] Exiting Vivado at Thu Jul 17 10:44:09 2025...
