
*** Running vivado
    with args -log top_FPMult_Test.vds -m64 -product Vivado -mode batch -messageDb vivado.pb -notrace -source top_FPMult_Test.tcl


****** Vivado v2022.2 (64-bit)
  **** SW Build 3671981 on Fri Oct 14 04:59:54 MDT 2022
  **** IP Build 3669848 on Fri Oct 14 08:30:02 MDT 2022
    ** Copyright 1986-2022 Xilinx, Inc. All Rights Reserved.

source top_FPMult_Test.tcl -notrace
Command: synth_design -top top_FPMult_Test -part xc7a100tcsg324-1
Starting synth_design
Attempting to get a license for feature 'Synthesis' and/or device 'xc7a100t'
INFO: [Common 17-349] Got license for feature 'Synthesis' and/or device 'xc7a100t'
INFO: [Device 21-403] Loading part xc7a100tcsg324-1
INFO: [Synth 8-7079] Multithreading enabled for synth_design using a maximum of 4 processes.
INFO: [Synth 8-7078] Launching helper process for spawning children vivado processes
INFO: [Synth 8-7075] Helper process launched with PID 64722
INFO: [Synth 8-11241] undeclared symbol 'REGCCE', assumed default net type 'wire' [/tools/Xilinx/Vivado/2022.2/data/verilog/src/unimacro/BRAM_SINGLE_MACRO.v:2170]
---------------------------------------------------------------------------------
Starting RTL Elaboration : Time (s): cpu = 00:00:04 ; elapsed = 00:00:04 . Memory (MB): peak = 2431.395 ; gain = 369.770 ; free physical = 23021 ; free virtual = 34353
Synthesis current peak Physical Memory [PSS] (MB): peak = 1847.634; parent = 1643.009; children = 204.625
Synthesis current peak Virtual Memory [VSS] (MB): peak = 3459.746; parent = 2431.398; children = 1028.348
---------------------------------------------------------------------------------
INFO: [Synth 8-638] synthesizing module 'top_FPMult_Test' [/home/intern/Bendaou/stage_2025/Code VHDL/project/vhdl_files/flopoco/top_FPMult_Test_450MHz.vhd:40]
INFO: [Synth 8-3491] module 'FPMult16' declared at '/home/intern/Bendaou/stage_2025/Code VHDL/project/vhdl_files/flopoco/top_FPMult_Test_450MHz.vhd:217' bound to instance 'uut' of component 'FPMult16' [/home/intern/Bendaou/stage_2025/Code VHDL/project/vhdl_files/flopoco/top_FPMult_Test_450MHz.vhd:60]
INFO: [Synth 8-638] synthesizing module 'FPMult16' [/home/intern/Bendaou/stage_2025/Code VHDL/project/vhdl_files/flopoco/top_FPMult_Test_450MHz.vhd:224]
INFO: [Synth 8-3491] module 'IntMultiplier_11x11_22_Freq450_uid5' declared at '/home/intern/Bendaou/stage_2025/Code VHDL/project/vhdl_files/flopoco/top_FPMult_Test_450MHz.vhd:116' bound to instance 'SignificandMultiplication' of component 'IntMultiplier_11x11_22_Freq450_uid5' [/home/intern/Bendaou/stage_2025/Code VHDL/project/vhdl_files/flopoco/top_FPMult_Test_450MHz.vhd:302]
INFO: [Synth 8-638] synthesizing module 'IntMultiplier_11x11_22_Freq450_uid5' [/home/intern/Bendaou/stage_2025/Code VHDL/project/vhdl_files/flopoco/top_FPMult_Test_450MHz.vhd:123]
INFO: [Synth 8-256] done synthesizing module 'IntMultiplier_11x11_22_Freq450_uid5' (0#1) [/home/intern/Bendaou/stage_2025/Code VHDL/project/vhdl_files/flopoco/top_FPMult_Test_450MHz.vhd:123]
INFO: [Synth 8-3491] module 'IntAdder_17_Freq450_uid9' declared at '/home/intern/Bendaou/stage_2025/Code VHDL/project/vhdl_files/flopoco/top_FPMult_Test_450MHz.vhd:166' bound to instance 'RoundingAdder' of component 'IntAdder_17_Freq450_uid9' [/home/intern/Bendaou/stage_2025/Code VHDL/project/vhdl_files/flopoco/top_FPMult_Test_450MHz.vhd:323]
INFO: [Synth 8-638] synthesizing module 'IntAdder_17_Freq450_uid9' [/home/intern/Bendaou/stage_2025/Code VHDL/project/vhdl_files/flopoco/top_FPMult_Test_450MHz.vhd:174]
INFO: [Synth 8-256] done synthesizing module 'IntAdder_17_Freq450_uid9' (0#1) [/home/intern/Bendaou/stage_2025/Code VHDL/project/vhdl_files/flopoco/top_FPMult_Test_450MHz.vhd:174]
INFO: [Synth 8-226] default block is never used [/home/intern/Bendaou/stage_2025/Code VHDL/project/vhdl_files/flopoco/top_FPMult_Test_450MHz.vhd:329]
INFO: [Synth 8-256] done synthesizing module 'FPMult16' (0#1) [/home/intern/Bendaou/stage_2025/Code VHDL/project/vhdl_files/flopoco/top_FPMult_Test_450MHz.vhd:224]
INFO: [Synth 8-256] done synthesizing module 'top_FPMult_Test' (0#1) [/home/intern/Bendaou/stage_2025/Code VHDL/project/vhdl_files/flopoco/top_FPMult_Test_450MHz.vhd:40]
WARNING: [Synth 8-7129] Port clk in module IntMultiplier_11x11_22_Freq450_uid5 is either unconnected or has no load
---------------------------------------------------------------------------------
Finished RTL Elaboration : Time (s): cpu = 00:00:05 ; elapsed = 00:00:05 . Memory (MB): peak = 2499.363 ; gain = 437.738 ; free physical = 22936 ; free virtual = 34268
Synthesis current peak Physical Memory [PSS] (MB): peak = 1847.634; parent = 1643.009; children = 204.625
Synthesis current peak Virtual Memory [VSS] (MB): peak = 3527.715; parent = 2499.367; children = 1028.348
---------------------------------------------------------------------------------
---------------------------------------------------------------------------------
Start Handling Custom Attributes
---------------------------------------------------------------------------------
---------------------------------------------------------------------------------
Finished Handling Custom Attributes : Time (s): cpu = 00:00:05 ; elapsed = 00:00:05 . Memory (MB): peak = 2517.176 ; gain = 455.551 ; free physical = 22959 ; free virtual = 34291
Synthesis current peak Physical Memory [PSS] (MB): peak = 1847.634; parent = 1643.009; children = 204.625
Synthesis current peak Virtual Memory [VSS] (MB): peak = 3545.527; parent = 2517.180; children = 1028.348
---------------------------------------------------------------------------------
---------------------------------------------------------------------------------
Finished RTL Optimization Phase 1 : Time (s): cpu = 00:00:05 ; elapsed = 00:00:05 . Memory (MB): peak = 2517.176 ; gain = 455.551 ; free physical = 22959 ; free virtual = 34291
Synthesis current peak Physical Memory [PSS] (MB): peak = 1847.634; parent = 1643.009; children = 204.625
Synthesis current peak Virtual Memory [VSS] (MB): peak = 3545.527; parent = 2517.180; children = 1028.348
---------------------------------------------------------------------------------
Netlist sorting complete. Time (s): cpu = 00:00:00 ; elapsed = 00:00:00 . Memory (MB): peak = 2517.176 ; gain = 0.000 ; free physical = 22959 ; free virtual = 34291
INFO: [Project 1-570] Preparing netlist for logic optimization

Processing XDC Constraints
Initializing timing engine
Parsing XDC File [/home/intern/Bendaou/stage_2025/Code VHDL/project/impl_results/FPMult/450MHz/temp_450MHz.xdc]
WARNING: [Vivado 12-2489] -period contains time 2.222222 which will be rounded to 2.222 to ensure it is an integer multiple of 1 picosecond [/home/intern/Bendaou/stage_2025/Code VHDL/project/impl_results/FPMult/450MHz/temp_450MHz.xdc:3]
WARNING: [Vivado 12-2489] -waveform contains time 1.111111 which will be rounded to 1.111 to ensure it is an integer multiple of 1 picosecond [/home/intern/Bendaou/stage_2025/Code VHDL/project/impl_results/FPMult/450MHz/temp_450MHz.xdc:3]
Finished Parsing XDC File [/home/intern/Bendaou/stage_2025/Code VHDL/project/impl_results/FPMult/450MHz/temp_450MHz.xdc]
INFO: [Project 1-236] Implementation specific constraints were found while reading constraint file [/home/intern/Bendaou/stage_2025/Code VHDL/project/impl_results/FPMult/450MHz/temp_450MHz.xdc]. These constraints will be ignored for synthesis but will be used in implementation. Impacted constraints are listed in the file [.Xil/top_FPMult_Test_propImpl.xdc].
Resolution: To avoid this warning, move constraints listed in [.Xil/top_FPMult_Test_propImpl.xdc] to another XDC file and exclude this new file from synthesis with the used_in_synthesis property (File Properties dialog in GUI) and re-run elaboration/synthesis.
Completed Processing XDC Constraints

Netlist sorting complete. Time (s): cpu = 00:00:00 ; elapsed = 00:00:00 . Memory (MB): peak = 2682.926 ; gain = 0.000 ; free physical = 22961 ; free virtual = 34293
INFO: [Project 1-111] Unisim Transformation Summary:
No Unisim elements were transformed.

Constraint Validation Runtime : Time (s): cpu = 00:00:00 ; elapsed = 00:00:00 . Memory (MB): peak = 2682.926 ; gain = 0.000 ; free physical = 22961 ; free virtual = 34293
INFO: [Synth 8-11241] undeclared symbol 'REGCCE', assumed default net type 'wire' [/tools/Xilinx/Vivado/2022.2/data/verilog/src/unimacro/BRAM_SINGLE_MACRO.v:2170]
---------------------------------------------------------------------------------
Finished Constraint Validation : Time (s): cpu = 00:00:11 ; elapsed = 00:00:12 . Memory (MB): peak = 2682.926 ; gain = 621.301 ; free physical = 23072 ; free virtual = 34404
Synthesis current peak Physical Memory [PSS] (MB): peak = 1847.634; parent = 1643.009; children = 204.625
Synthesis current peak Virtual Memory [VSS] (MB): peak = 3679.262; parent = 2650.914; children = 1028.348
---------------------------------------------------------------------------------
---------------------------------------------------------------------------------
Start Loading Part and Timing Information
---------------------------------------------------------------------------------
Loading part: xc7a100tcsg324-1
---------------------------------------------------------------------------------
Finished Loading Part and Timing Information : Time (s): cpu = 00:00:11 ; elapsed = 00:00:12 . Memory (MB): peak = 2682.926 ; gain = 621.301 ; free physical = 23072 ; free virtual = 34404
Synthesis current peak Physical Memory [PSS] (MB): peak = 1847.634; parent = 1643.009; children = 204.625
Synthesis current peak Virtual Memory [VSS] (MB): peak = 3679.262; parent = 2650.914; children = 1028.348
---------------------------------------------------------------------------------
---------------------------------------------------------------------------------
Start Applying 'set_property' XDC Constraints
---------------------------------------------------------------------------------
---------------------------------------------------------------------------------
Finished applying 'set_property' XDC Constraints : Time (s): cpu = 00:00:11 ; elapsed = 00:00:12 . Memory (MB): peak = 2682.926 ; gain = 621.301 ; free physical = 23072 ; free virtual = 34404
Synthesis current peak Physical Memory [PSS] (MB): peak = 1847.634; parent = 1643.009; children = 204.625
Synthesis current peak Virtual Memory [VSS] (MB): peak = 3679.262; parent = 2650.914; children = 1028.348
---------------------------------------------------------------------------------
---------------------------------------------------------------------------------
Finished RTL Optimization Phase 2 : Time (s): cpu = 00:00:11 ; elapsed = 00:00:12 . Memory (MB): peak = 2682.926 ; gain = 621.301 ; free physical = 23071 ; free virtual = 34405
Synthesis current peak Physical Memory [PSS] (MB): peak = 1847.634; parent = 1643.009; children = 204.625
Synthesis current peak Virtual Memory [VSS] (MB): peak = 3679.262; parent = 2650.914; children = 1028.348
---------------------------------------------------------------------------------
---------------------------------------------------------------------------------
Start RTL Component Statistics 
---------------------------------------------------------------------------------
Detailed RTL Component Info : 
+---Adders : 
	   3 Input   17 Bit       Adders := 1     
	   4 Input    7 Bit       Adders := 1     
	   2 Input    6 Bit       Adders := 1     
+---XORs : 
	   2 Input      1 Bit         XORs := 1     
+---Registers : 
	               22 Bit    Registers := 1     
	               18 Bit    Registers := 3     
	               17 Bit    Registers := 1     
	                7 Bit    Registers := 1     
	                6 Bit    Registers := 1     
	                2 Bit    Registers := 1     
	                1 Bit    Registers := 4     
+---Muxes : 
	   2 Input   22 Bit        Muxes := 1     
	   4 Input    2 Bit        Muxes := 2     
---------------------------------------------------------------------------------
Finished RTL Component Statistics 
---------------------------------------------------------------------------------
---------------------------------------------------------------------------------
Start Part Resource Summary
---------------------------------------------------------------------------------
Part Resources:
DSPs: 240 (col length:80)
BRAMs: 270 (col length: RAMB18 80 RAMB36 40)
---------------------------------------------------------------------------------
Finished Part Resource Summary
---------------------------------------------------------------------------------
---------------------------------------------------------------------------------
Start Cross Boundary and Area Optimization
---------------------------------------------------------------------------------
WARNING: [Synth 8-7080] Parallel synthesis criteria is not met
DSP Report: Generating DSP uut/SignificandMultiplication/RR, operation Mode is: A*B.
DSP Report: operator uut/SignificandMultiplication/RR is absorbed into DSP uut/SignificandMultiplication/RR.
---------------------------------------------------------------------------------
Finished Cross Boundary and Area Optimization : Time (s): cpu = 00:00:12 ; elapsed = 00:00:13 . Memory (MB): peak = 2682.926 ; gain = 621.301 ; free physical = 23084 ; free virtual = 34420
Synthesis current peak Physical Memory [PSS] (MB): peak = 1847.634; parent = 1643.009; children = 204.625
Synthesis current peak Virtual Memory [VSS] (MB): peak = 3679.262; parent = 2650.914; children = 1028.348
---------------------------------------------------------------------------------
---------------------------------------------------------------------------------
Start ROM, RAM, DSP, Shift Register and Retiming Reporting
---------------------------------------------------------------------------------

DSP: Preliminary Mapping Report (see note below. The ' indicates corresponding REG is set)
+------------------------------------+-------------+--------+--------+--------+--------+--------+------+------+------+------+-------+------+------+
|Module Name                         | DSP Mapping | A Size | B Size | C Size | D Size | P Size | AREG | BREG | CREG | DREG | ADREG | MREG | PREG | 
+------------------------------------+-------------+--------+--------+--------+--------+--------+------+------+------+------+-------+------+------+
|IntMultiplier_11x11_22_Freq450_uid5 | A*B         | 11     | 11     | -      | -      | 22     | 0    | 0    | -    | -    | -     | 0    | 0    | 
+------------------------------------+-------------+--------+--------+--------+--------+--------+------+------+------+------+-------+------+------+

Note: The table above is a preliminary report that shows the DSPs inferred at the current stage of the synthesis flow. Some DSP may be reimplemented as non DSP primitives later in the synthesis flow. Multiple instantiated DSPs are reported only once.
---------------------------------------------------------------------------------
Finished ROM, RAM, DSP, Shift Register and Retiming Reporting
---------------------------------------------------------------------------------
---------------------------------------------------------------------------------
Start Applying XDC Timing Constraints
---------------------------------------------------------------------------------
---------------------------------------------------------------------------------
Finished Applying XDC Timing Constraints : Time (s): cpu = 00:00:18 ; elapsed = 00:00:19 . Memory (MB): peak = 2682.926 ; gain = 621.301 ; free physical = 23038 ; free virtual = 34375
Synthesis current peak Physical Memory [PSS] (MB): peak = 1980.470; parent = 1775.907; children = 204.625
Synthesis current peak Virtual Memory [VSS] (MB): peak = 3679.262; parent = 2650.914; children = 1028.348
---------------------------------------------------------------------------------
---------------------------------------------------------------------------------
Start Timing Optimization
---------------------------------------------------------------------------------
---------------------------------------------------------------------------------
Finished Timing Optimization : Time (s): cpu = 00:00:18 ; elapsed = 00:00:19 . Memory (MB): peak = 2682.926 ; gain = 621.301 ; free physical = 23021 ; free virtual = 34357
Synthesis current peak Physical Memory [PSS] (MB): peak = 1982.192; parent = 1777.630; children = 204.625
Synthesis current peak Virtual Memory [VSS] (MB): peak = 3679.262; parent = 2650.914; children = 1028.348
---------------------------------------------------------------------------------
---------------------------------------------------------------------------------
Start Technology Mapping
---------------------------------------------------------------------------------
---------------------------------------------------------------------------------
Finished Technology Mapping : Time (s): cpu = 00:00:18 ; elapsed = 00:00:19 . Memory (MB): peak = 2682.926 ; gain = 621.301 ; free physical = 23024 ; free virtual = 34361
Synthesis current peak Physical Memory [PSS] (MB): peak = 1982.481; parent = 1777.919; children = 204.625
Synthesis current peak Virtual Memory [VSS] (MB): peak = 3679.262; parent = 2650.914; children = 1028.348
---------------------------------------------------------------------------------
---------------------------------------------------------------------------------
Start IO Insertion
---------------------------------------------------------------------------------
---------------------------------------------------------------------------------
Start Flattening Before IO Insertion
---------------------------------------------------------------------------------
---------------------------------------------------------------------------------
Finished Flattening Before IO Insertion
---------------------------------------------------------------------------------
---------------------------------------------------------------------------------
Start Final Netlist Cleanup
---------------------------------------------------------------------------------
---------------------------------------------------------------------------------
Finished Final Netlist Cleanup
---------------------------------------------------------------------------------
---------------------------------------------------------------------------------
Finished IO Insertion : Time (s): cpu = 00:00:21 ; elapsed = 00:00:23 . Memory (MB): peak = 2682.926 ; gain = 621.301 ; free physical = 23021 ; free virtual = 34358
Synthesis current peak Physical Memory [PSS] (MB): peak = 1982.657; parent = 1778.095; children = 204.625
Synthesis current peak Virtual Memory [VSS] (MB): peak = 3679.262; parent = 2650.914; children = 1028.348
---------------------------------------------------------------------------------
---------------------------------------------------------------------------------
Start Renaming Generated Instances
---------------------------------------------------------------------------------
---------------------------------------------------------------------------------
Finished Renaming Generated Instances : Time (s): cpu = 00:00:21 ; elapsed = 00:00:23 . Memory (MB): peak = 2682.926 ; gain = 621.301 ; free physical = 23021 ; free virtual = 34358
Synthesis current peak Physical Memory [PSS] (MB): peak = 1982.657; parent = 1778.095; children = 204.625
Synthesis current peak Virtual Memory [VSS] (MB): peak = 3679.262; parent = 2650.914; children = 1028.348
---------------------------------------------------------------------------------
---------------------------------------------------------------------------------
Start Rebuilding User Hierarchy
---------------------------------------------------------------------------------
---------------------------------------------------------------------------------
Finished Rebuilding User Hierarchy : Time (s): cpu = 00:00:21 ; elapsed = 00:00:23 . Memory (MB): peak = 2682.926 ; gain = 621.301 ; free physical = 23021 ; free virtual = 34358
Synthesis current peak Physical Memory [PSS] (MB): peak = 1982.673; parent = 1778.110; children = 204.625
Synthesis current peak Virtual Memory [VSS] (MB): peak = 3679.262; parent = 2650.914; children = 1028.348
---------------------------------------------------------------------------------
---------------------------------------------------------------------------------
Start Renaming Generated Ports
---------------------------------------------------------------------------------
---------------------------------------------------------------------------------
Finished Renaming Generated Ports : Time (s): cpu = 00:00:21 ; elapsed = 00:00:23 . Memory (MB): peak = 2682.926 ; gain = 621.301 ; free physical = 23021 ; free virtual = 34358
Synthesis current peak Physical Memory [PSS] (MB): peak = 1982.751; parent = 1778.188; children = 204.625
Synthesis current peak Virtual Memory [VSS] (MB): peak = 3679.262; parent = 2650.914; children = 1028.348
---------------------------------------------------------------------------------
---------------------------------------------------------------------------------
Start Handling Custom Attributes
---------------------------------------------------------------------------------
---------------------------------------------------------------------------------
Finished Handling Custom Attributes : Time (s): cpu = 00:00:21 ; elapsed = 00:00:23 . Memory (MB): peak = 2682.926 ; gain = 621.301 ; free physical = 23021 ; free virtual = 34358
Synthesis current peak Physical Memory [PSS] (MB): peak = 1982.751; parent = 1778.188; children = 204.625
Synthesis current peak Virtual Memory [VSS] (MB): peak = 3679.262; parent = 2650.914; children = 1028.348
---------------------------------------------------------------------------------
---------------------------------------------------------------------------------
Start Renaming Generated Nets
---------------------------------------------------------------------------------
---------------------------------------------------------------------------------
Finished Renaming Generated Nets : Time (s): cpu = 00:00:21 ; elapsed = 00:00:23 . Memory (MB): peak = 2682.926 ; gain = 621.301 ; free physical = 23017 ; free virtual = 34354
Synthesis current peak Physical Memory [PSS] (MB): peak = 1982.767; parent = 1778.204; children = 204.625
Synthesis current peak Virtual Memory [VSS] (MB): peak = 3679.262; parent = 2650.914; children = 1028.348
---------------------------------------------------------------------------------
---------------------------------------------------------------------------------
Start Writing Synthesis Report
---------------------------------------------------------------------------------

DSP Final Report (the ' indicates corresponding REG is set)
+------------------------------------+-------------+--------+--------+--------+--------+--------+------+------+------+------+-------+------+------+
|Module Name                         | DSP Mapping | A Size | B Size | C Size | D Size | P Size | AREG | BREG | CREG | DREG | ADREG | MREG | PREG | 
+------------------------------------+-------------+--------+--------+--------+--------+--------+------+------+------+------+-------+------+------+
|IntMultiplier_11x11_22_Freq450_uid5 | A*B         | 11     | 11     | -      | -      | 22     | 0    | 0    | -    | -    | -     | 0    | 0    | 
+------------------------------------+-------------+--------+--------+--------+--------+--------+------+------+------+------+-------+------+------+


Report BlackBoxes: 
+-+--------------+----------+
| |BlackBox name |Instances |
+-+--------------+----------+
+-+--------------+----------+

Report Cell Usage: 
+------+--------+------+
|      |Cell    |Count |
+------+--------+------+
|1     |BUFG    |     1|
|2     |CARRY4  |     5|
|3     |DSP48E1 |     1|
|4     |LUT2    |     2|
|5     |LUT3    |    10|
|6     |LUT4    |     2|
|7     |LUT6    |     2|
|8     |FDCE    |    16|
|9     |FDRE    |    13|
|10    |IBUF    |     3|
|11    |OBUF    |    17|
+------+--------+------+
---------------------------------------------------------------------------------
Finished Writing Synthesis Report : Time (s): cpu = 00:00:21 ; elapsed = 00:00:23 . Memory (MB): peak = 2682.926 ; gain = 621.301 ; free physical = 23017 ; free virtual = 34354
Synthesis current peak Physical Memory [PSS] (MB): peak = 1982.845; parent = 1778.282; children = 204.625
Synthesis current peak Virtual Memory [VSS] (MB): peak = 3679.262; parent = 2650.914; children = 1028.348
---------------------------------------------------------------------------------
Synthesis finished with 0 errors, 0 critical warnings and 1 warnings.
Synthesis Optimization Runtime : Time (s): cpu = 00:00:20 ; elapsed = 00:00:21 . Memory (MB): peak = 2682.926 ; gain = 455.551 ; free physical = 23027 ; free virtual = 34364
Synthesis Optimization Complete : Time (s): cpu = 00:00:21 ; elapsed = 00:00:23 . Memory (MB): peak = 2682.926 ; gain = 621.301 ; free physical = 23027 ; free virtual = 34364
INFO: [Project 1-571] Translating synthesized netlist
Netlist sorting complete. Time (s): cpu = 00:00:00 ; elapsed = 00:00:00 . Memory (MB): peak = 2682.926 ; gain = 0.000 ; free physical = 23027 ; free virtual = 34364
INFO: [Netlist 29-17] Analyzing 6 Unisim elements for replacement
INFO: [Netlist 29-28] Unisim Transformation completed in 3 CPU seconds
INFO: [Project 1-570] Preparing netlist for logic optimization
INFO: [Opt 31-138] Pushed 0 inverter(s) to 0 load pin(s).
Netlist sorting complete. Time (s): cpu = 00:00:00 ; elapsed = 00:00:00 . Memory (MB): peak = 2682.926 ; gain = 0.000 ; free physical = 23125 ; free virtual = 34462
INFO: [Project 1-111] Unisim Transformation Summary:
No Unisim elements were transformed.

Synth Design complete, checksum: a99e8821
INFO: [Common 17-83] Releasing license: Synthesis
29 Infos, 4 Warnings, 0 Critical Warnings and 0 Errors encountered.
synth_design completed successfully
synth_design: Time (s): cpu = 00:00:28 ; elapsed = 00:00:27 . Memory (MB): peak = 2682.926 ; gain = 971.184 ; free physical = 23282 ; free virtual = 34619
INFO: [Common 17-1381] The checkpoint '/home/intern/Bendaou/stage_2025/Code VHDL/project/impl_results/FPMult/450MHz/impl_FPMult_450MHz.runs/synth_1/top_FPMult_Test.dcp' has been generated.
INFO: [runtcl-4] Executing : report_utilization -file top_FPMult_Test_utilization_synth.rpt -pb top_FPMult_Test_utilization_synth.pb
INFO: [Common 17-206] Exiting Vivado at Fri Jul 18 12:09:35 2025...
