
*** Running vivado
    with args -log design_1_wrapper.vds -m64 -product Vivado -mode batch -messageDb vivado.pb -notrace -source design_1_wrapper.tcl


****** Vivado v2025.1 (64-bit)
  **** SW Build 6140274 on Wed May 21 22:58:25 MDT 2025
  **** IP Build 6138677 on Thu May 22 03:10:11 MDT 2025
  **** SharedData Build 6139179 on Tue May 20 17:58:58 MDT 2025
  **** Start of session at: Wed Sep 17 16:37:40 2025
    ** Copyright 1986-2022 Xilinx, Inc. All Rights Reserved.
    ** Copyright 2022-2025 Advanced Micro Devices, Inc. All Rights Reserved.

source design_1_wrapper.tcl -notrace
INFO: [IP_Flow 19-234] Refreshing IP repositories
WARNING: [IP_Flow 19-2248] Failed to load user IP repository '/home/repo'; Can't find the specified path.
If this directory should no longer be in your list of user repositories, go to the IP Settings dialog and remove it.
INFO: [IP_Flow 19-2313] Loaded Vivado IP repository '/tools/Xilinx/2025.1/Vivado/data/ip'.
INFO: [Project 1-5698] Found the below utility IPs instantiated in block design /home/intern/Downloads/Nexys-A7-100T-DMA-Audio-2018.2-1/vivado_proj_debug/Nexys-A7-100T-DMA-Audio.srcs/sources_1/bd/design_1/design_1.bd which have equivalent inline hdl with improved performance and reduced diskspace.
It is recommended to migrate these utility IPs to inline hdl  using the command upgrade_project -migrate_to_inline_hdl.  The utility IPs may be deprecated in future releases.
More information on inline hdl is available in UG994.
Utility IP Component Instances:
 design_1_microblaze_0_xlconcat_0
design_1_xlslice_0_0
design_1_xlslice_1_0
Command: read_checkpoint -auto_incremental -incremental /home/intern/Downloads/Nexys-A7-100T-DMA-Audio-2018.2-1/vivado_proj_debug/Nexys-A7-100T-DMA-Audio.srcs/utils_1/imports/synth_1/design_1_wrapper.dcp
INFO: [Vivado 12-5825] Read reference checkpoint from /home/intern/Downloads/Nexys-A7-100T-DMA-Audio-2018.2-1/vivado_proj_debug/Nexys-A7-100T-DMA-Audio.srcs/utils_1/imports/synth_1/design_1_wrapper.dcp for incremental synthesis
INFO: [Vivado 12-7989] Please ensure there are no constraint changes
Command: synth_design -top design_1_wrapper -part xc7a100tcsg324-1 -flatten_hierarchy none -directive RuntimeOptimized -fsm_extraction off
Starting synth_design
Attempting to get a license for feature 'Synthesis' and/or device 'xc7a100t'
INFO: [Common 17-349] Got license for feature 'Synthesis' and/or device 'xc7a100t'
INFO: [Device 21-403] Loading part xc7a100tcsg324-1
INFO: [Designutils 20-5440] No compile time benefit to using incremental synthesis; A full resynthesis will be run
INFO: [Designutils 20-4379] Flow is switching to default flow due to incremental criteria not met. If you would like to alter this behaviour and have the flow terminate instead, please set the following parameter config_implementation {autoIncr.Synth.RejectBehavior Terminate}
INFO: [Synth 8-7079] Multithreading enabled for synth_design using a maximum of 7 processes.
INFO: [Synth 8-7078] Launching helper process for spawning children vivado processes
INFO: [Synth 8-7075] Helper process launched with PID 1167530
---------------------------------------------------------------------------------
Starting RTL Elaboration : Time (s): cpu = 00:00:05 ; elapsed = 00:00:05 . Memory (MB): peak = 2254.609 ; gain = 365.914 ; free physical = 5356 ; free virtual = 23020
---------------------------------------------------------------------------------
INFO: [Synth 8-6157] synthesizing module 'design_1_wrapper' [/home/intern/Downloads/Nexys-A7-100T-DMA-Audio-2018.2-1/vivado_proj_debug/Nexys-A7-100T-DMA-Audio.srcs/sources_1/bd/design_1/hdl/design_1_wrapper.v:13]
INFO: [Synth 8-6157] synthesizing module 'design_1' [/home/intern/Downloads/Nexys-A7-100T-DMA-Audio-2018.2-1/vivado_proj_debug/Nexys-A7-100T-DMA-Audio.srcs/sources_1/bd/design_1/synth/design_1.v:13]
INFO: [Synth 8-6157] synthesizing module 'design_1_GPIO_IN_0' [/home/intern/Downloads/Nexys-A7-100T-DMA-Audio-2018.2-1/vivado_proj_debug/Nexys-A7-100T-DMA-Audio.runs/synth_1/.Xil/Vivado-1167334-OASIS2/realtime/design_1_GPIO_IN_0_stub.v:6]
INFO: [Synth 8-6155] done synthesizing module 'design_1_GPIO_IN_0' (0#1) [/home/intern/Downloads/Nexys-A7-100T-DMA-Audio-2018.2-1/vivado_proj_debug/Nexys-A7-100T-DMA-Audio.runs/synth_1/.Xil/Vivado-1167334-OASIS2/realtime/design_1_GPIO_IN_0_stub.v:6]
WARNING: [Synth 8-7071] port 'gpio_io_i' of module 'design_1_GPIO_IN_0' is unconnected for instance 'GPIO_IN' [/home/intern/Downloads/Nexys-A7-100T-DMA-Audio-2018.2-1/vivado_proj_debug/Nexys-A7-100T-DMA-Audio.srcs/sources_1/bd/design_1/synth/design_1.v:342]
WARNING: [Synth 8-7071] port 'gpio2_io_i' of module 'design_1_GPIO_IN_0' is unconnected for instance 'GPIO_IN' [/home/intern/Downloads/Nexys-A7-100T-DMA-Audio-2018.2-1/vivado_proj_debug/Nexys-A7-100T-DMA-Audio.srcs/sources_1/bd/design_1/synth/design_1.v:342]
WARNING: [Synth 8-7023] instance 'GPIO_IN' of module 'design_1_GPIO_IN_0' has 22 connections declared, but only 20 given [/home/intern/Downloads/Nexys-A7-100T-DMA-Audio-2018.2-1/vivado_proj_debug/Nexys-A7-100T-DMA-Audio.srcs/sources_1/bd/design_1/synth/design_1.v:342]
INFO: [Synth 8-6157] synthesizing module 'design_1_axi_gpio_0_0' [/home/intern/Downloads/Nexys-A7-100T-DMA-Audio-2018.2-1/vivado_proj_debug/Nexys-A7-100T-DMA-Audio.runs/synth_1/.Xil/Vivado-1167334-OASIS2/realtime/design_1_axi_gpio_0_0_stub.v:6]
INFO: [Synth 8-6155] done synthesizing module 'design_1_axi_gpio_0_0' (0#1) [/home/intern/Downloads/Nexys-A7-100T-DMA-Audio-2018.2-1/vivado_proj_debug/Nexys-A7-100T-DMA-Audio.runs/synth_1/.Xil/Vivado-1167334-OASIS2/realtime/design_1_axi_gpio_0_0_stub.v:6]
INFO: [Synth 8-6157] synthesizing module 'design_1_axi_gpio_0_1' [/home/intern/Downloads/Nexys-A7-100T-DMA-Audio-2018.2-1/vivado_proj_debug/Nexys-A7-100T-DMA-Audio.runs/synth_1/.Xil/Vivado-1167334-OASIS2/realtime/design_1_axi_gpio_0_1_stub.v:6]
INFO: [Synth 8-6155] done synthesizing module 'design_1_axi_gpio_0_1' (0#1) [/home/intern/Downloads/Nexys-A7-100T-DMA-Audio-2018.2-1/vivado_proj_debug/Nexys-A7-100T-DMA-Audio.runs/synth_1/.Xil/Vivado-1167334-OASIS2/realtime/design_1_axi_gpio_0_1_stub.v:6]
INFO: [Synth 8-6157] synthesizing module 'design_1_axi_gpio_0_2' [/home/intern/Downloads/Nexys-A7-100T-DMA-Audio-2018.2-1/vivado_proj_debug/Nexys-A7-100T-DMA-Audio.runs/synth_1/.Xil/Vivado-1167334-OASIS2/realtime/design_1_axi_gpio_0_2_stub.v:6]
INFO: [Synth 8-6155] done synthesizing module 'design_1_axi_gpio_0_2' (0#1) [/home/intern/Downloads/Nexys-A7-100T-DMA-Audio-2018.2-1/vivado_proj_debug/Nexys-A7-100T-DMA-Audio.runs/synth_1/.Xil/Vivado-1167334-OASIS2/realtime/design_1_axi_gpio_0_2_stub.v:6]
INFO: [Synth 8-6157] synthesizing module 'design_1_axi_interconnect_0_0' [/home/intern/Downloads/Nexys-A7-100T-DMA-Audio-2018.2-1/vivado_proj_debug/Nexys-A7-100T-DMA-Audio.srcs/sources_1/bd/design_1/synth/design_1.v:958]
INFO: [Synth 8-6157] synthesizing module 'm00_couplers_imp_1CA5Z32' [/home/intern/Downloads/Nexys-A7-100T-DMA-Audio-2018.2-1/vivado_proj_debug/Nexys-A7-100T-DMA-Audio.srcs/sources_1/bd/design_1/synth/design_1.v:2557]
INFO: [Synth 8-6155] done synthesizing module 'm00_couplers_imp_1CA5Z32' (0#1) [/home/intern/Downloads/Nexys-A7-100T-DMA-Audio-2018.2-1/vivado_proj_debug/Nexys-A7-100T-DMA-Audio.srcs/sources_1/bd/design_1/synth/design_1.v:2557]
INFO: [Synth 8-6157] synthesizing module 's00_couplers_imp_O7FAN0' [/home/intern/Downloads/Nexys-A7-100T-DMA-Audio-2018.2-1/vivado_proj_debug/Nexys-A7-100T-DMA-Audio.srcs/sources_1/bd/design_1/synth/design_1.v:3937]
INFO: [Synth 8-6157] synthesizing module 'design_1_axi_interconnect_0_imp_auto_us_0' [/home/intern/Downloads/Nexys-A7-100T-DMA-Audio-2018.2-1/vivado_proj_debug/Nexys-A7-100T-DMA-Audio.runs/synth_1/.Xil/Vivado-1167334-OASIS2/realtime/design_1_axi_interconnect_0_imp_auto_us_0_stub.v:6]
INFO: [Synth 8-6155] done synthesizing module 'design_1_axi_interconnect_0_imp_auto_us_0' (0#1) [/home/intern/Downloads/Nexys-A7-100T-DMA-Audio-2018.2-1/vivado_proj_debug/Nexys-A7-100T-DMA-Audio.runs/synth_1/.Xil/Vivado-1167334-OASIS2/realtime/design_1_axi_interconnect_0_imp_auto_us_0_stub.v:6]
WARNING: [Synth 8-7071] port 'm_axi_awregion' of module 'design_1_axi_interconnect_0_imp_auto_us_0' is unconnected for instance 'auto_us' [/home/intern/Downloads/Nexys-A7-100T-DMA-Audio-2018.2-1/vivado_proj_debug/Nexys-A7-100T-DMA-Audio.srcs/sources_1/bd/design_1/synth/design_1.v:4148]
WARNING: [Synth 8-7071] port 'm_axi_arregion' of module 'design_1_axi_interconnect_0_imp_auto_us_0' is unconnected for instance 'auto_us' [/home/intern/Downloads/Nexys-A7-100T-DMA-Audio-2018.2-1/vivado_proj_debug/Nexys-A7-100T-DMA-Audio.srcs/sources_1/bd/design_1/synth/design_1.v:4148]
WARNING: [Synth 8-7023] instance 'auto_us' of module 'design_1_axi_interconnect_0_imp_auto_us_0' has 72 connections declared, but only 70 given [/home/intern/Downloads/Nexys-A7-100T-DMA-Audio-2018.2-1/vivado_proj_debug/Nexys-A7-100T-DMA-Audio.srcs/sources_1/bd/design_1/synth/design_1.v:4148]
INFO: [Synth 8-6155] done synthesizing module 's00_couplers_imp_O7FAN0' (0#1) [/home/intern/Downloads/Nexys-A7-100T-DMA-Audio-2018.2-1/vivado_proj_debug/Nexys-A7-100T-DMA-Audio.srcs/sources_1/bd/design_1/synth/design_1.v:3937]
INFO: [Synth 8-6157] synthesizing module 's01_couplers_imp_1F69D31' [/home/intern/Downloads/Nexys-A7-100T-DMA-Audio-2018.2-1/vivado_proj_debug/Nexys-A7-100T-DMA-Audio.srcs/sources_1/bd/design_1/synth/design_1.v:4221]
INFO: [Synth 8-6157] synthesizing module 'design_1_axi_interconnect_0_imp_auto_us_1' [/home/intern/Downloads/Nexys-A7-100T-DMA-Audio-2018.2-1/vivado_proj_debug/Nexys-A7-100T-DMA-Audio.runs/synth_1/.Xil/Vivado-1167334-OASIS2/realtime/design_1_axi_interconnect_0_imp_auto_us_1_stub.v:6]
INFO: [Synth 8-6155] done synthesizing module 'design_1_axi_interconnect_0_imp_auto_us_1' (0#1) [/home/intern/Downloads/Nexys-A7-100T-DMA-Audio-2018.2-1/vivado_proj_debug/Nexys-A7-100T-DMA-Audio.runs/synth_1/.Xil/Vivado-1167334-OASIS2/realtime/design_1_axi_interconnect_0_imp_auto_us_1_stub.v:6]
WARNING: [Synth 8-7071] port 'm_axi_arregion' of module 'design_1_axi_interconnect_0_imp_auto_us_1' is unconnected for instance 'auto_us' [/home/intern/Downloads/Nexys-A7-100T-DMA-Audio-2018.2-1/vivado_proj_debug/Nexys-A7-100T-DMA-Audio.srcs/sources_1/bd/design_1/synth/design_1.v:4324]
WARNING: [Synth 8-7023] instance 'auto_us' of module 'design_1_axi_interconnect_0_imp_auto_us_1' has 34 connections declared, but only 33 given [/home/intern/Downloads/Nexys-A7-100T-DMA-Audio-2018.2-1/vivado_proj_debug/Nexys-A7-100T-DMA-Audio.srcs/sources_1/bd/design_1/synth/design_1.v:4324]
INFO: [Synth 8-6155] done synthesizing module 's01_couplers_imp_1F69D31' (0#1) [/home/intern/Downloads/Nexys-A7-100T-DMA-Audio-2018.2-1/vivado_proj_debug/Nexys-A7-100T-DMA-Audio.srcs/sources_1/bd/design_1/synth/design_1.v:4221]
INFO: [Synth 8-6157] synthesizing module 'design_1_axi_interconnect_0_upgraded_ipi_imp_xbar_0' [/home/intern/Downloads/Nexys-A7-100T-DMA-Audio-2018.2-1/vivado_proj_debug/Nexys-A7-100T-DMA-Audio.runs/synth_1/.Xil/Vivado-1167334-OASIS2/realtime/design_1_axi_interconnect_0_upgraded_ipi_imp_xbar_0_stub.v:6]
INFO: [Synth 8-6155] done synthesizing module 'design_1_axi_interconnect_0_upgraded_ipi_imp_xbar_0' (0#1) [/home/intern/Downloads/Nexys-A7-100T-DMA-Audio-2018.2-1/vivado_proj_debug/Nexys-A7-100T-DMA-Audio.runs/synth_1/.Xil/Vivado-1167334-OASIS2/realtime/design_1_axi_interconnect_0_upgraded_ipi_imp_xbar_0_stub.v:6]
WARNING: [Synth 8-689] width (1) of port connection 's_axi_awready' does not match port width (2) of module 'design_1_axi_interconnect_0_upgraded_ipi_imp_xbar_0' [/home/intern/Downloads/Nexys-A7-100T-DMA-Audio-2018.2-1/vivado_proj_debug/Nexys-A7-100T-DMA-Audio.srcs/sources_1/bd/design_1/synth/design_1.v:1569]
WARNING: [Synth 8-689] width (2) of port connection 's_axi_bresp' does not match port width (4) of module 'design_1_axi_interconnect_0_upgraded_ipi_imp_xbar_0' [/home/intern/Downloads/Nexys-A7-100T-DMA-Audio-2018.2-1/vivado_proj_debug/Nexys-A7-100T-DMA-Audio.srcs/sources_1/bd/design_1/synth/design_1.v:1573]
WARNING: [Synth 8-689] width (1) of port connection 's_axi_bvalid' does not match port width (2) of module 'design_1_axi_interconnect_0_upgraded_ipi_imp_xbar_0' [/home/intern/Downloads/Nexys-A7-100T-DMA-Audio-2018.2-1/vivado_proj_debug/Nexys-A7-100T-DMA-Audio.srcs/sources_1/bd/design_1/synth/design_1.v:1574]
WARNING: [Synth 8-689] width (1) of port connection 's_axi_wready' does not match port width (2) of module 'design_1_axi_interconnect_0_upgraded_ipi_imp_xbar_0' [/home/intern/Downloads/Nexys-A7-100T-DMA-Audio-2018.2-1/vivado_proj_debug/Nexys-A7-100T-DMA-Audio.srcs/sources_1/bd/design_1/synth/design_1.v:1582]
WARNING: [Synth 8-7071] port 's_axi_bid' of module 'design_1_axi_interconnect_0_upgraded_ipi_imp_xbar_0' is unconnected for instance 'xbar' [/home/intern/Downloads/Nexys-A7-100T-DMA-Audio-2018.2-1/vivado_proj_debug/Nexys-A7-100T-DMA-Audio.srcs/sources_1/bd/design_1/synth/design_1.v:1510]
WARNING: [Synth 8-7071] port 's_axi_rid' of module 'design_1_axi_interconnect_0_upgraded_ipi_imp_xbar_0' is unconnected for instance 'xbar' [/home/intern/Downloads/Nexys-A7-100T-DMA-Audio-2018.2-1/vivado_proj_debug/Nexys-A7-100T-DMA-Audio.srcs/sources_1/bd/design_1/synth/design_1.v:1510]
WARNING: [Synth 8-7071] port 'm_axi_awregion' of module 'design_1_axi_interconnect_0_upgraded_ipi_imp_xbar_0' is unconnected for instance 'xbar' [/home/intern/Downloads/Nexys-A7-100T-DMA-Audio-2018.2-1/vivado_proj_debug/Nexys-A7-100T-DMA-Audio.srcs/sources_1/bd/design_1/synth/design_1.v:1510]
WARNING: [Synth 8-7071] port 'm_axi_arregion' of module 'design_1_axi_interconnect_0_upgraded_ipi_imp_xbar_0' is unconnected for instance 'xbar' [/home/intern/Downloads/Nexys-A7-100T-DMA-Audio-2018.2-1/vivado_proj_debug/Nexys-A7-100T-DMA-Audio.srcs/sources_1/bd/design_1/synth/design_1.v:1510]
WARNING: [Synth 8-7023] instance 'xbar' of module 'design_1_axi_interconnect_0_upgraded_ipi_imp_xbar_0' has 78 connections declared, but only 74 given [/home/intern/Downloads/Nexys-A7-100T-DMA-Audio-2018.2-1/vivado_proj_debug/Nexys-A7-100T-DMA-Audio.srcs/sources_1/bd/design_1/synth/design_1.v:1510]
INFO: [Synth 8-6155] done synthesizing module 'design_1_axi_interconnect_0_0' (0#1) [/home/intern/Downloads/Nexys-A7-100T-DMA-Audio-2018.2-1/vivado_proj_debug/Nexys-A7-100T-DMA-Audio.srcs/sources_1/bd/design_1/synth/design_1.v:958]
INFO: [Synth 8-6157] synthesizing module 'design_1_axi_uartlite_0_0' [/home/intern/Downloads/Nexys-A7-100T-DMA-Audio-2018.2-1/vivado_proj_debug/Nexys-A7-100T-DMA-Audio.runs/synth_1/.Xil/Vivado-1167334-OASIS2/realtime/design_1_axi_uartlite_0_0_stub.v:6]
INFO: [Synth 8-6155] done synthesizing module 'design_1_axi_uartlite_0_0' (0#1) [/home/intern/Downloads/Nexys-A7-100T-DMA-Audio-2018.2-1/vivado_proj_debug/Nexys-A7-100T-DMA-Audio.runs/synth_1/.Xil/Vivado-1167334-OASIS2/realtime/design_1_axi_uartlite_0_0_stub.v:6]
INFO: [Synth 8-6157] synthesizing module 'design_1_clk_wiz_0_0' [/home/intern/Downloads/Nexys-A7-100T-DMA-Audio-2018.2-1/vivado_proj_debug/Nexys-A7-100T-DMA-Audio.runs/synth_1/.Xil/Vivado-1167334-OASIS2/realtime/design_1_clk_wiz_0_0_stub.v:6]
INFO: [Synth 8-6155] done synthesizing module 'design_1_clk_wiz_0_0' (0#1) [/home/intern/Downloads/Nexys-A7-100T-DMA-Audio-2018.2-1/vivado_proj_debug/Nexys-A7-100T-DMA-Audio.runs/synth_1/.Xil/Vivado-1167334-OASIS2/realtime/design_1_clk_wiz_0_0_stub.v:6]
INFO: [Synth 8-6157] synthesizing module 'design_1_mdm_1_0' [/home/intern/Downloads/Nexys-A7-100T-DMA-Audio-2018.2-1/vivado_proj_debug/Nexys-A7-100T-DMA-Audio.runs/synth_1/.Xil/Vivado-1167334-OASIS2/realtime/design_1_mdm_1_0_stub.v:6]
INFO: [Synth 8-6155] done synthesizing module 'design_1_mdm_1_0' (0#1) [/home/intern/Downloads/Nexys-A7-100T-DMA-Audio-2018.2-1/vivado_proj_debug/Nexys-A7-100T-DMA-Audio.runs/synth_1/.Xil/Vivado-1167334-OASIS2/realtime/design_1_mdm_1_0_stub.v:6]
WARNING: [Synth 8-7071] port 'Debug_SYS_Rst' of module 'design_1_mdm_1_0' is unconnected for instance 'mdm_1' [/home/intern/Downloads/Nexys-A7-100T-DMA-Audio-2018.2-1/vivado_proj_debug/Nexys-A7-100T-DMA-Audio.srcs/sources_1/bd/design_1/synth/design_1.v:555]
WARNING: [Synth 8-7023] instance 'mdm_1' of module 'design_1_mdm_1_0' has 10 connections declared, but only 9 given [/home/intern/Downloads/Nexys-A7-100T-DMA-Audio-2018.2-1/vivado_proj_debug/Nexys-A7-100T-DMA-Audio.srcs/sources_1/bd/design_1/synth/design_1.v:555]
INFO: [Synth 8-6157] synthesizing module 'design_1_microblaze_0_0' [/home/intern/Downloads/Nexys-A7-100T-DMA-Audio-2018.2-1/vivado_proj_debug/Nexys-A7-100T-DMA-Audio.runs/synth_1/.Xil/Vivado-1167334-OASIS2/realtime/design_1_microblaze_0_0_stub.v:6]
INFO: [Synth 8-6155] done synthesizing module 'design_1_microblaze_0_0' (0#1) [/home/intern/Downloads/Nexys-A7-100T-DMA-Audio-2018.2-1/vivado_proj_debug/Nexys-A7-100T-DMA-Audio.runs/synth_1/.Xil/Vivado-1167334-OASIS2/realtime/design_1_microblaze_0_0_stub.v:6]
WARNING: [Synth 8-7071] port 'M_AXI_IC_AWID' of module 'design_1_microblaze_0_0' is unconnected for instance 'microblaze_0' [/home/intern/Downloads/Nexys-A7-100T-DMA-Audio-2018.2-1/vivado_proj_debug/Nexys-A7-100T-DMA-Audio.srcs/sources_1/bd/design_1/synth/design_1.v:567]
WARNING: [Synth 8-7071] port 'M_AXI_IC_AWADDR' of module 'design_1_microblaze_0_0' is unconnected for instance 'microblaze_0' [/home/intern/Downloads/Nexys-A7-100T-DMA-Audio-2018.2-1/vivado_proj_debug/Nexys-A7-100T-DMA-Audio.srcs/sources_1/bd/design_1/synth/design_1.v:567]
WARNING: [Synth 8-7071] port 'M_AXI_IC_AWLEN' of module 'design_1_microblaze_0_0' is unconnected for instance 'microblaze_0' [/home/intern/Downloads/Nexys-A7-100T-DMA-Audio-2018.2-1/vivado_proj_debug/Nexys-A7-100T-DMA-Audio.srcs/sources_1/bd/design_1/synth/design_1.v:567]
WARNING: [Synth 8-7071] port 'M_AXI_IC_AWSIZE' of module 'design_1_microblaze_0_0' is unconnected for instance 'microblaze_0' [/home/intern/Downloads/Nexys-A7-100T-DMA-Audio-2018.2-1/vivado_proj_debug/Nexys-A7-100T-DMA-Audio.srcs/sources_1/bd/design_1/synth/design_1.v:567]
WARNING: [Synth 8-7071] port 'M_AXI_IC_AWBURST' of module 'design_1_microblaze_0_0' is unconnected for instance 'microblaze_0' [/home/intern/Downloads/Nexys-A7-100T-DMA-Audio-2018.2-1/vivado_proj_debug/Nexys-A7-100T-DMA-Audio.srcs/sources_1/bd/design_1/synth/design_1.v:567]
WARNING: [Synth 8-7071] port 'M_AXI_IC_AWLOCK' of module 'design_1_microblaze_0_0' is unconnected for instance 'microblaze_0' [/home/intern/Downloads/Nexys-A7-100T-DMA-Audio-2018.2-1/vivado_proj_debug/Nexys-A7-100T-DMA-Audio.srcs/sources_1/bd/design_1/synth/design_1.v:567]
WARNING: [Synth 8-7071] port 'M_AXI_IC_AWCACHE' of module 'design_1_microblaze_0_0' is unconnected for instance 'microblaze_0' [/home/intern/Downloads/Nexys-A7-100T-DMA-Audio-2018.2-1/vivado_proj_debug/Nexys-A7-100T-DMA-Audio.srcs/sources_1/bd/design_1/synth/design_1.v:567]
WARNING: [Synth 8-7071] port 'M_AXI_IC_AWPROT' of module 'design_1_microblaze_0_0' is unconnected for instance 'microblaze_0' [/home/intern/Downloads/Nexys-A7-100T-DMA-Audio-2018.2-1/vivado_proj_debug/Nexys-A7-100T-DMA-Audio.srcs/sources_1/bd/design_1/synth/design_1.v:567]
WARNING: [Synth 8-7071] port 'M_AXI_IC_AWQOS' of module 'design_1_microblaze_0_0' is unconnected for instance 'microblaze_0' [/home/intern/Downloads/Nexys-A7-100T-DMA-Audio-2018.2-1/vivado_proj_debug/Nexys-A7-100T-DMA-Audio.srcs/sources_1/bd/design_1/synth/design_1.v:567]
WARNING: [Synth 8-7071] port 'M_AXI_IC_AWVALID' of module 'design_1_microblaze_0_0' is unconnected for instance 'microblaze_0' [/home/intern/Downloads/Nexys-A7-100T-DMA-Audio-2018.2-1/vivado_proj_debug/Nexys-A7-100T-DMA-Audio.srcs/sources_1/bd/design_1/synth/design_1.v:567]
WARNING: [Synth 8-7071] port 'M_AXI_IC_WDATA' of module 'design_1_microblaze_0_0' is unconnected for instance 'microblaze_0' [/home/intern/Downloads/Nexys-A7-100T-DMA-Audio-2018.2-1/vivado_proj_debug/Nexys-A7-100T-DMA-Audio.srcs/sources_1/bd/design_1/synth/design_1.v:567]
WARNING: [Synth 8-7071] port 'M_AXI_IC_WSTRB' of module 'design_1_microblaze_0_0' is unconnected for instance 'microblaze_0' [/home/intern/Downloads/Nexys-A7-100T-DMA-Audio-2018.2-1/vivado_proj_debug/Nexys-A7-100T-DMA-Audio.srcs/sources_1/bd/design_1/synth/design_1.v:567]
WARNING: [Synth 8-7071] port 'M_AXI_IC_WLAST' of module 'design_1_microblaze_0_0' is unconnected for instance 'microblaze_0' [/home/intern/Downloads/Nexys-A7-100T-DMA-Audio-2018.2-1/vivado_proj_debug/Nexys-A7-100T-DMA-Audio.srcs/sources_1/bd/design_1/synth/design_1.v:567]
WARNING: [Synth 8-7071] port 'M_AXI_IC_WVALID' of module 'design_1_microblaze_0_0' is unconnected for instance 'microblaze_0' [/home/intern/Downloads/Nexys-A7-100T-DMA-Audio-2018.2-1/vivado_proj_debug/Nexys-A7-100T-DMA-Audio.srcs/sources_1/bd/design_1/synth/design_1.v:567]
WARNING: [Synth 8-7071] port 'M_AXI_IC_BREADY' of module 'design_1_microblaze_0_0' is unconnected for instance 'microblaze_0' [/home/intern/Downloads/Nexys-A7-100T-DMA-Audio-2018.2-1/vivado_proj_debug/Nexys-A7-100T-DMA-Audio.srcs/sources_1/bd/design_1/synth/design_1.v:567]
WARNING: [Synth 8-7071] port 'M_AXI_IC_ARID' of module 'design_1_microblaze_0_0' is unconnected for instance 'microblaze_0' [/home/intern/Downloads/Nexys-A7-100T-DMA-Audio-2018.2-1/vivado_proj_debug/Nexys-A7-100T-DMA-Audio.srcs/sources_1/bd/design_1/synth/design_1.v:567]
WARNING: [Synth 8-7071] port 'M_AXI_DC_AWID' of module 'design_1_microblaze_0_0' is unconnected for instance 'microblaze_0' [/home/intern/Downloads/Nexys-A7-100T-DMA-Audio-2018.2-1/vivado_proj_debug/Nexys-A7-100T-DMA-Audio.srcs/sources_1/bd/design_1/synth/design_1.v:567]
WARNING: [Synth 8-7071] port 'M_AXI_DC_ARID' of module 'design_1_microblaze_0_0' is unconnected for instance 'microblaze_0' [/home/intern/Downloads/Nexys-A7-100T-DMA-Audio-2018.2-1/vivado_proj_debug/Nexys-A7-100T-DMA-Audio.srcs/sources_1/bd/design_1/synth/design_1.v:567]
WARNING: [Synth 8-7023] instance 'microblaze_0' of module 'design_1_microblaze_0_0' has 126 connections declared, but only 108 given [/home/intern/Downloads/Nexys-A7-100T-DMA-Audio-2018.2-1/vivado_proj_debug/Nexys-A7-100T-DMA-Audio.srcs/sources_1/bd/design_1/synth/design_1.v:567]
INFO: [Synth 8-6157] synthesizing module 'design_1_microblaze_0_axi_intc_0' [/home/intern/Downloads/Nexys-A7-100T-DMA-Audio-2018.2-1/vivado_proj_debug/Nexys-A7-100T-DMA-Audio.runs/synth_1/.Xil/Vivado-1167334-OASIS2/realtime/design_1_microblaze_0_axi_intc_0_stub.v:6]
INFO: [Synth 8-6155] done synthesizing module 'design_1_microblaze_0_axi_intc_0' (0#1) [/home/intern/Downloads/Nexys-A7-100T-DMA-Audio-2018.2-1/vivado_proj_debug/Nexys-A7-100T-DMA-Audio.runs/synth_1/.Xil/Vivado-1167334-OASIS2/realtime/design_1_microblaze_0_axi_intc_0_stub.v:6]
INFO: [Synth 8-6157] synthesizing module 'design_1_microblaze_0_axi_periph_0' [/home/intern/Downloads/Nexys-A7-100T-DMA-Audio-2018.2-1/vivado_proj_debug/Nexys-A7-100T-DMA-Audio.srcs/sources_1/bd/design_1/synth/design_1.v:1587]
INFO: [Synth 8-6157] synthesizing module 'm00_couplers_imp_8RVYHO' [/home/intern/Downloads/Nexys-A7-100T-DMA-Audio-2018.2-1/vivado_proj_debug/Nexys-A7-100T-DMA-Audio.srcs/sources_1/bd/design_1/synth/design_1.v:2792]
INFO: [Synth 8-6155] done synthesizing module 'm00_couplers_imp_8RVYHO' (0#1) [/home/intern/Downloads/Nexys-A7-100T-DMA-Audio-2018.2-1/vivado_proj_debug/Nexys-A7-100T-DMA-Audio.srcs/sources_1/bd/design_1/synth/design_1.v:2792]
INFO: [Synth 8-6157] synthesizing module 'm01_couplers_imp_1UTB3Y5' [/home/intern/Downloads/Nexys-A7-100T-DMA-Audio-2018.2-1/vivado_proj_debug/Nexys-A7-100T-DMA-Audio.srcs/sources_1/bd/design_1/synth/design_1.v:2907]
INFO: [Synth 8-6155] done synthesizing module 'm01_couplers_imp_1UTB3Y5' (0#1) [/home/intern/Downloads/Nexys-A7-100T-DMA-Audio-2018.2-1/vivado_proj_debug/Nexys-A7-100T-DMA-Audio.srcs/sources_1/bd/design_1/synth/design_1.v:2907]
INFO: [Synth 8-6157] synthesizing module 'm02_couplers_imp_7ANRHB' [/home/intern/Downloads/Nexys-A7-100T-DMA-Audio-2018.2-1/vivado_proj_debug/Nexys-A7-100T-DMA-Audio.srcs/sources_1/bd/design_1/synth/design_1.v:3022]
INFO: [Synth 8-6155] done synthesizing module 'm02_couplers_imp_7ANRHB' (0#1) [/home/intern/Downloads/Nexys-A7-100T-DMA-Audio-2018.2-1/vivado_proj_debug/Nexys-A7-100T-DMA-Audio.srcs/sources_1/bd/design_1/synth/design_1.v:3022]
INFO: [Synth 8-6157] synthesizing module 'm03_couplers_imp_1W07O72' [/home/intern/Downloads/Nexys-A7-100T-DMA-Audio-2018.2-1/vivado_proj_debug/Nexys-A7-100T-DMA-Audio.srcs/sources_1/bd/design_1/synth/design_1.v:3137]
INFO: [Synth 8-6155] done synthesizing module 'm03_couplers_imp_1W07O72' (0#1) [/home/intern/Downloads/Nexys-A7-100T-DMA-Audio-2018.2-1/vivado_proj_debug/Nexys-A7-100T-DMA-Audio.srcs/sources_1/bd/design_1/synth/design_1.v:3137]
INFO: [Synth 8-6157] synthesizing module 'm04_couplers_imp_5LX7BU' [/home/intern/Downloads/Nexys-A7-100T-DMA-Audio-2018.2-1/vivado_proj_debug/Nexys-A7-100T-DMA-Audio.srcs/sources_1/bd/design_1/synth/design_1.v:3252]
INFO: [Synth 8-6155] done synthesizing module 'm04_couplers_imp_5LX7BU' (0#1) [/home/intern/Downloads/Nexys-A7-100T-DMA-Audio-2018.2-1/vivado_proj_debug/Nexys-A7-100T-DMA-Audio.srcs/sources_1/bd/design_1/synth/design_1.v:3252]
INFO: [Synth 8-6157] synthesizing module 'm05_couplers_imp_1XR4ZAZ' [/home/intern/Downloads/Nexys-A7-100T-DMA-Audio-2018.2-1/vivado_proj_debug/Nexys-A7-100T-DMA-Audio.srcs/sources_1/bd/design_1/synth/design_1.v:3367]
INFO: [Synth 8-6155] done synthesizing module 'm05_couplers_imp_1XR4ZAZ' (0#1) [/home/intern/Downloads/Nexys-A7-100T-DMA-Audio-2018.2-1/vivado_proj_debug/Nexys-A7-100T-DMA-Audio.srcs/sources_1/bd/design_1/synth/design_1.v:3367]
INFO: [Synth 8-6157] synthesizing module 'm06_couplers_imp_4YOIXL' [/home/intern/Downloads/Nexys-A7-100T-DMA-Audio-2018.2-1/vivado_proj_debug/Nexys-A7-100T-DMA-Audio.srcs/sources_1/bd/design_1/synth/design_1.v:3482]
INFO: [Synth 8-6155] done synthesizing module 'm06_couplers_imp_4YOIXL' (0#1) [/home/intern/Downloads/Nexys-A7-100T-DMA-Audio-2018.2-1/vivado_proj_debug/Nexys-A7-100T-DMA-Audio.srcs/sources_1/bd/design_1/synth/design_1.v:3482]
INFO: [Synth 8-6157] synthesizing module 's00_couplers_imp_1RZP34U' [/home/intern/Downloads/Nexys-A7-100T-DMA-Audio-2018.2-1/vivado_proj_debug/Nexys-A7-100T-DMA-Audio.srcs/sources_1/bd/design_1/synth/design_1.v:3810]
INFO: [Synth 8-6155] done synthesizing module 's00_couplers_imp_1RZP34U' (0#1) [/home/intern/Downloads/Nexys-A7-100T-DMA-Audio-2018.2-1/vivado_proj_debug/Nexys-A7-100T-DMA-Audio.srcs/sources_1/bd/design_1/synth/design_1.v:3810]
INFO: [Synth 8-6157] synthesizing module 'design_1_microblaze_0_axi_periph_upgraded_ipi_imp_xbar_0' [/home/intern/Downloads/Nexys-A7-100T-DMA-Audio-2018.2-1/vivado_proj_debug/Nexys-A7-100T-DMA-Audio.runs/synth_1/.Xil/Vivado-1167334-OASIS2/realtime/design_1_microblaze_0_axi_periph_upgraded_ipi_imp_xbar_0_stub.v:6]
INFO: [Synth 8-6155] done synthesizing module 'design_1_microblaze_0_axi_periph_upgraded_ipi_imp_xbar_0' (0#1) [/home/intern/Downloads/Nexys-A7-100T-DMA-Audio-2018.2-1/vivado_proj_debug/Nexys-A7-100T-DMA-Audio.runs/synth_1/.Xil/Vivado-1167334-OASIS2/realtime/design_1_microblaze_0_axi_periph_upgraded_ipi_imp_xbar_0_stub.v:6]
WARNING: [Synth 8-7071] port 'm_axi_awprot' of module 'design_1_microblaze_0_axi_periph_upgraded_ipi_imp_xbar_0' is unconnected for instance 'xbar' [/home/intern/Downloads/Nexys-A7-100T-DMA-Audio-2018.2-1/vivado_proj_debug/Nexys-A7-100T-DMA-Audio.srcs/sources_1/bd/design_1/synth/design_1.v:2516]
WARNING: [Synth 8-7071] port 'm_axi_arprot' of module 'design_1_microblaze_0_axi_periph_upgraded_ipi_imp_xbar_0' is unconnected for instance 'xbar' [/home/intern/Downloads/Nexys-A7-100T-DMA-Audio-2018.2-1/vivado_proj_debug/Nexys-A7-100T-DMA-Audio.srcs/sources_1/bd/design_1/synth/design_1.v:2516]
WARNING: [Synth 8-7023] instance 'xbar' of module 'design_1_microblaze_0_axi_periph_upgraded_ipi_imp_xbar_0' has 40 connections declared, but only 38 given [/home/intern/Downloads/Nexys-A7-100T-DMA-Audio-2018.2-1/vivado_proj_debug/Nexys-A7-100T-DMA-Audio.srcs/sources_1/bd/design_1/synth/design_1.v:2516]
INFO: [Synth 8-6155] done synthesizing module 'design_1_microblaze_0_axi_periph_0' (0#1) [/home/intern/Downloads/Nexys-A7-100T-DMA-Audio-2018.2-1/vivado_proj_debug/Nexys-A7-100T-DMA-Audio.srcs/sources_1/bd/design_1/synth/design_1.v:1587]
WARNING: [Synth 8-7071] port 'M06_AXI_araddr' of module 'design_1_microblaze_0_axi_periph_0' is unconnected for instance 'microblaze_0_axi_periph' [/home/intern/Downloads/Nexys-A7-100T-DMA-Audio-2018.2-1/vivado_proj_debug/Nexys-A7-100T-DMA-Audio.srcs/sources_1/bd/design_1/synth/design_1.v:702]
WARNING: [Synth 8-7071] port 'M06_AXI_arvalid' of module 'design_1_microblaze_0_axi_periph_0' is unconnected for instance 'microblaze_0_axi_periph' [/home/intern/Downloads/Nexys-A7-100T-DMA-Audio-2018.2-1/vivado_proj_debug/Nexys-A7-100T-DMA-Audio.srcs/sources_1/bd/design_1/synth/design_1.v:702]
WARNING: [Synth 8-7071] port 'M06_AXI_awaddr' of module 'design_1_microblaze_0_axi_periph_0' is unconnected for instance 'microblaze_0_axi_periph' [/home/intern/Downloads/Nexys-A7-100T-DMA-Audio-2018.2-1/vivado_proj_debug/Nexys-A7-100T-DMA-Audio.srcs/sources_1/bd/design_1/synth/design_1.v:702]
WARNING: [Synth 8-7071] port 'M06_AXI_awvalid' of module 'design_1_microblaze_0_axi_periph_0' is unconnected for instance 'microblaze_0_axi_periph' [/home/intern/Downloads/Nexys-A7-100T-DMA-Audio-2018.2-1/vivado_proj_debug/Nexys-A7-100T-DMA-Audio.srcs/sources_1/bd/design_1/synth/design_1.v:702]
WARNING: [Synth 8-7071] port 'M06_AXI_bready' of module 'design_1_microblaze_0_axi_periph_0' is unconnected for instance 'microblaze_0_axi_periph' [/home/intern/Downloads/Nexys-A7-100T-DMA-Audio-2018.2-1/vivado_proj_debug/Nexys-A7-100T-DMA-Audio.srcs/sources_1/bd/design_1/synth/design_1.v:702]
WARNING: [Synth 8-7071] port 'M06_AXI_rready' of module 'design_1_microblaze_0_axi_periph_0' is unconnected for instance 'microblaze_0_axi_periph' [/home/intern/Downloads/Nexys-A7-100T-DMA-Audio-2018.2-1/vivado_proj_debug/Nexys-A7-100T-DMA-Audio.srcs/sources_1/bd/design_1/synth/design_1.v:702]
WARNING: [Synth 8-7071] port 'M06_AXI_wdata' of module 'design_1_microblaze_0_axi_periph_0' is unconnected for instance 'microblaze_0_axi_periph' [/home/intern/Downloads/Nexys-A7-100T-DMA-Audio-2018.2-1/vivado_proj_debug/Nexys-A7-100T-DMA-Audio.srcs/sources_1/bd/design_1/synth/design_1.v:702]
WARNING: [Synth 8-7071] port 'M06_AXI_wstrb' of module 'design_1_microblaze_0_axi_periph_0' is unconnected for instance 'microblaze_0_axi_periph' [/home/intern/Downloads/Nexys-A7-100T-DMA-Audio-2018.2-1/vivado_proj_debug/Nexys-A7-100T-DMA-Audio.srcs/sources_1/bd/design_1/synth/design_1.v:702]
WARNING: [Synth 8-7071] port 'M06_AXI_wvalid' of module 'design_1_microblaze_0_axi_periph_0' is unconnected for instance 'microblaze_0_axi_periph' [/home/intern/Downloads/Nexys-A7-100T-DMA-Audio-2018.2-1/vivado_proj_debug/Nexys-A7-100T-DMA-Audio.srcs/sources_1/bd/design_1/synth/design_1.v:702]
WARNING: [Synth 8-7023] instance 'microblaze_0_axi_periph' of module 'design_1_microblaze_0_axi_periph_0' has 156 connections declared, but only 147 given [/home/intern/Downloads/Nexys-A7-100T-DMA-Audio-2018.2-1/vivado_proj_debug/Nexys-A7-100T-DMA-Audio.srcs/sources_1/bd/design_1/synth/design_1.v:702]
INFO: [Synth 8-6157] synthesizing module 'microblaze_0_local_memory_imp_1K0VQXK' [/home/intern/Downloads/Nexys-A7-100T-DMA-Audio-2018.2-1/vivado_proj_debug/Nexys-A7-100T-DMA-Audio.srcs/sources_1/bd/design_1/synth/design_1.v:3597]
INFO: [Synth 8-6157] synthesizing module 'design_1_dlmb_bram_if_cntlr_0' [/home/intern/Downloads/Nexys-A7-100T-DMA-Audio-2018.2-1/vivado_proj_debug/Nexys-A7-100T-DMA-Audio.runs/synth_1/.Xil/Vivado-1167334-OASIS2/realtime/design_1_dlmb_bram_if_cntlr_0_stub.v:6]
INFO: [Synth 8-6155] done synthesizing module 'design_1_dlmb_bram_if_cntlr_0' (0#1) [/home/intern/Downloads/Nexys-A7-100T-DMA-Audio-2018.2-1/vivado_proj_debug/Nexys-A7-100T-DMA-Audio.runs/synth_1/.Xil/Vivado-1167334-OASIS2/realtime/design_1_dlmb_bram_if_cntlr_0_stub.v:6]
INFO: [Synth 8-6157] synthesizing module 'design_1_dlmb_v10_0' [/home/intern/Downloads/Nexys-A7-100T-DMA-Audio-2018.2-1/vivado_proj_debug/Nexys-A7-100T-DMA-Audio.runs/synth_1/.Xil/Vivado-1167334-OASIS2/realtime/design_1_dlmb_v10_0_stub.v:6]
INFO: [Synth 8-6155] done synthesizing module 'design_1_dlmb_v10_0' (0#1) [/home/intern/Downloads/Nexys-A7-100T-DMA-Audio-2018.2-1/vivado_proj_debug/Nexys-A7-100T-DMA-Audio.runs/synth_1/.Xil/Vivado-1167334-OASIS2/realtime/design_1_dlmb_v10_0_stub.v:6]
WARNING: [Synth 8-7071] port 'LMB_Rst' of module 'design_1_dlmb_v10_0' is unconnected for instance 'dlmb_v10' [/home/intern/Downloads/Nexys-A7-100T-DMA-Audio-2018.2-1/vivado_proj_debug/Nexys-A7-100T-DMA-Audio.srcs/sources_1/bd/design_1/synth/design_1.v:3722]
WARNING: [Synth 8-7023] instance 'dlmb_v10' of module 'design_1_dlmb_v10_0' has 25 connections declared, but only 24 given [/home/intern/Downloads/Nexys-A7-100T-DMA-Audio-2018.2-1/vivado_proj_debug/Nexys-A7-100T-DMA-Audio.srcs/sources_1/bd/design_1/synth/design_1.v:3722]
INFO: [Synth 8-6157] synthesizing module 'design_1_ilmb_bram_if_cntlr_0' [/home/intern/Downloads/Nexys-A7-100T-DMA-Audio-2018.2-1/vivado_proj_debug/Nexys-A7-100T-DMA-Audio.runs/synth_1/.Xil/Vivado-1167334-OASIS2/realtime/design_1_ilmb_bram_if_cntlr_0_stub.v:6]
INFO: [Synth 8-6155] done synthesizing module 'design_1_ilmb_bram_if_cntlr_0' (0#1) [/home/intern/Downloads/Nexys-A7-100T-DMA-Audio-2018.2-1/vivado_proj_debug/Nexys-A7-100T-DMA-Audio.runs/synth_1/.Xil/Vivado-1167334-OASIS2/realtime/design_1_ilmb_bram_if_cntlr_0_stub.v:6]
INFO: [Synth 8-6157] synthesizing module 'design_1_ilmb_v10_0' [/home/intern/Downloads/Nexys-A7-100T-DMA-Audio-2018.2-1/vivado_proj_debug/Nexys-A7-100T-DMA-Audio.runs/synth_1/.Xil/Vivado-1167334-OASIS2/realtime/design_1_ilmb_v10_0_stub.v:6]
INFO: [Synth 8-6155] done synthesizing module 'design_1_ilmb_v10_0' (0#1) [/home/intern/Downloads/Nexys-A7-100T-DMA-Audio-2018.2-1/vivado_proj_debug/Nexys-A7-100T-DMA-Audio.runs/synth_1/.Xil/Vivado-1167334-OASIS2/realtime/design_1_ilmb_v10_0_stub.v:6]
WARNING: [Synth 8-7071] port 'LMB_Rst' of module 'design_1_ilmb_v10_0' is unconnected for instance 'ilmb_v10' [/home/intern/Downloads/Nexys-A7-100T-DMA-Audio-2018.2-1/vivado_proj_debug/Nexys-A7-100T-DMA-Audio.srcs/sources_1/bd/design_1/synth/design_1.v:3768]
WARNING: [Synth 8-7023] instance 'ilmb_v10' of module 'design_1_ilmb_v10_0' has 25 connections declared, but only 24 given [/home/intern/Downloads/Nexys-A7-100T-DMA-Audio-2018.2-1/vivado_proj_debug/Nexys-A7-100T-DMA-Audio.srcs/sources_1/bd/design_1/synth/design_1.v:3768]
INFO: [Synth 8-6157] synthesizing module 'design_1_lmb_bram_0' [/home/intern/Downloads/Nexys-A7-100T-DMA-Audio-2018.2-1/vivado_proj_debug/Nexys-A7-100T-DMA-Audio.runs/synth_1/.Xil/Vivado-1167334-OASIS2/realtime/design_1_lmb_bram_0_stub.v:6]
INFO: [Synth 8-6155] done synthesizing module 'design_1_lmb_bram_0' (0#1) [/home/intern/Downloads/Nexys-A7-100T-DMA-Audio-2018.2-1/vivado_proj_debug/Nexys-A7-100T-DMA-Audio.runs/synth_1/.Xil/Vivado-1167334-OASIS2/realtime/design_1_lmb_bram_0_stub.v:6]
WARNING: [Synth 8-7071] port 'rsta_busy' of module 'design_1_lmb_bram_0' is unconnected for instance 'lmb_bram' [/home/intern/Downloads/Nexys-A7-100T-DMA-Audio-2018.2-1/vivado_proj_debug/Nexys-A7-100T-DMA-Audio.srcs/sources_1/bd/design_1/synth/design_1.v:3793]
WARNING: [Synth 8-7071] port 'rstb_busy' of module 'design_1_lmb_bram_0' is unconnected for instance 'lmb_bram' [/home/intern/Downloads/Nexys-A7-100T-DMA-Audio-2018.2-1/vivado_proj_debug/Nexys-A7-100T-DMA-Audio.srcs/sources_1/bd/design_1/synth/design_1.v:3793]
WARNING: [Synth 8-7023] instance 'lmb_bram' of module 'design_1_lmb_bram_0' has 16 connections declared, but only 14 given [/home/intern/Downloads/Nexys-A7-100T-DMA-Audio-2018.2-1/vivado_proj_debug/Nexys-A7-100T-DMA-Audio.srcs/sources_1/bd/design_1/synth/design_1.v:3793]
INFO: [Synth 8-6155] done synthesizing module 'microblaze_0_local_memory_imp_1K0VQXK' (0#1) [/home/intern/Downloads/Nexys-A7-100T-DMA-Audio-2018.2-1/vivado_proj_debug/Nexys-A7-100T-DMA-Audio.srcs/sources_1/bd/design_1/synth/design_1.v:3597]
INFO: [Synth 8-6157] synthesizing module 'design_1_microblaze_0_xlconcat_0' [/home/intern/Downloads/Nexys-A7-100T-DMA-Audio-2018.2-1/vivado_proj_debug/Nexys-A7-100T-DMA-Audio.srcs/sources_1/bd/design_1/ip/design_1_microblaze_0_xlconcat_0/synth/design_1_microblaze_0_xlconcat_0.v:53]
INFO: [Synth 8-6157] synthesizing module 'xlconcat_v2_1_7_xlconcat' [/home/intern/Downloads/Nexys-A7-100T-DMA-Audio-2018.2-1/vivado_proj_debug/Nexys-A7-100T-DMA-Audio.srcs/sources_1/bd/design_1/ipshared/9c1a/hdl/xlconcat_v2_1_vl_rfs.v:59]
INFO: [Synth 8-6155] done synthesizing module 'xlconcat_v2_1_7_xlconcat' (0#1) [/home/intern/Downloads/Nexys-A7-100T-DMA-Audio-2018.2-1/vivado_proj_debug/Nexys-A7-100T-DMA-Audio.srcs/sources_1/bd/design_1/ipshared/9c1a/hdl/xlconcat_v2_1_vl_rfs.v:59]
INFO: [Synth 8-6155] done synthesizing module 'design_1_microblaze_0_xlconcat_0' (0#1) [/home/intern/Downloads/Nexys-A7-100T-DMA-Audio-2018.2-1/vivado_proj_debug/Nexys-A7-100T-DMA-Audio.srcs/sources_1/bd/design_1/ip/design_1_microblaze_0_xlconcat_0/synth/design_1_microblaze_0_xlconcat_0.v:53]
INFO: [Synth 8-6157] synthesizing module 'design_1_mig_7series_0_1' [/home/intern/Downloads/Nexys-A7-100T-DMA-Audio-2018.2-1/vivado_proj_debug/Nexys-A7-100T-DMA-Audio.runs/synth_1/.Xil/Vivado-1167334-OASIS2/realtime/design_1_mig_7series_0_1_stub.v:6]
INFO: [Synth 8-6155] done synthesizing module 'design_1_mig_7series_0_1' (0#1) [/home/intern/Downloads/Nexys-A7-100T-DMA-Audio-2018.2-1/vivado_proj_debug/Nexys-A7-100T-DMA-Audio.runs/synth_1/.Xil/Vivado-1167334-OASIS2/realtime/design_1_mig_7series_0_1_stub.v:6]
WARNING: [Synth 8-7071] port 'ui_addn_clk_1' of module 'design_1_mig_7series_0_1' is unconnected for instance 'mig_7series_0' [/home/intern/Downloads/Nexys-A7-100T-DMA-Audio-2018.2-1/vivado_proj_debug/Nexys-A7-100T-DMA-Audio.srcs/sources_1/bd/design_1/synth/design_1.v:878]
WARNING: [Synth 8-7071] port 'ui_addn_clk_2' of module 'design_1_mig_7series_0_1' is unconnected for instance 'mig_7series_0' [/home/intern/Downloads/Nexys-A7-100T-DMA-Audio-2018.2-1/vivado_proj_debug/Nexys-A7-100T-DMA-Audio.srcs/sources_1/bd/design_1/synth/design_1.v:878]
WARNING: [Synth 8-7071] port 'ui_addn_clk_3' of module 'design_1_mig_7series_0_1' is unconnected for instance 'mig_7series_0' [/home/intern/Downloads/Nexys-A7-100T-DMA-Audio-2018.2-1/vivado_proj_debug/Nexys-A7-100T-DMA-Audio.srcs/sources_1/bd/design_1/synth/design_1.v:878]
WARNING: [Synth 8-7071] port 'ui_addn_clk_4' of module 'design_1_mig_7series_0_1' is unconnected for instance 'mig_7series_0' [/home/intern/Downloads/Nexys-A7-100T-DMA-Audio-2018.2-1/vivado_proj_debug/Nexys-A7-100T-DMA-Audio.srcs/sources_1/bd/design_1/synth/design_1.v:878]
WARNING: [Synth 8-7071] port 'mmcm_locked' of module 'design_1_mig_7series_0_1' is unconnected for instance 'mig_7series_0' [/home/intern/Downloads/Nexys-A7-100T-DMA-Audio-2018.2-1/vivado_proj_debug/Nexys-A7-100T-DMA-Audio.srcs/sources_1/bd/design_1/synth/design_1.v:878]
WARNING: [Synth 8-7071] port 'app_sr_active' of module 'design_1_mig_7series_0_1' is unconnected for instance 'mig_7series_0' [/home/intern/Downloads/Nexys-A7-100T-DMA-Audio-2018.2-1/vivado_proj_debug/Nexys-A7-100T-DMA-Audio.srcs/sources_1/bd/design_1/synth/design_1.v:878]
WARNING: [Synth 8-7071] port 'app_ref_ack' of module 'design_1_mig_7series_0_1' is unconnected for instance 'mig_7series_0' [/home/intern/Downloads/Nexys-A7-100T-DMA-Audio-2018.2-1/vivado_proj_debug/Nexys-A7-100T-DMA-Audio.srcs/sources_1/bd/design_1/synth/design_1.v:878]
WARNING: [Synth 8-7071] port 'app_zq_ack' of module 'design_1_mig_7series_0_1' is unconnected for instance 'mig_7series_0' [/home/intern/Downloads/Nexys-A7-100T-DMA-Audio-2018.2-1/vivado_proj_debug/Nexys-A7-100T-DMA-Audio.srcs/sources_1/bd/design_1/synth/design_1.v:878]
WARNING: [Synth 8-7071] port 'init_calib_complete' of module 'design_1_mig_7series_0_1' is unconnected for instance 'mig_7series_0' [/home/intern/Downloads/Nexys-A7-100T-DMA-Audio-2018.2-1/vivado_proj_debug/Nexys-A7-100T-DMA-Audio.srcs/sources_1/bd/design_1/synth/design_1.v:878]
WARNING: [Synth 8-7023] instance 'mig_7series_0' of module 'design_1_mig_7series_0_1' has 67 connections declared, but only 58 given [/home/intern/Downloads/Nexys-A7-100T-DMA-Audio-2018.2-1/vivado_proj_debug/Nexys-A7-100T-DMA-Audio.srcs/sources_1/bd/design_1/synth/design_1.v:878]
INFO: [Synth 8-6157] synthesizing module 'design_1_rst_mig_7series_0_81M_0' [/home/intern/Downloads/Nexys-A7-100T-DMA-Audio-2018.2-1/vivado_proj_debug/Nexys-A7-100T-DMA-Audio.runs/synth_1/.Xil/Vivado-1167334-OASIS2/realtime/design_1_rst_mig_7series_0_81M_0_stub.v:6]
INFO: [Synth 8-6155] done synthesizing module 'design_1_rst_mig_7series_0_81M_0' (0#1) [/home/intern/Downloads/Nexys-A7-100T-DMA-Audio-2018.2-1/vivado_proj_debug/Nexys-A7-100T-DMA-Audio.runs/synth_1/.Xil/Vivado-1167334-OASIS2/realtime/design_1_rst_mig_7series_0_81M_0_stub.v:6]
WARNING: [Synth 8-7071] port 'mb_reset' of module 'design_1_rst_mig_7series_0_81M_0' is unconnected for instance 'rst_mig_7series_0_81M' [/home/intern/Downloads/Nexys-A7-100T-DMA-Audio-2018.2-1/vivado_proj_debug/Nexys-A7-100T-DMA-Audio.srcs/sources_1/bd/design_1/synth/design_1.v:937]
WARNING: [Synth 8-7071] port 'bus_struct_reset' of module 'design_1_rst_mig_7series_0_81M_0' is unconnected for instance 'rst_mig_7series_0_81M' [/home/intern/Downloads/Nexys-A7-100T-DMA-Audio-2018.2-1/vivado_proj_debug/Nexys-A7-100T-DMA-Audio.srcs/sources_1/bd/design_1/synth/design_1.v:937]
WARNING: [Synth 8-7071] port 'peripheral_reset' of module 'design_1_rst_mig_7series_0_81M_0' is unconnected for instance 'rst_mig_7series_0_81M' [/home/intern/Downloads/Nexys-A7-100T-DMA-Audio-2018.2-1/vivado_proj_debug/Nexys-A7-100T-DMA-Audio.srcs/sources_1/bd/design_1/synth/design_1.v:937]
WARNING: [Synth 8-7023] instance 'rst_mig_7series_0_81M' of module 'design_1_rst_mig_7series_0_81M_0' has 10 connections declared, but only 7 given [/home/intern/Downloads/Nexys-A7-100T-DMA-Audio-2018.2-1/vivado_proj_debug/Nexys-A7-100T-DMA-Audio.srcs/sources_1/bd/design_1/synth/design_1.v:937]
INFO: [Synth 8-6157] synthesizing module 'design_1_top_FPMult_Test_0_1' [/home/intern/Downloads/Nexys-A7-100T-DMA-Audio-2018.2-1/vivado_proj_debug/Nexys-A7-100T-DMA-Audio.runs/synth_1/.Xil/Vivado-1167334-OASIS2/realtime/design_1_top_FPMult_Test_0_1_stub.v:6]
INFO: [Synth 8-6155] done synthesizing module 'design_1_top_FPMult_Test_0_1' (0#1) [/home/intern/Downloads/Nexys-A7-100T-DMA-Audio-2018.2-1/vivado_proj_debug/Nexys-A7-100T-DMA-Audio.runs/synth_1/.Xil/Vivado-1167334-OASIS2/realtime/design_1_top_FPMult_Test_0_1_stub.v:6]
WARNING: [Synth 8-7071] port 'done' of module 'design_1_top_FPMult_Test_0_1' is unconnected for instance 'top_FPMult_Test_0' [/home/intern/Downloads/Nexys-A7-100T-DMA-Audio-2018.2-1/vivado_proj_debug/Nexys-A7-100T-DMA-Audio.srcs/sources_1/bd/design_1/synth/design_1.v:945]
WARNING: [Synth 8-7023] instance 'top_FPMult_Test_0' of module 'design_1_top_FPMult_Test_0_1' has 7 connections declared, but only 6 given [/home/intern/Downloads/Nexys-A7-100T-DMA-Audio-2018.2-1/vivado_proj_debug/Nexys-A7-100T-DMA-Audio.srcs/sources_1/bd/design_1/synth/design_1.v:945]
INFO: [Synth 8-6157] synthesizing module 'design_1_xlslice_0_0' [/home/intern/Downloads/Nexys-A7-100T-DMA-Audio-2018.2-1/vivado_proj_debug/Nexys-A7-100T-DMA-Audio.srcs/sources_1/bd/design_1/ip/design_1_xlslice_0_0/synth/design_1_xlslice_0_0.v:53]
INFO: [Synth 8-6157] synthesizing module 'xlslice_v1_0_5_xlslice' [/home/intern/Downloads/Nexys-A7-100T-DMA-Audio-2018.2-1/vivado_proj_debug/Nexys-A7-100T-DMA-Audio.gen/sources_1/bd/design_1/ipshared/6792/hdl/xlslice_v1_0_vl_rfs.v:58]
INFO: [Synth 8-6155] done synthesizing module 'xlslice_v1_0_5_xlslice' (0#1) [/home/intern/Downloads/Nexys-A7-100T-DMA-Audio-2018.2-1/vivado_proj_debug/Nexys-A7-100T-DMA-Audio.gen/sources_1/bd/design_1/ipshared/6792/hdl/xlslice_v1_0_vl_rfs.v:58]
INFO: [Synth 8-6155] done synthesizing module 'design_1_xlslice_0_0' (0#1) [/home/intern/Downloads/Nexys-A7-100T-DMA-Audio-2018.2-1/vivado_proj_debug/Nexys-A7-100T-DMA-Audio.srcs/sources_1/bd/design_1/ip/design_1_xlslice_0_0/synth/design_1_xlslice_0_0.v:53]
WARNING: [Synth 8-7071] port 'Din' of module 'design_1_xlslice_0_0' is unconnected for instance 'xlslice_0' [/home/intern/Downloads/Nexys-A7-100T-DMA-Audio-2018.2-1/vivado_proj_debug/Nexys-A7-100T-DMA-Audio.srcs/sources_1/bd/design_1/synth/design_1.v:952]
WARNING: [Synth 8-7023] instance 'xlslice_0' of module 'design_1_xlslice_0_0' has 2 connections declared, but only 1 given [/home/intern/Downloads/Nexys-A7-100T-DMA-Audio-2018.2-1/vivado_proj_debug/Nexys-A7-100T-DMA-Audio.srcs/sources_1/bd/design_1/synth/design_1.v:952]
INFO: [Synth 8-6157] synthesizing module 'design_1_xlslice_1_0' [/home/intern/Downloads/Nexys-A7-100T-DMA-Audio-2018.2-1/vivado_proj_debug/Nexys-A7-100T-DMA-Audio.srcs/sources_1/bd/design_1/ip/design_1_xlslice_1_0/synth/design_1_xlslice_1_0.v:53]
INFO: [Synth 8-6157] synthesizing module 'xlslice_v1_0_5_xlslice__parameterized0' [/home/intern/Downloads/Nexys-A7-100T-DMA-Audio-2018.2-1/vivado_proj_debug/Nexys-A7-100T-DMA-Audio.gen/sources_1/bd/design_1/ipshared/6792/hdl/xlslice_v1_0_vl_rfs.v:58]
INFO: [Synth 8-6155] done synthesizing module 'xlslice_v1_0_5_xlslice__parameterized0' (0#1) [/home/intern/Downloads/Nexys-A7-100T-DMA-Audio-2018.2-1/vivado_proj_debug/Nexys-A7-100T-DMA-Audio.gen/sources_1/bd/design_1/ipshared/6792/hdl/xlslice_v1_0_vl_rfs.v:58]
INFO: [Synth 8-6155] done synthesizing module 'design_1_xlslice_1_0' (0#1) [/home/intern/Downloads/Nexys-A7-100T-DMA-Audio-2018.2-1/vivado_proj_debug/Nexys-A7-100T-DMA-Audio.srcs/sources_1/bd/design_1/ip/design_1_xlslice_1_0/synth/design_1_xlslice_1_0.v:53]
WARNING: [Synth 8-7071] port 'Din' of module 'design_1_xlslice_1_0' is unconnected for instance 'xlslice_1' [/home/intern/Downloads/Nexys-A7-100T-DMA-Audio-2018.2-1/vivado_proj_debug/Nexys-A7-100T-DMA-Audio.srcs/sources_1/bd/design_1/synth/design_1.v:954]
WARNING: [Synth 8-7023] instance 'xlslice_1' of module 'design_1_xlslice_1_0' has 2 connections declared, but only 1 given [/home/intern/Downloads/Nexys-A7-100T-DMA-Audio-2018.2-1/vivado_proj_debug/Nexys-A7-100T-DMA-Audio.srcs/sources_1/bd/design_1/synth/design_1.v:954]
INFO: [Synth 8-6155] done synthesizing module 'design_1' (0#1) [/home/intern/Downloads/Nexys-A7-100T-DMA-Audio-2018.2-1/vivado_proj_debug/Nexys-A7-100T-DMA-Audio.srcs/sources_1/bd/design_1/synth/design_1.v:13]
INFO: [Synth 8-6157] synthesizing module 'IOBUF' [/tools/Xilinx/2025.1/Vivado/scripts/rt/data/unisim_comp.v:81434]
INFO: [Synth 8-6155] done synthesizing module 'IOBUF' (0#1) [/tools/Xilinx/2025.1/Vivado/scripts/rt/data/unisim_comp.v:81434]
INFO: [Synth 8-6155] done synthesizing module 'design_1_wrapper' (0#1) [/home/intern/Downloads/Nexys-A7-100T-DMA-Audio-2018.2-1/vivado_proj_debug/Nexys-A7-100T-DMA-Audio.srcs/sources_1/bd/design_1/hdl/design_1_wrapper.v:13]
WARNING: [Synth 8-7129] Port Din[4] in module xlslice_v1_0_5_xlslice__parameterized0 is either unconnected or has no load
WARNING: [Synth 8-7129] Port Din[3] in module xlslice_v1_0_5_xlslice__parameterized0 is either unconnected or has no load
WARNING: [Synth 8-7129] Port Din[2] in module xlslice_v1_0_5_xlslice__parameterized0 is either unconnected or has no load
WARNING: [Synth 8-7129] Port Din[1] in module xlslice_v1_0_5_xlslice__parameterized0 is either unconnected or has no load
WARNING: [Synth 8-7129] Port Din[15] in module xlslice_v1_0_5_xlslice is either unconnected or has no load
WARNING: [Synth 8-7129] Port Din[14] in module xlslice_v1_0_5_xlslice is either unconnected or has no load
WARNING: [Synth 8-7129] Port Din[13] in module xlslice_v1_0_5_xlslice is either unconnected or has no load
WARNING: [Synth 8-7129] Port Din[12] in module xlslice_v1_0_5_xlslice is either unconnected or has no load
WARNING: [Synth 8-7129] Port Din[11] in module xlslice_v1_0_5_xlslice is either unconnected or has no load
WARNING: [Synth 8-7129] Port Din[10] in module xlslice_v1_0_5_xlslice is either unconnected or has no load
WARNING: [Synth 8-7129] Port Din[9] in module xlslice_v1_0_5_xlslice is either unconnected or has no load
WARNING: [Synth 8-7129] Port Din[8] in module xlslice_v1_0_5_xlslice is either unconnected or has no load
WARNING: [Synth 8-7129] Port Din[7] in module xlslice_v1_0_5_xlslice is either unconnected or has no load
WARNING: [Synth 8-7129] Port Din[6] in module xlslice_v1_0_5_xlslice is either unconnected or has no load
WARNING: [Synth 8-7129] Port Din[5] in module xlslice_v1_0_5_xlslice is either unconnected or has no load
WARNING: [Synth 8-7129] Port Din[4] in module xlslice_v1_0_5_xlslice is either unconnected or has no load
WARNING: [Synth 8-7129] Port Din[3] in module xlslice_v1_0_5_xlslice is either unconnected or has no load
WARNING: [Synth 8-7129] Port Din[2] in module xlslice_v1_0_5_xlslice is either unconnected or has no load
WARNING: [Synth 8-7129] Port Din[1] in module xlslice_v1_0_5_xlslice is either unconnected or has no load
WARNING: [Synth 8-7129] Port In4[0] in module xlconcat_v2_1_7_xlconcat is either unconnected or has no load
WARNING: [Synth 8-7129] Port In5[0] in module xlconcat_v2_1_7_xlconcat is either unconnected or has no load
WARNING: [Synth 8-7129] Port In6[0] in module xlconcat_v2_1_7_xlconcat is either unconnected or has no load
WARNING: [Synth 8-7129] Port In7[0] in module xlconcat_v2_1_7_xlconcat is either unconnected or has no load
WARNING: [Synth 8-7129] Port In8[0] in module xlconcat_v2_1_7_xlconcat is either unconnected or has no load
WARNING: [Synth 8-7129] Port In9[0] in module xlconcat_v2_1_7_xlconcat is either unconnected or has no load
WARNING: [Synth 8-7129] Port In10[0] in module xlconcat_v2_1_7_xlconcat is either unconnected or has no load
WARNING: [Synth 8-7129] Port In11[0] in module xlconcat_v2_1_7_xlconcat is either unconnected or has no load
WARNING: [Synth 8-7129] Port In12[0] in module xlconcat_v2_1_7_xlconcat is either unconnected or has no load
WARNING: [Synth 8-7129] Port In13[0] in module xlconcat_v2_1_7_xlconcat is either unconnected or has no load
WARNING: [Synth 8-7129] Port In14[0] in module xlconcat_v2_1_7_xlconcat is either unconnected or has no load
WARNING: [Synth 8-7129] Port In15[0] in module xlconcat_v2_1_7_xlconcat is either unconnected or has no load
WARNING: [Synth 8-7129] Port In16[0] in module xlconcat_v2_1_7_xlconcat is either unconnected or has no load
WARNING: [Synth 8-7129] Port In17[0] in module xlconcat_v2_1_7_xlconcat is either unconnected or has no load
WARNING: [Synth 8-7129] Port In18[0] in module xlconcat_v2_1_7_xlconcat is either unconnected or has no load
WARNING: [Synth 8-7129] Port In19[0] in module xlconcat_v2_1_7_xlconcat is either unconnected or has no load
WARNING: [Synth 8-7129] Port In20[0] in module xlconcat_v2_1_7_xlconcat is either unconnected or has no load
WARNING: [Synth 8-7129] Port In21[0] in module xlconcat_v2_1_7_xlconcat is either unconnected or has no load
WARNING: [Synth 8-7129] Port In22[0] in module xlconcat_v2_1_7_xlconcat is either unconnected or has no load
WARNING: [Synth 8-7129] Port In23[0] in module xlconcat_v2_1_7_xlconcat is either unconnected or has no load
WARNING: [Synth 8-7129] Port In24[0] in module xlconcat_v2_1_7_xlconcat is either unconnected or has no load
WARNING: [Synth 8-7129] Port In25[0] in module xlconcat_v2_1_7_xlconcat is either unconnected or has no load
WARNING: [Synth 8-7129] Port In26[0] in module xlconcat_v2_1_7_xlconcat is either unconnected or has no load
WARNING: [Synth 8-7129] Port In27[0] in module xlconcat_v2_1_7_xlconcat is either unconnected or has no load
WARNING: [Synth 8-7129] Port In28[0] in module xlconcat_v2_1_7_xlconcat is either unconnected or has no load
WARNING: [Synth 8-7129] Port In29[0] in module xlconcat_v2_1_7_xlconcat is either unconnected or has no load
WARNING: [Synth 8-7129] Port In30[0] in module xlconcat_v2_1_7_xlconcat is either unconnected or has no load
WARNING: [Synth 8-7129] Port In31[0] in module xlconcat_v2_1_7_xlconcat is either unconnected or has no load
WARNING: [Synth 8-7129] Port In32[0] in module xlconcat_v2_1_7_xlconcat is either unconnected or has no load
WARNING: [Synth 8-7129] Port In33[0] in module xlconcat_v2_1_7_xlconcat is either unconnected or has no load
WARNING: [Synth 8-7129] Port In34[0] in module xlconcat_v2_1_7_xlconcat is either unconnected or has no load
WARNING: [Synth 8-7129] Port In35[0] in module xlconcat_v2_1_7_xlconcat is either unconnected or has no load
WARNING: [Synth 8-7129] Port In36[0] in module xlconcat_v2_1_7_xlconcat is either unconnected or has no load
WARNING: [Synth 8-7129] Port In37[0] in module xlconcat_v2_1_7_xlconcat is either unconnected or has no load
WARNING: [Synth 8-7129] Port In38[0] in module xlconcat_v2_1_7_xlconcat is either unconnected or has no load
WARNING: [Synth 8-7129] Port In39[0] in module xlconcat_v2_1_7_xlconcat is either unconnected or has no load
WARNING: [Synth 8-7129] Port In40[0] in module xlconcat_v2_1_7_xlconcat is either unconnected or has no load
WARNING: [Synth 8-7129] Port In41[0] in module xlconcat_v2_1_7_xlconcat is either unconnected or has no load
WARNING: [Synth 8-7129] Port In42[0] in module xlconcat_v2_1_7_xlconcat is either unconnected or has no load
WARNING: [Synth 8-7129] Port In43[0] in module xlconcat_v2_1_7_xlconcat is either unconnected or has no load
WARNING: [Synth 8-7129] Port In44[0] in module xlconcat_v2_1_7_xlconcat is either unconnected or has no load
WARNING: [Synth 8-7129] Port In45[0] in module xlconcat_v2_1_7_xlconcat is either unconnected or has no load
WARNING: [Synth 8-7129] Port In46[0] in module xlconcat_v2_1_7_xlconcat is either unconnected or has no load
WARNING: [Synth 8-7129] Port In47[0] in module xlconcat_v2_1_7_xlconcat is either unconnected or has no load
WARNING: [Synth 8-7129] Port In48[0] in module xlconcat_v2_1_7_xlconcat is either unconnected or has no load
WARNING: [Synth 8-7129] Port In49[0] in module xlconcat_v2_1_7_xlconcat is either unconnected or has no load
WARNING: [Synth 8-7129] Port In50[0] in module xlconcat_v2_1_7_xlconcat is either unconnected or has no load
WARNING: [Synth 8-7129] Port In51[0] in module xlconcat_v2_1_7_xlconcat is either unconnected or has no load
WARNING: [Synth 8-7129] Port In52[0] in module xlconcat_v2_1_7_xlconcat is either unconnected or has no load
WARNING: [Synth 8-7129] Port In53[0] in module xlconcat_v2_1_7_xlconcat is either unconnected or has no load
WARNING: [Synth 8-7129] Port In54[0] in module xlconcat_v2_1_7_xlconcat is either unconnected or has no load
WARNING: [Synth 8-7129] Port In55[0] in module xlconcat_v2_1_7_xlconcat is either unconnected or has no load
WARNING: [Synth 8-7129] Port In56[0] in module xlconcat_v2_1_7_xlconcat is either unconnected or has no load
WARNING: [Synth 8-7129] Port In57[0] in module xlconcat_v2_1_7_xlconcat is either unconnected or has no load
WARNING: [Synth 8-7129] Port In58[0] in module xlconcat_v2_1_7_xlconcat is either unconnected or has no load
WARNING: [Synth 8-7129] Port In59[0] in module xlconcat_v2_1_7_xlconcat is either unconnected or has no load
WARNING: [Synth 8-7129] Port In60[0] in module xlconcat_v2_1_7_xlconcat is either unconnected or has no load
WARNING: [Synth 8-7129] Port In61[0] in module xlconcat_v2_1_7_xlconcat is either unconnected or has no load
WARNING: [Synth 8-7129] Port In62[0] in module xlconcat_v2_1_7_xlconcat is either unconnected or has no load
WARNING: [Synth 8-7129] Port In63[0] in module xlconcat_v2_1_7_xlconcat is either unconnected or has no load
WARNING: [Synth 8-7129] Port In64[0] in module xlconcat_v2_1_7_xlconcat is either unconnected or has no load
WARNING: [Synth 8-7129] Port In65[0] in module xlconcat_v2_1_7_xlconcat is either unconnected or has no load
WARNING: [Synth 8-7129] Port In66[0] in module xlconcat_v2_1_7_xlconcat is either unconnected or has no load
WARNING: [Synth 8-7129] Port In67[0] in module xlconcat_v2_1_7_xlconcat is either unconnected or has no load
WARNING: [Synth 8-7129] Port In68[0] in module xlconcat_v2_1_7_xlconcat is either unconnected or has no load
WARNING: [Synth 8-7129] Port In69[0] in module xlconcat_v2_1_7_xlconcat is either unconnected or has no load
WARNING: [Synth 8-7129] Port In70[0] in module xlconcat_v2_1_7_xlconcat is either unconnected or has no load
WARNING: [Synth 8-7129] Port In71[0] in module xlconcat_v2_1_7_xlconcat is either unconnected or has no load
WARNING: [Synth 8-7129] Port In72[0] in module xlconcat_v2_1_7_xlconcat is either unconnected or has no load
WARNING: [Synth 8-7129] Port In73[0] in module xlconcat_v2_1_7_xlconcat is either unconnected or has no load
WARNING: [Synth 8-7129] Port In74[0] in module xlconcat_v2_1_7_xlconcat is either unconnected or has no load
WARNING: [Synth 8-7129] Port In75[0] in module xlconcat_v2_1_7_xlconcat is either unconnected or has no load
WARNING: [Synth 8-7129] Port In76[0] in module xlconcat_v2_1_7_xlconcat is either unconnected or has no load
WARNING: [Synth 8-7129] Port In77[0] in module xlconcat_v2_1_7_xlconcat is either unconnected or has no load
WARNING: [Synth 8-7129] Port In78[0] in module xlconcat_v2_1_7_xlconcat is either unconnected or has no load
WARNING: [Synth 8-7129] Port In79[0] in module xlconcat_v2_1_7_xlconcat is either unconnected or has no load
WARNING: [Synth 8-7129] Port In80[0] in module xlconcat_v2_1_7_xlconcat is either unconnected or has no load
WARNING: [Synth 8-7129] Port In81[0] in module xlconcat_v2_1_7_xlconcat is either unconnected or has no load
WARNING: [Synth 8-7129] Port In82[0] in module xlconcat_v2_1_7_xlconcat is either unconnected or has no load
WARNING: [Synth 8-7129] Port In83[0] in module xlconcat_v2_1_7_xlconcat is either unconnected or has no load
WARNING: [Synth 8-7129] Port In84[0] in module xlconcat_v2_1_7_xlconcat is either unconnected or has no load
INFO: [Common 17-14] Message 'Synth 8-7129' appears 100 times and further instances of the messages will be disabled. Use the Tcl command set_msg_config to change the current settings.
---------------------------------------------------------------------------------
Finished RTL Elaboration : Time (s): cpu = 00:00:06 ; elapsed = 00:00:07 . Memory (MB): peak = 2343.547 ; gain = 454.852 ; free physical = 5266 ; free virtual = 22932
---------------------------------------------------------------------------------
---------------------------------------------------------------------------------
Start Handling Custom Attributes
---------------------------------------------------------------------------------
---------------------------------------------------------------------------------
Finished Handling Custom Attributes : Time (s): cpu = 00:00:07 ; elapsed = 00:00:07 . Memory (MB): peak = 2343.547 ; gain = 454.852 ; free physical = 5267 ; free virtual = 22932
---------------------------------------------------------------------------------
---------------------------------------------------------------------------------
Finished RTL Optimization Phase 1 : Time (s): cpu = 00:00:07 ; elapsed = 00:00:07 . Memory (MB): peak = 2343.547 ; gain = 454.852 ; free physical = 5267 ; free virtual = 22932
---------------------------------------------------------------------------------
Netlist sorting complete. Time (s): cpu = 00:00:00.03 ; elapsed = 00:00:00.03 . Memory (MB): peak = 2343.547 ; gain = 0.000 ; free physical = 5282 ; free virtual = 22948
INFO: [Netlist 29-17] Analyzing 22 Unisim elements for replacement
INFO: [Netlist 29-28] Unisim Transformation completed in 0 CPU seconds
INFO: [Project 1-570] Preparing netlist for logic optimization

Processing XDC Constraints
Initializing timing engine
Parsing XDC File [/home/intern/Downloads/Nexys-A7-100T-DMA-Audio-2018.2-1/vivado_proj_debug/Nexys-A7-100T-DMA-Audio.srcs/sources_1/bd/design_1/ip/design_1_dlmb_bram_if_cntlr_0/design_1_dlmb_bram_if_cntlr_0/design_1_dlmb_bram_if_cntlr_0_in_context.xdc] for cell 'design_1_i/microblaze_0_local_memory/dlmb_bram_if_cntlr'
Finished Parsing XDC File [/home/intern/Downloads/Nexys-A7-100T-DMA-Audio-2018.2-1/vivado_proj_debug/Nexys-A7-100T-DMA-Audio.srcs/sources_1/bd/design_1/ip/design_1_dlmb_bram_if_cntlr_0/design_1_dlmb_bram_if_cntlr_0/design_1_dlmb_bram_if_cntlr_0_in_context.xdc] for cell 'design_1_i/microblaze_0_local_memory/dlmb_bram_if_cntlr'
Parsing XDC File [/home/intern/Downloads/Nexys-A7-100T-DMA-Audio-2018.2-1/vivado_proj_debug/Nexys-A7-100T-DMA-Audio.srcs/sources_1/bd/design_1/ip/design_1_dlmb_v10_0/design_1_dlmb_v10_0/design_1_dlmb_v10_0_in_context.xdc] for cell 'design_1_i/microblaze_0_local_memory/dlmb_v10'
Finished Parsing XDC File [/home/intern/Downloads/Nexys-A7-100T-DMA-Audio-2018.2-1/vivado_proj_debug/Nexys-A7-100T-DMA-Audio.srcs/sources_1/bd/design_1/ip/design_1_dlmb_v10_0/design_1_dlmb_v10_0/design_1_dlmb_v10_0_in_context.xdc] for cell 'design_1_i/microblaze_0_local_memory/dlmb_v10'
Parsing XDC File [/home/intern/Downloads/Nexys-A7-100T-DMA-Audio-2018.2-1/vivado_proj_debug/Nexys-A7-100T-DMA-Audio.srcs/sources_1/bd/design_1/ip/design_1_ilmb_bram_if_cntlr_0/design_1_ilmb_bram_if_cntlr_0/design_1_ilmb_bram_if_cntlr_0_in_context.xdc] for cell 'design_1_i/microblaze_0_local_memory/ilmb_bram_if_cntlr'
Finished Parsing XDC File [/home/intern/Downloads/Nexys-A7-100T-DMA-Audio-2018.2-1/vivado_proj_debug/Nexys-A7-100T-DMA-Audio.srcs/sources_1/bd/design_1/ip/design_1_ilmb_bram_if_cntlr_0/design_1_ilmb_bram_if_cntlr_0/design_1_ilmb_bram_if_cntlr_0_in_context.xdc] for cell 'design_1_i/microblaze_0_local_memory/ilmb_bram_if_cntlr'
Parsing XDC File [/home/intern/Downloads/Nexys-A7-100T-DMA-Audio-2018.2-1/vivado_proj_debug/Nexys-A7-100T-DMA-Audio.srcs/sources_1/bd/design_1/ip/design_1_ilmb_v10_0/design_1_ilmb_v10_0/design_1_dlmb_v10_0_in_context.xdc] for cell 'design_1_i/microblaze_0_local_memory/ilmb_v10'
Finished Parsing XDC File [/home/intern/Downloads/Nexys-A7-100T-DMA-Audio-2018.2-1/vivado_proj_debug/Nexys-A7-100T-DMA-Audio.srcs/sources_1/bd/design_1/ip/design_1_ilmb_v10_0/design_1_ilmb_v10_0/design_1_dlmb_v10_0_in_context.xdc] for cell 'design_1_i/microblaze_0_local_memory/ilmb_v10'
Parsing XDC File [/home/intern/Downloads/Nexys-A7-100T-DMA-Audio-2018.2-1/vivado_proj_debug/Nexys-A7-100T-DMA-Audio.srcs/sources_1/bd/design_1/ip/design_1_lmb_bram_0/design_1_lmb_bram_0/design_1_lmb_bram_0_in_context.xdc] for cell 'design_1_i/microblaze_0_local_memory/lmb_bram'
Finished Parsing XDC File [/home/intern/Downloads/Nexys-A7-100T-DMA-Audio-2018.2-1/vivado_proj_debug/Nexys-A7-100T-DMA-Audio.srcs/sources_1/bd/design_1/ip/design_1_lmb_bram_0/design_1_lmb_bram_0/design_1_lmb_bram_0_in_context.xdc] for cell 'design_1_i/microblaze_0_local_memory/lmb_bram'
Parsing XDC File [/home/intern/Downloads/Nexys-A7-100T-DMA-Audio-2018.2-1/vivado_proj_debug/Nexys-A7-100T-DMA-Audio.srcs/sources_1/bd/design_1/ip/design_1_GPIO_IN_0/design_1_GPIO_IN_0/design_1_GPIO_IN_0_in_context.xdc] for cell 'design_1_i/GPIO_IN'
Finished Parsing XDC File [/home/intern/Downloads/Nexys-A7-100T-DMA-Audio-2018.2-1/vivado_proj_debug/Nexys-A7-100T-DMA-Audio.srcs/sources_1/bd/design_1/ip/design_1_GPIO_IN_0/design_1_GPIO_IN_0/design_1_GPIO_IN_0_in_context.xdc] for cell 'design_1_i/GPIO_IN'
Parsing XDC File [/home/intern/Downloads/Nexys-A7-100T-DMA-Audio-2018.2-1/vivado_proj_debug/Nexys-A7-100T-DMA-Audio.srcs/sources_1/bd/design_1/ip/design_1_axi_interconnect_0_upgraded_ipi_imp_xbar_0/design_1_axi_interconnect_0_upgraded_ipi_imp_xbar_0/design_1_axi_interconnect_0_upgraded_ipi_imp_xbar_0_in_context.xdc] for cell 'design_1_i/axi_interconnect_0/xbar'
Finished Parsing XDC File [/home/intern/Downloads/Nexys-A7-100T-DMA-Audio-2018.2-1/vivado_proj_debug/Nexys-A7-100T-DMA-Audio.srcs/sources_1/bd/design_1/ip/design_1_axi_interconnect_0_upgraded_ipi_imp_xbar_0/design_1_axi_interconnect_0_upgraded_ipi_imp_xbar_0/design_1_axi_interconnect_0_upgraded_ipi_imp_xbar_0_in_context.xdc] for cell 'design_1_i/axi_interconnect_0/xbar'
Parsing XDC File [/home/intern/Downloads/Nexys-A7-100T-DMA-Audio-2018.2-1/vivado_proj_debug/Nexys-A7-100T-DMA-Audio.srcs/sources_1/bd/design_1/ip/design_1_axi_interconnect_0_imp_auto_us_0/design_1_axi_interconnect_0_imp_auto_us_0/design_1_axi_interconnect_0_imp_auto_us_2_in_context.xdc] for cell 'design_1_i/axi_interconnect_0/s00_couplers/auto_us'
Finished Parsing XDC File [/home/intern/Downloads/Nexys-A7-100T-DMA-Audio-2018.2-1/vivado_proj_debug/Nexys-A7-100T-DMA-Audio.srcs/sources_1/bd/design_1/ip/design_1_axi_interconnect_0_imp_auto_us_0/design_1_axi_interconnect_0_imp_auto_us_0/design_1_axi_interconnect_0_imp_auto_us_2_in_context.xdc] for cell 'design_1_i/axi_interconnect_0/s00_couplers/auto_us'
Parsing XDC File [/home/intern/Downloads/Nexys-A7-100T-DMA-Audio-2018.2-1/vivado_proj_debug/Nexys-A7-100T-DMA-Audio.srcs/sources_1/bd/design_1/ip/design_1_axi_interconnect_0_imp_auto_us_1/design_1_axi_interconnect_0_imp_auto_us_1/design_1_axi_interconnect_0_imp_auto_us_0_in_context.xdc] for cell 'design_1_i/axi_interconnect_0/s01_couplers/auto_us'
Finished Parsing XDC File [/home/intern/Downloads/Nexys-A7-100T-DMA-Audio-2018.2-1/vivado_proj_debug/Nexys-A7-100T-DMA-Audio.srcs/sources_1/bd/design_1/ip/design_1_axi_interconnect_0_imp_auto_us_1/design_1_axi_interconnect_0_imp_auto_us_1/design_1_axi_interconnect_0_imp_auto_us_0_in_context.xdc] for cell 'design_1_i/axi_interconnect_0/s01_couplers/auto_us'
Parsing XDC File [/home/intern/Downloads/Nexys-A7-100T-DMA-Audio-2018.2-1/vivado_proj_debug/Nexys-A7-100T-DMA-Audio.srcs/sources_1/bd/design_1/ip/design_1_axi_uartlite_0_0/design_1_axi_uartlite_0_0/design_1_axi_uartlite_0_0_in_context.xdc] for cell 'design_1_i/axi_uartlite_0'
Finished Parsing XDC File [/home/intern/Downloads/Nexys-A7-100T-DMA-Audio-2018.2-1/vivado_proj_debug/Nexys-A7-100T-DMA-Audio.srcs/sources_1/bd/design_1/ip/design_1_axi_uartlite_0_0/design_1_axi_uartlite_0_0/design_1_axi_uartlite_0_0_in_context.xdc] for cell 'design_1_i/axi_uartlite_0'
Parsing XDC File [/home/intern/Downloads/Nexys-A7-100T-DMA-Audio-2018.2-1/vivado_proj_debug/Nexys-A7-100T-DMA-Audio.srcs/sources_1/bd/design_1/ip/design_1_clk_wiz_0_0/design_1_clk_wiz_0_0/design_1_clk_wiz_0_0_in_context.xdc] for cell 'design_1_i/clk_wiz_0'
Finished Parsing XDC File [/home/intern/Downloads/Nexys-A7-100T-DMA-Audio-2018.2-1/vivado_proj_debug/Nexys-A7-100T-DMA-Audio.srcs/sources_1/bd/design_1/ip/design_1_clk_wiz_0_0/design_1_clk_wiz_0_0/design_1_clk_wiz_0_0_in_context.xdc] for cell 'design_1_i/clk_wiz_0'
Parsing XDC File [/home/intern/Downloads/Nexys-A7-100T-DMA-Audio-2018.2-1/vivado_proj_debug/Nexys-A7-100T-DMA-Audio.srcs/sources_1/bd/design_1/ip/design_1_mdm_1_0/design_1_mdm_1_0/design_1_mdm_1_0_in_context.xdc] for cell 'design_1_i/mdm_1'
Finished Parsing XDC File [/home/intern/Downloads/Nexys-A7-100T-DMA-Audio-2018.2-1/vivado_proj_debug/Nexys-A7-100T-DMA-Audio.srcs/sources_1/bd/design_1/ip/design_1_mdm_1_0/design_1_mdm_1_0/design_1_mdm_1_0_in_context.xdc] for cell 'design_1_i/mdm_1'
Parsing XDC File [/home/intern/Downloads/Nexys-A7-100T-DMA-Audio-2018.2-1/vivado_proj_debug/Nexys-A7-100T-DMA-Audio.srcs/sources_1/bd/design_1/ip/design_1_microblaze_0_0/design_1_microblaze_0_0/design_1_microblaze_0_0_in_context.xdc] for cell 'design_1_i/microblaze_0'
Finished Parsing XDC File [/home/intern/Downloads/Nexys-A7-100T-DMA-Audio-2018.2-1/vivado_proj_debug/Nexys-A7-100T-DMA-Audio.srcs/sources_1/bd/design_1/ip/design_1_microblaze_0_0/design_1_microblaze_0_0/design_1_microblaze_0_0_in_context.xdc] for cell 'design_1_i/microblaze_0'
Parsing XDC File [/home/intern/Downloads/Nexys-A7-100T-DMA-Audio-2018.2-1/vivado_proj_debug/Nexys-A7-100T-DMA-Audio.srcs/sources_1/bd/design_1/ip/design_1_microblaze_0_axi_intc_0/design_1_microblaze_0_axi_intc_0/design_1_microblaze_0_axi_intc_0_in_context.xdc] for cell 'design_1_i/microblaze_0_axi_intc'
Finished Parsing XDC File [/home/intern/Downloads/Nexys-A7-100T-DMA-Audio-2018.2-1/vivado_proj_debug/Nexys-A7-100T-DMA-Audio.srcs/sources_1/bd/design_1/ip/design_1_microblaze_0_axi_intc_0/design_1_microblaze_0_axi_intc_0/design_1_microblaze_0_axi_intc_0_in_context.xdc] for cell 'design_1_i/microblaze_0_axi_intc'
Parsing XDC File [/home/intern/Downloads/Nexys-A7-100T-DMA-Audio-2018.2-1/vivado_proj_debug/Nexys-A7-100T-DMA-Audio.srcs/sources_1/bd/design_1/ip/design_1_microblaze_0_axi_periph_upgraded_ipi_imp_xbar_0/design_1_microblaze_0_axi_periph_upgraded_ipi_imp_xbar_0/design_1_microblaze_0_axi_periph_upgraded_ipi_imp_xbar_0_in_context.xdc] for cell 'design_1_i/microblaze_0_axi_periph/xbar'
Finished Parsing XDC File [/home/intern/Downloads/Nexys-A7-100T-DMA-Audio-2018.2-1/vivado_proj_debug/Nexys-A7-100T-DMA-Audio.srcs/sources_1/bd/design_1/ip/design_1_microblaze_0_axi_periph_upgraded_ipi_imp_xbar_0/design_1_microblaze_0_axi_periph_upgraded_ipi_imp_xbar_0/design_1_microblaze_0_axi_periph_upgraded_ipi_imp_xbar_0_in_context.xdc] for cell 'design_1_i/microblaze_0_axi_periph/xbar'
Parsing XDC File [/home/intern/Downloads/Nexys-A7-100T-DMA-Audio-2018.2-1/vivado_proj_debug/Nexys-A7-100T-DMA-Audio.srcs/sources_1/bd/design_1/ip/design_1_mig_7series_0_1/design_1_mig_7series_0_1/design_1_mig_7series_0_1_in_context.xdc] for cell 'design_1_i/mig_7series_0'
Finished Parsing XDC File [/home/intern/Downloads/Nexys-A7-100T-DMA-Audio-2018.2-1/vivado_proj_debug/Nexys-A7-100T-DMA-Audio.srcs/sources_1/bd/design_1/ip/design_1_mig_7series_0_1/design_1_mig_7series_0_1/design_1_mig_7series_0_1_in_context.xdc] for cell 'design_1_i/mig_7series_0'
Parsing XDC File [/home/intern/Downloads/Nexys-A7-100T-DMA-Audio-2018.2-1/vivado_proj_debug/Nexys-A7-100T-DMA-Audio.srcs/sources_1/bd/design_1/ip/design_1_rst_mig_7series_0_81M_0/design_1_rst_mig_7series_0_81M_0/design_1_rst_mig_7series_0_81M_0_in_context.xdc] for cell 'design_1_i/rst_mig_7series_0_81M'
Finished Parsing XDC File [/home/intern/Downloads/Nexys-A7-100T-DMA-Audio-2018.2-1/vivado_proj_debug/Nexys-A7-100T-DMA-Audio.srcs/sources_1/bd/design_1/ip/design_1_rst_mig_7series_0_81M_0/design_1_rst_mig_7series_0_81M_0/design_1_rst_mig_7series_0_81M_0_in_context.xdc] for cell 'design_1_i/rst_mig_7series_0_81M'
Parsing XDC File [/home/intern/Downloads/Nexys-A7-100T-DMA-Audio-2018.2-1/vivado_proj_debug/Nexys-A7-100T-DMA-Audio.srcs/sources_1/bd/design_1/ip/design_1_axi_gpio_0_0/design_1_axi_gpio_0_0/design_1_GPIO_OUT_0_in_context.xdc] for cell 'design_1_i/GPIO_OUT'
Finished Parsing XDC File [/home/intern/Downloads/Nexys-A7-100T-DMA-Audio-2018.2-1/vivado_proj_debug/Nexys-A7-100T-DMA-Audio.srcs/sources_1/bd/design_1/ip/design_1_axi_gpio_0_0/design_1_axi_gpio_0_0/design_1_GPIO_OUT_0_in_context.xdc] for cell 'design_1_i/GPIO_OUT'
Parsing XDC File [/home/intern/Downloads/Nexys-A7-100T-DMA-Audio-2018.2-1/vivado_proj_debug/Nexys-A7-100T-DMA-Audio.srcs/sources_1/bd/design_1/ip/design_1_axi_gpio_0_1/design_1_axi_gpio_0_1/design_1_axi_gpio_0_1_in_context.xdc] for cell 'design_1_i/GPIO_XY'
Finished Parsing XDC File [/home/intern/Downloads/Nexys-A7-100T-DMA-Audio-2018.2-1/vivado_proj_debug/Nexys-A7-100T-DMA-Audio.srcs/sources_1/bd/design_1/ip/design_1_axi_gpio_0_1/design_1_axi_gpio_0_1/design_1_axi_gpio_0_1_in_context.xdc] for cell 'design_1_i/GPIO_XY'
Parsing XDC File [/home/intern/Downloads/Nexys-A7-100T-DMA-Audio-2018.2-1/vivado_proj_debug/Nexys-A7-100T-DMA-Audio.srcs/sources_1/bd/design_1/ip/design_1_axi_gpio_0_2/design_1_axi_gpio_0_2/design_1_axi_gpio_0_2_in_context.xdc] for cell 'design_1_i/axi_gpio_0'
Finished Parsing XDC File [/home/intern/Downloads/Nexys-A7-100T-DMA-Audio-2018.2-1/vivado_proj_debug/Nexys-A7-100T-DMA-Audio.srcs/sources_1/bd/design_1/ip/design_1_axi_gpio_0_2/design_1_axi_gpio_0_2/design_1_axi_gpio_0_2_in_context.xdc] for cell 'design_1_i/axi_gpio_0'
Parsing XDC File [/home/intern/Downloads/Nexys-A7-100T-DMA-Audio-2018.2-1/vivado_proj_debug/Nexys-A7-100T-DMA-Audio.srcs/sources_1/bd/design_1/ip/design_1_top_FPMult_Test_0_1/design_1_top_FPMult_Test_0_1/design_1_top_FPMult_Test_0_1_in_context.xdc] for cell 'design_1_i/top_FPMult_Test_0'
Finished Parsing XDC File [/home/intern/Downloads/Nexys-A7-100T-DMA-Audio-2018.2-1/vivado_proj_debug/Nexys-A7-100T-DMA-Audio.srcs/sources_1/bd/design_1/ip/design_1_top_FPMult_Test_0_1/design_1_top_FPMult_Test_0_1/design_1_top_FPMult_Test_0_1_in_context.xdc] for cell 'design_1_i/top_FPMult_Test_0'
Parsing XDC File [/home/intern/Downloads/Nexys-A7-100T-DMA-Audio-2018.2-1/vivado_proj_debug/Nexys-A7-100T-DMA-Audio.srcs/constrs_1/imports/constraints/Nexys-A7-100T-Master.xdc]
Finished Parsing XDC File [/home/intern/Downloads/Nexys-A7-100T-DMA-Audio-2018.2-1/vivado_proj_debug/Nexys-A7-100T-DMA-Audio.srcs/constrs_1/imports/constraints/Nexys-A7-100T-Master.xdc]
Parsing XDC File [/home/intern/Downloads/Nexys-A7-100T-DMA-Audio-2018.2-1/vivado_proj_debug/Nexys-A7-100T-DMA-Audio.runs/synth_1/dont_touch.xdc]
Finished Parsing XDC File [/home/intern/Downloads/Nexys-A7-100T-DMA-Audio-2018.2-1/vivado_proj_debug/Nexys-A7-100T-DMA-Audio.runs/synth_1/dont_touch.xdc]
Completed Processing XDC Constraints

Netlist sorting complete. Time (s): cpu = 00:00:00 ; elapsed = 00:00:00 . Memory (MB): peak = 2442.012 ; gain = 0.000 ; free physical = 5292 ; free virtual = 22958
INFO: [Project 1-111] Unisim Transformation Summary:
  A total of 22 instances were transformed.
  IOBUF => IOBUF (IBUF, OBUFT): 22 instances

Constraint Validation Runtime : Time (s): cpu = 00:00:00 ; elapsed = 00:00:00.01 . Memory (MB): peak = 2442.047 ; gain = 0.000 ; free physical = 5292 ; free virtual = 22958
WARNING: [Timing 38-316] Clock period '20.000' specified during out-of-context synthesis of instance 'design_1_i/microblaze_0_local_memory/lmb_bram' at clock pin 'clka' is different from the actual clock period '12.308', this can lead to different synthesis results.
INFO: [Designutils 20-5440] No compile time benefit to using incremental synthesis; A full resynthesis will be run
INFO: [Designutils 20-4379] Flow is switching to default flow due to incremental criteria not met. If you would like to alter this behaviour and have the flow terminate instead, please set the following parameter config_implementation {autoIncr.Synth.RejectBehavior Terminate}
---------------------------------------------------------------------------------
Finished Constraint Validation : Time (s): cpu = 00:00:14 ; elapsed = 00:00:15 . Memory (MB): peak = 2442.047 ; gain = 553.352 ; free physical = 5360 ; free virtual = 23026
---------------------------------------------------------------------------------
---------------------------------------------------------------------------------
Start Loading Part and Timing Information
---------------------------------------------------------------------------------
Loading part: xc7a100tcsg324-1
---------------------------------------------------------------------------------
Finished Loading Part and Timing Information : Time (s): cpu = 00:00:14 ; elapsed = 00:00:15 . Memory (MB): peak = 2450.016 ; gain = 561.320 ; free physical = 5360 ; free virtual = 23026
---------------------------------------------------------------------------------
---------------------------------------------------------------------------------
Start Applying 'set_property' XDC Constraints
---------------------------------------------------------------------------------
---------------------------------------------------------------------------------
Finished applying 'set_property' XDC Constraints : Time (s): cpu = 00:00:15 ; elapsed = 00:00:15 . Memory (MB): peak = 2450.016 ; gain = 561.320 ; free physical = 5360 ; free virtual = 23025
---------------------------------------------------------------------------------
---------------------------------------------------------------------------------
Finished RTL Optimization Phase 2 : Time (s): cpu = 00:00:15 ; elapsed = 00:00:15 . Memory (MB): peak = 2450.016 ; gain = 561.320 ; free physical = 5364 ; free virtual = 23030
---------------------------------------------------------------------------------
---------------------------------------------------------------------------------
Start RTL Component Statistics 
---------------------------------------------------------------------------------
Detailed RTL Component Info : 
---------------------------------------------------------------------------------
Finished RTL Component Statistics 
---------------------------------------------------------------------------------
---------------------------------------------------------------------------------
Start Part Resource Summary
---------------------------------------------------------------------------------
Part Resources:
DSPs: 240 (col length:80)
BRAMs: 270 (col length: RAMB18 80 RAMB36 40)
---------------------------------------------------------------------------------
Finished Part Resource Summary
---------------------------------------------------------------------------------
---------------------------------------------------------------------------------
Start Cross Boundary and Area Optimization
---------------------------------------------------------------------------------
WARNING: [Synth 8-7080] Parallel synthesis criteria is not met
---------------------------------------------------------------------------------
Finished Cross Boundary and Area Optimization : Time (s): cpu = 00:00:16 ; elapsed = 00:00:17 . Memory (MB): peak = 2450.016 ; gain = 561.320 ; free physical = 5367 ; free virtual = 23039
---------------------------------------------------------------------------------
---------------------------------------------------------------------------------
Start Applying XDC Timing Constraints
---------------------------------------------------------------------------------
---------------------------------------------------------------------------------
Finished Applying XDC Timing Constraints : Time (s): cpu = 00:00:22 ; elapsed = 00:00:23 . Memory (MB): peak = 2500.016 ; gain = 611.320 ; free physical = 5297 ; free virtual = 22969
---------------------------------------------------------------------------------
---------------------------------------------------------------------------------
Start Technology Mapping
---------------------------------------------------------------------------------
---------------------------------------------------------------------------------
Finished Technology Mapping : Time (s): cpu = 00:00:22 ; elapsed = 00:00:23 . Memory (MB): peak = 2513.031 ; gain = 624.336 ; free physical = 5281 ; free virtual = 22953
---------------------------------------------------------------------------------
---------------------------------------------------------------------------------
Start IO Insertion
---------------------------------------------------------------------------------
---------------------------------------------------------------------------------
Start Final Netlist Cleanup
---------------------------------------------------------------------------------
---------------------------------------------------------------------------------
Finished Final Netlist Cleanup
---------------------------------------------------------------------------------
CRITICAL WARNING: [Synth 8-4442] BlackBox module GPIO_IN has unconnected pin gpio_io_i[4]
CRITICAL WARNING: [Synth 8-4442] BlackBox module GPIO_IN has unconnected pin gpio_io_i[3]
CRITICAL WARNING: [Synth 8-4442] BlackBox module GPIO_IN has unconnected pin gpio_io_i[2]
CRITICAL WARNING: [Synth 8-4442] BlackBox module GPIO_IN has unconnected pin gpio_io_i[1]
CRITICAL WARNING: [Synth 8-4442] BlackBox module GPIO_IN has unconnected pin gpio_io_i[0]
CRITICAL WARNING: [Synth 8-4442] BlackBox module GPIO_IN has unconnected pin gpio2_io_i[15]
CRITICAL WARNING: [Synth 8-4442] BlackBox module GPIO_IN has unconnected pin gpio2_io_i[14]
CRITICAL WARNING: [Synth 8-4442] BlackBox module GPIO_IN has unconnected pin gpio2_io_i[13]
CRITICAL WARNING: [Synth 8-4442] BlackBox module GPIO_IN has unconnected pin gpio2_io_i[12]
CRITICAL WARNING: [Synth 8-4442] BlackBox module GPIO_IN has unconnected pin gpio2_io_i[11]
CRITICAL WARNING: [Synth 8-4442] BlackBox module GPIO_IN has unconnected pin gpio2_io_i[10]
CRITICAL WARNING: [Synth 8-4442] BlackBox module GPIO_IN has unconnected pin gpio2_io_i[9]
CRITICAL WARNING: [Synth 8-4442] BlackBox module GPIO_IN has unconnected pin gpio2_io_i[8]
CRITICAL WARNING: [Synth 8-4442] BlackBox module GPIO_IN has unconnected pin gpio2_io_i[7]
CRITICAL WARNING: [Synth 8-4442] BlackBox module GPIO_IN has unconnected pin gpio2_io_i[6]
CRITICAL WARNING: [Synth 8-4442] BlackBox module GPIO_IN has unconnected pin gpio2_io_i[5]
CRITICAL WARNING: [Synth 8-4442] BlackBox module GPIO_IN has unconnected pin gpio2_io_i[4]
CRITICAL WARNING: [Synth 8-4442] BlackBox module GPIO_IN has unconnected pin gpio2_io_i[3]
CRITICAL WARNING: [Synth 8-4442] BlackBox module GPIO_IN has unconnected pin gpio2_io_i[2]
CRITICAL WARNING: [Synth 8-4442] BlackBox module GPIO_IN has unconnected pin gpio2_io_i[1]
CRITICAL WARNING: [Synth 8-4442] BlackBox module GPIO_IN has unconnected pin gpio2_io_i[0]
---------------------------------------------------------------------------------
Finished IO Insertion : Time (s): cpu = 00:00:26 ; elapsed = 00:00:27 . Memory (MB): peak = 2686.844 ; gain = 798.148 ; free physical = 5135 ; free virtual = 22807
---------------------------------------------------------------------------------
---------------------------------------------------------------------------------
Start Renaming Generated Instances
---------------------------------------------------------------------------------
---------------------------------------------------------------------------------
Finished Renaming Generated Instances : Time (s): cpu = 00:00:26 ; elapsed = 00:00:27 . Memory (MB): peak = 2686.844 ; gain = 798.148 ; free physical = 5135 ; free virtual = 22807
---------------------------------------------------------------------------------
---------------------------------------------------------------------------------
Start Handling Custom Attributes
---------------------------------------------------------------------------------
---------------------------------------------------------------------------------
Finished Handling Custom Attributes : Time (s): cpu = 00:00:26 ; elapsed = 00:00:27 . Memory (MB): peak = 2686.844 ; gain = 798.148 ; free physical = 5135 ; free virtual = 22807
---------------------------------------------------------------------------------
---------------------------------------------------------------------------------
Start Writing Synthesis Report
---------------------------------------------------------------------------------

Report BlackBoxes: 
+------+---------------------------------------------------------+----------+
|      |BlackBox name                                            |Instances |
+------+---------------------------------------------------------+----------+
|1     |design_1_GPIO_IN_0                                       |         1|
|2     |design_1_axi_gpio_0_0                                    |         1|
|3     |design_1_axi_gpio_0_1                                    |         1|
|4     |design_1_axi_gpio_0_2                                    |         1|
|5     |design_1_axi_interconnect_0_imp_auto_us_0                |         1|
|6     |design_1_axi_interconnect_0_imp_auto_us_1                |         1|
|7     |design_1_axi_interconnect_0_upgraded_ipi_imp_xbar_0      |         1|
|8     |design_1_axi_uartlite_0_0                                |         1|
|9     |design_1_clk_wiz_0_0                                     |         1|
|10    |design_1_mdm_1_0                                         |         1|
|11    |design_1_microblaze_0_0                                  |         1|
|12    |design_1_microblaze_0_axi_intc_0                         |         1|
|13    |design_1_microblaze_0_axi_periph_upgraded_ipi_imp_xbar_0 |         1|
|14    |design_1_dlmb_bram_if_cntlr_0                            |         1|
|15    |design_1_dlmb_v10_0                                      |         1|
|16    |design_1_ilmb_bram_if_cntlr_0                            |         1|
|17    |design_1_ilmb_v10_0                                      |         1|
|18    |design_1_lmb_bram_0                                      |         1|
|19    |design_1_mig_7series_0_1                                 |         1|
|20    |design_1_rst_mig_7series_0_81M_0                         |         1|
|21    |design_1_top_FPMult_Test_0_1                             |         1|
+------+---------------------------------------------------------+----------+

Report Cell Usage: 
+------+-------------------------------------------------------+------+
|      |Cell                                                   |Count |
+------+-------------------------------------------------------+------+
|1     |design_1_GPIO_IN                                       |     1|
|2     |design_1_axi_gpio_0                                    |     3|
|5     |design_1_axi_interconnect_0_imp_auto_us                |     2|
|7     |design_1_axi_interconnect_0_upgraded_ipi_imp_xbar      |     1|
|8     |design_1_axi_uartlite_0                                |     1|
|9     |design_1_clk_wiz_0                                     |     1|
|10    |design_1_dlmb_bram_if_cntlr                            |     1|
|11    |design_1_dlmb_v10                                      |     1|
|12    |design_1_ilmb_bram_if_cntlr                            |     1|
|13    |design_1_ilmb_v10                                      |     1|
|14    |design_1_lmb_bram                                      |     1|
|15    |design_1_mdm_1                                         |     1|
|16    |design_1_microblaze_0                                  |     1|
|17    |design_1_microblaze_0_axi_intc                         |     1|
|18    |design_1_microblaze_0_axi_periph_upgraded_ipi_imp_xbar |     1|
|19    |design_1_mig_7series_0                                 |     1|
|20    |design_1_rst_mig_7series_0_81M                         |     1|
|21    |design_1_top_FPMult_Test_0                             |     1|
|22    |IBUF                                                   |     2|
|23    |IOBUF                                                  |    22|
|24    |OBUF                                                   |     1|
+------+-------------------------------------------------------+------+
---------------------------------------------------------------------------------
Finished Writing Synthesis Report : Time (s): cpu = 00:00:26 ; elapsed = 00:00:27 . Memory (MB): peak = 2686.844 ; gain = 798.148 ; free physical = 5135 ; free virtual = 22807
---------------------------------------------------------------------------------
Synthesis finished with 0 errors, 21 critical warnings and 1 warnings.
Synthesis Optimization Runtime : Time (s): cpu = 00:00:24 ; elapsed = 00:00:24 . Memory (MB): peak = 2686.844 ; gain = 699.648 ; free physical = 5135 ; free virtual = 22807
Synthesis Optimization Complete : Time (s): cpu = 00:00:26 ; elapsed = 00:00:27 . Memory (MB): peak = 2686.852 ; gain = 798.148 ; free physical = 5135 ; free virtual = 22807
INFO: [Project 1-571] Translating synthesized netlist
Netlist sorting complete. Time (s): cpu = 00:00:00.02 ; elapsed = 00:00:00.02 . Memory (MB): peak = 2686.852 ; gain = 0.000 ; free physical = 5277 ; free virtual = 22949
INFO: [Netlist 29-17] Analyzing 22 Unisim elements for replacement
INFO: [Netlist 29-28] Unisim Transformation completed in 0 CPU seconds
INFO: [Project 1-570] Preparing netlist for logic optimization
INFO: [Opt 31-138] Pushed 0 inverter(s) to 0 load pin(s).
Netlist sorting complete. Time (s): cpu = 00:00:00 ; elapsed = 00:00:00 . Memory (MB): peak = 2686.852 ; gain = 0.000 ; free physical = 5281 ; free virtual = 22953
INFO: [Project 1-111] Unisim Transformation Summary:
  A total of 22 instances were transformed.
  IOBUF => IOBUF (IBUF, OBUFT): 22 instances

Synth Design complete | Checksum: 2fc0ffc5
INFO: [Common 17-83] Releasing license: Synthesis
114 Infos, 181 Warnings, 21 Critical Warnings and 0 Errors encountered.
synth_design completed successfully
synth_design: Time (s): cpu = 00:00:39 ; elapsed = 00:00:36 . Memory (MB): peak = 2686.879 ; gain = 1044.238 ; free physical = 5281 ; free virtual = 22953
INFO: [Common 17-2834] synth_design peak Physical Memory [PSS] (MB): overall = 1865.580; main = 1865.580; forked = 274.898
INFO: [Common 17-2834] synth_design peak Virtual Memory [VSS] (MB): overall = 3421.926; main = 2686.848; forked = 963.906
INFO: [runtcl-6] Synthesis results are not added to the cache due to CRITICAL_WARNING
Write ShapeDB Complete: Time (s): cpu = 00:00:00 ; elapsed = 00:00:00 . Memory (MB): peak = 2710.855 ; gain = 0.000 ; free physical = 5281 ; free virtual = 22953
INFO: [Common 17-1381] The checkpoint '/home/intern/Downloads/Nexys-A7-100T-DMA-Audio-2018.2-1/vivado_proj_debug/Nexys-A7-100T-DMA-Audio.runs/synth_1/design_1_wrapper.dcp' has been generated.
INFO: [Vivado 12-24828] Executing command : report_utilization -file design_1_wrapper_utilization_synth.rpt -pb design_1_wrapper_utilization_synth.pb
INFO: [Common 17-206] Exiting Vivado at Wed Sep 17 16:38:28 2025...
