
*** Running vivado
    with args -log multiplier_1clk.vds -m64 -product Vivado -mode batch -messageDb vivado.pb -notrace -source multiplier_1clk.tcl


****** Vivado v2022.2 (64-bit)
  **** SW Build 3671981 on Fri Oct 14 04:59:54 MDT 2022
  **** IP Build 3669848 on Fri Oct 14 08:30:02 MDT 2022
    ** Copyright 1986-2022 Xilinx, Inc. All Rights Reserved.

source multiplier_1clk.tcl -notrace
create_project: Time (s): cpu = 00:00:05 ; elapsed = 00:00:05 . Memory (MB): peak = 1702.383 ; gain = 86.996 ; free physical = 20906 ; free virtual = 33590
Command: synth_design -top multiplier_1clk -part xc7a100tcsg324-1
Starting synth_design
Attempting to get a license for feature 'Synthesis' and/or device 'xc7a100t'
INFO: [Common 17-349] Got license for feature 'Synthesis' and/or device 'xc7a100t'
INFO: [Device 21-403] Loading part xc7a100tcsg324-1
INFO: [Synth 8-7079] Multithreading enabled for synth_design using a maximum of 4 processes.
INFO: [Synth 8-7078] Launching helper process for spawning children vivado processes
INFO: [Synth 8-7075] Helper process launched with PID 58879
INFO: [Synth 8-11241] undeclared symbol 'REGCCE', assumed default net type 'wire' [/tools/Xilinx/Vivado/2022.2/data/verilog/src/unimacro/BRAM_SINGLE_MACRO.v:2170]
---------------------------------------------------------------------------------
Starting RTL Elaboration : Time (s): cpu = 00:00:04 ; elapsed = 00:00:04 . Memory (MB): peak = 2423.066 ; gain = 370.801 ; free physical = 20112 ; free virtual = 32793
Synthesis current peak Physical Memory [PSS] (MB): peak = 1847.139; parent = 1642.667; children = 204.472
Synthesis current peak Virtual Memory [VSS] (MB): peak = 3426.020; parent = 2423.070; children = 1002.949
---------------------------------------------------------------------------------
INFO: [Synth 8-638] synthesizing module 'multiplier_1clk' [/home/intern/Bendaou/stage_2025/Code VHDL/project/vhdl_files/frederik/multiplier_1clk.vhd:44]
INFO: [Synth 8-256] done synthesizing module 'multiplier_1clk' (0#1) [/home/intern/Bendaou/stage_2025/Code VHDL/project/vhdl_files/frederik/multiplier_1clk.vhd:44]
---------------------------------------------------------------------------------
Finished RTL Elaboration : Time (s): cpu = 00:00:05 ; elapsed = 00:00:05 . Memory (MB): peak = 2491.035 ; gain = 438.770 ; free physical = 20046 ; free virtual = 32728
Synthesis current peak Physical Memory [PSS] (MB): peak = 1847.139; parent = 1642.667; children = 204.472
Synthesis current peak Virtual Memory [VSS] (MB): peak = 3493.988; parent = 2491.039; children = 1002.949
---------------------------------------------------------------------------------
---------------------------------------------------------------------------------
Start Handling Custom Attributes
---------------------------------------------------------------------------------
---------------------------------------------------------------------------------
Finished Handling Custom Attributes : Time (s): cpu = 00:00:05 ; elapsed = 00:00:05 . Memory (MB): peak = 2508.848 ; gain = 456.582 ; free physical = 20046 ; free virtual = 32728
Synthesis current peak Physical Memory [PSS] (MB): peak = 1847.139; parent = 1642.667; children = 204.472
Synthesis current peak Virtual Memory [VSS] (MB): peak = 3511.801; parent = 2508.852; children = 1002.949
---------------------------------------------------------------------------------
---------------------------------------------------------------------------------
Finished RTL Optimization Phase 1 : Time (s): cpu = 00:00:05 ; elapsed = 00:00:05 . Memory (MB): peak = 2508.848 ; gain = 456.582 ; free physical = 20046 ; free virtual = 32728
Synthesis current peak Physical Memory [PSS] (MB): peak = 1847.139; parent = 1642.667; children = 204.472
Synthesis current peak Virtual Memory [VSS] (MB): peak = 3511.801; parent = 2508.852; children = 1002.949
---------------------------------------------------------------------------------
Netlist sorting complete. Time (s): cpu = 00:00:00 ; elapsed = 00:00:00.01 . Memory (MB): peak = 2508.848 ; gain = 0.000 ; free physical = 20046 ; free virtual = 32728
INFO: [Project 1-570] Preparing netlist for logic optimization

Processing XDC Constraints
Initializing timing engine
Parsing XDC File [/home/intern/Bendaou/stage_2025/Code VHDL/project/impl_results/MULT1CLK/200MHz/temp_200MHz.xdc]
WARNING: [Vivado 12-584] No ports matched 'done'. [/home/intern/Bendaou/stage_2025/Code VHDL/project/impl_results/MULT1CLK/200MHz/temp_200MHz.xdc:43]
CRITICAL WARNING: [Common 17-55] 'set_property' expects at least one object. [/home/intern/Bendaou/stage_2025/Code VHDL/project/impl_results/MULT1CLK/200MHz/temp_200MHz.xdc:43]
Resolution: If [get_<value>] was used to populate the object, check to make sure this command returns at least one valid object.
Finished Parsing XDC File [/home/intern/Bendaou/stage_2025/Code VHDL/project/impl_results/MULT1CLK/200MHz/temp_200MHz.xdc]
INFO: [Project 1-236] Implementation specific constraints were found while reading constraint file [/home/intern/Bendaou/stage_2025/Code VHDL/project/impl_results/MULT1CLK/200MHz/temp_200MHz.xdc]. These constraints will be ignored for synthesis but will be used in implementation. Impacted constraints are listed in the file [.Xil/multiplier_1clk_propImpl.xdc].
Resolution: To avoid this warning, move constraints listed in [.Xil/multiplier_1clk_propImpl.xdc] to another XDC file and exclude this new file from synthesis with the used_in_synthesis property (File Properties dialog in GUI) and re-run elaboration/synthesis.
Completed Processing XDC Constraints

Netlist sorting complete. Time (s): cpu = 00:00:00 ; elapsed = 00:00:00 . Memory (MB): peak = 2645.598 ; gain = 0.000 ; free physical = 20056 ; free virtual = 32737
INFO: [Project 1-111] Unisim Transformation Summary:
No Unisim elements were transformed.

Constraint Validation Runtime : Time (s): cpu = 00:00:00 ; elapsed = 00:00:00 . Memory (MB): peak = 2645.598 ; gain = 0.000 ; free physical = 20056 ; free virtual = 32737
INFO: [Synth 8-11241] undeclared symbol 'REGCCE', assumed default net type 'wire' [/tools/Xilinx/Vivado/2022.2/data/verilog/src/unimacro/BRAM_SINGLE_MACRO.v:2170]
---------------------------------------------------------------------------------
Finished Constraint Validation : Time (s): cpu = 00:00:11 ; elapsed = 00:00:12 . Memory (MB): peak = 2645.598 ; gain = 593.332 ; free physical = 20018 ; free virtual = 32699
Synthesis current peak Physical Memory [PSS] (MB): peak = 1847.139; parent = 1642.667; children = 204.472
Synthesis current peak Virtual Memory [VSS] (MB): peak = 3616.535; parent = 2613.586; children = 1002.949
---------------------------------------------------------------------------------
---------------------------------------------------------------------------------
Start Loading Part and Timing Information
---------------------------------------------------------------------------------
Loading part: xc7a100tcsg324-1
---------------------------------------------------------------------------------
Finished Loading Part and Timing Information : Time (s): cpu = 00:00:11 ; elapsed = 00:00:12 . Memory (MB): peak = 2645.598 ; gain = 593.332 ; free physical = 20018 ; free virtual = 32699
Synthesis current peak Physical Memory [PSS] (MB): peak = 1847.139; parent = 1642.667; children = 204.472
Synthesis current peak Virtual Memory [VSS] (MB): peak = 3616.535; parent = 2613.586; children = 1002.949
---------------------------------------------------------------------------------
---------------------------------------------------------------------------------
Start Applying 'set_property' XDC Constraints
---------------------------------------------------------------------------------
---------------------------------------------------------------------------------
Finished applying 'set_property' XDC Constraints : Time (s): cpu = 00:00:11 ; elapsed = 00:00:12 . Memory (MB): peak = 2645.598 ; gain = 593.332 ; free physical = 20018 ; free virtual = 32699
Synthesis current peak Physical Memory [PSS] (MB): peak = 1847.139; parent = 1642.667; children = 204.472
Synthesis current peak Virtual Memory [VSS] (MB): peak = 3616.535; parent = 2613.586; children = 1002.949
---------------------------------------------------------------------------------
---------------------------------------------------------------------------------
Finished RTL Optimization Phase 2 : Time (s): cpu = 00:00:11 ; elapsed = 00:00:12 . Memory (MB): peak = 2645.598 ; gain = 593.332 ; free physical = 20018 ; free virtual = 32700
Synthesis current peak Physical Memory [PSS] (MB): peak = 1847.139; parent = 1642.667; children = 204.472
Synthesis current peak Virtual Memory [VSS] (MB): peak = 3616.535; parent = 2613.586; children = 1002.949
---------------------------------------------------------------------------------
---------------------------------------------------------------------------------
Start RTL Component Statistics 
---------------------------------------------------------------------------------
Detailed RTL Component Info : 
+---Registers : 
	               16 Bit    Registers := 1     
	                1 Bit    Registers := 2     
---------------------------------------------------------------------------------
Finished RTL Component Statistics 
---------------------------------------------------------------------------------
---------------------------------------------------------------------------------
Start Part Resource Summary
---------------------------------------------------------------------------------
Part Resources:
DSPs: 240 (col length:80)
BRAMs: 270 (col length: RAMB18 80 RAMB36 40)
---------------------------------------------------------------------------------
Finished Part Resource Summary
---------------------------------------------------------------------------------
---------------------------------------------------------------------------------
Start Cross Boundary and Area Optimization
---------------------------------------------------------------------------------
WARNING: [Synth 8-7080] Parallel synthesis criteria is not met
---------------------------------------------------------------------------------
Finished Cross Boundary and Area Optimization : Time (s): cpu = 00:00:12 ; elapsed = 00:00:13 . Memory (MB): peak = 2645.598 ; gain = 593.332 ; free physical = 20026 ; free virtual = 32711
Synthesis current peak Physical Memory [PSS] (MB): peak = 1847.139; parent = 1642.667; children = 204.472
Synthesis current peak Virtual Memory [VSS] (MB): peak = 3616.535; parent = 2613.586; children = 1002.949
---------------------------------------------------------------------------------
---------------------------------------------------------------------------------
Start Applying XDC Timing Constraints
---------------------------------------------------------------------------------
---------------------------------------------------------------------------------
Finished Applying XDC Timing Constraints : Time (s): cpu = 00:00:17 ; elapsed = 00:00:18 . Memory (MB): peak = 2645.598 ; gain = 593.332 ; free physical = 20079 ; free virtual = 32774
Synthesis current peak Physical Memory [PSS] (MB): peak = 1931.404; parent = 1726.995; children = 204.472
Synthesis current peak Virtual Memory [VSS] (MB): peak = 3616.535; parent = 2613.586; children = 1002.949
---------------------------------------------------------------------------------
---------------------------------------------------------------------------------
Start Timing Optimization
---------------------------------------------------------------------------------
---------------------------------------------------------------------------------
Finished Timing Optimization : Time (s): cpu = 00:00:17 ; elapsed = 00:00:18 . Memory (MB): peak = 2645.598 ; gain = 593.332 ; free physical = 20079 ; free virtual = 32774
Synthesis current peak Physical Memory [PSS] (MB): peak = 1931.666; parent = 1727.257; children = 204.472
Synthesis current peak Virtual Memory [VSS] (MB): peak = 3616.535; parent = 2613.586; children = 1002.949
---------------------------------------------------------------------------------
---------------------------------------------------------------------------------
Start Technology Mapping
---------------------------------------------------------------------------------
---------------------------------------------------------------------------------
Finished Technology Mapping : Time (s): cpu = 00:00:17 ; elapsed = 00:00:18 . Memory (MB): peak = 2645.598 ; gain = 593.332 ; free physical = 20063 ; free virtual = 32758
Synthesis current peak Physical Memory [PSS] (MB): peak = 1932.291; parent = 1727.882; children = 204.472
Synthesis current peak Virtual Memory [VSS] (MB): peak = 3616.535; parent = 2613.586; children = 1002.949
---------------------------------------------------------------------------------
---------------------------------------------------------------------------------
Start IO Insertion
---------------------------------------------------------------------------------
---------------------------------------------------------------------------------
Start Flattening Before IO Insertion
---------------------------------------------------------------------------------
---------------------------------------------------------------------------------
Finished Flattening Before IO Insertion
---------------------------------------------------------------------------------
---------------------------------------------------------------------------------
Start Final Netlist Cleanup
---------------------------------------------------------------------------------
---------------------------------------------------------------------------------
Finished Final Netlist Cleanup
---------------------------------------------------------------------------------
---------------------------------------------------------------------------------
Finished IO Insertion : Time (s): cpu = 00:00:20 ; elapsed = 00:00:21 . Memory (MB): peak = 2645.598 ; gain = 593.332 ; free physical = 20061 ; free virtual = 32753
Synthesis current peak Physical Memory [PSS] (MB): peak = 1932.494; parent = 1728.085; children = 204.472
Synthesis current peak Virtual Memory [VSS] (MB): peak = 3616.535; parent = 2613.586; children = 1002.949
---------------------------------------------------------------------------------
---------------------------------------------------------------------------------
Start Renaming Generated Instances
---------------------------------------------------------------------------------
---------------------------------------------------------------------------------
Finished Renaming Generated Instances : Time (s): cpu = 00:00:20 ; elapsed = 00:00:21 . Memory (MB): peak = 2645.598 ; gain = 593.332 ; free physical = 20061 ; free virtual = 32753
Synthesis current peak Physical Memory [PSS] (MB): peak = 1932.494; parent = 1728.085; children = 204.472
Synthesis current peak Virtual Memory [VSS] (MB): peak = 3616.535; parent = 2613.586; children = 1002.949
---------------------------------------------------------------------------------
---------------------------------------------------------------------------------
Start Rebuilding User Hierarchy
---------------------------------------------------------------------------------
---------------------------------------------------------------------------------
Finished Rebuilding User Hierarchy : Time (s): cpu = 00:00:20 ; elapsed = 00:00:21 . Memory (MB): peak = 2645.598 ; gain = 593.332 ; free physical = 20061 ; free virtual = 32753
Synthesis current peak Physical Memory [PSS] (MB): peak = 1932.510; parent = 1728.101; children = 204.472
Synthesis current peak Virtual Memory [VSS] (MB): peak = 3616.535; parent = 2613.586; children = 1002.949
---------------------------------------------------------------------------------
---------------------------------------------------------------------------------
Start Renaming Generated Ports
---------------------------------------------------------------------------------
---------------------------------------------------------------------------------
Finished Renaming Generated Ports : Time (s): cpu = 00:00:20 ; elapsed = 00:00:21 . Memory (MB): peak = 2645.598 ; gain = 593.332 ; free physical = 20061 ; free virtual = 32753
Synthesis current peak Physical Memory [PSS] (MB): peak = 1932.588; parent = 1728.179; children = 204.472
Synthesis current peak Virtual Memory [VSS] (MB): peak = 3616.535; parent = 2613.586; children = 1002.949
---------------------------------------------------------------------------------
---------------------------------------------------------------------------------
Start Handling Custom Attributes
---------------------------------------------------------------------------------
---------------------------------------------------------------------------------
Finished Handling Custom Attributes : Time (s): cpu = 00:00:20 ; elapsed = 00:00:21 . Memory (MB): peak = 2645.598 ; gain = 593.332 ; free physical = 20061 ; free virtual = 32753
Synthesis current peak Physical Memory [PSS] (MB): peak = 1932.588; parent = 1728.179; children = 204.472
Synthesis current peak Virtual Memory [VSS] (MB): peak = 3616.535; parent = 2613.586; children = 1002.949
---------------------------------------------------------------------------------
---------------------------------------------------------------------------------
Start Renaming Generated Nets
---------------------------------------------------------------------------------
---------------------------------------------------------------------------------
Finished Renaming Generated Nets : Time (s): cpu = 00:00:20 ; elapsed = 00:00:21 . Memory (MB): peak = 2645.598 ; gain = 593.332 ; free physical = 20061 ; free virtual = 32753
Synthesis current peak Physical Memory [PSS] (MB): peak = 1932.619; parent = 1728.210; children = 204.472
Synthesis current peak Virtual Memory [VSS] (MB): peak = 3616.535; parent = 2613.586; children = 1002.949
---------------------------------------------------------------------------------
---------------------------------------------------------------------------------
Start Writing Synthesis Report
---------------------------------------------------------------------------------

Report BlackBoxes: 
+-+--------------+----------+
| |BlackBox name |Instances |
+-+--------------+----------+
+-+--------------+----------+

Report Cell Usage: 
+------+-----+------+
|      |Cell |Count |
+------+-----+------+
|1     |BUFG |     1|
|2     |FDCE |     2|
|3     |IBUF |     3|
|4     |OBUF |    19|
+------+-----+------+
---------------------------------------------------------------------------------
Finished Writing Synthesis Report : Time (s): cpu = 00:00:20 ; elapsed = 00:00:21 . Memory (MB): peak = 2645.598 ; gain = 593.332 ; free physical = 20061 ; free virtual = 32753
Synthesis current peak Physical Memory [PSS] (MB): peak = 1932.635; parent = 1728.226; children = 204.472
Synthesis current peak Virtual Memory [VSS] (MB): peak = 3616.535; parent = 2613.586; children = 1002.949
---------------------------------------------------------------------------------
Synthesis finished with 0 errors, 0 critical warnings and 1 warnings.
Synthesis Optimization Runtime : Time (s): cpu = 00:00:18 ; elapsed = 00:00:20 . Memory (MB): peak = 2645.598 ; gain = 456.582 ; free physical = 20085 ; free virtual = 32777
Synthesis Optimization Complete : Time (s): cpu = 00:00:20 ; elapsed = 00:00:22 . Memory (MB): peak = 2645.598 ; gain = 593.332 ; free physical = 20085 ; free virtual = 32777
INFO: [Project 1-571] Translating synthesized netlist
Netlist sorting complete. Time (s): cpu = 00:00:00 ; elapsed = 00:00:00 . Memory (MB): peak = 2645.598 ; gain = 0.000 ; free physical = 20085 ; free virtual = 32777
INFO: [Project 1-570] Preparing netlist for logic optimization
INFO: [Opt 31-138] Pushed 0 inverter(s) to 0 load pin(s).
Netlist sorting complete. Time (s): cpu = 00:00:00 ; elapsed = 00:00:00 . Memory (MB): peak = 2645.598 ; gain = 0.000 ; free physical = 20169 ; free virtual = 32861
INFO: [Project 1-111] Unisim Transformation Summary:
No Unisim elements were transformed.

Synth Design complete, checksum: 893b5285
INFO: [Common 17-83] Releasing license: Synthesis
17 Infos, 2 Warnings, 1 Critical Warnings and 0 Errors encountered.
synth_design completed successfully
synth_design: Time (s): cpu = 00:00:27 ; elapsed = 00:00:26 . Memory (MB): peak = 2645.598 ; gain = 943.215 ; free physical = 20314 ; free virtual = 33006
INFO: [runtcl-6] Synthesis results are not added to the cache due to CRITICAL_WARNING
INFO: [Common 17-1381] The checkpoint '/home/intern/Bendaou/stage_2025/Code VHDL/project/impl_results/MULT1CLK/200MHz/impl_MULT1CLK_200MHz.runs/synth_1/multiplier_1clk.dcp' has been generated.
INFO: [runtcl-4] Executing : report_utilization -file multiplier_1clk_utilization_synth.rpt -pb multiplier_1clk_utilization_synth.pb
INFO: [Common 17-206] Exiting Vivado at Thu Jul 24 11:40:36 2025...
