
*** Running vivado
    with args -log top_MAC_Test.vdi -applog -m64 -product Vivado -messageDb vivado.pb -mode batch -source top_MAC_Test.tcl -notrace


****** Vivado v2022.2 (64-bit)
  **** SW Build 3671981 on Fri Oct 14 04:59:54 MDT 2022
  **** IP Build 3669848 on Fri Oct 14 08:30:02 MDT 2022
    ** Copyright 1986-2022 Xilinx, Inc. All Rights Reserved.

source top_MAC_Test.tcl -notrace
Command: link_design -top top_MAC_Test -part xc7a100tcsg324-1
Design is defaulting to srcset: sources_1
Design is defaulting to constrset: constrs_1
INFO: [Device 21-403] Loading part xc7a100tcsg324-1
Netlist sorting complete. Time (s): cpu = 00:00:00 ; elapsed = 00:00:00 . Memory (MB): peak = 2063.781 ; gain = 0.000 ; free physical = 24253 ; free virtual = 35774
INFO: [Netlist 29-17] Analyzing 17 Unisim elements for replacement
INFO: [Netlist 29-28] Unisim Transformation completed in 0 CPU seconds
INFO: [Project 1-479] Netlist was created with Vivado 2022.2
INFO: [Project 1-570] Preparing netlist for logic optimization
Parsing XDC File [/home/intern/Bendaou/stage_2025/Code VHDL/project/impl_results/MAC/400MHz/temp_400MHz.xdc]
Finished Parsing XDC File [/home/intern/Bendaou/stage_2025/Code VHDL/project/impl_results/MAC/400MHz/temp_400MHz.xdc]
INFO: [Opt 31-138] Pushed 0 inverter(s) to 0 load pin(s).
Netlist sorting complete. Time (s): cpu = 00:00:00 ; elapsed = 00:00:00 . Memory (MB): peak = 2224.246 ; gain = 0.000 ; free physical = 24146 ; free virtual = 35668
INFO: [Project 1-111] Unisim Transformation Summary:
No Unisim elements were transformed.

7 Infos, 0 Warnings, 0 Critical Warnings and 0 Errors encountered.
link_design completed successfully
link_design: Time (s): cpu = 00:00:05 ; elapsed = 00:00:05 . Memory (MB): peak = 2224.246 ; gain = 508.410 ; free physical = 24146 ; free virtual = 35668
Command: opt_design
Attempting to get a license for feature 'Implementation' and/or device 'xc7a100t'
INFO: [Common 17-349] Got license for feature 'Implementation' and/or device 'xc7a100t'
Running DRC as a precondition to command opt_design

Starting DRC Task
INFO: [DRC 23-27] Running DRC with 8 threads
INFO: [Project 1-461] DRC finished with 0 Errors
INFO: [Project 1-462] Please refer to the DRC report (report_drc) for more information.

Time (s): cpu = 00:00:01 ; elapsed = 00:00:00.74 . Memory (MB): peak = 2314.027 ; gain = 89.781 ; free physical = 24145 ; free virtual = 35666

Starting Cache Timing Information Task
INFO: [Timing 38-35] Done setting XDC timing constraints.
Ending Cache Timing Information Task | Checksum: 17cea1fed

Time (s): cpu = 00:00:06 ; elapsed = 00:00:06 . Memory (MB): peak = 2707.887 ; gain = 393.859 ; free physical = 23771 ; free virtual = 35293

Starting Logic Optimization Task

Phase 1 Retarget
INFO: [Opt 31-138] Pushed 0 inverter(s) to 0 load pin(s).
INFO: [Opt 31-49] Retargeted 0 cell(s).
Phase 1 Retarget | Checksum: 17cea1fed

Time (s): cpu = 00:00:00.1 ; elapsed = 00:00:00.04 . Memory (MB): peak = 2986.777 ; gain = 0.000 ; free physical = 23525 ; free virtual = 35046
INFO: [Opt 31-389] Phase Retarget created 0 cells and removed 0 cells

Phase 2 Constant propagation
INFO: [Opt 31-138] Pushed 0 inverter(s) to 0 load pin(s).
Phase 2 Constant propagation | Checksum: 17cea1fed

Time (s): cpu = 00:00:00.11 ; elapsed = 00:00:00.04 . Memory (MB): peak = 2986.777 ; gain = 0.000 ; free physical = 23525 ; free virtual = 35046
INFO: [Opt 31-389] Phase Constant propagation created 0 cells and removed 0 cells

Phase 3 Sweep
Phase 3 Sweep | Checksum: 15d1dcfe5

Time (s): cpu = 00:00:00.11 ; elapsed = 00:00:00.05 . Memory (MB): peak = 2986.777 ; gain = 0.000 ; free physical = 23525 ; free virtual = 35046
INFO: [Opt 31-389] Phase Sweep created 0 cells and removed 0 cells

Phase 4 BUFG optimization
Phase 4 BUFG optimization | Checksum: 15d1dcfe5

Time (s): cpu = 00:00:00.13 ; elapsed = 00:00:00.06 . Memory (MB): peak = 3018.793 ; gain = 32.016 ; free physical = 23525 ; free virtual = 35046
INFO: [Opt 31-662] Phase BUFG optimization created 0 cells of which 0 are BUFGs and removed 0 cells.

Phase 5 Shift Register Optimization
INFO: [Opt 31-1064] SRL Remap converted 0 SRLs to 0 registers and converted 0 registers of register chains to 0 SRLs
Phase 5 Shift Register Optimization | Checksum: 15d1dcfe5

Time (s): cpu = 00:00:00.13 ; elapsed = 00:00:00.07 . Memory (MB): peak = 3018.793 ; gain = 32.016 ; free physical = 23525 ; free virtual = 35046
INFO: [Opt 31-389] Phase Shift Register Optimization created 0 cells and removed 0 cells

Phase 6 Post Processing Netlist
Phase 6 Post Processing Netlist | Checksum: 15d1dcfe5

Time (s): cpu = 00:00:00.14 ; elapsed = 00:00:00.07 . Memory (MB): peak = 3018.793 ; gain = 32.016 ; free physical = 23525 ; free virtual = 35046
INFO: [Opt 31-389] Phase Post Processing Netlist created 0 cells and removed 0 cells
Opt_design Change Summary
=========================


-------------------------------------------------------------------------------------------------------------------------
|  Phase                        |  #Cells created  |  #Cells Removed  |  #Constrained objects preventing optimizations  |
-------------------------------------------------------------------------------------------------------------------------
|  Retarget                     |               0  |               0  |                                              0  |
|  Constant propagation         |               0  |               0  |                                              0  |
|  Sweep                        |               0  |               0  |                                              0  |
|  BUFG optimization            |               0  |               0  |                                              0  |
|  Shift Register Optimization  |               0  |               0  |                                              0  |
|  Post Processing Netlist      |               0  |               0  |                                              0  |
-------------------------------------------------------------------------------------------------------------------------



Starting Connectivity Check Task

Time (s): cpu = 00:00:00 ; elapsed = 00:00:00 . Memory (MB): peak = 3018.793 ; gain = 0.000 ; free physical = 23525 ; free virtual = 35046
Ending Logic Optimization Task | Checksum: 1455557dd

Time (s): cpu = 00:00:00.15 ; elapsed = 00:00:00.08 . Memory (MB): peak = 3018.793 ; gain = 32.016 ; free physical = 23525 ; free virtual = 35046

Starting Power Optimization Task
INFO: [Pwropt 34-132] Skipping clock gating for clocks with a period < 2.00 ns.
Ending Power Optimization Task | Checksum: 1455557dd

Time (s): cpu = 00:00:00 ; elapsed = 00:00:00.01 . Memory (MB): peak = 3018.793 ; gain = 0.000 ; free physical = 23525 ; free virtual = 35047

Starting Final Cleanup Task
Ending Final Cleanup Task | Checksum: 1455557dd

Time (s): cpu = 00:00:00.01 ; elapsed = 00:00:00 . Memory (MB): peak = 3018.793 ; gain = 0.000 ; free physical = 23525 ; free virtual = 35047

Starting Netlist Obfuscation Task
Netlist sorting complete. Time (s): cpu = 00:00:00 ; elapsed = 00:00:00 . Memory (MB): peak = 3018.793 ; gain = 0.000 ; free physical = 23525 ; free virtual = 35047
Ending Netlist Obfuscation Task | Checksum: 1455557dd

Time (s): cpu = 00:00:00 ; elapsed = 00:00:00 . Memory (MB): peak = 3018.793 ; gain = 0.000 ; free physical = 23525 ; free virtual = 35047
INFO: [Common 17-83] Releasing license: Implementation
24 Infos, 0 Warnings, 0 Critical Warnings and 0 Errors encountered.
opt_design completed successfully
opt_design: Time (s): cpu = 00:00:09 ; elapsed = 00:00:09 . Memory (MB): peak = 3018.793 ; gain = 794.547 ; free physical = 23525 ; free virtual = 35047
INFO: [Timing 38-480] Writing timing data to binary archive.
Writing XDEF routing.
Writing XDEF routing logical nets.
Writing XDEF routing special nets.
Write XDEF Complete: Time (s): cpu = 00:00:00.12 ; elapsed = 00:00:00.03 . Memory (MB): peak = 3058.812 ; gain = 32.016 ; free physical = 23519 ; free virtual = 35041
INFO: [Common 17-1381] The checkpoint '/home/intern/Bendaou/stage_2025/Code VHDL/project/impl_results/MAC/400MHz/impl_MAC_400MHz.runs/impl_1/top_MAC_Test_opt.dcp' has been generated.
INFO: [runtcl-4] Executing : report_drc -file top_MAC_Test_drc_opted.rpt -pb top_MAC_Test_drc_opted.pb -rpx top_MAC_Test_drc_opted.rpx
Command: report_drc -file top_MAC_Test_drc_opted.rpt -pb top_MAC_Test_drc_opted.pb -rpx top_MAC_Test_drc_opted.rpx
INFO: [IP_Flow 19-234] Refreshing IP repositories
INFO: [IP_Flow 19-1704] No user IP repositories specified
INFO: [IP_Flow 19-2313] Loaded Vivado IP repository '/tools/Xilinx/Vivado/2022.2/data/ip'.
INFO: [DRC 23-27] Running DRC with 8 threads
INFO: [Vivado_Tcl 2-168] The results of DRC are in file /home/intern/Bendaou/stage_2025/Code VHDL/project/impl_results/MAC/400MHz/impl_MAC_400MHz.runs/impl_1/top_MAC_Test_drc_opted.rpt.
report_drc completed successfully
Command: place_design
Attempting to get a license for feature 'Implementation' and/or device 'xc7a100t'
INFO: [Common 17-349] Got license for feature 'Implementation' and/or device 'xc7a100t'
INFO: [DRC 23-27] Running DRC with 8 threads
INFO: [Vivado_Tcl 4-198] DRC finished with 0 Errors
INFO: [Vivado_Tcl 4-199] Please refer to the DRC report (report_drc) for more information.
Running DRC as a precondition to command place_design
INFO: [DRC 23-27] Running DRC with 8 threads
INFO: [Vivado_Tcl 4-198] DRC finished with 0 Errors
INFO: [Vivado_Tcl 4-199] Please refer to the DRC report (report_drc) for more information.

Starting Placer Task
INFO: [Place 30-611] Multithreading enabled for place_design using a maximum of 8 CPUs

Phase 1 Placer Initialization

Phase 1.1 Placer Initialization Netlist Sorting
Netlist sorting complete. Time (s): cpu = 00:00:00 ; elapsed = 00:00:00 . Memory (MB): peak = 3137.719 ; gain = 0.000 ; free physical = 23502 ; free virtual = 35023
Phase 1.1 Placer Initialization Netlist Sorting | Checksum: ba635261

Time (s): cpu = 00:00:00.01 ; elapsed = 00:00:00 . Memory (MB): peak = 3137.719 ; gain = 0.000 ; free physical = 23502 ; free virtual = 35023
Netlist sorting complete. Time (s): cpu = 00:00:00 ; elapsed = 00:00:00 . Memory (MB): peak = 3137.719 ; gain = 0.000 ; free physical = 23502 ; free virtual = 35023

Phase 1.2 IO Placement/ Clock Placement/ Build Placer Device
INFO: [Timing 38-35] Done setting XDC timing constraints.
Phase 1.2 IO Placement/ Clock Placement/ Build Placer Device | Checksum: d8021066

Time (s): cpu = 00:00:00.57 ; elapsed = 00:00:00.25 . Memory (MB): peak = 3137.719 ; gain = 0.000 ; free physical = 23500 ; free virtual = 35022

Phase 1.3 Build Placer Netlist Model
Phase 1.3 Build Placer Netlist Model | Checksum: 10ebf472f

Time (s): cpu = 00:00:00.96 ; elapsed = 00:00:00.43 . Memory (MB): peak = 3137.719 ; gain = 0.000 ; free physical = 23500 ; free virtual = 35022

Phase 1.4 Constrain Clocks/Macros
Phase 1.4 Constrain Clocks/Macros | Checksum: 10ebf472f

Time (s): cpu = 00:00:00.96 ; elapsed = 00:00:00.43 . Memory (MB): peak = 3137.719 ; gain = 0.000 ; free physical = 23500 ; free virtual = 35022
Phase 1 Placer Initialization | Checksum: 10ebf472f

Time (s): cpu = 00:00:00.97 ; elapsed = 00:00:00.44 . Memory (MB): peak = 3137.719 ; gain = 0.000 ; free physical = 23500 ; free virtual = 35022

Phase 2 Global Placement

Phase 2.1 Floorplanning
Phase 2.1 Floorplanning | Checksum: 1d0dbd787

Time (s): cpu = 00:00:01 ; elapsed = 00:00:00.51 . Memory (MB): peak = 3137.719 ; gain = 0.000 ; free physical = 23530 ; free virtual = 35052

Phase 2.2 Update Timing before SLR Path Opt
Phase 2.2 Update Timing before SLR Path Opt | Checksum: 1927a99f4

Time (s): cpu = 00:00:01 ; elapsed = 00:00:00.55 . Memory (MB): peak = 3137.719 ; gain = 0.000 ; free physical = 23531 ; free virtual = 35052

Phase 2.3 Post-Processing in Floorplanning
Phase 2.3 Post-Processing in Floorplanning | Checksum: 1927a99f4

Time (s): cpu = 00:00:01 ; elapsed = 00:00:00.55 . Memory (MB): peak = 3137.719 ; gain = 0.000 ; free physical = 23531 ; free virtual = 35052

Phase 2.4 Global Placement Core

Phase 2.4.1 UpdateTiming Before Physical Synthesis
Phase 2.4.1 UpdateTiming Before Physical Synthesis | Checksum: 11f24050f

Time (s): cpu = 00:00:06 ; elapsed = 00:00:03 . Memory (MB): peak = 3137.719 ; gain = 0.000 ; free physical = 23536 ; free virtual = 35057

Phase 2.4.2 Physical Synthesis In Placer
INFO: [Physopt 32-1035] Found 25 LUTNM shape to break, 13 LUT instances to create LUTNM shape
INFO: [Physopt 32-1044] Break lutnm for timing: one critical 4, two critical 21, total 25, new lutff created 1
INFO: [Physopt 32-1138] End 1 Pass. Optimized 30 nets or LUTs. Breaked 25 LUTs, combined 5 existing LUTs and moved 0 existing LUT
INFO: [Physopt 32-65] No nets found for high-fanout optimization.
INFO: [Physopt 32-232] Optimized 0 net. Created 0 new instance.
INFO: [Physopt 32-775] End 1 Pass. Optimized 0 net or cell. Created 0 new cell, deleted 0 existing cell and moved 0 existing cell
INFO: [Physopt 32-456] No candidate cells for DSP register optimization found in the design.
INFO: [Physopt 32-775] End 2 Pass. Optimized 0 net or cell. Created 0 new cell, deleted 0 existing cell and moved 0 existing cell
INFO: [Physopt 32-1123] No candidate cells found for Shift Register to Pipeline optimization
INFO: [Physopt 32-775] End 2 Pass. Optimized 0 net or cell. Created 0 new cell, deleted 0 existing cell and moved 0 existing cell
INFO: [Physopt 32-677] No candidate cells for Shift Register optimization found in the design
INFO: [Physopt 32-775] End 1 Pass. Optimized 0 net or cell. Created 0 new cell, deleted 0 existing cell and moved 0 existing cell
INFO: [Physopt 32-526] No candidate cells for BRAM register optimization found in the design
INFO: [Physopt 32-775] End 1 Pass. Optimized 0 net or cell. Created 0 new cell, deleted 0 existing cell and moved 0 existing cell
INFO: [Physopt 32-846] No candidate cells for URAM register optimization found in the design
INFO: [Physopt 32-775] End 2 Pass. Optimized 0 net or cell. Created 0 new cell, deleted 0 existing cell and moved 0 existing cell
INFO: [Physopt 32-949] No candidate nets found for dynamic/static region interface net replication
INFO: [Physopt 32-775] End 1 Pass. Optimized 0 net or cell. Created 0 new cell, deleted 0 existing cell and moved 0 existing cell
Netlist sorting complete. Time (s): cpu = 00:00:00 ; elapsed = 00:00:00 . Memory (MB): peak = 3137.719 ; gain = 0.000 ; free physical = 23536 ; free virtual = 35057

Summary of Physical Synthesis Optimizations
============================================


-----------------------------------------------------------------------------------------------------------------------------------------------------------
|  Optimization                                     |  Added Cells  |  Removed Cells  |  Optimized Cells/Nets  |  Dont Touch  |  Iterations  |  Elapsed   |
-----------------------------------------------------------------------------------------------------------------------------------------------------------
|  LUT Combining                                    |           25  |              5  |                    30  |           0  |           1  |  00:00:00  |
|  Retime                                           |            0  |              0  |                     0  |           0  |           1  |  00:00:00  |
|  Very High Fanout                                 |            0  |              0  |                     0  |           0  |           1  |  00:00:00  |
|  DSP Register                                     |            0  |              0  |                     0  |           0  |           1  |  00:00:00  |
|  Shift Register to Pipeline                       |            0  |              0  |                     0  |           0  |           1  |  00:00:00  |
|  Shift Register                                   |            0  |              0  |                     0  |           0  |           1  |  00:00:00  |
|  BRAM Register                                    |            0  |              0  |                     0  |           0  |           1  |  00:00:00  |
|  URAM Register                                    |            0  |              0  |                     0  |           0  |           1  |  00:00:00  |
|  Dynamic/Static Region Interface Net Replication  |            0  |              0  |                     0  |           0  |           1  |  00:00:00  |
|  Total                                            |           25  |              5  |                    30  |           0  |           9  |  00:00:00  |
-----------------------------------------------------------------------------------------------------------------------------------------------------------


Phase 2.4.2 Physical Synthesis In Placer | Checksum: 1107ccbb0

Time (s): cpu = 00:00:06 ; elapsed = 00:00:03 . Memory (MB): peak = 3137.719 ; gain = 0.000 ; free physical = 23536 ; free virtual = 35057
Phase 2.4 Global Placement Core | Checksum: 15b62ec39

Time (s): cpu = 00:00:06 ; elapsed = 00:00:03 . Memory (MB): peak = 3137.719 ; gain = 0.000 ; free physical = 23536 ; free virtual = 35057
Phase 2 Global Placement | Checksum: 15b62ec39

Time (s): cpu = 00:00:06 ; elapsed = 00:00:03 . Memory (MB): peak = 3137.719 ; gain = 0.000 ; free physical = 23536 ; free virtual = 35057

Phase 3 Detail Placement

Phase 3.1 Commit Multi Column Macros
Phase 3.1 Commit Multi Column Macros | Checksum: 13210472d

Time (s): cpu = 00:00:07 ; elapsed = 00:00:03 . Memory (MB): peak = 3137.719 ; gain = 0.000 ; free physical = 23536 ; free virtual = 35057

Phase 3.2 Commit Most Macros & LUTRAMs
Phase 3.2 Commit Most Macros & LUTRAMs | Checksum: 116ce485e

Time (s): cpu = 00:00:07 ; elapsed = 00:00:03 . Memory (MB): peak = 3137.719 ; gain = 0.000 ; free physical = 23536 ; free virtual = 35057

Phase 3.3 Area Swap Optimization
Phase 3.3 Area Swap Optimization | Checksum: e6c1df32

Time (s): cpu = 00:00:07 ; elapsed = 00:00:03 . Memory (MB): peak = 3137.719 ; gain = 0.000 ; free physical = 23536 ; free virtual = 35057

Phase 3.4 Pipeline Register Optimization
Phase 3.4 Pipeline Register Optimization | Checksum: b61a6d31

Time (s): cpu = 00:00:07 ; elapsed = 00:00:03 . Memory (MB): peak = 3137.719 ; gain = 0.000 ; free physical = 23536 ; free virtual = 35057

Phase 3.5 Fast Optimization
Phase 3.5 Fast Optimization | Checksum: 1195992dc

Time (s): cpu = 00:00:08 ; elapsed = 00:00:05 . Memory (MB): peak = 3137.719 ; gain = 0.000 ; free physical = 23544 ; free virtual = 35065

Phase 3.6 Small Shape Detail Placement
Phase 3.6 Small Shape Detail Placement | Checksum: 15b22b30d

Time (s): cpu = 00:00:09 ; elapsed = 00:00:05 . Memory (MB): peak = 3137.719 ; gain = 0.000 ; free physical = 23540 ; free virtual = 35061

Phase 3.7 Re-assign LUT pins
Phase 3.7 Re-assign LUT pins | Checksum: 1526a87da

Time (s): cpu = 00:00:09 ; elapsed = 00:00:05 . Memory (MB): peak = 3137.719 ; gain = 0.000 ; free physical = 23540 ; free virtual = 35061

Phase 3.8 Pipeline Register Optimization
Phase 3.8 Pipeline Register Optimization | Checksum: 13b2e0c1e

Time (s): cpu = 00:00:09 ; elapsed = 00:00:05 . Memory (MB): peak = 3137.719 ; gain = 0.000 ; free physical = 23540 ; free virtual = 35061

Phase 3.9 Fast Optimization
Phase 3.9 Fast Optimization | Checksum: ed958349

Time (s): cpu = 00:00:12 ; elapsed = 00:00:08 . Memory (MB): peak = 3137.719 ; gain = 0.000 ; free physical = 23536 ; free virtual = 35057
Phase 3 Detail Placement | Checksum: ed958349

Time (s): cpu = 00:00:12 ; elapsed = 00:00:08 . Memory (MB): peak = 3137.719 ; gain = 0.000 ; free physical = 23536 ; free virtual = 35057

Phase 4 Post Placement Optimization and Clean-Up

Phase 4.1 Post Commit Optimization
INFO: [Timing 38-35] Done setting XDC timing constraints.

Phase 4.1.1 Post Placement Optimization
Post Placement Optimization Initialization | Checksum: 114af4795

Phase 4.1.1.1 BUFG Insertion

Starting Physical Synthesis Task

Phase 1 Physical Synthesis Initialization
INFO: [Physopt 32-721] Multithreading enabled for phys_opt_design using a maximum of 8 CPUs
INFO: [Physopt 32-619] Estimated Timing Summary | WNS=-3.418 | TNS=-407.781 |
Phase 1 Physical Synthesis Initialization | Checksum: 16b98915c

Time (s): cpu = 00:00:00.2 ; elapsed = 00:00:00.05 . Memory (MB): peak = 3137.719 ; gain = 0.000 ; free physical = 23535 ; free virtual = 35057
INFO: [Place 46-56] BUFG insertion identified 0 candidate nets. Inserted BUFG: 0, Replicated BUFG Driver: 0, Skipped due to Placement/Routing Conflicts: 0, Skipped due to Timing Degradation: 0, Skipped due to Illegal Netlist: 0.
Ending Physical Synthesis Task | Checksum: 1667a0631

Time (s): cpu = 00:00:00.21 ; elapsed = 00:00:00.07 . Memory (MB): peak = 3137.719 ; gain = 0.000 ; free physical = 23535 ; free virtual = 35057
Phase 4.1.1.1 BUFG Insertion | Checksum: 114af4795

Time (s): cpu = 00:00:13 ; elapsed = 00:00:08 . Memory (MB): peak = 3137.719 ; gain = 0.000 ; free physical = 23535 ; free virtual = 35057

Phase 4.1.1.2 Post Placement Timing Optimization
INFO: [Place 30-746] Post Placement Timing Summary WNS=-3.279. For the most accurate timing information please run report_timing.
Phase 4.1.1.2 Post Placement Timing Optimization | Checksum: 1aa0ff4c1

Time (s): cpu = 00:00:16 ; elapsed = 00:00:12 . Memory (MB): peak = 3137.719 ; gain = 0.000 ; free physical = 23533 ; free virtual = 35055

Time (s): cpu = 00:00:16 ; elapsed = 00:00:12 . Memory (MB): peak = 3137.719 ; gain = 0.000 ; free physical = 23533 ; free virtual = 35055
Phase 4.1 Post Commit Optimization | Checksum: 1aa0ff4c1

Time (s): cpu = 00:00:16 ; elapsed = 00:00:12 . Memory (MB): peak = 3137.719 ; gain = 0.000 ; free physical = 23533 ; free virtual = 35055

Phase 4.2 Post Placement Cleanup
Phase 4.2 Post Placement Cleanup | Checksum: 1aa0ff4c1

Time (s): cpu = 00:00:16 ; elapsed = 00:00:12 . Memory (MB): peak = 3137.719 ; gain = 0.000 ; free physical = 23533 ; free virtual = 35055

Phase 4.3 Placer Reporting

Phase 4.3.1 Print Estimated Congestion
INFO: [Place 30-612] Post-Placement Estimated Congestion 
 ____________________________________________________
|           | Global Congestion | Short Congestion  |
| Direction | Region Size       | Region Size       |
|___________|___________________|___________________|
|      North|                1x1|                4x4|
|___________|___________________|___________________|
|      South|                1x1|                1x1|
|___________|___________________|___________________|
|       East|                1x1|                1x1|
|___________|___________________|___________________|
|       West|                1x1|                1x1|
|___________|___________________|___________________|

Phase 4.3.1 Print Estimated Congestion | Checksum: 1aa0ff4c1

Time (s): cpu = 00:00:16 ; elapsed = 00:00:12 . Memory (MB): peak = 3137.719 ; gain = 0.000 ; free physical = 23533 ; free virtual = 35055
Phase 4.3 Placer Reporting | Checksum: 1aa0ff4c1

Time (s): cpu = 00:00:16 ; elapsed = 00:00:12 . Memory (MB): peak = 3137.719 ; gain = 0.000 ; free physical = 23533 ; free virtual = 35055

Phase 4.4 Final Placement Cleanup
Netlist sorting complete. Time (s): cpu = 00:00:00 ; elapsed = 00:00:00 . Memory (MB): peak = 3137.719 ; gain = 0.000 ; free physical = 23533 ; free virtual = 35055

Time (s): cpu = 00:00:16 ; elapsed = 00:00:12 . Memory (MB): peak = 3137.719 ; gain = 0.000 ; free physical = 23533 ; free virtual = 35055
Phase 4 Post Placement Optimization and Clean-Up | Checksum: 1fa4f8b5b

Time (s): cpu = 00:00:16 ; elapsed = 00:00:12 . Memory (MB): peak = 3137.719 ; gain = 0.000 ; free physical = 23533 ; free virtual = 35055
Ending Placer Task | Checksum: 11d900e92

Time (s): cpu = 00:00:16 ; elapsed = 00:00:12 . Memory (MB): peak = 3137.719 ; gain = 0.000 ; free physical = 23533 ; free virtual = 35055
INFO: [Common 17-83] Releasing license: Implementation
66 Infos, 0 Warnings, 0 Critical Warnings and 0 Errors encountered.
place_design completed successfully
place_design: Time (s): cpu = 00:00:18 ; elapsed = 00:00:12 . Memory (MB): peak = 3137.719 ; gain = 0.000 ; free physical = 23552 ; free virtual = 35074
INFO: [Timing 38-480] Writing timing data to binary archive.
Writing XDEF routing.
Writing XDEF routing logical nets.
Writing XDEF routing special nets.
Write XDEF Complete: Time (s): cpu = 00:00:00.26 ; elapsed = 00:00:00.08 . Memory (MB): peak = 3137.719 ; gain = 0.000 ; free physical = 23548 ; free virtual = 35071
INFO: [Common 17-1381] The checkpoint '/home/intern/Bendaou/stage_2025/Code VHDL/project/impl_results/MAC/400MHz/impl_MAC_400MHz.runs/impl_1/top_MAC_Test_placed.dcp' has been generated.
INFO: [runtcl-4] Executing : report_io -file top_MAC_Test_io_placed.rpt
report_io: Time (s): cpu = 00:00:00.06 ; elapsed = 00:00:00.16 . Memory (MB): peak = 3137.719 ; gain = 0.000 ; free physical = 23510 ; free virtual = 35032
INFO: [runtcl-4] Executing : report_utilization -file top_MAC_Test_utilization_placed.rpt -pb top_MAC_Test_utilization_placed.pb
INFO: [runtcl-4] Executing : report_control_sets -verbose -file top_MAC_Test_control_sets_placed.rpt
report_control_sets: Time (s): cpu = 00:00:00.01 ; elapsed = 00:00:00.08 . Memory (MB): peak = 3137.719 ; gain = 0.000 ; free physical = 23513 ; free virtual = 35035
Command: phys_opt_design
Attempting to get a license for feature 'Implementation' and/or device 'xc7a100t'
INFO: [Common 17-349] Got license for feature 'Implementation' and/or device 'xc7a100t'

Starting Initial Update Timing Task

Time (s): cpu = 00:00:00.39 ; elapsed = 00:00:00.18 . Memory (MB): peak = 3137.719 ; gain = 0.000 ; free physical = 23505 ; free virtual = 35027
INFO: [Vivado_Tcl 4-1435] PhysOpt_Tcl_Interface Runtime Before Starting Physical Synthesis Task | CPU: 0.42s |  WALL: 0.19s
Netlist sorting complete. Time (s): cpu = 00:00:00 ; elapsed = 00:00:00 . Memory (MB): peak = 3137.719 ; gain = 0.000 ; free physical = 23505 ; free virtual = 35027

Starting Physical Synthesis Task

Phase 1 Physical Synthesis Initialization
INFO: [Physopt 32-721] Multithreading enabled for phys_opt_design using a maximum of 8 CPUs
INFO: [Physopt 32-619] Estimated Timing Summary | WNS=-3.279 | TNS=-405.199 |
Phase 1 Physical Synthesis Initialization | Checksum: 19411728f

Time (s): cpu = 00:00:00.55 ; elapsed = 00:00:00.26 . Memory (MB): peak = 3137.719 ; gain = 0.000 ; free physical = 23504 ; free virtual = 35026
INFO: [Physopt 32-619] Estimated Timing Summary | WNS=-3.279 | TNS=-405.199 |

Phase 2 DSP Register Optimization
INFO: [Physopt 32-456] No candidate cells for DSP register optimization found in the design.
INFO: [Physopt 32-775] End 2 Pass. Optimized 0 net or cell. Created 0 new cell, deleted 0 existing cell and moved 0 existing cell
Phase 2 DSP Register Optimization | Checksum: 19411728f

Time (s): cpu = 00:00:00.63 ; elapsed = 00:00:00.31 . Memory (MB): peak = 3137.719 ; gain = 0.000 ; free physical = 23504 ; free virtual = 35026

Phase 3 Critical Path Optimization
INFO: [Physopt 32-619] Estimated Timing Summary | WNS=-3.279 | TNS=-405.199 |
INFO: [Physopt 32-702] Processed net add_inst/p_0_in. Optimizations did not improve timing on the net.
INFO: [Physopt 32-81] Processed net add_inst/aligned_x_1[0]. Replicated 1 times.
INFO: [Physopt 32-735] Processed net add_inst/aligned_x_1[0]. Optimization improves timing on the net.
INFO: [Physopt 32-619] Estimated Timing Summary | WNS=-3.271 | TNS=-407.341 |
INFO: [Physopt 32-702] Processed net add_inst/aligned_x_1[0]_repN. Optimizations did not improve timing on the net.
INFO: [Physopt 32-702] Processed net add_inst/r_mant_2_reg[39]_i_1_n_0. Optimizations did not improve timing on the net.
INFO: [Physopt 32-702] Processed net add_inst/r_mant_2_reg[35]_i_1_n_0. Optimizations did not improve timing on the net.
INFO: [Physopt 32-702] Processed net add_inst/r_mant_2_reg[31]_i_1_n_0. Optimizations did not improve timing on the net.
INFO: [Physopt 32-702] Processed net add_inst/r_mant_2_reg[27]_i_1_n_0. Optimizations did not improve timing on the net.
INFO: [Physopt 32-702] Processed net add_inst/r_mant_2_reg[23]_i_1_n_0. Optimizations did not improve timing on the net.
INFO: [Physopt 32-702] Processed net add_inst/r_mant_2_reg[19]_i_1_n_0. Optimizations did not improve timing on the net.
INFO: [Physopt 32-702] Processed net add_inst/r_mant_2_reg[15]_i_1_n_0. Optimizations did not improve timing on the net.
INFO: [Physopt 32-702] Processed net add_inst/r_mant_2_reg[11]_i_1_n_0. Optimizations did not improve timing on the net.
INFO: [Physopt 32-702] Processed net add_inst/r_mant_2_reg[7]_i_1_n_0. Optimizations did not improve timing on the net.
INFO: [Physopt 32-702] Processed net add_inst/r_mant_2_reg[3]_i_1_n_0. Optimizations did not improve timing on the net.
INFO: [Physopt 32-702] Processed net add_inst/r_mant_2[3]_i_6_n_0. Optimizations did not improve timing on the net.
INFO: [Physopt 32-702] Processed net add_inst/r_mant_21_carry__3_n_0. Optimizations did not improve timing on the net.
INFO: [Physopt 32-702] Processed net add_inst/r_mant_21_carry__2_n_0. Optimizations did not improve timing on the net.
INFO: [Physopt 32-702] Processed net add_inst/r_mant_21_carry__1_n_0. Optimizations did not improve timing on the net.
INFO: [Physopt 32-702] Processed net add_inst/r_mant_21_carry__0_n_0. Optimizations did not improve timing on the net.
INFO: [Physopt 32-702] Processed net add_inst/r_mant_21_carry_n_0. Optimizations did not improve timing on the net.
INFO: [Physopt 32-702] Processed net add_inst/r_mant_21_carry_i_8_n_0. Optimizations did not improve timing on the net.
INFO: [Physopt 32-702] Processed net add_inst/r_mant_2_reg[40]_i_1_n_7. Optimizations did not improve timing on the net.
INFO: [Physopt 32-702] Processed net clk_IBUF. Optimizations did not improve timing on the net.
INFO: [Physopt 32-702] Processed net clk. Optimizations did not improve timing on the net.
INFO: [Physopt 32-702] Processed net add_inst/p_0_in. Optimizations did not improve timing on the net.
INFO: [Physopt 32-663] Processed net add_inst/aligned_x_1[0]_repN.  Re-placed instance add_inst/aligned_x_1_reg[0]_replica
INFO: [Physopt 32-735] Processed net add_inst/aligned_x_1[0]_repN. Optimization improves timing on the net.
INFO: [Physopt 32-619] Estimated Timing Summary | WNS=-3.259 | TNS=-406.850 |
INFO: [Physopt 32-663] Processed net add_inst/aligned_y_1[0].  Re-placed instance add_inst/aligned_y_1_reg[0]
INFO: [Physopt 32-735] Processed net add_inst/aligned_y_1[0]. Optimization improves timing on the net.
INFO: [Physopt 32-619] Estimated Timing Summary | WNS=-3.229 | TNS=-406.411 |
INFO: [Physopt 32-663] Processed net add_inst/aligned_x_1[2].  Re-placed instance add_inst/aligned_x_1_reg[2]
INFO: [Physopt 32-735] Processed net add_inst/aligned_x_1[2]. Optimization improves timing on the net.
INFO: [Physopt 32-619] Estimated Timing Summary | WNS=-3.219 | TNS=-406.407 |
INFO: [Physopt 32-663] Processed net add_inst/aligned_x_1[1].  Re-placed instance add_inst/aligned_x_1_reg[1]
INFO: [Physopt 32-735] Processed net add_inst/aligned_x_1[1]. Optimization improves timing on the net.
INFO: [Physopt 32-619] Estimated Timing Summary | WNS=-3.217 | TNS=-406.936 |
INFO: [Physopt 32-702] Processed net add_inst/aligned_x_1[1]. Optimizations did not improve timing on the net.
INFO: [Physopt 32-702] Processed net add_inst/r_mant_2[3]_i_6_n_0. Optimizations did not improve timing on the net.
INFO: [Physopt 32-702] Processed net add_inst/r_mant_21_carry__3_n_0. Optimizations did not improve timing on the net.
INFO: [Physopt 32-702] Processed net add_inst/r_mant_21_carry_i_8_n_0. Optimizations did not improve timing on the net.
INFO: [Physopt 32-702] Processed net add_inst/r_mant_2_reg[40]_i_1_n_7. Optimizations did not improve timing on the net.
INFO: [Physopt 32-702] Processed net clk_IBUF. Optimizations did not improve timing on the net.
INFO: [Physopt 32-702] Processed net clk. Optimizations did not improve timing on the net.
INFO: [Physopt 32-619] Estimated Timing Summary | WNS=-3.217 | TNS=-406.936 |
Phase 3 Critical Path Optimization | Checksum: 20e625c01

Time (s): cpu = 00:00:03 ; elapsed = 00:00:02 . Memory (MB): peak = 3137.719 ; gain = 0.000 ; free physical = 23517 ; free virtual = 35040

Phase 4 Critical Path Optimization
INFO: [Physopt 32-619] Estimated Timing Summary | WNS=-3.217 | TNS=-406.936 |
INFO: [Physopt 32-702] Processed net add_inst/p_0_in. Optimizations did not improve timing on the net.
INFO: [Physopt 32-702] Processed net add_inst/aligned_x_1[1]. Optimizations did not improve timing on the net.
INFO: [Physopt 32-702] Processed net add_inst/r_mant_2_reg[39]_i_1_n_0. Optimizations did not improve timing on the net.
INFO: [Physopt 32-702] Processed net add_inst/r_mant_2_reg[35]_i_1_n_0. Optimizations did not improve timing on the net.
INFO: [Physopt 32-702] Processed net add_inst/r_mant_2_reg[31]_i_1_n_0. Optimizations did not improve timing on the net.
INFO: [Physopt 32-702] Processed net add_inst/r_mant_2_reg[27]_i_1_n_0. Optimizations did not improve timing on the net.
INFO: [Physopt 32-702] Processed net add_inst/r_mant_2_reg[23]_i_1_n_0. Optimizations did not improve timing on the net.
INFO: [Physopt 32-702] Processed net add_inst/r_mant_2_reg[19]_i_1_n_0. Optimizations did not improve timing on the net.
INFO: [Physopt 32-702] Processed net add_inst/r_mant_2_reg[15]_i_1_n_0. Optimizations did not improve timing on the net.
INFO: [Physopt 32-702] Processed net add_inst/r_mant_2_reg[11]_i_1_n_0. Optimizations did not improve timing on the net.
INFO: [Physopt 32-702] Processed net add_inst/r_mant_2_reg[7]_i_1_n_0. Optimizations did not improve timing on the net.
INFO: [Physopt 32-702] Processed net add_inst/r_mant_2_reg[3]_i_1_n_0. Optimizations did not improve timing on the net.
INFO: [Physopt 32-702] Processed net add_inst/r_mant_2[3]_i_6_n_0. Optimizations did not improve timing on the net.
INFO: [Physopt 32-702] Processed net add_inst/r_mant_21_carry__3_n_0. Optimizations did not improve timing on the net.
INFO: [Physopt 32-702] Processed net add_inst/r_mant_21_carry__2_n_0. Optimizations did not improve timing on the net.
INFO: [Physopt 32-702] Processed net add_inst/r_mant_21_carry__1_n_0. Optimizations did not improve timing on the net.
INFO: [Physopt 32-702] Processed net add_inst/r_mant_21_carry__0_n_0. Optimizations did not improve timing on the net.
INFO: [Physopt 32-702] Processed net add_inst/r_mant_21_carry_n_0. Optimizations did not improve timing on the net.
INFO: [Physopt 32-702] Processed net add_inst/r_mant_21_carry_i_8_n_0. Optimizations did not improve timing on the net.
INFO: [Physopt 32-702] Processed net add_inst/r_mant_2_reg[40]_i_1_n_7. Optimizations did not improve timing on the net.
INFO: [Physopt 32-702] Processed net clk_IBUF. Optimizations did not improve timing on the net.
INFO: [Physopt 32-702] Processed net clk. Optimizations did not improve timing on the net.
INFO: [Physopt 32-702] Processed net add_inst/p_0_in. Optimizations did not improve timing on the net.
INFO: [Physopt 32-702] Processed net add_inst/aligned_x_1[1]. Optimizations did not improve timing on the net.
INFO: [Physopt 32-702] Processed net add_inst/r_mant_2[3]_i_6_n_0. Optimizations did not improve timing on the net.
INFO: [Physopt 32-702] Processed net add_inst/r_mant_21_carry__3_n_0. Optimizations did not improve timing on the net.
INFO: [Physopt 32-702] Processed net add_inst/r_mant_21_carry_i_8_n_0. Optimizations did not improve timing on the net.
INFO: [Physopt 32-702] Processed net add_inst/r_mant_2_reg[40]_i_1_n_7. Optimizations did not improve timing on the net.
INFO: [Physopt 32-702] Processed net clk_IBUF. Optimizations did not improve timing on the net.
INFO: [Physopt 32-702] Processed net clk. Optimizations did not improve timing on the net.
INFO: [Physopt 32-619] Estimated Timing Summary | WNS=-3.217 | TNS=-406.936 |
Phase 4 Critical Path Optimization | Checksum: 20e625c01

Time (s): cpu = 00:00:05 ; elapsed = 00:00:03 . Memory (MB): peak = 3137.719 ; gain = 0.000 ; free physical = 23521 ; free virtual = 35044
Netlist sorting complete. Time (s): cpu = 00:00:00 ; elapsed = 00:00:00 . Memory (MB): peak = 3137.719 ; gain = 0.000 ; free physical = 23521 ; free virtual = 35044
INFO: [Physopt 32-603] Post Physical Optimization Timing Summary | WNS=-3.217 | TNS=-406.936 |

Summary of Physical Synthesis Optimizations
============================================


-------------------------------------------------------------------------------------------------------------------------------------------------------------
|  Optimization   |  WNS Gain (ns)  |  TNS Gain (ns)  |  Added Cells  |  Removed Cells  |  Optimized Cells/Nets  |  Dont Touch  |  Iterations  |  Elapsed   |
-------------------------------------------------------------------------------------------------------------------------------------------------------------
|  DSP Register   |          0.000  |          0.000  |            0  |              0  |                     0  |           0  |           1  |  00:00:00  |
|  Critical Path  |          0.062  |         -1.737  |            1  |              0  |                     5  |           0  |           2  |  00:00:02  |
|  Total          |          0.062  |         -1.737  |            1  |              0  |                     5  |           0  |           3  |  00:00:02  |
-------------------------------------------------------------------------------------------------------------------------------------------------------------


Netlist sorting complete. Time (s): cpu = 00:00:00 ; elapsed = 00:00:00 . Memory (MB): peak = 3137.719 ; gain = 0.000 ; free physical = 23521 ; free virtual = 35044
Ending Physical Synthesis Task | Checksum: 1b56bcc34

Time (s): cpu = 00:00:05 ; elapsed = 00:00:03 . Memory (MB): peak = 3137.719 ; gain = 0.000 ; free physical = 23521 ; free virtual = 35044
INFO: [Common 17-83] Releasing license: Implementation
159 Infos, 0 Warnings, 0 Critical Warnings and 0 Errors encountered.
phys_opt_design completed successfully
INFO: [Timing 38-480] Writing timing data to binary archive.
Writing XDEF routing.
Writing XDEF routing logical nets.
Writing XDEF routing special nets.
Write XDEF Complete: Time (s): cpu = 00:00:00.24 ; elapsed = 00:00:00.08 . Memory (MB): peak = 3137.719 ; gain = 0.000 ; free physical = 23518 ; free virtual = 35041
INFO: [Common 17-1381] The checkpoint '/home/intern/Bendaou/stage_2025/Code VHDL/project/impl_results/MAC/400MHz/impl_MAC_400MHz.runs/impl_1/top_MAC_Test_physopt.dcp' has been generated.
Command: route_design
Attempting to get a license for feature 'Implementation' and/or device 'xc7a100t'
INFO: [Common 17-349] Got license for feature 'Implementation' and/or device 'xc7a100t'
INFO: [DRC 23-27] Running DRC with 8 threads
INFO: [Vivado_Tcl 4-198] DRC finished with 0 Errors
INFO: [Vivado_Tcl 4-199] Please refer to the DRC report (report_drc) for more information.
Running DRC as a precondition to command route_design
INFO: [DRC 23-27] Running DRC with 8 threads
INFO: [Vivado_Tcl 4-198] DRC finished with 0 Errors
INFO: [Vivado_Tcl 4-199] Please refer to the DRC report (report_drc) for more information.


Starting Routing Task
INFO: [Route 35-254] Multithreading enabled for route_design using a maximum of 8 CPUs

Phase 1 Build RT Design
Checksum: PlaceDB: 635df28a ConstDB: 0 ShapeSum: b9b84b88 RouteDB: 0
Post Restoration Checksum: NetGraph: f99a5cba NumContArr: b1c1a38f Constraints: 0 Timing: 0
Phase 1 Build RT Design | Checksum: 1ab5c0049

Time (s): cpu = 00:00:24 ; elapsed = 00:00:21 . Memory (MB): peak = 3192.305 ; gain = 51.957 ; free physical = 23367 ; free virtual = 34890

Phase 2 Router Initialization

Phase 2.1 Fix Topology Constraints
Phase 2.1 Fix Topology Constraints | Checksum: 1ab5c0049

Time (s): cpu = 00:00:24 ; elapsed = 00:00:21 . Memory (MB): peak = 3225.305 ; gain = 84.957 ; free physical = 23328 ; free virtual = 34851

Phase 2.2 Pre Route Cleanup
Phase 2.2 Pre Route Cleanup | Checksum: 1ab5c0049

Time (s): cpu = 00:00:24 ; elapsed = 00:00:21 . Memory (MB): peak = 3225.305 ; gain = 84.957 ; free physical = 23328 ; free virtual = 34851
 Number of Nodes with overlaps = 0

Phase 2.3 Update Timing
Phase 2.3 Update Timing | Checksum: 1c573907b

Time (s): cpu = 00:00:26 ; elapsed = 00:00:21 . Memory (MB): peak = 3240.602 ; gain = 100.254 ; free physical = 23312 ; free virtual = 34835
INFO: [Route 35-416] Intermediate Timing Summary | WNS=-3.195 | TNS=-394.050| WHS=-0.142 | THS=-6.602 |


Router Utilization Summary
  Global Vertical Routing Utilization    = 0 %
  Global Horizontal Routing Utilization  = 0 %
  Routable Net Status*
  *Does not include unroutable nets such as driverless and loadless.
  Run report_route_status for detailed report.
  Number of Failed Nets               = 859
    (Failed Nets is the sum of unrouted and partially routed nets)
  Number of Unrouted Nets             = 859
  Number of Partially Routed Nets     = 0
  Number of Node Overlaps             = 0

Phase 2 Router Initialization | Checksum: 1d4e034b1

Time (s): cpu = 00:00:27 ; elapsed = 00:00:21 . Memory (MB): peak = 3248.289 ; gain = 107.941 ; free physical = 23292 ; free virtual = 34815

Phase 3 Initial Routing

Phase 3.1 Global Routing
Phase 3.1 Global Routing | Checksum: 1d4e034b1

Time (s): cpu = 00:00:27 ; elapsed = 00:00:21 . Memory (MB): peak = 3248.289 ; gain = 107.941 ; free physical = 23292 ; free virtual = 34815
Phase 3 Initial Routing | Checksum: 1f46ba25c

Time (s): cpu = 00:00:28 ; elapsed = 00:00:22 . Memory (MB): peak = 3248.289 ; gain = 107.941 ; free physical = 23295 ; free virtual = 34818
INFO: [Route 35-580] Design has 51 pins with tight setup and hold constraints.

The top 5 pins with tight setup and hold constraints:

+====================+===================+=============================+
| Launch Setup Clock | Launch Hold Clock | Pin                         |
+====================+===================+=============================+
| sys_clk_pin        | sys_clk_pin       | add_inst/r_mant_2_reg[39]/D |
| sys_clk_pin        | sys_clk_pin       | add_inst/r_mant_2_reg[37]/D |
| sys_clk_pin        | sys_clk_pin       | add_inst/r_mant_2_reg[34]/D |
| sys_clk_pin        | sys_clk_pin       | add_inst/r_mant_2_reg[29]/D |
| sys_clk_pin        | sys_clk_pin       | add_inst/r_mant_2_reg[28]/D |
+--------------------+-------------------+-----------------------------+

File with complete list of pins: tight_setup_hold_pins.txt


Phase 4 Rip-up And Reroute

Phase 4.1 Global Iteration 0
 Number of Nodes with overlaps = 343
 Number of Nodes with overlaps = 154
 Number of Nodes with overlaps = 86
 Number of Nodes with overlaps = 53
 Number of Nodes with overlaps = 41
 Number of Nodes with overlaps = 22
 Number of Nodes with overlaps = 5
 Number of Nodes with overlaps = 2
 Number of Nodes with overlaps = 5
 Number of Nodes with overlaps = 1
 Number of Nodes with overlaps = 0
INFO: [Route 35-416] Intermediate Timing Summary | WNS=-3.490 | TNS=-480.980| WHS=N/A    | THS=N/A    |

Phase 4.1 Global Iteration 0 | Checksum: 152bf7644

Time (s): cpu = 00:00:37 ; elapsed = 00:00:27 . Memory (MB): peak = 3248.289 ; gain = 107.941 ; free physical = 23297 ; free virtual = 34820

Phase 4.2 Global Iteration 1
 Number of Nodes with overlaps = 72
 Number of Nodes with overlaps = 48
 Number of Nodes with overlaps = 30
 Number of Nodes with overlaps = 13
 Number of Nodes with overlaps = 0
INFO: [Route 35-416] Intermediate Timing Summary | WNS=-3.531 | TNS=-483.601| WHS=N/A    | THS=N/A    |

Phase 4.2 Global Iteration 1 | Checksum: 127804b89

Time (s): cpu = 00:00:41 ; elapsed = 00:00:30 . Memory (MB): peak = 3248.289 ; gain = 107.941 ; free physical = 23315 ; free virtual = 34838
Phase 4 Rip-up And Reroute | Checksum: 127804b89

Time (s): cpu = 00:00:41 ; elapsed = 00:00:30 . Memory (MB): peak = 3248.289 ; gain = 107.941 ; free physical = 23315 ; free virtual = 34838

Phase 5 Delay and Skew Optimization

Phase 5.1 Delay CleanUp

Phase 5.1.1 Update Timing
Phase 5.1.1 Update Timing | Checksum: 1386c3674

Time (s): cpu = 00:00:41 ; elapsed = 00:00:30 . Memory (MB): peak = 3248.289 ; gain = 107.941 ; free physical = 23315 ; free virtual = 34838
INFO: [Route 35-416] Intermediate Timing Summary | WNS=-3.411 | TNS=-454.396| WHS=N/A    | THS=N/A    |

 Number of Nodes with overlaps = 0
Phase 5.1 Delay CleanUp | Checksum: 695cb8cf

Time (s): cpu = 00:00:42 ; elapsed = 00:00:30 . Memory (MB): peak = 3253.289 ; gain = 112.941 ; free physical = 23312 ; free virtual = 34835

Phase 5.2 Clock Skew Optimization
Phase 5.2 Clock Skew Optimization | Checksum: 695cb8cf

Time (s): cpu = 00:00:42 ; elapsed = 00:00:30 . Memory (MB): peak = 3253.289 ; gain = 112.941 ; free physical = 23312 ; free virtual = 34835
Phase 5 Delay and Skew Optimization | Checksum: 695cb8cf

Time (s): cpu = 00:00:42 ; elapsed = 00:00:30 . Memory (MB): peak = 3253.289 ; gain = 112.941 ; free physical = 23312 ; free virtual = 34835

Phase 6 Post Hold Fix

Phase 6.1 Hold Fix Iter

Phase 6.1.1 Update Timing
Phase 6.1.1 Update Timing | Checksum: 6b53db03

Time (s): cpu = 00:00:43 ; elapsed = 00:00:31 . Memory (MB): peak = 3253.289 ; gain = 112.941 ; free physical = 23312 ; free virtual = 34835
INFO: [Route 35-416] Intermediate Timing Summary | WNS=-3.411 | TNS=-464.450| WHS=0.138  | THS=0.000  |

Phase 6.1 Hold Fix Iter | Checksum: 6b53db03

Time (s): cpu = 00:00:43 ; elapsed = 00:00:31 . Memory (MB): peak = 3253.289 ; gain = 112.941 ; free physical = 23312 ; free virtual = 34835
Phase 6 Post Hold Fix | Checksum: 6b53db03

Time (s): cpu = 00:00:43 ; elapsed = 00:00:31 . Memory (MB): peak = 3253.289 ; gain = 112.941 ; free physical = 23312 ; free virtual = 34835

Phase 7 Route finalize

Router Utilization Summary
  Global Vertical Routing Utilization    = 0.191931 %
  Global Horizontal Routing Utilization  = 0.231174 %
  Routable Net Status*
  *Does not include unroutable nets such as driverless and loadless.
  Run report_route_status for detailed report.
  Number of Failed Nets               = 0
    (Failed Nets is the sum of unrouted and partially routed nets)
  Number of Unrouted Nets             = 0
  Number of Partially Routed Nets     = 0
  Number of Node Overlaps             = 0

Congestion Report
North Dir 1x1 Area, Max Cong = 32.4324%, No Congested Regions.
South Dir 1x1 Area, Max Cong = 59.4595%, No Congested Regions.
East Dir 1x1 Area, Max Cong = 70.5882%, No Congested Regions.
West Dir 1x1 Area, Max Cong = 33.8235%, No Congested Regions.

------------------------------
Reporting congestion hotspots
------------------------------
Direction: North
----------------
Congested clusters found at Level 0
Effective congestion level: 0 Aspect Ratio: 1 Sparse Ratio: 0
Direction: South
----------------
Congested clusters found at Level 0
Effective congestion level: 0 Aspect Ratio: 1 Sparse Ratio: 0
Direction: East
----------------
Congested clusters found at Level 0
Effective congestion level: 0 Aspect Ratio: 1 Sparse Ratio: 0
Direction: West
----------------
Congested clusters found at Level 0
Effective congestion level: 0 Aspect Ratio: 1 Sparse Ratio: 0

Phase 7 Route finalize | Checksum: 74505a4a

Time (s): cpu = 00:00:43 ; elapsed = 00:00:31 . Memory (MB): peak = 3253.289 ; gain = 112.941 ; free physical = 23312 ; free virtual = 34835

Phase 8 Verifying routed nets

 Verification completed successfully
Phase 8 Verifying routed nets | Checksum: 74505a4a

Time (s): cpu = 00:00:43 ; elapsed = 00:00:31 . Memory (MB): peak = 3253.289 ; gain = 112.941 ; free physical = 23312 ; free virtual = 34835

Phase 9 Depositing Routes
Phase 9 Depositing Routes | Checksum: 6226f6d0

Time (s): cpu = 00:00:43 ; elapsed = 00:00:31 . Memory (MB): peak = 3269.297 ; gain = 128.949 ; free physical = 23312 ; free virtual = 34835

Phase 10 Post Router Timing
INFO: [Route 35-57] Estimated Timing Summary | WNS=-3.411 | TNS=-464.450| WHS=0.138  | THS=0.000  |

WARNING: [Route 35-328] Router estimated timing not met.
Resolution: For a complete and accurate timing signoff, report_timing_summary must be run after route_design. Alternatively, route_design can be run with the -timing_summary option to enable a complete timing signoff at the end of route_design.
Phase 10 Post Router Timing | Checksum: 6226f6d0

Time (s): cpu = 00:00:43 ; elapsed = 00:00:31 . Memory (MB): peak = 3269.297 ; gain = 128.949 ; free physical = 23312 ; free virtual = 34835
INFO: [Route 35-16] Router Completed Successfully

Time (s): cpu = 00:00:43 ; elapsed = 00:00:31 . Memory (MB): peak = 3269.297 ; gain = 128.949 ; free physical = 23358 ; free virtual = 34881

Routing Is Done.
INFO: [Common 17-83] Releasing license: Implementation
178 Infos, 1 Warnings, 0 Critical Warnings and 0 Errors encountered.
route_design completed successfully
route_design: Time (s): cpu = 00:00:44 ; elapsed = 00:00:31 . Memory (MB): peak = 3269.297 ; gain = 131.578 ; free physical = 23358 ; free virtual = 34881
INFO: [Timing 38-480] Writing timing data to binary archive.
Writing XDEF routing.
Writing XDEF routing logical nets.
Writing XDEF routing special nets.
Write XDEF Complete: Time (s): cpu = 00:00:00.26 ; elapsed = 00:00:00.09 . Memory (MB): peak = 3269.297 ; gain = 0.000 ; free physical = 23355 ; free virtual = 34880
INFO: [Common 17-1381] The checkpoint '/home/intern/Bendaou/stage_2025/Code VHDL/project/impl_results/MAC/400MHz/impl_MAC_400MHz.runs/impl_1/top_MAC_Test_routed.dcp' has been generated.
INFO: [runtcl-4] Executing : report_drc -file top_MAC_Test_drc_routed.rpt -pb top_MAC_Test_drc_routed.pb -rpx top_MAC_Test_drc_routed.rpx
Command: report_drc -file top_MAC_Test_drc_routed.rpt -pb top_MAC_Test_drc_routed.pb -rpx top_MAC_Test_drc_routed.rpx
INFO: [IP_Flow 19-1839] IP Catalog is up to date.
INFO: [DRC 23-27] Running DRC with 8 threads
INFO: [Vivado_Tcl 2-168] The results of DRC are in file /home/intern/Bendaou/stage_2025/Code VHDL/project/impl_results/MAC/400MHz/impl_MAC_400MHz.runs/impl_1/top_MAC_Test_drc_routed.rpt.
report_drc completed successfully
INFO: [runtcl-4] Executing : report_methodology -file top_MAC_Test_methodology_drc_routed.rpt -pb top_MAC_Test_methodology_drc_routed.pb -rpx top_MAC_Test_methodology_drc_routed.rpx
Command: report_methodology -file top_MAC_Test_methodology_drc_routed.rpt -pb top_MAC_Test_methodology_drc_routed.pb -rpx top_MAC_Test_methodology_drc_routed.rpx
INFO: [Timing 38-35] Done setting XDC timing constraints.
INFO: [DRC 23-133] Running Methodology with 8 threads
INFO: [Vivado_Tcl 2-1520] The results of Report Methodology are in file /home/intern/Bendaou/stage_2025/Code VHDL/project/impl_results/MAC/400MHz/impl_MAC_400MHz.runs/impl_1/top_MAC_Test_methodology_drc_routed.rpt.
report_methodology completed successfully
INFO: [runtcl-4] Executing : report_power -file top_MAC_Test_power_routed.rpt -pb top_MAC_Test_power_summary_routed.pb -rpx top_MAC_Test_power_routed.rpx
Command: report_power -file top_MAC_Test_power_routed.rpt -pb top_MAC_Test_power_summary_routed.pb -rpx top_MAC_Test_power_routed.rpx
INFO: [Timing 38-35] Done setting XDC timing constraints.
Running Vector-less Activity Propagation...

Finished Running Vector-less Activity Propagation
190 Infos, 1 Warnings, 0 Critical Warnings and 0 Errors encountered.
report_power completed successfully
INFO: [runtcl-4] Executing : report_route_status -file top_MAC_Test_route_status.rpt -pb top_MAC_Test_route_status.pb
INFO: [runtcl-4] Executing : report_timing_summary -max_paths 10 -report_unconstrained -file top_MAC_Test_timing_summary_routed.rpt -pb top_MAC_Test_timing_summary_routed.pb -rpx top_MAC_Test_timing_summary_routed.rpx -warn_on_violation 
INFO: [Timing 38-91] UpdateTimingParams: Speed grade: -1, Delay Type: min_max.
INFO: [Timing 38-191] Multithreading enabled for timing update using a maximum of 8 CPUs
CRITICAL WARNING: [Timing 38-282] The design failed to meet the timing requirements. Please see the timing summary report for details on the timing violations.
INFO: [runtcl-4] Executing : report_incremental_reuse -file top_MAC_Test_incremental_reuse_routed.rpt
INFO: [Vivado_Tcl 4-1062] Incremental flow is disabled. No incremental reuse Info to report.
INFO: [runtcl-4] Executing : report_clock_utilization -file top_MAC_Test_clock_utilization_routed.rpt
INFO: [runtcl-4] Executing : report_bus_skew -warn_on_violation -file top_MAC_Test_bus_skew_routed.rpt -pb top_MAC_Test_bus_skew_routed.pb -rpx top_MAC_Test_bus_skew_routed.rpx
INFO: [Timing 38-91] UpdateTimingParams: Speed grade: -1, Delay Type: min_max.
INFO: [Timing 38-191] Multithreading enabled for timing update using a maximum of 8 CPUs
INFO: [Common 17-206] Exiting Vivado at Thu Jul 17 10:51:38 2025...
