
*** Running vivado
    with args -log design_1_wrapper.vds -m64 -product Vivado -mode batch -messageDb vivado.pb -notrace -source design_1_wrapper.tcl


****** Vivado v2025.1 (64-bit)
  **** SW Build 6140274 on Wed May 21 22:58:25 MDT 2025
  **** IP Build 6138677 on Thu May 22 03:10:11 MDT 2025
  **** SharedData Build 6139179 on Tue May 20 17:58:58 MDT 2025
  **** Start of session at: Fri Sep 19 11:28:27 2025
    ** Copyright 1986-2022 Xilinx, Inc. All Rights Reserved.
    ** Copyright 2022-2025 Advanced Micro Devices, Inc. All Rights Reserved.

source design_1_wrapper.tcl -notrace
INFO: [IP_Flow 19-234] Refreshing IP repositories
INFO: [IP_Flow 19-1700] Loaded user IP repository '/home/intern/Downloads/Nexys-A7-100T-DMA-Audio-2018.2-1/ip_repo/FP_Mult_1_0'.
WARNING: [IP_Flow 19-2248] Failed to load user IP repository '/home/intern/Downloads/Nexys-A7-100T-DMA-Audio-2018.2-1/ip_repo/FP_multiplier_1_0'; Can't find the specified path.
If this directory should no longer be in your list of user repositories, go to the IP Settings dialog and remove it.
WARNING: [IP_Flow 19-2248] Failed to load user IP repository '/home/intern/Downloads/Nexys-A7-100T-DMA-Audio-2018.2-1/ip_repo/FP_multiply_1_0'; Can't find the specified path.
If this directory should no longer be in your list of user repositories, go to the IP Settings dialog and remove it.
WARNING: [IP_Flow 19-2248] Failed to load user IP repository '/home/intern/Downloads/Nexys-A7-100T-DMA-Audio-2018.2-1/ip_repo/flopoco_multiply_1_0'; Can't find the specified path.
If this directory should no longer be in your list of user repositories, go to the IP Settings dialog and remove it.
WARNING: [IP_Flow 19-2248] Failed to load user IP repository '/home/intern/Downloads/Nexys-A7-100T-DMA-Audio-2018.2-1/ip_repo/multiplier_flopoco_1_0'; Can't find the specified path.
If this directory should no longer be in your list of user repositories, go to the IP Settings dialog and remove it.
INFO: [IP_Flow 19-2313] Loaded Vivado IP repository '/tools/Xilinx/2025.1/Vivado/data/ip'.
INFO: [Project 1-5698] Found the below utility IPs instantiated in block design /home/intern/Downloads/Nexys-A7-100T-DMA-Audio-2018.2-1/vivado_proj_debug/Nexys-A7-100T-DMA-Audio_NEW.srcs/sources_1/bd/design_1/design_1.bd which have equivalent inline hdl with improved performance and reduced diskspace.
It is recommended to migrate these utility IPs to inline hdl  using the command upgrade_project -migrate_to_inline_hdl.  The utility IPs may be deprecated in future releases.
More information on inline hdl is available in UG994.
Utility IP Component Instances:
 design_1_microblaze_0_xlconcat_0
Command: read_checkpoint -auto_incremental -incremental /home/intern/Downloads/Nexys-A7-100T-DMA-Audio-2018.2-1/vivado_proj_debug/Nexys-A7-100T-DMA-Audio_NEW.srcs/utils_1/imports/synth_1/design_1_wrapper.dcp
INFO: [Vivado 12-5825] Read reference checkpoint from /home/intern/Downloads/Nexys-A7-100T-DMA-Audio-2018.2-1/vivado_proj_debug/Nexys-A7-100T-DMA-Audio_NEW.srcs/utils_1/imports/synth_1/design_1_wrapper.dcp for incremental synthesis
INFO: [Vivado 12-7989] Please ensure there are no constraint changes
Command: synth_design -top design_1_wrapper__STRUCTURE -part xc7a100tcsg324-1 -flatten_hierarchy none -directive RuntimeOptimized -fsm_extraction off
Starting synth_design
Attempting to get a license for feature 'Synthesis' and/or device 'xc7a100t'
INFO: [Common 17-349] Got license for feature 'Synthesis' and/or device 'xc7a100t'
INFO: [Device 21-403] Loading part xc7a100tcsg324-1
INFO: [Synth 8-7079] Multithreading enabled for synth_design using a maximum of 7 processes.
INFO: [Synth 8-7078] Launching helper process for spawning children vivado processes
INFO: [Synth 8-7075] Helper process launched with PID 1614164
---------------------------------------------------------------------------------
Starting RTL Elaboration : Time (s): cpu = 00:00:04 ; elapsed = 00:00:05 . Memory (MB): peak = 2257.898 ; gain = 406.996 ; free physical = 7932 ; free virtual = 29909
---------------------------------------------------------------------------------
INFO: [Synth 8-638] synthesizing module 'design_1_wrapper' [/home/intern/Downloads/Nexys-A7-100T-DMA-Audio-2018.2-1/vivado_proj_debug/Nexys-A7-100T-DMA-Audio_NEW.gen/sources_1/bd/design_1/hdl/design_1_wrapper.vhd:40]
INFO: [Synth 8-3491] module 'design_1' declared at '/home/intern/Downloads/Nexys-A7-100T-DMA-Audio-2018.2-1/vivado_proj_debug/Nexys-A7-100T-DMA-Audio_NEW.gen/sources_1/bd/design_1/synth/design_1.vhd:2563' bound to instance 'design_1_i' of component 'design_1' [/home/intern/Downloads/Nexys-A7-100T-DMA-Audio-2018.2-1/vivado_proj_debug/Nexys-A7-100T-DMA-Audio_NEW.gen/sources_1/bd/design_1/hdl/design_1_wrapper.vhd:66]
INFO: [Synth 8-638] synthesizing module 'design_1' [/home/intern/Downloads/Nexys-A7-100T-DMA-Audio-2018.2-1/vivado_proj_debug/Nexys-A7-100T-DMA-Audio_NEW.gen/sources_1/bd/design_1/synth/design_1.vhd:2592]
INFO: [Synth 8-3491] module 'design_1_FP_Mult_0_0' declared at '/home/intern/Downloads/Nexys-A7-100T-DMA-Audio-2018.2-1/vivado_proj_debug/Nexys-A7-100T-DMA-Audio_NEW.runs/synth_1/.Xil/Vivado-1613970-OASIS2/realtime/design_1_FP_Mult_0_0_stub.vhdl:6' bound to instance 'FP_Mult_0' of component 'design_1_FP_Mult_0_0' [/home/intern/Downloads/Nexys-A7-100T-DMA-Audio-2018.2-1/vivado_proj_debug/Nexys-A7-100T-DMA-Audio_NEW.gen/sources_1/bd/design_1/synth/design_1.vhd:3164]
INFO: [Synth 8-638] synthesizing module 'design_1_FP_Mult_0_0' [/home/intern/Downloads/Nexys-A7-100T-DMA-Audio-2018.2-1/vivado_proj_debug/Nexys-A7-100T-DMA-Audio_NEW.runs/synth_1/.Xil/Vivado-1613970-OASIS2/realtime/design_1_FP_Mult_0_0_stub.vhdl:39]
INFO: [Synth 8-638] synthesizing module 'design_1_axi_interconnect_0_0' [/home/intern/Downloads/Nexys-A7-100T-DMA-Audio-2018.2-1/vivado_proj_debug/Nexys-A7-100T-DMA-Audio_NEW.gen/sources_1/bd/design_1/synth/design_1.vhd:1611]
INFO: [Synth 8-638] synthesizing module 'm00_couplers_imp_1CA5Z32' [/home/intern/Downloads/Nexys-A7-100T-DMA-Audio-2018.2-1/vivado_proj_debug/Nexys-A7-100T-DMA-Audio_NEW.gen/sources_1/bd/design_1/synth/design_1.vhd:98]
INFO: [Synth 8-256] done synthesizing module 'm00_couplers_imp_1CA5Z32' (0#1) [/home/intern/Downloads/Nexys-A7-100T-DMA-Audio-2018.2-1/vivado_proj_debug/Nexys-A7-100T-DMA-Audio_NEW.gen/sources_1/bd/design_1/synth/design_1.vhd:98]
INFO: [Synth 8-638] synthesizing module 's00_couplers_imp_O7FAN0' [/home/intern/Downloads/Nexys-A7-100T-DMA-Audio-2018.2-1/vivado_proj_debug/Nexys-A7-100T-DMA-Audio_NEW.gen/sources_1/bd/design_1/synth/design_1.vhd:1231]
INFO: [Synth 8-3491] module 'design_1_axi_interconnect_0_imp_auto_us_0' declared at '/home/intern/Downloads/Nexys-A7-100T-DMA-Audio-2018.2-1/vivado_proj_debug/Nexys-A7-100T-DMA-Audio_NEW.runs/synth_1/.Xil/Vivado-1613970-OASIS2/realtime/design_1_axi_interconnect_0_imp_auto_us_0_stub.vhdl:6' bound to instance 'auto_us' of component 'design_1_axi_interconnect_0_imp_auto_us_0' [/home/intern/Downloads/Nexys-A7-100T-DMA-Audio-2018.2-1/vivado_proj_debug/Nexys-A7-100T-DMA-Audio_NEW.gen/sources_1/bd/design_1/synth/design_1.vhd:1311]
INFO: [Synth 8-638] synthesizing module 'design_1_axi_interconnect_0_imp_auto_us_0' [/home/intern/Downloads/Nexys-A7-100T-DMA-Audio-2018.2-1/vivado_proj_debug/Nexys-A7-100T-DMA-Audio_NEW.runs/synth_1/.Xil/Vivado-1613970-OASIS2/realtime/design_1_axi_interconnect_0_imp_auto_us_0_stub.vhdl:90]
INFO: [Synth 8-256] done synthesizing module 's00_couplers_imp_O7FAN0' (0#1) [/home/intern/Downloads/Nexys-A7-100T-DMA-Audio-2018.2-1/vivado_proj_debug/Nexys-A7-100T-DMA-Audio_NEW.gen/sources_1/bd/design_1/synth/design_1.vhd:1231]
INFO: [Synth 8-638] synthesizing module 's01_couplers_imp_1F69D31' [/home/intern/Downloads/Nexys-A7-100T-DMA-Audio-2018.2-1/vivado_proj_debug/Nexys-A7-100T-DMA-Audio_NEW.gen/sources_1/bd/design_1/synth/design_1.vhd:1430]
INFO: [Synth 8-3491] module 'design_1_axi_interconnect_0_imp_auto_us_1' declared at '/home/intern/Downloads/Nexys-A7-100T-DMA-Audio-2018.2-1/vivado_proj_debug/Nexys-A7-100T-DMA-Audio_NEW.runs/synth_1/.Xil/Vivado-1613970-OASIS2/realtime/design_1_axi_interconnect_0_imp_auto_us_1_stub.vhdl:6' bound to instance 'auto_us' of component 'design_1_axi_interconnect_0_imp_auto_us_1' [/home/intern/Downloads/Nexys-A7-100T-DMA-Audio-2018.2-1/vivado_proj_debug/Nexys-A7-100T-DMA-Audio_NEW.gen/sources_1/bd/design_1/synth/design_1.vhd:1471]
INFO: [Synth 8-638] synthesizing module 'design_1_axi_interconnect_0_imp_auto_us_1' [/home/intern/Downloads/Nexys-A7-100T-DMA-Audio-2018.2-1/vivado_proj_debug/Nexys-A7-100T-DMA-Audio_NEW.runs/synth_1/.Xil/Vivado-1613970-OASIS2/realtime/design_1_axi_interconnect_0_imp_auto_us_1_stub.vhdl:52]
INFO: [Synth 8-256] done synthesizing module 's01_couplers_imp_1F69D31' (0#1) [/home/intern/Downloads/Nexys-A7-100T-DMA-Audio-2018.2-1/vivado_proj_debug/Nexys-A7-100T-DMA-Audio_NEW.gen/sources_1/bd/design_1/synth/design_1.vhd:1430]
INFO: [Synth 8-3491] module 'design_1_axi_interconnect_0_upgraded_ipi_imp_xbar_0' declared at '/home/intern/Downloads/Nexys-A7-100T-DMA-Audio-2018.2-1/vivado_proj_debug/Nexys-A7-100T-DMA-Audio_NEW.runs/synth_1/.Xil/Vivado-1613970-OASIS2/realtime/design_1_axi_interconnect_0_upgraded_ipi_imp_xbar_0_stub.vhdl:6' bound to instance 'xbar' of component 'design_1_axi_interconnect_0_upgraded_ipi_imp_xbar_0' [/home/intern/Downloads/Nexys-A7-100T-DMA-Audio-2018.2-1/vivado_proj_debug/Nexys-A7-100T-DMA-Audio_NEW.gen/sources_1/bd/design_1/synth/design_1.vhd:1979]
INFO: [Synth 8-638] synthesizing module 'design_1_axi_interconnect_0_upgraded_ipi_imp_xbar_0' [/home/intern/Downloads/Nexys-A7-100T-DMA-Audio-2018.2-1/vivado_proj_debug/Nexys-A7-100T-DMA-Audio_NEW.runs/synth_1/.Xil/Vivado-1613970-OASIS2/realtime/design_1_axi_interconnect_0_upgraded_ipi_imp_xbar_0_stub.vhdl:96]
INFO: [Synth 8-256] done synthesizing module 'design_1_axi_interconnect_0_0' (0#1) [/home/intern/Downloads/Nexys-A7-100T-DMA-Audio-2018.2-1/vivado_proj_debug/Nexys-A7-100T-DMA-Audio_NEW.gen/sources_1/bd/design_1/synth/design_1.vhd:1611]
INFO: [Synth 8-3491] module 'design_1_axi_uartlite_0_0' declared at '/home/intern/Downloads/Nexys-A7-100T-DMA-Audio-2018.2-1/vivado_proj_debug/Nexys-A7-100T-DMA-Audio_NEW.runs/synth_1/.Xil/Vivado-1613970-OASIS2/realtime/design_1_axi_uartlite_0_0_stub.vhdl:6' bound to instance 'axi_uartlite_0' of component 'design_1_axi_uartlite_0_0' [/home/intern/Downloads/Nexys-A7-100T-DMA-Audio-2018.2-1/vivado_proj_debug/Nexys-A7-100T-DMA-Audio_NEW.gen/sources_1/bd/design_1/synth/design_1.vhd:3286]
INFO: [Synth 8-638] synthesizing module 'design_1_axi_uartlite_0_0' [/home/intern/Downloads/Nexys-A7-100T-DMA-Audio-2018.2-1/vivado_proj_debug/Nexys-A7-100T-DMA-Audio_NEW.runs/synth_1/.Xil/Vivado-1613970-OASIS2/realtime/design_1_axi_uartlite_0_0_stub.vhdl:40]
INFO: [Synth 8-3491] module 'design_1_clk_wiz_0_0' declared at '/home/intern/Downloads/Nexys-A7-100T-DMA-Audio-2018.2-1/vivado_proj_debug/Nexys-A7-100T-DMA-Audio_NEW.runs/synth_1/.Xil/Vivado-1613970-OASIS2/realtime/design_1_clk_wiz_0_0_stub.vhdl:6' bound to instance 'clk_wiz_0' of component 'design_1_clk_wiz_0_0' [/home/intern/Downloads/Nexys-A7-100T-DMA-Audio-2018.2-1/vivado_proj_debug/Nexys-A7-100T-DMA-Audio_NEW.gen/sources_1/bd/design_1/synth/design_1.vhd:3311]
INFO: [Synth 8-638] synthesizing module 'design_1_clk_wiz_0_0' [/home/intern/Downloads/Nexys-A7-100T-DMA-Audio-2018.2-1/vivado_proj_debug/Nexys-A7-100T-DMA-Audio_NEW.runs/synth_1/.Xil/Vivado-1613970-OASIS2/realtime/design_1_clk_wiz_0_0_stub.vhdl:17]
INFO: [Synth 8-3491] module 'design_1_mdm_1_0' declared at '/home/intern/Downloads/Nexys-A7-100T-DMA-Audio-2018.2-1/vivado_proj_debug/Nexys-A7-100T-DMA-Audio_NEW.runs/synth_1/.Xil/Vivado-1613970-OASIS2/realtime/design_1_mdm_1_0_stub.vhdl:6' bound to instance 'mdm_1' of component 'design_1_mdm_1_0' [/home/intern/Downloads/Nexys-A7-100T-DMA-Audio-2018.2-1/vivado_proj_debug/Nexys-A7-100T-DMA-Audio_NEW.gen/sources_1/bd/design_1/synth/design_1.vhd:3317]
INFO: [Synth 8-638] synthesizing module 'design_1_mdm_1_0' [/home/intern/Downloads/Nexys-A7-100T-DMA-Audio-2018.2-1/vivado_proj_debug/Nexys-A7-100T-DMA-Audio_NEW.runs/synth_1/.Xil/Vivado-1613970-OASIS2/realtime/design_1_mdm_1_0_stub.vhdl:28]
INFO: [Synth 8-3491] module 'design_1_microblaze_0_0' declared at '/home/intern/Downloads/Nexys-A7-100T-DMA-Audio-2018.2-1/vivado_proj_debug/Nexys-A7-100T-DMA-Audio_NEW.runs/synth_1/.Xil/Vivado-1613970-OASIS2/realtime/design_1_microblaze_0_0_stub.vhdl:6' bound to instance 'microblaze_0' of component 'design_1_microblaze_0_0' [/home/intern/Downloads/Nexys-A7-100T-DMA-Audio-2018.2-1/vivado_proj_debug/Nexys-A7-100T-DMA-Audio_NEW.gen/sources_1/bd/design_1/synth/design_1.vhd:3330]
INFO: [Synth 8-638] synthesizing module 'design_1_microblaze_0_0' [/home/intern/Downloads/Nexys-A7-100T-DMA-Audio-2018.2-1/vivado_proj_debug/Nexys-A7-100T-DMA-Audio_NEW.runs/synth_1/.Xil/Vivado-1613970-OASIS2/realtime/design_1_microblaze_0_0_stub.vhdl:144]
INFO: [Synth 8-3491] module 'design_1_microblaze_0_axi_intc_0' declared at '/home/intern/Downloads/Nexys-A7-100T-DMA-Audio-2018.2-1/vivado_proj_debug/Nexys-A7-100T-DMA-Audio_NEW.runs/synth_1/.Xil/Vivado-1613970-OASIS2/realtime/design_1_microblaze_0_axi_intc_0_stub.vhdl:6' bound to instance 'microblaze_0_axi_intc' of component 'design_1_microblaze_0_axi_intc_0' [/home/intern/Downloads/Nexys-A7-100T-DMA-Audio-2018.2-1/vivado_proj_debug/Nexys-A7-100T-DMA-Audio_NEW.gen/sources_1/bd/design_1/synth/design_1.vhd:3490]
INFO: [Synth 8-638] synthesizing module 'design_1_microblaze_0_axi_intc_0' [/home/intern/Downloads/Nexys-A7-100T-DMA-Audio-2018.2-1/vivado_proj_debug/Nexys-A7-100T-DMA-Audio_NEW.runs/synth_1/.Xil/Vivado-1613970-OASIS2/realtime/design_1_microblaze_0_axi_intc_0_stub.vhdl:43]
INFO: [Synth 8-638] synthesizing module 'design_1_microblaze_0_axi_periph_0' [/home/intern/Downloads/Nexys-A7-100T-DMA-Audio-2018.2-1/vivado_proj_debug/Nexys-A7-100T-DMA-Audio_NEW.gen/sources_1/bd/design_1/synth/design_1.vhd:2185]
INFO: [Synth 8-638] synthesizing module 'm00_couplers_imp_8RVYHO' [/home/intern/Downloads/Nexys-A7-100T-DMA-Audio-2018.2-1/vivado_proj_debug/Nexys-A7-100T-DMA-Audio_NEW.gen/sources_1/bd/design_1/synth/design_1.vhd:259]
INFO: [Synth 8-256] done synthesizing module 'm00_couplers_imp_8RVYHO' (0#1) [/home/intern/Downloads/Nexys-A7-100T-DMA-Audio-2018.2-1/vivado_proj_debug/Nexys-A7-100T-DMA-Audio_NEW.gen/sources_1/bd/design_1/synth/design_1.vhd:259]
INFO: [Synth 8-638] synthesizing module 'm01_couplers_imp_1UTB3Y5' [/home/intern/Downloads/Nexys-A7-100T-DMA-Audio-2018.2-1/vivado_proj_debug/Nexys-A7-100T-DMA-Audio_NEW.gen/sources_1/bd/design_1/synth/design_1.vhd:364]
INFO: [Synth 8-256] done synthesizing module 'm01_couplers_imp_1UTB3Y5' (0#1) [/home/intern/Downloads/Nexys-A7-100T-DMA-Audio-2018.2-1/vivado_proj_debug/Nexys-A7-100T-DMA-Audio_NEW.gen/sources_1/bd/design_1/synth/design_1.vhd:364]
INFO: [Synth 8-638] synthesizing module 'm02_couplers_imp_7ANRHB' [/home/intern/Downloads/Nexys-A7-100T-DMA-Audio-2018.2-1/vivado_proj_debug/Nexys-A7-100T-DMA-Audio_NEW.gen/sources_1/bd/design_1/synth/design_1.vhd:471]
INFO: [Synth 8-256] done synthesizing module 'm02_couplers_imp_7ANRHB' (0#1) [/home/intern/Downloads/Nexys-A7-100T-DMA-Audio-2018.2-1/vivado_proj_debug/Nexys-A7-100T-DMA-Audio_NEW.gen/sources_1/bd/design_1/synth/design_1.vhd:471]
INFO: [Synth 8-638] synthesizing module 's00_couplers_imp_1RZP34U' [/home/intern/Downloads/Nexys-A7-100T-DMA-Audio-2018.2-1/vivado_proj_debug/Nexys-A7-100T-DMA-Audio_NEW.gen/sources_1/bd/design_1/synth/design_1.vhd:1092]
INFO: [Synth 8-256] done synthesizing module 's00_couplers_imp_1RZP34U' (0#1) [/home/intern/Downloads/Nexys-A7-100T-DMA-Audio-2018.2-1/vivado_proj_debug/Nexys-A7-100T-DMA-Audio_NEW.gen/sources_1/bd/design_1/synth/design_1.vhd:1092]
INFO: [Synth 8-3491] module 'design_1_microblaze_0_axi_periph_upgraded_ipi_imp_xbar_0' declared at '/home/intern/Downloads/Nexys-A7-100T-DMA-Audio-2018.2-1/vivado_proj_debug/Nexys-A7-100T-DMA-Audio_NEW.runs/synth_1/.Xil/Vivado-1613970-OASIS2/realtime/design_1_microblaze_0_axi_periph_upgraded_ipi_imp_xbar_0_stub.vhdl:6' bound to instance 'xbar' of component 'design_1_microblaze_0_axi_periph_upgraded_ipi_imp_xbar_0' [/home/intern/Downloads/Nexys-A7-100T-DMA-Audio-2018.2-1/vivado_proj_debug/Nexys-A7-100T-DMA-Audio_NEW.gen/sources_1/bd/design_1/synth/design_1.vhd:2477]
INFO: [Synth 8-638] synthesizing module 'design_1_microblaze_0_axi_periph_upgraded_ipi_imp_xbar_0' [/home/intern/Downloads/Nexys-A7-100T-DMA-Audio-2018.2-1/vivado_proj_debug/Nexys-A7-100T-DMA-Audio_NEW.runs/synth_1/.Xil/Vivado-1613970-OASIS2/realtime/design_1_microblaze_0_axi_periph_upgraded_ipi_imp_xbar_0_stub.vhdl:58]
INFO: [Synth 8-256] done synthesizing module 'design_1_microblaze_0_axi_periph_0' (0#1) [/home/intern/Downloads/Nexys-A7-100T-DMA-Audio-2018.2-1/vivado_proj_debug/Nexys-A7-100T-DMA-Audio_NEW.gen/sources_1/bd/design_1/synth/design_1.vhd:2185]
INFO: [Synth 8-638] synthesizing module 'microblaze_0_local_memory_imp_1K0VQXK' [/home/intern/Downloads/Nexys-A7-100T-DMA-Audio-2018.2-1/vivado_proj_debug/Nexys-A7-100T-DMA-Audio_NEW.gen/sources_1/bd/design_1/synth/design_1.vhd:555]
INFO: [Synth 8-3491] module 'design_1_dlmb_bram_if_cntlr_0' declared at '/home/intern/Downloads/Nexys-A7-100T-DMA-Audio-2018.2-1/vivado_proj_debug/Nexys-A7-100T-DMA-Audio_NEW.runs/synth_1/.Xil/Vivado-1613970-OASIS2/realtime/design_1_dlmb_bram_if_cntlr_0_stub.vhdl:6' bound to instance 'dlmb_bram_if_cntlr' of component 'design_1_dlmb_bram_if_cntlr_0' [/home/intern/Downloads/Nexys-A7-100T-DMA-Audio-2018.2-1/vivado_proj_debug/Nexys-A7-100T-DMA-Audio_NEW.gen/sources_1/bd/design_1/synth/design_1.vhd:727]
INFO: [Synth 8-638] synthesizing module 'design_1_dlmb_bram_if_cntlr_0' [/home/intern/Downloads/Nexys-A7-100T-DMA-Audio-2018.2-1/vivado_proj_debug/Nexys-A7-100T-DMA-Audio_NEW.runs/synth_1/.Xil/Vivado-1613970-OASIS2/realtime/design_1_dlmb_bram_if_cntlr_0_stub.vhdl:38]
INFO: [Synth 8-3491] module 'design_1_dlmb_v10_0' declared at '/home/intern/Downloads/Nexys-A7-100T-DMA-Audio-2018.2-1/vivado_proj_debug/Nexys-A7-100T-DMA-Audio_NEW.runs/synth_1/.Xil/Vivado-1613970-OASIS2/realtime/design_1_dlmb_v10_0_stub.vhdl:6' bound to instance 'dlmb_v10' of component 'design_1_dlmb_v10_0' [/home/intern/Downloads/Nexys-A7-100T-DMA-Audio-2018.2-1/vivado_proj_debug/Nexys-A7-100T-DMA-Audio_NEW.gen/sources_1/bd/design_1/synth/design_1.vhd:781]
INFO: [Synth 8-638] synthesizing module 'design_1_dlmb_v10_0' [/home/intern/Downloads/Nexys-A7-100T-DMA-Audio-2018.2-1/vivado_proj_debug/Nexys-A7-100T-DMA-Audio_NEW.runs/synth_1/.Xil/Vivado-1613970-OASIS2/realtime/design_1_dlmb_v10_0_stub.vhdl:43]
INFO: [Synth 8-3491] module 'design_1_ilmb_bram_if_cntlr_0' declared at '/home/intern/Downloads/Nexys-A7-100T-DMA-Audio-2018.2-1/vivado_proj_debug/Nexys-A7-100T-DMA-Audio_NEW.runs/synth_1/.Xil/Vivado-1613970-OASIS2/realtime/design_1_ilmb_bram_if_cntlr_0_stub.vhdl:6' bound to instance 'ilmb_bram_if_cntlr' of component 'design_1_ilmb_bram_if_cntlr_0' [/home/intern/Downloads/Nexys-A7-100T-DMA-Audio-2018.2-1/vivado_proj_debug/Nexys-A7-100T-DMA-Audio_NEW.gen/sources_1/bd/design_1/synth/design_1.vhd:809]
INFO: [Synth 8-638] synthesizing module 'design_1_ilmb_bram_if_cntlr_0' [/home/intern/Downloads/Nexys-A7-100T-DMA-Audio-2018.2-1/vivado_proj_debug/Nexys-A7-100T-DMA-Audio_NEW.runs/synth_1/.Xil/Vivado-1613970-OASIS2/realtime/design_1_ilmb_bram_if_cntlr_0_stub.vhdl:38]
INFO: [Synth 8-3491] module 'design_1_ilmb_v10_0' declared at '/home/intern/Downloads/Nexys-A7-100T-DMA-Audio-2018.2-1/vivado_proj_debug/Nexys-A7-100T-DMA-Audio_NEW.runs/synth_1/.Xil/Vivado-1613970-OASIS2/realtime/design_1_ilmb_v10_0_stub.vhdl:6' bound to instance 'ilmb_v10' of component 'design_1_ilmb_v10_0' [/home/intern/Downloads/Nexys-A7-100T-DMA-Audio-2018.2-1/vivado_proj_debug/Nexys-A7-100T-DMA-Audio_NEW.gen/sources_1/bd/design_1/synth/design_1.vhd:863]
INFO: [Synth 8-638] synthesizing module 'design_1_ilmb_v10_0' [/home/intern/Downloads/Nexys-A7-100T-DMA-Audio-2018.2-1/vivado_proj_debug/Nexys-A7-100T-DMA-Audio_NEW.runs/synth_1/.Xil/Vivado-1613970-OASIS2/realtime/design_1_ilmb_v10_0_stub.vhdl:43]
INFO: [Synth 8-3491] module 'design_1_lmb_bram_0' declared at '/home/intern/Downloads/Nexys-A7-100T-DMA-Audio-2018.2-1/vivado_proj_debug/Nexys-A7-100T-DMA-Audio_NEW.runs/synth_1/.Xil/Vivado-1613970-OASIS2/realtime/design_1_lmb_bram_0_stub.vhdl:6' bound to instance 'lmb_bram' of component 'design_1_lmb_bram_0' [/home/intern/Downloads/Nexys-A7-100T-DMA-Audio-2018.2-1/vivado_proj_debug/Nexys-A7-100T-DMA-Audio_NEW.gen/sources_1/bd/design_1/synth/design_1.vhd:891]
INFO: [Synth 8-638] synthesizing module 'design_1_lmb_bram_0' [/home/intern/Downloads/Nexys-A7-100T-DMA-Audio-2018.2-1/vivado_proj_debug/Nexys-A7-100T-DMA-Audio_NEW.runs/synth_1/.Xil/Vivado-1613970-OASIS2/realtime/design_1_lmb_bram_0_stub.vhdl:34]
INFO: [Synth 8-256] done synthesizing module 'microblaze_0_local_memory_imp_1K0VQXK' (0#1) [/home/intern/Downloads/Nexys-A7-100T-DMA-Audio-2018.2-1/vivado_proj_debug/Nexys-A7-100T-DMA-Audio_NEW.gen/sources_1/bd/design_1/synth/design_1.vhd:555]
INFO: [Synth 8-3491] module 'design_1_microblaze_0_xlconcat_0' declared at '/home/intern/Downloads/Nexys-A7-100T-DMA-Audio-2018.2-1/vivado_proj_debug/Nexys-A7-100T-DMA-Audio_NEW.gen/sources_1/bd/design_1/ip/design_1_microblaze_0_xlconcat_0/synth/design_1_microblaze_0_xlconcat_0.v:53' bound to instance 'microblaze_0_xlconcat' of component 'design_1_microblaze_0_xlconcat_0' [/home/intern/Downloads/Nexys-A7-100T-DMA-Audio-2018.2-1/vivado_proj_debug/Nexys-A7-100T-DMA-Audio_NEW.gen/sources_1/bd/design_1/synth/design_1.vhd:3628]
INFO: [Synth 8-6157] synthesizing module 'design_1_microblaze_0_xlconcat_0' [/home/intern/Downloads/Nexys-A7-100T-DMA-Audio-2018.2-1/vivado_proj_debug/Nexys-A7-100T-DMA-Audio_NEW.gen/sources_1/bd/design_1/ip/design_1_microblaze_0_xlconcat_0/synth/design_1_microblaze_0_xlconcat_0.v:53]
INFO: [Synth 8-6157] synthesizing module 'xlconcat_v2_1_7_xlconcat' [/home/intern/Downloads/Nexys-A7-100T-DMA-Audio-2018.2-1/vivado_proj_debug/Nexys-A7-100T-DMA-Audio_NEW.gen/sources_1/bd/design_1/ipshared/9c1a/hdl/xlconcat_v2_1_vl_rfs.v:59]
INFO: [Synth 8-6155] done synthesizing module 'xlconcat_v2_1_7_xlconcat' (0#1) [/home/intern/Downloads/Nexys-A7-100T-DMA-Audio-2018.2-1/vivado_proj_debug/Nexys-A7-100T-DMA-Audio_NEW.gen/sources_1/bd/design_1/ipshared/9c1a/hdl/xlconcat_v2_1_vl_rfs.v:59]
INFO: [Synth 8-6155] done synthesizing module 'design_1_microblaze_0_xlconcat_0' (0#1) [/home/intern/Downloads/Nexys-A7-100T-DMA-Audio-2018.2-1/vivado_proj_debug/Nexys-A7-100T-DMA-Audio_NEW.gen/sources_1/bd/design_1/ip/design_1_microblaze_0_xlconcat_0/synth/design_1_microblaze_0_xlconcat_0.v:53]
WARNING: [Synth 8-5640] Port 'ui_addn_clk_1' is missing in component declaration [/home/intern/Downloads/Nexys-A7-100T-DMA-Audio-2018.2-1/vivado_proj_debug/Nexys-A7-100T-DMA-Audio_NEW.gen/sources_1/bd/design_1/synth/design_1.vhd:2808]
WARNING: [Synth 8-5640] Port 'ui_addn_clk_2' is missing in component declaration [/home/intern/Downloads/Nexys-A7-100T-DMA-Audio-2018.2-1/vivado_proj_debug/Nexys-A7-100T-DMA-Audio_NEW.gen/sources_1/bd/design_1/synth/design_1.vhd:2808]
WARNING: [Synth 8-5640] Port 'ui_addn_clk_3' is missing in component declaration [/home/intern/Downloads/Nexys-A7-100T-DMA-Audio-2018.2-1/vivado_proj_debug/Nexys-A7-100T-DMA-Audio_NEW.gen/sources_1/bd/design_1/synth/design_1.vhd:2808]
WARNING: [Synth 8-5640] Port 'ui_addn_clk_4' is missing in component declaration [/home/intern/Downloads/Nexys-A7-100T-DMA-Audio-2018.2-1/vivado_proj_debug/Nexys-A7-100T-DMA-Audio_NEW.gen/sources_1/bd/design_1/synth/design_1.vhd:2808]
WARNING: [Synth 8-5640] Port 'app_sr_active' is missing in component declaration [/home/intern/Downloads/Nexys-A7-100T-DMA-Audio-2018.2-1/vivado_proj_debug/Nexys-A7-100T-DMA-Audio_NEW.gen/sources_1/bd/design_1/synth/design_1.vhd:2808]
WARNING: [Synth 8-5640] Port 'app_ref_ack' is missing in component declaration [/home/intern/Downloads/Nexys-A7-100T-DMA-Audio-2018.2-1/vivado_proj_debug/Nexys-A7-100T-DMA-Audio_NEW.gen/sources_1/bd/design_1/synth/design_1.vhd:2808]
WARNING: [Synth 8-5640] Port 'app_zq_ack' is missing in component declaration [/home/intern/Downloads/Nexys-A7-100T-DMA-Audio-2018.2-1/vivado_proj_debug/Nexys-A7-100T-DMA-Audio_NEW.gen/sources_1/bd/design_1/synth/design_1.vhd:2808]
INFO: [Synth 8-3491] module 'design_1_mig_7series_0_1' declared at '/home/intern/Downloads/Nexys-A7-100T-DMA-Audio-2018.2-1/vivado_proj_debug/Nexys-A7-100T-DMA-Audio_NEW.runs/synth_1/.Xil/Vivado-1613970-OASIS2/realtime/design_1_mig_7series_0_1_stub.vhdl:6' bound to instance 'mig_7series_0' of component 'design_1_mig_7series_0_1' [/home/intern/Downloads/Nexys-A7-100T-DMA-Audio-2018.2-1/vivado_proj_debug/Nexys-A7-100T-DMA-Audio_NEW.gen/sources_1/bd/design_1/synth/design_1.vhd:3636]
INFO: [Synth 8-638] synthesizing module 'design_1_mig_7series_0_1' [/home/intern/Downloads/Nexys-A7-100T-DMA-Audio-2018.2-1/vivado_proj_debug/Nexys-A7-100T-DMA-Audio_NEW.runs/synth_1/.Xil/Vivado-1613970-OASIS2/realtime/design_1_mig_7series_0_1_stub.vhdl:79]
INFO: [Synth 8-3491] module 'design_1_rst_mig_7series_0_81M_0' declared at '/home/intern/Downloads/Nexys-A7-100T-DMA-Audio-2018.2-1/vivado_proj_debug/Nexys-A7-100T-DMA-Audio_NEW.runs/synth_1/.Xil/Vivado-1613970-OASIS2/realtime/design_1_rst_mig_7series_0_81M_0_stub.vhdl:6' bound to instance 'rst_mig_7series_0_81M' of component 'design_1_rst_mig_7series_0_81M_0' [/home/intern/Downloads/Nexys-A7-100T-DMA-Audio-2018.2-1/vivado_proj_debug/Nexys-A7-100T-DMA-Audio_NEW.gen/sources_1/bd/design_1/synth/design_1.vhd:3699]
INFO: [Synth 8-638] synthesizing module 'design_1_rst_mig_7series_0_81M_0' [/home/intern/Downloads/Nexys-A7-100T-DMA-Audio-2018.2-1/vivado_proj_debug/Nexys-A7-100T-DMA-Audio_NEW.runs/synth_1/.Xil/Vivado-1613970-OASIS2/realtime/design_1_rst_mig_7series_0_81M_0_stub.vhdl:28]
INFO: [Synth 8-256] done synthesizing module 'design_1' (0#1) [/home/intern/Downloads/Nexys-A7-100T-DMA-Audio-2018.2-1/vivado_proj_debug/Nexys-A7-100T-DMA-Audio_NEW.gen/sources_1/bd/design_1/synth/design_1.vhd:2592]
INFO: [Synth 8-256] done synthesizing module 'design_1_wrapper' (0#1) [/home/intern/Downloads/Nexys-A7-100T-DMA-Audio-2018.2-1/vivado_proj_debug/Nexys-A7-100T-DMA-Audio_NEW.gen/sources_1/bd/design_1/hdl/design_1_wrapper.vhd:40]
WARNING: [Synth 8-7129] Port In4[0] in module xlconcat_v2_1_7_xlconcat is either unconnected or has no load
WARNING: [Synth 8-7129] Port In5[0] in module xlconcat_v2_1_7_xlconcat is either unconnected or has no load
WARNING: [Synth 8-7129] Port In6[0] in module xlconcat_v2_1_7_xlconcat is either unconnected or has no load
WARNING: [Synth 8-7129] Port In7[0] in module xlconcat_v2_1_7_xlconcat is either unconnected or has no load
WARNING: [Synth 8-7129] Port In8[0] in module xlconcat_v2_1_7_xlconcat is either unconnected or has no load
WARNING: [Synth 8-7129] Port In9[0] in module xlconcat_v2_1_7_xlconcat is either unconnected or has no load
WARNING: [Synth 8-7129] Port In10[0] in module xlconcat_v2_1_7_xlconcat is either unconnected or has no load
WARNING: [Synth 8-7129] Port In11[0] in module xlconcat_v2_1_7_xlconcat is either unconnected or has no load
WARNING: [Synth 8-7129] Port In12[0] in module xlconcat_v2_1_7_xlconcat is either unconnected or has no load
WARNING: [Synth 8-7129] Port In13[0] in module xlconcat_v2_1_7_xlconcat is either unconnected or has no load
WARNING: [Synth 8-7129] Port In14[0] in module xlconcat_v2_1_7_xlconcat is either unconnected or has no load
WARNING: [Synth 8-7129] Port In15[0] in module xlconcat_v2_1_7_xlconcat is either unconnected or has no load
WARNING: [Synth 8-7129] Port In16[0] in module xlconcat_v2_1_7_xlconcat is either unconnected or has no load
WARNING: [Synth 8-7129] Port In17[0] in module xlconcat_v2_1_7_xlconcat is either unconnected or has no load
WARNING: [Synth 8-7129] Port In18[0] in module xlconcat_v2_1_7_xlconcat is either unconnected or has no load
WARNING: [Synth 8-7129] Port In19[0] in module xlconcat_v2_1_7_xlconcat is either unconnected or has no load
WARNING: [Synth 8-7129] Port In20[0] in module xlconcat_v2_1_7_xlconcat is either unconnected or has no load
WARNING: [Synth 8-7129] Port In21[0] in module xlconcat_v2_1_7_xlconcat is either unconnected or has no load
WARNING: [Synth 8-7129] Port In22[0] in module xlconcat_v2_1_7_xlconcat is either unconnected or has no load
WARNING: [Synth 8-7129] Port In23[0] in module xlconcat_v2_1_7_xlconcat is either unconnected or has no load
WARNING: [Synth 8-7129] Port In24[0] in module xlconcat_v2_1_7_xlconcat is either unconnected or has no load
WARNING: [Synth 8-7129] Port In25[0] in module xlconcat_v2_1_7_xlconcat is either unconnected or has no load
WARNING: [Synth 8-7129] Port In26[0] in module xlconcat_v2_1_7_xlconcat is either unconnected or has no load
WARNING: [Synth 8-7129] Port In27[0] in module xlconcat_v2_1_7_xlconcat is either unconnected or has no load
WARNING: [Synth 8-7129] Port In28[0] in module xlconcat_v2_1_7_xlconcat is either unconnected or has no load
WARNING: [Synth 8-7129] Port In29[0] in module xlconcat_v2_1_7_xlconcat is either unconnected or has no load
WARNING: [Synth 8-7129] Port In30[0] in module xlconcat_v2_1_7_xlconcat is either unconnected or has no load
WARNING: [Synth 8-7129] Port In31[0] in module xlconcat_v2_1_7_xlconcat is either unconnected or has no load
WARNING: [Synth 8-7129] Port In32[0] in module xlconcat_v2_1_7_xlconcat is either unconnected or has no load
WARNING: [Synth 8-7129] Port In33[0] in module xlconcat_v2_1_7_xlconcat is either unconnected or has no load
WARNING: [Synth 8-7129] Port In34[0] in module xlconcat_v2_1_7_xlconcat is either unconnected or has no load
WARNING: [Synth 8-7129] Port In35[0] in module xlconcat_v2_1_7_xlconcat is either unconnected or has no load
WARNING: [Synth 8-7129] Port In36[0] in module xlconcat_v2_1_7_xlconcat is either unconnected or has no load
WARNING: [Synth 8-7129] Port In37[0] in module xlconcat_v2_1_7_xlconcat is either unconnected or has no load
WARNING: [Synth 8-7129] Port In38[0] in module xlconcat_v2_1_7_xlconcat is either unconnected or has no load
WARNING: [Synth 8-7129] Port In39[0] in module xlconcat_v2_1_7_xlconcat is either unconnected or has no load
WARNING: [Synth 8-7129] Port In40[0] in module xlconcat_v2_1_7_xlconcat is either unconnected or has no load
WARNING: [Synth 8-7129] Port In41[0] in module xlconcat_v2_1_7_xlconcat is either unconnected or has no load
WARNING: [Synth 8-7129] Port In42[0] in module xlconcat_v2_1_7_xlconcat is either unconnected or has no load
WARNING: [Synth 8-7129] Port In43[0] in module xlconcat_v2_1_7_xlconcat is either unconnected or has no load
WARNING: [Synth 8-7129] Port In44[0] in module xlconcat_v2_1_7_xlconcat is either unconnected or has no load
WARNING: [Synth 8-7129] Port In45[0] in module xlconcat_v2_1_7_xlconcat is either unconnected or has no load
WARNING: [Synth 8-7129] Port In46[0] in module xlconcat_v2_1_7_xlconcat is either unconnected or has no load
WARNING: [Synth 8-7129] Port In47[0] in module xlconcat_v2_1_7_xlconcat is either unconnected or has no load
WARNING: [Synth 8-7129] Port In48[0] in module xlconcat_v2_1_7_xlconcat is either unconnected or has no load
WARNING: [Synth 8-7129] Port In49[0] in module xlconcat_v2_1_7_xlconcat is either unconnected or has no load
WARNING: [Synth 8-7129] Port In50[0] in module xlconcat_v2_1_7_xlconcat is either unconnected or has no load
WARNING: [Synth 8-7129] Port In51[0] in module xlconcat_v2_1_7_xlconcat is either unconnected or has no load
WARNING: [Synth 8-7129] Port In52[0] in module xlconcat_v2_1_7_xlconcat is either unconnected or has no load
WARNING: [Synth 8-7129] Port In53[0] in module xlconcat_v2_1_7_xlconcat is either unconnected or has no load
WARNING: [Synth 8-7129] Port In54[0] in module xlconcat_v2_1_7_xlconcat is either unconnected or has no load
WARNING: [Synth 8-7129] Port In55[0] in module xlconcat_v2_1_7_xlconcat is either unconnected or has no load
WARNING: [Synth 8-7129] Port In56[0] in module xlconcat_v2_1_7_xlconcat is either unconnected or has no load
WARNING: [Synth 8-7129] Port In57[0] in module xlconcat_v2_1_7_xlconcat is either unconnected or has no load
WARNING: [Synth 8-7129] Port In58[0] in module xlconcat_v2_1_7_xlconcat is either unconnected or has no load
WARNING: [Synth 8-7129] Port In59[0] in module xlconcat_v2_1_7_xlconcat is either unconnected or has no load
WARNING: [Synth 8-7129] Port In60[0] in module xlconcat_v2_1_7_xlconcat is either unconnected or has no load
WARNING: [Synth 8-7129] Port In61[0] in module xlconcat_v2_1_7_xlconcat is either unconnected or has no load
WARNING: [Synth 8-7129] Port In62[0] in module xlconcat_v2_1_7_xlconcat is either unconnected or has no load
WARNING: [Synth 8-7129] Port In63[0] in module xlconcat_v2_1_7_xlconcat is either unconnected or has no load
WARNING: [Synth 8-7129] Port In64[0] in module xlconcat_v2_1_7_xlconcat is either unconnected or has no load
WARNING: [Synth 8-7129] Port In65[0] in module xlconcat_v2_1_7_xlconcat is either unconnected or has no load
WARNING: [Synth 8-7129] Port In66[0] in module xlconcat_v2_1_7_xlconcat is either unconnected or has no load
WARNING: [Synth 8-7129] Port In67[0] in module xlconcat_v2_1_7_xlconcat is either unconnected or has no load
WARNING: [Synth 8-7129] Port In68[0] in module xlconcat_v2_1_7_xlconcat is either unconnected or has no load
WARNING: [Synth 8-7129] Port In69[0] in module xlconcat_v2_1_7_xlconcat is either unconnected or has no load
WARNING: [Synth 8-7129] Port In70[0] in module xlconcat_v2_1_7_xlconcat is either unconnected or has no load
WARNING: [Synth 8-7129] Port In71[0] in module xlconcat_v2_1_7_xlconcat is either unconnected or has no load
WARNING: [Synth 8-7129] Port In72[0] in module xlconcat_v2_1_7_xlconcat is either unconnected or has no load
WARNING: [Synth 8-7129] Port In73[0] in module xlconcat_v2_1_7_xlconcat is either unconnected or has no load
WARNING: [Synth 8-7129] Port In74[0] in module xlconcat_v2_1_7_xlconcat is either unconnected or has no load
WARNING: [Synth 8-7129] Port In75[0] in module xlconcat_v2_1_7_xlconcat is either unconnected or has no load
WARNING: [Synth 8-7129] Port In76[0] in module xlconcat_v2_1_7_xlconcat is either unconnected or has no load
WARNING: [Synth 8-7129] Port In77[0] in module xlconcat_v2_1_7_xlconcat is either unconnected or has no load
WARNING: [Synth 8-7129] Port In78[0] in module xlconcat_v2_1_7_xlconcat is either unconnected or has no load
WARNING: [Synth 8-7129] Port In79[0] in module xlconcat_v2_1_7_xlconcat is either unconnected or has no load
WARNING: [Synth 8-7129] Port In80[0] in module xlconcat_v2_1_7_xlconcat is either unconnected or has no load
WARNING: [Synth 8-7129] Port In81[0] in module xlconcat_v2_1_7_xlconcat is either unconnected or has no load
WARNING: [Synth 8-7129] Port In82[0] in module xlconcat_v2_1_7_xlconcat is either unconnected or has no load
WARNING: [Synth 8-7129] Port In83[0] in module xlconcat_v2_1_7_xlconcat is either unconnected or has no load
WARNING: [Synth 8-7129] Port In84[0] in module xlconcat_v2_1_7_xlconcat is either unconnected or has no load
WARNING: [Synth 8-7129] Port In85[0] in module xlconcat_v2_1_7_xlconcat is either unconnected or has no load
WARNING: [Synth 8-7129] Port In86[0] in module xlconcat_v2_1_7_xlconcat is either unconnected or has no load
WARNING: [Synth 8-7129] Port In87[0] in module xlconcat_v2_1_7_xlconcat is either unconnected or has no load
WARNING: [Synth 8-7129] Port In88[0] in module xlconcat_v2_1_7_xlconcat is either unconnected or has no load
WARNING: [Synth 8-7129] Port In89[0] in module xlconcat_v2_1_7_xlconcat is either unconnected or has no load
WARNING: [Synth 8-7129] Port In90[0] in module xlconcat_v2_1_7_xlconcat is either unconnected or has no load
WARNING: [Synth 8-7129] Port In91[0] in module xlconcat_v2_1_7_xlconcat is either unconnected or has no load
WARNING: [Synth 8-7129] Port In92[0] in module xlconcat_v2_1_7_xlconcat is either unconnected or has no load
WARNING: [Synth 8-7129] Port In93[0] in module xlconcat_v2_1_7_xlconcat is either unconnected or has no load
WARNING: [Synth 8-7129] Port In94[0] in module xlconcat_v2_1_7_xlconcat is either unconnected or has no load
WARNING: [Synth 8-7129] Port In95[0] in module xlconcat_v2_1_7_xlconcat is either unconnected or has no load
WARNING: [Synth 8-7129] Port In96[0] in module xlconcat_v2_1_7_xlconcat is either unconnected or has no load
WARNING: [Synth 8-7129] Port In97[0] in module xlconcat_v2_1_7_xlconcat is either unconnected or has no load
WARNING: [Synth 8-7129] Port In98[0] in module xlconcat_v2_1_7_xlconcat is either unconnected or has no load
WARNING: [Synth 8-7129] Port In99[0] in module xlconcat_v2_1_7_xlconcat is either unconnected or has no load
WARNING: [Synth 8-7129] Port In100[0] in module xlconcat_v2_1_7_xlconcat is either unconnected or has no load
WARNING: [Synth 8-7129] Port In101[0] in module xlconcat_v2_1_7_xlconcat is either unconnected or has no load
WARNING: [Synth 8-7129] Port In102[0] in module xlconcat_v2_1_7_xlconcat is either unconnected or has no load
WARNING: [Synth 8-7129] Port In103[0] in module xlconcat_v2_1_7_xlconcat is either unconnected or has no load
INFO: [Common 17-14] Message 'Synth 8-7129' appears 100 times and further instances of the messages will be disabled. Use the Tcl command set_msg_config to change the current settings.
---------------------------------------------------------------------------------
Finished RTL Elaboration : Time (s): cpu = 00:00:06 ; elapsed = 00:00:07 . Memory (MB): peak = 2346.836 ; gain = 495.934 ; free physical = 7838 ; free virtual = 29815
---------------------------------------------------------------------------------
---------------------------------------------------------------------------------
Start Handling Custom Attributes
---------------------------------------------------------------------------------
---------------------------------------------------------------------------------
Finished Handling Custom Attributes : Time (s): cpu = 00:00:07 ; elapsed = 00:00:07 . Memory (MB): peak = 2355.742 ; gain = 504.840 ; free physical = 7814 ; free virtual = 29792
---------------------------------------------------------------------------------
---------------------------------------------------------------------------------
Finished RTL Optimization Phase 1 : Time (s): cpu = 00:00:07 ; elapsed = 00:00:07 . Memory (MB): peak = 2355.742 ; gain = 504.840 ; free physical = 7814 ; free virtual = 29792
---------------------------------------------------------------------------------
Netlist sorting complete. Time (s): cpu = 00:00:00.02 ; elapsed = 00:00:00.02 . Memory (MB): peak = 2355.742 ; gain = 0.000 ; free physical = 7774 ; free virtual = 29751
INFO: [Project 1-570] Preparing netlist for logic optimization

Processing XDC Constraints
Initializing timing engine
Parsing XDC File [/home/intern/Downloads/Nexys-A7-100T-DMA-Audio-2018.2-1/vivado_proj_debug/Nexys-A7-100T-DMA-Audio_NEW.gen/sources_1/bd/design_1/ip/design_1_dlmb_bram_if_cntlr_0/design_1_dlmb_bram_if_cntlr_0/design_1_dlmb_bram_if_cntlr_0_in_context.xdc] for cell 'design_1_i/microblaze_0_local_memory/dlmb_bram_if_cntlr'
Finished Parsing XDC File [/home/intern/Downloads/Nexys-A7-100T-DMA-Audio-2018.2-1/vivado_proj_debug/Nexys-A7-100T-DMA-Audio_NEW.gen/sources_1/bd/design_1/ip/design_1_dlmb_bram_if_cntlr_0/design_1_dlmb_bram_if_cntlr_0/design_1_dlmb_bram_if_cntlr_0_in_context.xdc] for cell 'design_1_i/microblaze_0_local_memory/dlmb_bram_if_cntlr'
Parsing XDC File [/home/intern/Downloads/Nexys-A7-100T-DMA-Audio-2018.2-1/vivado_proj_debug/Nexys-A7-100T-DMA-Audio_NEW.gen/sources_1/bd/design_1/ip/design_1_dlmb_v10_0/design_1_dlmb_v10_0/design_1_dlmb_v10_0_in_context.xdc] for cell 'design_1_i/microblaze_0_local_memory/dlmb_v10'
Finished Parsing XDC File [/home/intern/Downloads/Nexys-A7-100T-DMA-Audio-2018.2-1/vivado_proj_debug/Nexys-A7-100T-DMA-Audio_NEW.gen/sources_1/bd/design_1/ip/design_1_dlmb_v10_0/design_1_dlmb_v10_0/design_1_dlmb_v10_0_in_context.xdc] for cell 'design_1_i/microblaze_0_local_memory/dlmb_v10'
Parsing XDC File [/home/intern/Downloads/Nexys-A7-100T-DMA-Audio-2018.2-1/vivado_proj_debug/Nexys-A7-100T-DMA-Audio_NEW.gen/sources_1/bd/design_1/ip/design_1_ilmb_bram_if_cntlr_0/design_1_ilmb_bram_if_cntlr_0/design_1_ilmb_bram_if_cntlr_0_in_context.xdc] for cell 'design_1_i/microblaze_0_local_memory/ilmb_bram_if_cntlr'
Finished Parsing XDC File [/home/intern/Downloads/Nexys-A7-100T-DMA-Audio-2018.2-1/vivado_proj_debug/Nexys-A7-100T-DMA-Audio_NEW.gen/sources_1/bd/design_1/ip/design_1_ilmb_bram_if_cntlr_0/design_1_ilmb_bram_if_cntlr_0/design_1_ilmb_bram_if_cntlr_0_in_context.xdc] for cell 'design_1_i/microblaze_0_local_memory/ilmb_bram_if_cntlr'
Parsing XDC File [/home/intern/Downloads/Nexys-A7-100T-DMA-Audio-2018.2-1/vivado_proj_debug/Nexys-A7-100T-DMA-Audio_NEW.gen/sources_1/bd/design_1/ip/design_1_ilmb_v10_0/design_1_ilmb_v10_0/design_1_dlmb_v10_0_in_context.xdc] for cell 'design_1_i/microblaze_0_local_memory/ilmb_v10'
Finished Parsing XDC File [/home/intern/Downloads/Nexys-A7-100T-DMA-Audio-2018.2-1/vivado_proj_debug/Nexys-A7-100T-DMA-Audio_NEW.gen/sources_1/bd/design_1/ip/design_1_ilmb_v10_0/design_1_ilmb_v10_0/design_1_dlmb_v10_0_in_context.xdc] for cell 'design_1_i/microblaze_0_local_memory/ilmb_v10'
Parsing XDC File [/home/intern/Downloads/Nexys-A7-100T-DMA-Audio-2018.2-1/vivado_proj_debug/Nexys-A7-100T-DMA-Audio_NEW.gen/sources_1/bd/design_1/ip/design_1_lmb_bram_0/design_1_lmb_bram_0/design_1_lmb_bram_0_in_context.xdc] for cell 'design_1_i/microblaze_0_local_memory/lmb_bram'
Finished Parsing XDC File [/home/intern/Downloads/Nexys-A7-100T-DMA-Audio-2018.2-1/vivado_proj_debug/Nexys-A7-100T-DMA-Audio_NEW.gen/sources_1/bd/design_1/ip/design_1_lmb_bram_0/design_1_lmb_bram_0/design_1_lmb_bram_0_in_context.xdc] for cell 'design_1_i/microblaze_0_local_memory/lmb_bram'
Parsing XDC File [/home/intern/Downloads/Nexys-A7-100T-DMA-Audio-2018.2-1/vivado_proj_debug/Nexys-A7-100T-DMA-Audio_NEW.gen/sources_1/bd/design_1/ip/design_1_axi_interconnect_0_upgraded_ipi_imp_xbar_0/design_1_axi_interconnect_0_upgraded_ipi_imp_xbar_0/design_1_axi_interconnect_0_upgraded_ipi_imp_xbar_0_in_context.xdc] for cell 'design_1_i/axi_interconnect_0/xbar'
Finished Parsing XDC File [/home/intern/Downloads/Nexys-A7-100T-DMA-Audio-2018.2-1/vivado_proj_debug/Nexys-A7-100T-DMA-Audio_NEW.gen/sources_1/bd/design_1/ip/design_1_axi_interconnect_0_upgraded_ipi_imp_xbar_0/design_1_axi_interconnect_0_upgraded_ipi_imp_xbar_0/design_1_axi_interconnect_0_upgraded_ipi_imp_xbar_0_in_context.xdc] for cell 'design_1_i/axi_interconnect_0/xbar'
Parsing XDC File [/home/intern/Downloads/Nexys-A7-100T-DMA-Audio-2018.2-1/vivado_proj_debug/Nexys-A7-100T-DMA-Audio_NEW.gen/sources_1/bd/design_1/ip/design_1_axi_interconnect_0_imp_auto_us_0/design_1_axi_interconnect_0_imp_auto_us_0/design_1_axi_interconnect_0_imp_auto_us_0_in_context.xdc] for cell 'design_1_i/axi_interconnect_0/s00_couplers/auto_us'
Finished Parsing XDC File [/home/intern/Downloads/Nexys-A7-100T-DMA-Audio-2018.2-1/vivado_proj_debug/Nexys-A7-100T-DMA-Audio_NEW.gen/sources_1/bd/design_1/ip/design_1_axi_interconnect_0_imp_auto_us_0/design_1_axi_interconnect_0_imp_auto_us_0/design_1_axi_interconnect_0_imp_auto_us_0_in_context.xdc] for cell 'design_1_i/axi_interconnect_0/s00_couplers/auto_us'
Parsing XDC File [/home/intern/Downloads/Nexys-A7-100T-DMA-Audio-2018.2-1/vivado_proj_debug/Nexys-A7-100T-DMA-Audio_NEW.gen/sources_1/bd/design_1/ip/design_1_axi_interconnect_0_imp_auto_us_1/design_1_axi_interconnect_0_imp_auto_us_1/design_1_axi_interconnect_0_imp_auto_us_1_in_context.xdc] for cell 'design_1_i/axi_interconnect_0/s01_couplers/auto_us'
Finished Parsing XDC File [/home/intern/Downloads/Nexys-A7-100T-DMA-Audio-2018.2-1/vivado_proj_debug/Nexys-A7-100T-DMA-Audio_NEW.gen/sources_1/bd/design_1/ip/design_1_axi_interconnect_0_imp_auto_us_1/design_1_axi_interconnect_0_imp_auto_us_1/design_1_axi_interconnect_0_imp_auto_us_1_in_context.xdc] for cell 'design_1_i/axi_interconnect_0/s01_couplers/auto_us'
Parsing XDC File [/home/intern/Downloads/Nexys-A7-100T-DMA-Audio-2018.2-1/vivado_proj_debug/Nexys-A7-100T-DMA-Audio_NEW.gen/sources_1/bd/design_1/ip/design_1_axi_uartlite_0_0/design_1_axi_uartlite_0_0/design_1_axi_uartlite_0_0_in_context.xdc] for cell 'design_1_i/axi_uartlite_0'
Finished Parsing XDC File [/home/intern/Downloads/Nexys-A7-100T-DMA-Audio-2018.2-1/vivado_proj_debug/Nexys-A7-100T-DMA-Audio_NEW.gen/sources_1/bd/design_1/ip/design_1_axi_uartlite_0_0/design_1_axi_uartlite_0_0/design_1_axi_uartlite_0_0_in_context.xdc] for cell 'design_1_i/axi_uartlite_0'
Parsing XDC File [/home/intern/Downloads/Nexys-A7-100T-DMA-Audio-2018.2-1/vivado_proj_debug/Nexys-A7-100T-DMA-Audio_NEW.gen/sources_1/bd/design_1/ip/design_1_clk_wiz_0_0/design_1_clk_wiz_0_0/design_1_clk_wiz_0_0_in_context.xdc] for cell 'design_1_i/clk_wiz_0'
Finished Parsing XDC File [/home/intern/Downloads/Nexys-A7-100T-DMA-Audio-2018.2-1/vivado_proj_debug/Nexys-A7-100T-DMA-Audio_NEW.gen/sources_1/bd/design_1/ip/design_1_clk_wiz_0_0/design_1_clk_wiz_0_0/design_1_clk_wiz_0_0_in_context.xdc] for cell 'design_1_i/clk_wiz_0'
Parsing XDC File [/home/intern/Downloads/Nexys-A7-100T-DMA-Audio-2018.2-1/vivado_proj_debug/Nexys-A7-100T-DMA-Audio_NEW.gen/sources_1/bd/design_1/ip/design_1_mdm_1_0/design_1_mdm_1_0/design_1_mdm_1_0_in_context.xdc] for cell 'design_1_i/mdm_1'
Finished Parsing XDC File [/home/intern/Downloads/Nexys-A7-100T-DMA-Audio-2018.2-1/vivado_proj_debug/Nexys-A7-100T-DMA-Audio_NEW.gen/sources_1/bd/design_1/ip/design_1_mdm_1_0/design_1_mdm_1_0/design_1_mdm_1_0_in_context.xdc] for cell 'design_1_i/mdm_1'
Parsing XDC File [/home/intern/Downloads/Nexys-A7-100T-DMA-Audio-2018.2-1/vivado_proj_debug/Nexys-A7-100T-DMA-Audio_NEW.gen/sources_1/bd/design_1/ip/design_1_microblaze_0_0/design_1_microblaze_0_0/design_1_microblaze_0_0_in_context.xdc] for cell 'design_1_i/microblaze_0'
Finished Parsing XDC File [/home/intern/Downloads/Nexys-A7-100T-DMA-Audio-2018.2-1/vivado_proj_debug/Nexys-A7-100T-DMA-Audio_NEW.gen/sources_1/bd/design_1/ip/design_1_microblaze_0_0/design_1_microblaze_0_0/design_1_microblaze_0_0_in_context.xdc] for cell 'design_1_i/microblaze_0'
Parsing XDC File [/home/intern/Downloads/Nexys-A7-100T-DMA-Audio-2018.2-1/vivado_proj_debug/Nexys-A7-100T-DMA-Audio_NEW.gen/sources_1/bd/design_1/ip/design_1_microblaze_0_axi_intc_0/design_1_microblaze_0_axi_intc_0/design_1_microblaze_0_axi_intc_0_in_context.xdc] for cell 'design_1_i/microblaze_0_axi_intc'
Finished Parsing XDC File [/home/intern/Downloads/Nexys-A7-100T-DMA-Audio-2018.2-1/vivado_proj_debug/Nexys-A7-100T-DMA-Audio_NEW.gen/sources_1/bd/design_1/ip/design_1_microblaze_0_axi_intc_0/design_1_microblaze_0_axi_intc_0/design_1_microblaze_0_axi_intc_0_in_context.xdc] for cell 'design_1_i/microblaze_0_axi_intc'
Parsing XDC File [/home/intern/Downloads/Nexys-A7-100T-DMA-Audio-2018.2-1/vivado_proj_debug/Nexys-A7-100T-DMA-Audio_NEW.gen/sources_1/bd/design_1/ip/design_1_microblaze_0_axi_periph_upgraded_ipi_imp_xbar_0/design_1_microblaze_0_axi_periph_upgraded_ipi_imp_xbar_0/design_1_microblaze_0_axi_periph_upgraded_ipi_imp_xbar_0_in_context.xdc] for cell 'design_1_i/microblaze_0_axi_periph/xbar'
Finished Parsing XDC File [/home/intern/Downloads/Nexys-A7-100T-DMA-Audio-2018.2-1/vivado_proj_debug/Nexys-A7-100T-DMA-Audio_NEW.gen/sources_1/bd/design_1/ip/design_1_microblaze_0_axi_periph_upgraded_ipi_imp_xbar_0/design_1_microblaze_0_axi_periph_upgraded_ipi_imp_xbar_0/design_1_microblaze_0_axi_periph_upgraded_ipi_imp_xbar_0_in_context.xdc] for cell 'design_1_i/microblaze_0_axi_periph/xbar'
Parsing XDC File [/home/intern/Downloads/Nexys-A7-100T-DMA-Audio-2018.2-1/vivado_proj_debug/Nexys-A7-100T-DMA-Audio_NEW.gen/sources_1/bd/design_1/ip/design_1_mig_7series_0_1/design_1_mig_7series_0_1/design_1_mig_7series_0_1_in_context.xdc] for cell 'design_1_i/mig_7series_0'
Finished Parsing XDC File [/home/intern/Downloads/Nexys-A7-100T-DMA-Audio-2018.2-1/vivado_proj_debug/Nexys-A7-100T-DMA-Audio_NEW.gen/sources_1/bd/design_1/ip/design_1_mig_7series_0_1/design_1_mig_7series_0_1/design_1_mig_7series_0_1_in_context.xdc] for cell 'design_1_i/mig_7series_0'
Parsing XDC File [/home/intern/Downloads/Nexys-A7-100T-DMA-Audio-2018.2-1/vivado_proj_debug/Nexys-A7-100T-DMA-Audio_NEW.gen/sources_1/bd/design_1/ip/design_1_rst_mig_7series_0_81M_0/design_1_rst_mig_7series_0_81M_0/design_1_rst_mig_7series_0_81M_0_in_context.xdc] for cell 'design_1_i/rst_mig_7series_0_81M'
Finished Parsing XDC File [/home/intern/Downloads/Nexys-A7-100T-DMA-Audio-2018.2-1/vivado_proj_debug/Nexys-A7-100T-DMA-Audio_NEW.gen/sources_1/bd/design_1/ip/design_1_rst_mig_7series_0_81M_0/design_1_rst_mig_7series_0_81M_0/design_1_rst_mig_7series_0_81M_0_in_context.xdc] for cell 'design_1_i/rst_mig_7series_0_81M'
Parsing XDC File [/home/intern/Downloads/Nexys-A7-100T-DMA-Audio-2018.2-1/vivado_proj_debug/Nexys-A7-100T-DMA-Audio_NEW.gen/sources_1/bd/design_1/ip/design_1_FP_Mult_0_0/design_1_FP_Mult_0_0/design_1_FP_Mult_0_0_in_context.xdc] for cell 'design_1_i/FP_Mult_0'
Finished Parsing XDC File [/home/intern/Downloads/Nexys-A7-100T-DMA-Audio-2018.2-1/vivado_proj_debug/Nexys-A7-100T-DMA-Audio_NEW.gen/sources_1/bd/design_1/ip/design_1_FP_Mult_0_0/design_1_FP_Mult_0_0/design_1_FP_Mult_0_0_in_context.xdc] for cell 'design_1_i/FP_Mult_0'
Parsing XDC File [/home/intern/Downloads/Nexys-A7-100T-DMA-Audio-2018.2-1/vivado_proj_debug/Nexys-A7-100T-DMA-Audio_NEW.srcs/constrs_1/imports/constraints/Nexys-A7-100T-Master.xdc]
Finished Parsing XDC File [/home/intern/Downloads/Nexys-A7-100T-DMA-Audio-2018.2-1/vivado_proj_debug/Nexys-A7-100T-DMA-Audio_NEW.srcs/constrs_1/imports/constraints/Nexys-A7-100T-Master.xdc]
INFO: [Project 1-236] Implementation specific constraints were found while reading constraint file [/home/intern/Downloads/Nexys-A7-100T-DMA-Audio-2018.2-1/vivado_proj_debug/Nexys-A7-100T-DMA-Audio_NEW.srcs/constrs_1/imports/constraints/Nexys-A7-100T-Master.xdc]. These constraints will be ignored for synthesis but will be used in implementation. Impacted constraints are listed in the file [.Xil/design_1_wrapper_propImpl.xdc].
Resolution: To avoid this warning, move constraints listed in [.Xil/design_1_wrapper_propImpl.xdc] to another XDC file and exclude this new file from synthesis with the used_in_synthesis property (File Properties dialog in GUI) and re-run elaboration/synthesis.
Parsing XDC File [/home/intern/Downloads/Nexys-A7-100T-DMA-Audio-2018.2-1/vivado_proj_debug/Nexys-A7-100T-DMA-Audio_NEW.runs/synth_1/dont_touch.xdc]
Finished Parsing XDC File [/home/intern/Downloads/Nexys-A7-100T-DMA-Audio-2018.2-1/vivado_proj_debug/Nexys-A7-100T-DMA-Audio_NEW.runs/synth_1/dont_touch.xdc]
Completed Processing XDC Constraints

Netlist sorting complete. Time (s): cpu = 00:00:00 ; elapsed = 00:00:00 . Memory (MB): peak = 2401.699 ; gain = 0.000 ; free physical = 7772 ; free virtual = 29749
INFO: [Project 1-111] Unisim Transformation Summary:
No Unisim elements were transformed.

Constraint Validation Runtime : Time (s): cpu = 00:00:00 ; elapsed = 00:00:00 . Memory (MB): peak = 2401.734 ; gain = 0.000 ; free physical = 7770 ; free virtual = 29748
WARNING: [Timing 38-316] Clock period '20.000' specified during out-of-context synthesis of instance 'design_1_i/microblaze_0_local_memory/lmb_bram' at clock pin 'clka' is different from the actual clock period '12.308', this can lead to different synthesis results.
---------------------------------------------------------------------------------
Finished Constraint Validation : Time (s): cpu = 00:00:14 ; elapsed = 00:00:14 . Memory (MB): peak = 2401.734 ; gain = 550.832 ; free physical = 7813 ; free virtual = 29791
---------------------------------------------------------------------------------
---------------------------------------------------------------------------------
Start Loading Part and Timing Information
---------------------------------------------------------------------------------
Loading part: xc7a100tcsg324-1
---------------------------------------------------------------------------------
Finished Loading Part and Timing Information : Time (s): cpu = 00:00:14 ; elapsed = 00:00:14 . Memory (MB): peak = 2409.703 ; gain = 558.801 ; free physical = 7813 ; free virtual = 29791
---------------------------------------------------------------------------------
---------------------------------------------------------------------------------
Start Applying 'set_property' XDC Constraints
---------------------------------------------------------------------------------
---------------------------------------------------------------------------------
Finished applying 'set_property' XDC Constraints : Time (s): cpu = 00:00:14 ; elapsed = 00:00:14 . Memory (MB): peak = 2409.703 ; gain = 558.801 ; free physical = 7813 ; free virtual = 29791
---------------------------------------------------------------------------------
---------------------------------------------------------------------------------
Start Preparing Guide Design
---------------------------------------------------------------------------------
CRITICAL WARNING: [Synth 8-6895] The reference checkpoint /home/intern/Downloads/Nexys-A7-100T-DMA-Audio-2018.2-1/vivado_proj_debug/Nexys-A7-100T-DMA-Audio_NEW.srcs/utils_1/imports/synth_1/design_1_wrapper.dcp is not suitable for use with incremental synthesis for this design. Please regenerate the checkpoint for this design with -incremental_synth switch in the same Vivado session that synth_design has been run. Synthesis will continue with the default flow
---------------------------------------------------------------------------------
Finished Doing Graph Differ : Time (s): cpu = 00:00:14 ; elapsed = 00:00:15 . Memory (MB): peak = 2409.703 ; gain = 558.801 ; free physical = 7813 ; free virtual = 29792
---------------------------------------------------------------------------------
---------------------------------------------------------------------------------
Finished Preparing Guide Design : Time (s): cpu = 00:00:14 ; elapsed = 00:00:15 . Memory (MB): peak = 2409.703 ; gain = 558.801 ; free physical = 7813 ; free virtual = 29792
---------------------------------------------------------------------------------
---------------------------------------------------------------------------------
Finished RTL Optimization Phase 2 : Time (s): cpu = 00:00:14 ; elapsed = 00:00:15 . Memory (MB): peak = 2409.703 ; gain = 558.801 ; free physical = 7813 ; free virtual = 29792
---------------------------------------------------------------------------------


Incremental Synthesis Report Summary:

1. Incremental synthesis run: no

   Reason for not running incremental synthesis : 


INFO: [Synth 8-7130] Flow is switching to default flow due to incremental criteria not met. If you would like to alter this behaviour and have the flow terminate instead, please set the following parameter config_implementation {autoIncr.Synth.RejectBehavior Terminate}
---------------------------------------------------------------------------------
Start RTL Component Statistics 
---------------------------------------------------------------------------------
Detailed RTL Component Info : 
---------------------------------------------------------------------------------
Finished RTL Component Statistics 
---------------------------------------------------------------------------------
---------------------------------------------------------------------------------
Start Part Resource Summary
---------------------------------------------------------------------------------
Part Resources:
DSPs: 240 (col length:80)
BRAMs: 270 (col length: RAMB18 80 RAMB36 40)
---------------------------------------------------------------------------------
Finished Part Resource Summary
---------------------------------------------------------------------------------
---------------------------------------------------------------------------------
Start Cross Boundary and Area Optimization
---------------------------------------------------------------------------------
WARNING: [Synth 8-7080] Parallel synthesis criteria is not met
---------------------------------------------------------------------------------
Finished Cross Boundary and Area Optimization : Time (s): cpu = 00:00:16 ; elapsed = 00:00:16 . Memory (MB): peak = 2409.703 ; gain = 558.801 ; free physical = 7828 ; free virtual = 29812
---------------------------------------------------------------------------------
---------------------------------------------------------------------------------
Start Applying XDC Timing Constraints
---------------------------------------------------------------------------------
---------------------------------------------------------------------------------
Finished Applying XDC Timing Constraints : Time (s): cpu = 00:00:22 ; elapsed = 00:00:22 . Memory (MB): peak = 2503.703 ; gain = 652.801 ; free physical = 7741 ; free virtual = 29725
---------------------------------------------------------------------------------
---------------------------------------------------------------------------------
Start Technology Mapping
---------------------------------------------------------------------------------
---------------------------------------------------------------------------------
Finished Technology Mapping : Time (s): cpu = 00:00:22 ; elapsed = 00:00:22 . Memory (MB): peak = 2515.719 ; gain = 664.816 ; free physical = 7726 ; free virtual = 29709
---------------------------------------------------------------------------------
---------------------------------------------------------------------------------
Start IO Insertion
---------------------------------------------------------------------------------
---------------------------------------------------------------------------------
Start Final Netlist Cleanup
---------------------------------------------------------------------------------
---------------------------------------------------------------------------------
Finished Final Netlist Cleanup
---------------------------------------------------------------------------------
---------------------------------------------------------------------------------
Finished IO Insertion : Time (s): cpu = 00:00:25 ; elapsed = 00:00:26 . Memory (MB): peak = 2687.531 ; gain = 836.629 ; free physical = 7578 ; free virtual = 29561
---------------------------------------------------------------------------------
---------------------------------------------------------------------------------
Start Renaming Generated Instances
---------------------------------------------------------------------------------
---------------------------------------------------------------------------------
Finished Renaming Generated Instances : Time (s): cpu = 00:00:25 ; elapsed = 00:00:26 . Memory (MB): peak = 2687.531 ; gain = 836.629 ; free physical = 7578 ; free virtual = 29561
---------------------------------------------------------------------------------
---------------------------------------------------------------------------------
Start Handling Custom Attributes
---------------------------------------------------------------------------------
---------------------------------------------------------------------------------
Finished Handling Custom Attributes : Time (s): cpu = 00:00:25 ; elapsed = 00:00:26 . Memory (MB): peak = 2687.531 ; gain = 836.629 ; free physical = 7578 ; free virtual = 29561
---------------------------------------------------------------------------------
---------------------------------------------------------------------------------
Start Writing Synthesis Report
---------------------------------------------------------------------------------

Report BlackBoxes: 
+------+---------------------------------------------------------+----------+
|      |BlackBox name                                            |Instances |
+------+---------------------------------------------------------+----------+
|1     |design_1_axi_interconnect_0_imp_auto_us_0                |         1|
|2     |design_1_axi_interconnect_0_imp_auto_us_1                |         1|
|3     |design_1_axi_interconnect_0_upgraded_ipi_imp_xbar_0      |         1|
|4     |design_1_microblaze_0_axi_periph_upgraded_ipi_imp_xbar_0 |         1|
|5     |design_1_dlmb_bram_if_cntlr_0                            |         1|
|6     |design_1_dlmb_v10_0                                      |         1|
|7     |design_1_ilmb_bram_if_cntlr_0                            |         1|
|8     |design_1_ilmb_v10_0                                      |         1|
|9     |design_1_lmb_bram_0                                      |         1|
|10    |design_1_FP_Mult_0_0                                     |         1|
|11    |design_1_axi_uartlite_0_0                                |         1|
|12    |design_1_clk_wiz_0_0                                     |         1|
|13    |design_1_mdm_1_0                                         |         1|
|14    |design_1_microblaze_0_0                                  |         1|
|15    |design_1_microblaze_0_axi_intc_0                         |         1|
|16    |design_1_mig_7series_0_1                                 |         1|
|17    |design_1_rst_mig_7series_0_81M_0                         |         1|
+------+---------------------------------------------------------+----------+

Report Cell Usage: 
+------+--------------------------------------------------------------+------+
|      |Cell                                                          |Count |
+------+--------------------------------------------------------------+------+
|1     |design_1_FP_Mult_0_0_bbox                                     |     1|
|2     |design_1_axi_interconnect_0_imp_auto_us_0_bbox                |     1|
|3     |design_1_axi_interconnect_0_imp_auto_us_1_bbox                |     1|
|4     |design_1_axi_interconnect_0_upgraded_ipi_imp_xbar_0_bbox      |     1|
|5     |design_1_axi_uartlite_0_0_bbox                                |     1|
|6     |design_1_clk_wiz_0_0_bbox                                     |     1|
|7     |design_1_dlmb_bram_if_cntlr_0_bbox                            |     1|
|8     |design_1_dlmb_v10_0_bbox                                      |     1|
|9     |design_1_ilmb_bram_if_cntlr_0_bbox                            |     1|
|10    |design_1_ilmb_v10_0_bbox                                      |     1|
|11    |design_1_lmb_bram_0_bbox                                      |     1|
|12    |design_1_mdm_1_0_bbox                                         |     1|
|13    |design_1_microblaze_0_0_bbox                                  |     1|
|14    |design_1_microblaze_0_axi_intc_0_bbox                         |     1|
|15    |design_1_microblaze_0_axi_periph_upgraded_ipi_imp_xbar_0_bbox |     1|
|16    |design_1_mig_7series_0_1_bbox                                 |     1|
|17    |design_1_rst_mig_7series_0_81M_0_bbox                         |     1|
|18    |IBUF                                                          |     2|
|19    |OBUF                                                          |    18|
+------+--------------------------------------------------------------+------+
---------------------------------------------------------------------------------
Finished Writing Synthesis Report : Time (s): cpu = 00:00:25 ; elapsed = 00:00:26 . Memory (MB): peak = 2687.531 ; gain = 836.629 ; free physical = 7578 ; free virtual = 29561
---------------------------------------------------------------------------------
Synthesis finished with 0 errors, 1 critical warnings and 1 warnings.
Synthesis Optimization Runtime : Time (s): cpu = 00:00:23 ; elapsed = 00:00:24 . Memory (MB): peak = 2687.531 ; gain = 790.637 ; free physical = 7578 ; free virtual = 29561
Synthesis Optimization Complete : Time (s): cpu = 00:00:25 ; elapsed = 00:00:26 . Memory (MB): peak = 2687.539 ; gain = 836.629 ; free physical = 7578 ; free virtual = 29561
INFO: [Project 1-571] Translating synthesized netlist
Netlist sorting complete. Time (s): cpu = 00:00:00.02 ; elapsed = 00:00:00.02 . Memory (MB): peak = 2687.539 ; gain = 0.000 ; free physical = 7577 ; free virtual = 29560
INFO: [Project 1-570] Preparing netlist for logic optimization
INFO: [Opt 31-138] Pushed 0 inverter(s) to 0 load pin(s).
Netlist sorting complete. Time (s): cpu = 00:00:00 ; elapsed = 00:00:00 . Memory (MB): peak = 2687.539 ; gain = 0.000 ; free physical = 7740 ; free virtual = 29724
INFO: [Project 1-111] Unisim Transformation Summary:
No Unisim elements were transformed.

Synth Design complete | Checksum: 43d36b1e
INFO: [Common 17-83] Releasing license: Synthesis
85 Infos, 113 Warnings, 1 Critical Warnings and 0 Errors encountered.
synth_design completed successfully
synth_design: Time (s): cpu = 00:00:37 ; elapsed = 00:00:35 . Memory (MB): peak = 2687.566 ; gain = 1043.699 ; free physical = 7740 ; free virtual = 29723
INFO: [Common 17-2834] synth_design peak Physical Memory [PSS] (MB): overall = 1864.549; main = 1864.549; forked = 274.896
INFO: [Common 17-2834] synth_design peak Virtual Memory [VSS] (MB): overall = 3397.613; main = 2687.535; forked = 963.906
INFO: [runtcl-6] Synthesis results are not added to the cache due to CRITICAL_WARNING
Write ShapeDB Complete: Time (s): cpu = 00:00:00 ; elapsed = 00:00:00 . Memory (MB): peak = 2711.543 ; gain = 0.000 ; free physical = 7743 ; free virtual = 29727
INFO: [Common 17-1381] The checkpoint '/home/intern/Downloads/Nexys-A7-100T-DMA-Audio-2018.2-1/vivado_proj_debug/Nexys-A7-100T-DMA-Audio_NEW.runs/synth_1/design_1_wrapper.dcp' has been generated.
INFO: [Vivado 12-24828] Executing command : report_utilization -file design_1_wrapper_utilization_synth.rpt -pb design_1_wrapper_utilization_synth.pb
INFO: [Common 17-206] Exiting Vivado at Fri Sep 19 11:29:12 2025...
