
*** Running vivado
    with args -log design_1_axi_interconnect_0_upgraded_ipi_imp_xbar_0.vds -m64 -product Vivado -mode batch -messageDb vivado.pb -notrace -source design_1_axi_interconnect_0_upgraded_ipi_imp_xbar_0.tcl


****** Vivado v2025.1 (64-bit)
  **** SW Build 6140274 on Wed May 21 22:58:25 MDT 2025
  **** IP Build 6138677 on Thu May 22 03:10:11 MDT 2025
  **** SharedData Build 6139179 on Tue May 20 17:58:58 MDT 2025
  **** Start of session at: Thu Sep 18 16:41:53 2025
    ** Copyright 1986-2022 Xilinx, Inc. All Rights Reserved.
    ** Copyright 2022-2025 Advanced Micro Devices, Inc. All Rights Reserved.

source design_1_axi_interconnect_0_upgraded_ipi_imp_xbar_0.tcl -notrace
INFO: [IP_Flow 19-234] Refreshing IP repositories
INFO: [IP_Flow 19-1700] Loaded user IP repository '/home/intern/Downloads/Nexys-A7-100T-DMA-Audio-2018.2-1/ip_repo/FP_Mult_1_0'.
WARNING: [IP_Flow 19-2248] Failed to load user IP repository '/home/intern/Downloads/Nexys-A7-100T-DMA-Audio-2018.2-1/ip_repo/FP_multiplier_1_0'; Can't find the specified path.
If this directory should no longer be in your list of user repositories, go to the IP Settings dialog and remove it.
WARNING: [IP_Flow 19-2248] Failed to load user IP repository '/home/intern/Downloads/Nexys-A7-100T-DMA-Audio-2018.2-1/ip_repo/FP_multiply_1_0'; Can't find the specified path.
If this directory should no longer be in your list of user repositories, go to the IP Settings dialog and remove it.
WARNING: [IP_Flow 19-2248] Failed to load user IP repository '/home/intern/Downloads/Nexys-A7-100T-DMA-Audio-2018.2-1/ip_repo/flopoco_multiply_1_0'; Can't find the specified path.
If this directory should no longer be in your list of user repositories, go to the IP Settings dialog and remove it.
WARNING: [IP_Flow 19-2248] Failed to load user IP repository '/home/intern/Downloads/Nexys-A7-100T-DMA-Audio-2018.2-1/ip_repo/multiplier_flopoco_1_0'; Can't find the specified path.
If this directory should no longer be in your list of user repositories, go to the IP Settings dialog and remove it.
INFO: [IP_Flow 19-2313] Loaded Vivado IP repository '/tools/Xilinx/2025.1/Vivado/data/ip'.
Command: synth_design -top design_1_axi_interconnect_0_upgraded_ipi_imp_xbar_0 -part xc7a100tcsg324-1 -incremental_mode off -mode out_of_context
Starting synth_design
Attempting to get a license for feature 'Synthesis' and/or device 'xc7a100t'
INFO: [Common 17-349] Got license for feature 'Synthesis' and/or device 'xc7a100t'
INFO: [Device 21-403] Loading part xc7a100tcsg324-1
INFO: [Synth 8-7079] Multithreading enabled for synth_design using a maximum of 7 processes.
INFO: [Synth 8-7078] Launching helper process for spawning children vivado processes
INFO: [Synth 8-7075] Helper process launched with PID 1380227
---------------------------------------------------------------------------------
Starting RTL Elaboration : Time (s): cpu = 00:00:06 ; elapsed = 00:00:06 . Memory (MB): peak = 2229.434 ; gain = 446.711 ; free physical = 3277 ; free virtual = 25028
---------------------------------------------------------------------------------
WARNING: [Synth 8-10507] attribute 'X_INTERFACE_MODE' is already specified; last one will take precedence [/home/intern/Downloads/Nexys-A7-100T-DMA-Audio-2018.2-1/vivado_proj_debug/Nexys-A7-100T-DMA-Audio_NEW.gen/sources_1/bd/design_1/ip/design_1_axi_interconnect_0_upgraded_ipi_imp_xbar_0/synth/design_1_axi_interconnect_0_upgraded_ipi_imp_xbar_0.v:152]
WARNING: [Synth 8-10507] attribute 'X_INTERFACE_PARAMETER' is already specified; last one will take precedence [/home/intern/Downloads/Nexys-A7-100T-DMA-Audio-2018.2-1/vivado_proj_debug/Nexys-A7-100T-DMA-Audio_NEW.gen/sources_1/bd/design_1/ip/design_1_axi_interconnect_0_upgraded_ipi_imp_xbar_0/synth/design_1_axi_interconnect_0_upgraded_ipi_imp_xbar_0.v:154]
INFO: [Synth 8-6157] synthesizing module 'design_1_axi_interconnect_0_upgraded_ipi_imp_xbar_0' [/home/intern/Downloads/Nexys-A7-100T-DMA-Audio-2018.2-1/vivado_proj_debug/Nexys-A7-100T-DMA-Audio_NEW.gen/sources_1/bd/design_1/ip/design_1_axi_interconnect_0_upgraded_ipi_imp_xbar_0/synth/design_1_axi_interconnect_0_upgraded_ipi_imp_xbar_0.v:53]
INFO: [Synth 8-6157] synthesizing module 'axi_crossbar_v2_1_37_axi_crossbar' [/home/intern/Downloads/Nexys-A7-100T-DMA-Audio-2018.2-1/vivado_proj_debug/Nexys-A7-100T-DMA-Audio_NEW.gen/sources_1/bd/design_1/ipshared/a1a7/hdl/axi_crossbar_v2_1_vl_rfs.v:4871]
INFO: [Synth 8-6157] synthesizing module 'axi_crossbar_v2_1_37_crossbar' [/home/intern/Downloads/Nexys-A7-100T-DMA-Audio-2018.2-1/vivado_proj_debug/Nexys-A7-100T-DMA-Audio_NEW.gen/sources_1/bd/design_1/ipshared/a1a7/hdl/axi_crossbar_v2_1_vl_rfs.v:2232]
INFO: [Synth 8-6157] synthesizing module 'axi_crossbar_v2_1_37_si_transactor' [/home/intern/Downloads/Nexys-A7-100T-DMA-Audio-2018.2-1/vivado_proj_debug/Nexys-A7-100T-DMA-Audio_NEW.gen/sources_1/bd/design_1/ipshared/a1a7/hdl/axi_crossbar_v2_1_vl_rfs.v:3791]
INFO: [Synth 8-6157] synthesizing module 'axi_crossbar_v2_1_37_addr_decoder' [/home/intern/Downloads/Nexys-A7-100T-DMA-Audio-2018.2-1/vivado_proj_debug/Nexys-A7-100T-DMA-Audio_NEW.gen/sources_1/bd/design_1/ipshared/a1a7/hdl/axi_crossbar_v2_1_vl_rfs.v:790]
INFO: [Synth 8-6157] synthesizing module 'generic_baseblocks_v2_1_2_comparator_static' [/home/intern/Downloads/Nexys-A7-100T-DMA-Audio-2018.2-1/vivado_proj_debug/Nexys-A7-100T-DMA-Audio_NEW.gen/sources_1/bd/design_1/ipshared/0c28/hdl/generic_baseblocks_v2_1_vl_rfs.v:2119]
INFO: [Synth 8-6157] synthesizing module 'generic_baseblocks_v2_1_2_carry_and' [/home/intern/Downloads/Nexys-A7-100T-DMA-Audio-2018.2-1/vivado_proj_debug/Nexys-A7-100T-DMA-Audio_NEW.gen/sources_1/bd/design_1/ipshared/0c28/hdl/generic_baseblocks_v2_1_vl_rfs.v:60]
INFO: [Synth 8-6155] done synthesizing module 'generic_baseblocks_v2_1_2_carry_and' (0#1) [/home/intern/Downloads/Nexys-A7-100T-DMA-Audio-2018.2-1/vivado_proj_debug/Nexys-A7-100T-DMA-Audio_NEW.gen/sources_1/bd/design_1/ipshared/0c28/hdl/generic_baseblocks_v2_1_vl_rfs.v:60]
INFO: [Synth 8-6155] done synthesizing module 'generic_baseblocks_v2_1_2_comparator_static' (0#1) [/home/intern/Downloads/Nexys-A7-100T-DMA-Audio-2018.2-1/vivado_proj_debug/Nexys-A7-100T-DMA-Audio_NEW.gen/sources_1/bd/design_1/ipshared/0c28/hdl/generic_baseblocks_v2_1_vl_rfs.v:2119]
INFO: [Synth 8-6155] done synthesizing module 'axi_crossbar_v2_1_37_addr_decoder' (0#1) [/home/intern/Downloads/Nexys-A7-100T-DMA-Audio-2018.2-1/vivado_proj_debug/Nexys-A7-100T-DMA-Audio_NEW.gen/sources_1/bd/design_1/ipshared/a1a7/hdl/axi_crossbar_v2_1_vl_rfs.v:790]
INFO: [Synth 8-6157] synthesizing module 'axi_data_fifo_v2_1_35_axic_srl_fifo' [/home/intern/Downloads/Nexys-A7-100T-DMA-Audio-2018.2-1/vivado_proj_debug/Nexys-A7-100T-DMA-Audio_NEW.gen/sources_1/bd/design_1/ipshared/4846/hdl/axi_data_fifo_v2_1_vl_rfs.v:694]
INFO: [Synth 8-6157] synthesizing module 'axi_data_fifo_v2_1_35_ndeep_srl' [/home/intern/Downloads/Nexys-A7-100T-DMA-Audio-2018.2-1/vivado_proj_debug/Nexys-A7-100T-DMA-Audio_NEW.gen/sources_1/bd/design_1/ipshared/4846/hdl/axi_data_fifo_v2_1_vl_rfs.v:1129]
INFO: [Synth 8-6157] synthesizing module 'SRLC32E' [/tools/Xilinx/2025.1/Vivado/scripts/rt/data/unisim_comp.v:158762]
INFO: [Synth 8-6155] done synthesizing module 'SRLC32E' (0#1) [/tools/Xilinx/2025.1/Vivado/scripts/rt/data/unisim_comp.v:158762]
INFO: [Synth 8-6155] done synthesizing module 'axi_data_fifo_v2_1_35_ndeep_srl' (0#1) [/home/intern/Downloads/Nexys-A7-100T-DMA-Audio-2018.2-1/vivado_proj_debug/Nexys-A7-100T-DMA-Audio_NEW.gen/sources_1/bd/design_1/ipshared/4846/hdl/axi_data_fifo_v2_1_vl_rfs.v:1129]
INFO: [Synth 8-6155] done synthesizing module 'axi_data_fifo_v2_1_35_axic_srl_fifo' (0#1) [/home/intern/Downloads/Nexys-A7-100T-DMA-Audio-2018.2-1/vivado_proj_debug/Nexys-A7-100T-DMA-Audio_NEW.gen/sources_1/bd/design_1/ipshared/4846/hdl/axi_data_fifo_v2_1_vl_rfs.v:694]
INFO: [Synth 8-6157] synthesizing module 'generic_baseblocks_v2_1_2_mux_enc' [/home/intern/Downloads/Nexys-A7-100T-DMA-Audio-2018.2-1/vivado_proj_debug/Nexys-A7-100T-DMA-Audio_NEW.gen/sources_1/bd/design_1/ipshared/0c28/hdl/generic_baseblocks_v2_1_vl_rfs.v:2436]
INFO: [Synth 8-6155] done synthesizing module 'generic_baseblocks_v2_1_2_mux_enc' (0#1) [/home/intern/Downloads/Nexys-A7-100T-DMA-Audio-2018.2-1/vivado_proj_debug/Nexys-A7-100T-DMA-Audio_NEW.gen/sources_1/bd/design_1/ipshared/0c28/hdl/generic_baseblocks_v2_1_vl_rfs.v:2436]
INFO: [Synth 8-6155] done synthesizing module 'axi_crossbar_v2_1_37_si_transactor' (0#1) [/home/intern/Downloads/Nexys-A7-100T-DMA-Audio-2018.2-1/vivado_proj_debug/Nexys-A7-100T-DMA-Audio_NEW.gen/sources_1/bd/design_1/ipshared/a1a7/hdl/axi_crossbar_v2_1_vl_rfs.v:3791]
INFO: [Synth 8-6157] synthesizing module 'axi_crossbar_v2_1_37_si_transactor__parameterized0' [/home/intern/Downloads/Nexys-A7-100T-DMA-Audio-2018.2-1/vivado_proj_debug/Nexys-A7-100T-DMA-Audio_NEW.gen/sources_1/bd/design_1/ipshared/a1a7/hdl/axi_crossbar_v2_1_vl_rfs.v:3791]
INFO: [Synth 8-6157] synthesizing module 'axi_data_fifo_v2_1_35_axic_srl_fifo__parameterized0' [/home/intern/Downloads/Nexys-A7-100T-DMA-Audio-2018.2-1/vivado_proj_debug/Nexys-A7-100T-DMA-Audio_NEW.gen/sources_1/bd/design_1/ipshared/4846/hdl/axi_data_fifo_v2_1_vl_rfs.v:694]
INFO: [Synth 8-6157] synthesizing module 'axi_data_fifo_v2_1_35_ndeep_srl__parameterized0' [/home/intern/Downloads/Nexys-A7-100T-DMA-Audio-2018.2-1/vivado_proj_debug/Nexys-A7-100T-DMA-Audio_NEW.gen/sources_1/bd/design_1/ipshared/4846/hdl/axi_data_fifo_v2_1_vl_rfs.v:1129]
INFO: [Synth 8-6155] done synthesizing module 'axi_data_fifo_v2_1_35_ndeep_srl__parameterized0' (0#1) [/home/intern/Downloads/Nexys-A7-100T-DMA-Audio-2018.2-1/vivado_proj_debug/Nexys-A7-100T-DMA-Audio_NEW.gen/sources_1/bd/design_1/ipshared/4846/hdl/axi_data_fifo_v2_1_vl_rfs.v:1129]
INFO: [Synth 8-6155] done synthesizing module 'axi_data_fifo_v2_1_35_axic_srl_fifo__parameterized0' (0#1) [/home/intern/Downloads/Nexys-A7-100T-DMA-Audio-2018.2-1/vivado_proj_debug/Nexys-A7-100T-DMA-Audio_NEW.gen/sources_1/bd/design_1/ipshared/4846/hdl/axi_data_fifo_v2_1_vl_rfs.v:694]
INFO: [Synth 8-6157] synthesizing module 'generic_baseblocks_v2_1_2_mux_enc__parameterized0' [/home/intern/Downloads/Nexys-A7-100T-DMA-Audio-2018.2-1/vivado_proj_debug/Nexys-A7-100T-DMA-Audio_NEW.gen/sources_1/bd/design_1/ipshared/0c28/hdl/generic_baseblocks_v2_1_vl_rfs.v:2436]
INFO: [Synth 8-6155] done synthesizing module 'generic_baseblocks_v2_1_2_mux_enc__parameterized0' (0#1) [/home/intern/Downloads/Nexys-A7-100T-DMA-Audio-2018.2-1/vivado_proj_debug/Nexys-A7-100T-DMA-Audio_NEW.gen/sources_1/bd/design_1/ipshared/0c28/hdl/generic_baseblocks_v2_1_vl_rfs.v:2436]
INFO: [Synth 8-6155] done synthesizing module 'axi_crossbar_v2_1_37_si_transactor__parameterized0' (0#1) [/home/intern/Downloads/Nexys-A7-100T-DMA-Audio-2018.2-1/vivado_proj_debug/Nexys-A7-100T-DMA-Audio_NEW.gen/sources_1/bd/design_1/ipshared/a1a7/hdl/axi_crossbar_v2_1_vl_rfs.v:3791]
INFO: [Synth 8-6157] synthesizing module 'axi_crossbar_v2_1_37_splitter' [/home/intern/Downloads/Nexys-A7-100T-DMA-Audio-2018.2-1/vivado_proj_debug/Nexys-A7-100T-DMA-Audio_NEW.gen/sources_1/bd/design_1/ipshared/a1a7/hdl/axi_crossbar_v2_1_vl_rfs.v:4451]
INFO: [Synth 8-6155] done synthesizing module 'axi_crossbar_v2_1_37_splitter' (0#1) [/home/intern/Downloads/Nexys-A7-100T-DMA-Audio-2018.2-1/vivado_proj_debug/Nexys-A7-100T-DMA-Audio_NEW.gen/sources_1/bd/design_1/ipshared/a1a7/hdl/axi_crossbar_v2_1_vl_rfs.v:4451]
INFO: [Synth 8-6157] synthesizing module 'axi_crossbar_v2_1_37_wdata_router' [/home/intern/Downloads/Nexys-A7-100T-DMA-Audio-2018.2-1/vivado_proj_debug/Nexys-A7-100T-DMA-Audio_NEW.gen/sources_1/bd/design_1/ipshared/a1a7/hdl/axi_crossbar_v2_1_vl_rfs.v:4724]
INFO: [Synth 8-6157] synthesizing module 'axi_data_fifo_v2_1_35_axic_reg_srl_fifo' [/home/intern/Downloads/Nexys-A7-100T-DMA-Audio-2018.2-1/vivado_proj_debug/Nexys-A7-100T-DMA-Audio_NEW.gen/sources_1/bd/design_1/ipshared/4846/hdl/axi_data_fifo_v2_1_vl_rfs.v:884]
INFO: [Synth 8-6157] synthesizing module 'axi_data_fifo_v2_1_35_ndeep_srl__parameterized1' [/home/intern/Downloads/Nexys-A7-100T-DMA-Audio-2018.2-1/vivado_proj_debug/Nexys-A7-100T-DMA-Audio_NEW.gen/sources_1/bd/design_1/ipshared/4846/hdl/axi_data_fifo_v2_1_vl_rfs.v:1129]
INFO: [Synth 8-6155] done synthesizing module 'axi_data_fifo_v2_1_35_ndeep_srl__parameterized1' (0#1) [/home/intern/Downloads/Nexys-A7-100T-DMA-Audio-2018.2-1/vivado_proj_debug/Nexys-A7-100T-DMA-Audio_NEW.gen/sources_1/bd/design_1/ipshared/4846/hdl/axi_data_fifo_v2_1_vl_rfs.v:1129]
INFO: [Synth 8-155] case statement is not full and has no default [/home/intern/Downloads/Nexys-A7-100T-DMA-Audio-2018.2-1/vivado_proj_debug/Nexys-A7-100T-DMA-Audio_NEW.gen/sources_1/bd/design_1/ipshared/4846/hdl/axi_data_fifo_v2_1_vl_rfs.v:982]
INFO: [Synth 8-6155] done synthesizing module 'axi_data_fifo_v2_1_35_axic_reg_srl_fifo' (0#1) [/home/intern/Downloads/Nexys-A7-100T-DMA-Audio-2018.2-1/vivado_proj_debug/Nexys-A7-100T-DMA-Audio_NEW.gen/sources_1/bd/design_1/ipshared/4846/hdl/axi_data_fifo_v2_1_vl_rfs.v:884]
INFO: [Synth 8-6155] done synthesizing module 'axi_crossbar_v2_1_37_wdata_router' (0#1) [/home/intern/Downloads/Nexys-A7-100T-DMA-Audio-2018.2-1/vivado_proj_debug/Nexys-A7-100T-DMA-Audio_NEW.gen/sources_1/bd/design_1/ipshared/a1a7/hdl/axi_crossbar_v2_1_vl_rfs.v:4724]
INFO: [Synth 8-6157] synthesizing module 'axi_crossbar_v2_1_37_si_transactor__parameterized1' [/home/intern/Downloads/Nexys-A7-100T-DMA-Audio-2018.2-1/vivado_proj_debug/Nexys-A7-100T-DMA-Audio_NEW.gen/sources_1/bd/design_1/ipshared/a1a7/hdl/axi_crossbar_v2_1_vl_rfs.v:3791]
INFO: [Synth 8-6155] done synthesizing module 'axi_crossbar_v2_1_37_si_transactor__parameterized1' (0#1) [/home/intern/Downloads/Nexys-A7-100T-DMA-Audio-2018.2-1/vivado_proj_debug/Nexys-A7-100T-DMA-Audio_NEW.gen/sources_1/bd/design_1/ipshared/a1a7/hdl/axi_crossbar_v2_1_vl_rfs.v:3791]
INFO: [Synth 8-6157] synthesizing module 'axi_crossbar_v2_1_37_addr_decoder__parameterized0' [/home/intern/Downloads/Nexys-A7-100T-DMA-Audio-2018.2-1/vivado_proj_debug/Nexys-A7-100T-DMA-Audio_NEW.gen/sources_1/bd/design_1/ipshared/a1a7/hdl/axi_crossbar_v2_1_vl_rfs.v:790]
INFO: [Synth 8-6155] done synthesizing module 'axi_crossbar_v2_1_37_addr_decoder__parameterized0' (0#1) [/home/intern/Downloads/Nexys-A7-100T-DMA-Audio-2018.2-1/vivado_proj_debug/Nexys-A7-100T-DMA-Audio_NEW.gen/sources_1/bd/design_1/ipshared/a1a7/hdl/axi_crossbar_v2_1_vl_rfs.v:790]
INFO: [Synth 8-6157] synthesizing module 'axi_crossbar_v2_1_37_addr_decoder__parameterized1' [/home/intern/Downloads/Nexys-A7-100T-DMA-Audio-2018.2-1/vivado_proj_debug/Nexys-A7-100T-DMA-Audio_NEW.gen/sources_1/bd/design_1/ipshared/a1a7/hdl/axi_crossbar_v2_1_vl_rfs.v:790]
INFO: [Synth 8-6155] done synthesizing module 'axi_crossbar_v2_1_37_addr_decoder__parameterized1' (0#1) [/home/intern/Downloads/Nexys-A7-100T-DMA-Audio-2018.2-1/vivado_proj_debug/Nexys-A7-100T-DMA-Audio_NEW.gen/sources_1/bd/design_1/ipshared/a1a7/hdl/axi_crossbar_v2_1_vl_rfs.v:790]
INFO: [Synth 8-6157] synthesizing module 'axi_data_fifo_v2_1_35_axic_srl_fifo__parameterized1' [/home/intern/Downloads/Nexys-A7-100T-DMA-Audio-2018.2-1/vivado_proj_debug/Nexys-A7-100T-DMA-Audio_NEW.gen/sources_1/bd/design_1/ipshared/4846/hdl/axi_data_fifo_v2_1_vl_rfs.v:694]
INFO: [Synth 8-6155] done synthesizing module 'axi_data_fifo_v2_1_35_axic_srl_fifo__parameterized1' (0#1) [/home/intern/Downloads/Nexys-A7-100T-DMA-Audio-2018.2-1/vivado_proj_debug/Nexys-A7-100T-DMA-Audio_NEW.gen/sources_1/bd/design_1/ipshared/4846/hdl/axi_data_fifo_v2_1_vl_rfs.v:694]
INFO: [Synth 8-6157] synthesizing module 'axi_crossbar_v2_1_37_wdata_mux' [/home/intern/Downloads/Nexys-A7-100T-DMA-Audio-2018.2-1/vivado_proj_debug/Nexys-A7-100T-DMA-Audio_NEW.gen/sources_1/bd/design_1/ipshared/a1a7/hdl/axi_crossbar_v2_1_vl_rfs.v:4550]
INFO: [Synth 8-6157] synthesizing module 'axi_data_fifo_v2_1_35_axic_reg_srl_fifo__parameterized0' [/home/intern/Downloads/Nexys-A7-100T-DMA-Audio-2018.2-1/vivado_proj_debug/Nexys-A7-100T-DMA-Audio_NEW.gen/sources_1/bd/design_1/ipshared/4846/hdl/axi_data_fifo_v2_1_vl_rfs.v:884]
INFO: [Synth 8-155] case statement is not full and has no default [/home/intern/Downloads/Nexys-A7-100T-DMA-Audio-2018.2-1/vivado_proj_debug/Nexys-A7-100T-DMA-Audio_NEW.gen/sources_1/bd/design_1/ipshared/4846/hdl/axi_data_fifo_v2_1_vl_rfs.v:982]
INFO: [Synth 8-6155] done synthesizing module 'axi_data_fifo_v2_1_35_axic_reg_srl_fifo__parameterized0' (0#1) [/home/intern/Downloads/Nexys-A7-100T-DMA-Audio-2018.2-1/vivado_proj_debug/Nexys-A7-100T-DMA-Audio_NEW.gen/sources_1/bd/design_1/ipshared/4846/hdl/axi_data_fifo_v2_1_vl_rfs.v:884]
INFO: [Synth 8-6157] synthesizing module 'generic_baseblocks_v2_1_2_mux_enc__parameterized1' [/home/intern/Downloads/Nexys-A7-100T-DMA-Audio-2018.2-1/vivado_proj_debug/Nexys-A7-100T-DMA-Audio_NEW.gen/sources_1/bd/design_1/ipshared/0c28/hdl/generic_baseblocks_v2_1_vl_rfs.v:2436]
INFO: [Synth 8-6155] done synthesizing module 'generic_baseblocks_v2_1_2_mux_enc__parameterized1' (0#1) [/home/intern/Downloads/Nexys-A7-100T-DMA-Audio-2018.2-1/vivado_proj_debug/Nexys-A7-100T-DMA-Audio_NEW.gen/sources_1/bd/design_1/ipshared/0c28/hdl/generic_baseblocks_v2_1_vl_rfs.v:2436]
INFO: [Synth 8-6155] done synthesizing module 'axi_crossbar_v2_1_37_wdata_mux' (0#1) [/home/intern/Downloads/Nexys-A7-100T-DMA-Audio-2018.2-1/vivado_proj_debug/Nexys-A7-100T-DMA-Audio_NEW.gen/sources_1/bd/design_1/ipshared/a1a7/hdl/axi_crossbar_v2_1_vl_rfs.v:4550]
INFO: [Synth 8-6157] synthesizing module 'axi_register_slice_v2_1_35_axi_register_slice' [/home/intern/Downloads/Nexys-A7-100T-DMA-Audio-2018.2-1/vivado_proj_debug/Nexys-A7-100T-DMA-Audio_NEW.gen/sources_1/bd/design_1/ipshared/c5b7/hdl/axi_register_slice_v2_1_vl_rfs.v:3721]
INFO: [Synth 8-6157] synthesizing module 'axi_infrastructure_v1_1_0_axi2vector' [/home/intern/Downloads/Nexys-A7-100T-DMA-Audio-2018.2-1/vivado_proj_debug/Nexys-A7-100T-DMA-Audio_NEW.gen/sources_1/bd/design_1/ipshared/ec67/hdl/axi_infrastructure_v1_1_vl_rfs.v:59]
INFO: [Synth 8-6155] done synthesizing module 'axi_infrastructure_v1_1_0_axi2vector' (0#1) [/home/intern/Downloads/Nexys-A7-100T-DMA-Audio-2018.2-1/vivado_proj_debug/Nexys-A7-100T-DMA-Audio_NEW.gen/sources_1/bd/design_1/ipshared/ec67/hdl/axi_infrastructure_v1_1_vl_rfs.v:59]
INFO: [Synth 8-6157] synthesizing module 'axi_infrastructure_v1_1_0_vector2axi' [/home/intern/Downloads/Nexys-A7-100T-DMA-Audio-2018.2-1/vivado_proj_debug/Nexys-A7-100T-DMA-Audio_NEW.gen/sources_1/bd/design_1/ipshared/ec67/hdl/axi_infrastructure_v1_1_vl_rfs.v:473]
INFO: [Synth 8-6155] done synthesizing module 'axi_infrastructure_v1_1_0_vector2axi' (0#1) [/home/intern/Downloads/Nexys-A7-100T-DMA-Audio-2018.2-1/vivado_proj_debug/Nexys-A7-100T-DMA-Audio_NEW.gen/sources_1/bd/design_1/ipshared/ec67/hdl/axi_infrastructure_v1_1_vl_rfs.v:473]
INFO: [Synth 8-6157] synthesizing module 'axi_register_slice_v2_1_35_axic_register_slice' [/home/intern/Downloads/Nexys-A7-100T-DMA-Audio-2018.2-1/vivado_proj_debug/Nexys-A7-100T-DMA-Audio_NEW.gen/sources_1/bd/design_1/ipshared/c5b7/hdl/axi_register_slice_v2_1_vl_rfs.v:1492]
INFO: [Synth 8-6155] done synthesizing module 'axi_register_slice_v2_1_35_axic_register_slice' (0#1) [/home/intern/Downloads/Nexys-A7-100T-DMA-Audio-2018.2-1/vivado_proj_debug/Nexys-A7-100T-DMA-Audio_NEW.gen/sources_1/bd/design_1/ipshared/c5b7/hdl/axi_register_slice_v2_1_vl_rfs.v:1492]
INFO: [Synth 8-6157] synthesizing module 'axi_register_slice_v2_1_35_axic_register_slice__parameterized0' [/home/intern/Downloads/Nexys-A7-100T-DMA-Audio-2018.2-1/vivado_proj_debug/Nexys-A7-100T-DMA-Audio_NEW.gen/sources_1/bd/design_1/ipshared/c5b7/hdl/axi_register_slice_v2_1_vl_rfs.v:1492]
INFO: [Synth 8-6155] done synthesizing module 'axi_register_slice_v2_1_35_axic_register_slice__parameterized0' (0#1) [/home/intern/Downloads/Nexys-A7-100T-DMA-Audio-2018.2-1/vivado_proj_debug/Nexys-A7-100T-DMA-Audio_NEW.gen/sources_1/bd/design_1/ipshared/c5b7/hdl/axi_register_slice_v2_1_vl_rfs.v:1492]
INFO: [Synth 8-6157] synthesizing module 'axi_register_slice_v2_1_35_axic_register_slice__parameterized1' [/home/intern/Downloads/Nexys-A7-100T-DMA-Audio-2018.2-1/vivado_proj_debug/Nexys-A7-100T-DMA-Audio_NEW.gen/sources_1/bd/design_1/ipshared/c5b7/hdl/axi_register_slice_v2_1_vl_rfs.v:1492]
INFO: [Synth 8-6155] done synthesizing module 'axi_register_slice_v2_1_35_axic_register_slice__parameterized1' (0#1) [/home/intern/Downloads/Nexys-A7-100T-DMA-Audio-2018.2-1/vivado_proj_debug/Nexys-A7-100T-DMA-Audio_NEW.gen/sources_1/bd/design_1/ipshared/c5b7/hdl/axi_register_slice_v2_1_vl_rfs.v:1492]
INFO: [Synth 8-6157] synthesizing module 'axi_register_slice_v2_1_35_axic_register_slice__parameterized2' [/home/intern/Downloads/Nexys-A7-100T-DMA-Audio-2018.2-1/vivado_proj_debug/Nexys-A7-100T-DMA-Audio_NEW.gen/sources_1/bd/design_1/ipshared/c5b7/hdl/axi_register_slice_v2_1_vl_rfs.v:1492]
INFO: [Synth 8-6155] done synthesizing module 'axi_register_slice_v2_1_35_axic_register_slice__parameterized2' (0#1) [/home/intern/Downloads/Nexys-A7-100T-DMA-Audio-2018.2-1/vivado_proj_debug/Nexys-A7-100T-DMA-Audio_NEW.gen/sources_1/bd/design_1/ipshared/c5b7/hdl/axi_register_slice_v2_1_vl_rfs.v:1492]
INFO: [Synth 8-6155] done synthesizing module 'axi_register_slice_v2_1_35_axi_register_slice' (0#1) [/home/intern/Downloads/Nexys-A7-100T-DMA-Audio-2018.2-1/vivado_proj_debug/Nexys-A7-100T-DMA-Audio_NEW.gen/sources_1/bd/design_1/ipshared/c5b7/hdl/axi_register_slice_v2_1_vl_rfs.v:3721]
WARNING: [Synth 8-7071] port 'aclk2x' of module 'axi_register_slice_v2_1_35_axi_register_slice' is unconnected for instance 'reg_slice_mi' [/home/intern/Downloads/Nexys-A7-100T-DMA-Audio-2018.2-1/vivado_proj_debug/Nexys-A7-100T-DMA-Audio_NEW.gen/sources_1/bd/design_1/ipshared/a1a7/hdl/axi_crossbar_v2_1_vl_rfs.v:3116]
WARNING: [Synth 8-7023] instance 'reg_slice_mi' of module 'axi_register_slice_v2_1_35_axi_register_slice' has 93 connections declared, but only 92 given [/home/intern/Downloads/Nexys-A7-100T-DMA-Audio-2018.2-1/vivado_proj_debug/Nexys-A7-100T-DMA-Audio_NEW.gen/sources_1/bd/design_1/ipshared/a1a7/hdl/axi_crossbar_v2_1_vl_rfs.v:3116]
INFO: [Synth 8-6157] synthesizing module 'axi_data_fifo_v2_1_35_axic_srl_fifo__parameterized2' [/home/intern/Downloads/Nexys-A7-100T-DMA-Audio-2018.2-1/vivado_proj_debug/Nexys-A7-100T-DMA-Audio_NEW.gen/sources_1/bd/design_1/ipshared/4846/hdl/axi_data_fifo_v2_1_vl_rfs.v:694]
INFO: [Synth 8-6155] done synthesizing module 'axi_data_fifo_v2_1_35_axic_srl_fifo__parameterized2' (0#1) [/home/intern/Downloads/Nexys-A7-100T-DMA-Audio-2018.2-1/vivado_proj_debug/Nexys-A7-100T-DMA-Audio_NEW.gen/sources_1/bd/design_1/ipshared/4846/hdl/axi_data_fifo_v2_1_vl_rfs.v:694]
INFO: [Synth 8-6157] synthesizing module 'axi_crossbar_v2_1_37_wdata_mux__parameterized0' [/home/intern/Downloads/Nexys-A7-100T-DMA-Audio-2018.2-1/vivado_proj_debug/Nexys-A7-100T-DMA-Audio_NEW.gen/sources_1/bd/design_1/ipshared/a1a7/hdl/axi_crossbar_v2_1_vl_rfs.v:4550]
INFO: [Synth 8-6157] synthesizing module 'axi_data_fifo_v2_1_35_axic_reg_srl_fifo__parameterized1' [/home/intern/Downloads/Nexys-A7-100T-DMA-Audio-2018.2-1/vivado_proj_debug/Nexys-A7-100T-DMA-Audio_NEW.gen/sources_1/bd/design_1/ipshared/4846/hdl/axi_data_fifo_v2_1_vl_rfs.v:884]
INFO: [Synth 8-155] case statement is not full and has no default [/home/intern/Downloads/Nexys-A7-100T-DMA-Audio-2018.2-1/vivado_proj_debug/Nexys-A7-100T-DMA-Audio_NEW.gen/sources_1/bd/design_1/ipshared/4846/hdl/axi_data_fifo_v2_1_vl_rfs.v:982]
INFO: [Synth 8-6155] done synthesizing module 'axi_data_fifo_v2_1_35_axic_reg_srl_fifo__parameterized1' (0#1) [/home/intern/Downloads/Nexys-A7-100T-DMA-Audio-2018.2-1/vivado_proj_debug/Nexys-A7-100T-DMA-Audio_NEW.gen/sources_1/bd/design_1/ipshared/4846/hdl/axi_data_fifo_v2_1_vl_rfs.v:884]
INFO: [Synth 8-6155] done synthesizing module 'axi_crossbar_v2_1_37_wdata_mux__parameterized0' (0#1) [/home/intern/Downloads/Nexys-A7-100T-DMA-Audio-2018.2-1/vivado_proj_debug/Nexys-A7-100T-DMA-Audio_NEW.gen/sources_1/bd/design_1/ipshared/a1a7/hdl/axi_crossbar_v2_1_vl_rfs.v:4550]
WARNING: [Synth 8-7071] port 'aclk2x' of module 'axi_register_slice_v2_1_35_axi_register_slice' is unconnected for instance 'reg_slice_mi' [/home/intern/Downloads/Nexys-A7-100T-DMA-Audio-2018.2-1/vivado_proj_debug/Nexys-A7-100T-DMA-Audio_NEW.gen/sources_1/bd/design_1/ipshared/a1a7/hdl/axi_crossbar_v2_1_vl_rfs.v:3116]
WARNING: [Synth 8-7023] instance 'reg_slice_mi' of module 'axi_register_slice_v2_1_35_axi_register_slice' has 93 connections declared, but only 92 given [/home/intern/Downloads/Nexys-A7-100T-DMA-Audio-2018.2-1/vivado_proj_debug/Nexys-A7-100T-DMA-Audio_NEW.gen/sources_1/bd/design_1/ipshared/a1a7/hdl/axi_crossbar_v2_1_vl_rfs.v:3116]
INFO: [Synth 8-6157] synthesizing module 'axi_crossbar_v2_1_37_decerr_slave' [/home/intern/Downloads/Nexys-A7-100T-DMA-Audio-2018.2-1/vivado_proj_debug/Nexys-A7-100T-DMA-Audio_NEW.gen/sources_1/bd/design_1/ipshared/a1a7/hdl/axi_crossbar_v2_1_vl_rfs.v:3493]
INFO: [Synth 8-155] case statement is not full and has no default [/home/intern/Downloads/Nexys-A7-100T-DMA-Audio-2018.2-1/vivado_proj_debug/Nexys-A7-100T-DMA-Audio_NEW.gen/sources_1/bd/design_1/ipshared/a1a7/hdl/axi_crossbar_v2_1_vl_rfs.v:3626]
INFO: [Synth 8-6155] done synthesizing module 'axi_crossbar_v2_1_37_decerr_slave' (0#1) [/home/intern/Downloads/Nexys-A7-100T-DMA-Audio-2018.2-1/vivado_proj_debug/Nexys-A7-100T-DMA-Audio_NEW.gen/sources_1/bd/design_1/ipshared/a1a7/hdl/axi_crossbar_v2_1_vl_rfs.v:3493]
INFO: [Synth 8-6157] synthesizing module 'axi_crossbar_v2_1_37_addr_arbiter' [/home/intern/Downloads/Nexys-A7-100T-DMA-Audio-2018.2-1/vivado_proj_debug/Nexys-A7-100T-DMA-Audio_NEW.gen/sources_1/bd/design_1/ipshared/a1a7/hdl/axi_crossbar_v2_1_vl_rfs.v:420]
INFO: [Synth 8-6157] synthesizing module 'generic_baseblocks_v2_1_2_mux_enc__parameterized2' [/home/intern/Downloads/Nexys-A7-100T-DMA-Audio-2018.2-1/vivado_proj_debug/Nexys-A7-100T-DMA-Audio_NEW.gen/sources_1/bd/design_1/ipshared/0c28/hdl/generic_baseblocks_v2_1_vl_rfs.v:2436]
INFO: [Synth 8-6155] done synthesizing module 'generic_baseblocks_v2_1_2_mux_enc__parameterized2' (0#1) [/home/intern/Downloads/Nexys-A7-100T-DMA-Audio-2018.2-1/vivado_proj_debug/Nexys-A7-100T-DMA-Audio_NEW.gen/sources_1/bd/design_1/ipshared/0c28/hdl/generic_baseblocks_v2_1_vl_rfs.v:2436]
INFO: [Synth 8-6157] synthesizing module 'generic_baseblocks_v2_1_2_mux_enc__parameterized3' [/home/intern/Downloads/Nexys-A7-100T-DMA-Audio-2018.2-1/vivado_proj_debug/Nexys-A7-100T-DMA-Audio_NEW.gen/sources_1/bd/design_1/ipshared/0c28/hdl/generic_baseblocks_v2_1_vl_rfs.v:2436]
INFO: [Synth 8-6155] done synthesizing module 'generic_baseblocks_v2_1_2_mux_enc__parameterized3' (0#1) [/home/intern/Downloads/Nexys-A7-100T-DMA-Audio-2018.2-1/vivado_proj_debug/Nexys-A7-100T-DMA-Audio_NEW.gen/sources_1/bd/design_1/ipshared/0c28/hdl/generic_baseblocks_v2_1_vl_rfs.v:2436]
INFO: [Synth 8-6155] done synthesizing module 'axi_crossbar_v2_1_37_addr_arbiter' (0#1) [/home/intern/Downloads/Nexys-A7-100T-DMA-Audio-2018.2-1/vivado_proj_debug/Nexys-A7-100T-DMA-Audio_NEW.gen/sources_1/bd/design_1/ipshared/a1a7/hdl/axi_crossbar_v2_1_vl_rfs.v:420]
INFO: [Synth 8-6155] done synthesizing module 'axi_crossbar_v2_1_37_crossbar' (0#1) [/home/intern/Downloads/Nexys-A7-100T-DMA-Audio-2018.2-1/vivado_proj_debug/Nexys-A7-100T-DMA-Audio_NEW.gen/sources_1/bd/design_1/ipshared/a1a7/hdl/axi_crossbar_v2_1_vl_rfs.v:2232]
INFO: [Synth 8-6155] done synthesizing module 'axi_crossbar_v2_1_37_axi_crossbar' (0#1) [/home/intern/Downloads/Nexys-A7-100T-DMA-Audio-2018.2-1/vivado_proj_debug/Nexys-A7-100T-DMA-Audio_NEW.gen/sources_1/bd/design_1/ipshared/a1a7/hdl/axi_crossbar_v2_1_vl_rfs.v:4871]
INFO: [Synth 8-6155] done synthesizing module 'design_1_axi_interconnect_0_upgraded_ipi_imp_xbar_0' (0#1) [/home/intern/Downloads/Nexys-A7-100T-DMA-Audio-2018.2-1/vivado_proj_debug/Nexys-A7-100T-DMA-Audio_NEW.gen/sources_1/bd/design_1/ip/design_1_axi_interconnect_0_upgraded_ipi_imp_xbar_0/synth/design_1_axi_interconnect_0_upgraded_ipi_imp_xbar_0.v:53]
WARNING: [Synth 8-6014] Unused sequential element areset_d1_reg was removed.  [/home/intern/Downloads/Nexys-A7-100T-DMA-Audio-2018.2-1/vivado_proj_debug/Nexys-A7-100T-DMA-Audio_NEW.gen/sources_1/bd/design_1/ipshared/4846/hdl/axi_data_fifo_v2_1_vl_rfs.v:747]
WARNING: [Synth 8-6014] Unused sequential element S_READY_i_reg was removed.  [/home/intern/Downloads/Nexys-A7-100T-DMA-Audio-2018.2-1/vivado_proj_debug/Nexys-A7-100T-DMA-Audio_NEW.gen/sources_1/bd/design_1/ipshared/4846/hdl/axi_data_fifo_v2_1_vl_rfs.v:786]
WARNING: [Synth 8-6014] Unused sequential element gen_single_thread.gen_debug_r_single_thread.debug_r_beat_cnt_i_reg was removed.  [/home/intern/Downloads/Nexys-A7-100T-DMA-Audio-2018.2-1/vivado_proj_debug/Nexys-A7-100T-DMA-Audio_NEW.gen/sources_1/bd/design_1/ipshared/a1a7/hdl/axi_crossbar_v2_1_vl_rfs.v:4184]
WARNING: [Synth 8-6014] Unused sequential element gen_single_thread.active_id_reg was removed.  [/home/intern/Downloads/Nexys-A7-100T-DMA-Audio-2018.2-1/vivado_proj_debug/Nexys-A7-100T-DMA-Audio_NEW.gen/sources_1/bd/design_1/ipshared/a1a7/hdl/axi_crossbar_v2_1_vl_rfs.v:4142]
WARNING: [Synth 8-6014] Unused sequential element areset_d1_reg was removed.  [/home/intern/Downloads/Nexys-A7-100T-DMA-Audio-2018.2-1/vivado_proj_debug/Nexys-A7-100T-DMA-Audio_NEW.gen/sources_1/bd/design_1/ipshared/4846/hdl/axi_data_fifo_v2_1_vl_rfs.v:747]
WARNING: [Synth 8-6014] Unused sequential element S_READY_i_reg was removed.  [/home/intern/Downloads/Nexys-A7-100T-DMA-Audio-2018.2-1/vivado_proj_debug/Nexys-A7-100T-DMA-Audio_NEW.gen/sources_1/bd/design_1/ipshared/4846/hdl/axi_data_fifo_v2_1_vl_rfs.v:786]
WARNING: [Synth 8-6014] Unused sequential element gen_single_thread.gen_debug_r_single_thread.debug_r_beat_cnt_i_reg was removed.  [/home/intern/Downloads/Nexys-A7-100T-DMA-Audio-2018.2-1/vivado_proj_debug/Nexys-A7-100T-DMA-Audio_NEW.gen/sources_1/bd/design_1/ipshared/a1a7/hdl/axi_crossbar_v2_1_vl_rfs.v:4184]
WARNING: [Synth 8-6014] Unused sequential element gen_single_thread.active_id_reg was removed.  [/home/intern/Downloads/Nexys-A7-100T-DMA-Audio-2018.2-1/vivado_proj_debug/Nexys-A7-100T-DMA-Audio_NEW.gen/sources_1/bd/design_1/ipshared/a1a7/hdl/axi_crossbar_v2_1_vl_rfs.v:4142]
WARNING: [Synth 8-6014] Unused sequential element areset_d1_reg was removed.  [/home/intern/Downloads/Nexys-A7-100T-DMA-Audio-2018.2-1/vivado_proj_debug/Nexys-A7-100T-DMA-Audio_NEW.gen/sources_1/bd/design_1/ipshared/4846/hdl/axi_data_fifo_v2_1_vl_rfs.v:747]
WARNING: [Synth 8-6014] Unused sequential element S_READY_i_reg was removed.  [/home/intern/Downloads/Nexys-A7-100T-DMA-Audio-2018.2-1/vivado_proj_debug/Nexys-A7-100T-DMA-Audio_NEW.gen/sources_1/bd/design_1/ipshared/4846/hdl/axi_data_fifo_v2_1_vl_rfs.v:786]
WARNING: [Synth 8-6014] Unused sequential element s_ready_i_reg was removed.  [/home/intern/Downloads/Nexys-A7-100T-DMA-Audio-2018.2-1/vivado_proj_debug/Nexys-A7-100T-DMA-Audio_NEW.gen/sources_1/bd/design_1/ipshared/4846/hdl/axi_data_fifo_v2_1_vl_rfs.v:1034]
WARNING: [Synth 8-6014] Unused sequential element s_ready_i_reg was removed.  [/home/intern/Downloads/Nexys-A7-100T-DMA-Audio-2018.2-1/vivado_proj_debug/Nexys-A7-100T-DMA-Audio_NEW.gen/sources_1/bd/design_1/ipshared/4846/hdl/axi_data_fifo_v2_1_vl_rfs.v:1034]
WARNING: [Synth 8-6014] Unused sequential element gen_master_slots[0].gen_mi_write.gen_debug_w.debug_w_beat_cnt_i_reg was removed.  [/home/intern/Downloads/Nexys-A7-100T-DMA-Audio-2018.2-1/vivado_proj_debug/Nexys-A7-100T-DMA-Audio_NEW.gen/sources_1/bd/design_1/ipshared/a1a7/hdl/axi_crossbar_v2_1_vl_rfs.v:2991]
WARNING: [Synth 8-6014] Unused sequential element gen_master_slots[1].gen_mi_write.gen_debug_w.debug_w_beat_cnt_i_reg was removed.  [/home/intern/Downloads/Nexys-A7-100T-DMA-Audio-2018.2-1/vivado_proj_debug/Nexys-A7-100T-DMA-Audio_NEW.gen/sources_1/bd/design_1/ipshared/a1a7/hdl/axi_crossbar_v2_1_vl_rfs.v:2991]
WARNING: [Synth 8-7129] Port ACLK in module axi_register_slice_v2_1_35_axic_register_slice is either unconnected or has no load
WARNING: [Synth 8-7129] Port ARESET in module axi_register_slice_v2_1_35_axic_register_slice is either unconnected or has no load
WARNING: [Synth 8-7129] Port ACLK in module axi_register_slice_v2_1_35_axic_register_slice__parameterized0 is either unconnected or has no load
WARNING: [Synth 8-7129] Port ARESET in module axi_register_slice_v2_1_35_axic_register_slice__parameterized0 is either unconnected or has no load
WARNING: [Synth 8-7129] Port m_axi_buser[0] in module axi_infrastructure_v1_1_0_vector2axi is either unconnected or has no load
WARNING: [Synth 8-7129] Port m_axi_ruser[0] in module axi_infrastructure_v1_1_0_vector2axi is either unconnected or has no load
WARNING: [Synth 8-7129] Port s_axi_awuser[0] in module axi_infrastructure_v1_1_0_axi2vector is either unconnected or has no load
WARNING: [Synth 8-7129] Port s_axi_wid[0] in module axi_infrastructure_v1_1_0_axi2vector is either unconnected or has no load
WARNING: [Synth 8-7129] Port s_axi_wuser[0] in module axi_infrastructure_v1_1_0_axi2vector is either unconnected or has no load
WARNING: [Synth 8-7129] Port s_axi_aruser[0] in module axi_infrastructure_v1_1_0_axi2vector is either unconnected or has no load
WARNING: [Synth 8-7129] Port aclk2x in module axi_register_slice_v2_1_35_axi_register_slice is either unconnected or has no load
WARNING: [Synth 8-7129] Port ADDR[1] in module axi_crossbar_v2_1_37_addr_decoder is either unconnected or has no load
WARNING: [Synth 8-7129] Port ADDR[0] in module axi_crossbar_v2_1_37_addr_decoder is either unconnected or has no load
WARNING: [Synth 8-7129] Port S_ABURST[1] in module axi_crossbar_v2_1_37_si_transactor is either unconnected or has no load
WARNING: [Synth 8-7129] Port S_ABURST[0] in module axi_crossbar_v2_1_37_si_transactor is either unconnected or has no load
WARNING: [Synth 8-7129] Port S_ABURST[1] in module axi_crossbar_v2_1_37_si_transactor__parameterized0 is either unconnected or has no load
WARNING: [Synth 8-7129] Port S_ABURST[0] in module axi_crossbar_v2_1_37_si_transactor__parameterized0 is either unconnected or has no load
WARNING: [Synth 8-7129] Port S_AXI_AWID[1] in module axi_crossbar_v2_1_37_crossbar is either unconnected or has no load
WARNING: [Synth 8-7129] Port S_AXI_AWID[0] in module axi_crossbar_v2_1_37_crossbar is either unconnected or has no load
WARNING: [Synth 8-7129] Port S_AXI_AWADDR[63] in module axi_crossbar_v2_1_37_crossbar is either unconnected or has no load
WARNING: [Synth 8-7129] Port S_AXI_AWADDR[62] in module axi_crossbar_v2_1_37_crossbar is either unconnected or has no load
WARNING: [Synth 8-7129] Port S_AXI_AWADDR[61] in module axi_crossbar_v2_1_37_crossbar is either unconnected or has no load
WARNING: [Synth 8-7129] Port S_AXI_AWADDR[60] in module axi_crossbar_v2_1_37_crossbar is either unconnected or has no load
WARNING: [Synth 8-7129] Port S_AXI_AWADDR[59] in module axi_crossbar_v2_1_37_crossbar is either unconnected or has no load
WARNING: [Synth 8-7129] Port S_AXI_AWADDR[58] in module axi_crossbar_v2_1_37_crossbar is either unconnected or has no load
WARNING: [Synth 8-7129] Port S_AXI_AWADDR[57] in module axi_crossbar_v2_1_37_crossbar is either unconnected or has no load
WARNING: [Synth 8-7129] Port S_AXI_AWADDR[56] in module axi_crossbar_v2_1_37_crossbar is either unconnected or has no load
WARNING: [Synth 8-7129] Port S_AXI_AWADDR[55] in module axi_crossbar_v2_1_37_crossbar is either unconnected or has no load
WARNING: [Synth 8-7129] Port S_AXI_AWADDR[54] in module axi_crossbar_v2_1_37_crossbar is either unconnected or has no load
WARNING: [Synth 8-7129] Port S_AXI_AWADDR[53] in module axi_crossbar_v2_1_37_crossbar is either unconnected or has no load
WARNING: [Synth 8-7129] Port S_AXI_AWADDR[52] in module axi_crossbar_v2_1_37_crossbar is either unconnected or has no load
WARNING: [Synth 8-7129] Port S_AXI_AWADDR[51] in module axi_crossbar_v2_1_37_crossbar is either unconnected or has no load
WARNING: [Synth 8-7129] Port S_AXI_AWADDR[50] in module axi_crossbar_v2_1_37_crossbar is either unconnected or has no load
WARNING: [Synth 8-7129] Port S_AXI_AWADDR[49] in module axi_crossbar_v2_1_37_crossbar is either unconnected or has no load
WARNING: [Synth 8-7129] Port S_AXI_AWADDR[48] in module axi_crossbar_v2_1_37_crossbar is either unconnected or has no load
WARNING: [Synth 8-7129] Port S_AXI_AWADDR[47] in module axi_crossbar_v2_1_37_crossbar is either unconnected or has no load
WARNING: [Synth 8-7129] Port S_AXI_AWADDR[46] in module axi_crossbar_v2_1_37_crossbar is either unconnected or has no load
WARNING: [Synth 8-7129] Port S_AXI_AWADDR[45] in module axi_crossbar_v2_1_37_crossbar is either unconnected or has no load
WARNING: [Synth 8-7129] Port S_AXI_AWADDR[44] in module axi_crossbar_v2_1_37_crossbar is either unconnected or has no load
WARNING: [Synth 8-7129] Port S_AXI_AWADDR[43] in module axi_crossbar_v2_1_37_crossbar is either unconnected or has no load
WARNING: [Synth 8-7129] Port S_AXI_AWADDR[42] in module axi_crossbar_v2_1_37_crossbar is either unconnected or has no load
WARNING: [Synth 8-7129] Port S_AXI_AWADDR[41] in module axi_crossbar_v2_1_37_crossbar is either unconnected or has no load
WARNING: [Synth 8-7129] Port S_AXI_AWADDR[40] in module axi_crossbar_v2_1_37_crossbar is either unconnected or has no load
WARNING: [Synth 8-7129] Port S_AXI_AWADDR[39] in module axi_crossbar_v2_1_37_crossbar is either unconnected or has no load
WARNING: [Synth 8-7129] Port S_AXI_AWADDR[38] in module axi_crossbar_v2_1_37_crossbar is either unconnected or has no load
WARNING: [Synth 8-7129] Port S_AXI_AWADDR[37] in module axi_crossbar_v2_1_37_crossbar is either unconnected or has no load
WARNING: [Synth 8-7129] Port S_AXI_AWADDR[36] in module axi_crossbar_v2_1_37_crossbar is either unconnected or has no load
WARNING: [Synth 8-7129] Port S_AXI_AWADDR[35] in module axi_crossbar_v2_1_37_crossbar is either unconnected or has no load
WARNING: [Synth 8-7129] Port S_AXI_AWADDR[34] in module axi_crossbar_v2_1_37_crossbar is either unconnected or has no load
WARNING: [Synth 8-7129] Port S_AXI_AWADDR[33] in module axi_crossbar_v2_1_37_crossbar is either unconnected or has no load
WARNING: [Synth 8-7129] Port S_AXI_AWADDR[32] in module axi_crossbar_v2_1_37_crossbar is either unconnected or has no load
WARNING: [Synth 8-7129] Port S_AXI_AWLEN[15] in module axi_crossbar_v2_1_37_crossbar is either unconnected or has no load
WARNING: [Synth 8-7129] Port S_AXI_AWLEN[14] in module axi_crossbar_v2_1_37_crossbar is either unconnected or has no load
WARNING: [Synth 8-7129] Port S_AXI_AWLEN[13] in module axi_crossbar_v2_1_37_crossbar is either unconnected or has no load
WARNING: [Synth 8-7129] Port S_AXI_AWLEN[12] in module axi_crossbar_v2_1_37_crossbar is either unconnected or has no load
WARNING: [Synth 8-7129] Port S_AXI_AWLEN[11] in module axi_crossbar_v2_1_37_crossbar is either unconnected or has no load
WARNING: [Synth 8-7129] Port S_AXI_AWLEN[10] in module axi_crossbar_v2_1_37_crossbar is either unconnected or has no load
WARNING: [Synth 8-7129] Port S_AXI_AWLEN[9] in module axi_crossbar_v2_1_37_crossbar is either unconnected or has no load
WARNING: [Synth 8-7129] Port S_AXI_AWLEN[8] in module axi_crossbar_v2_1_37_crossbar is either unconnected or has no load
WARNING: [Synth 8-7129] Port S_AXI_AWSIZE[5] in module axi_crossbar_v2_1_37_crossbar is either unconnected or has no load
WARNING: [Synth 8-7129] Port S_AXI_AWSIZE[4] in module axi_crossbar_v2_1_37_crossbar is either unconnected or has no load
WARNING: [Synth 8-7129] Port S_AXI_AWSIZE[3] in module axi_crossbar_v2_1_37_crossbar is either unconnected or has no load
WARNING: [Synth 8-7129] Port S_AXI_AWBURST[3] in module axi_crossbar_v2_1_37_crossbar is either unconnected or has no load
WARNING: [Synth 8-7129] Port S_AXI_AWBURST[2] in module axi_crossbar_v2_1_37_crossbar is either unconnected or has no load
WARNING: [Synth 8-7129] Port S_AXI_AWLOCK[3] in module axi_crossbar_v2_1_37_crossbar is either unconnected or has no load
WARNING: [Synth 8-7129] Port S_AXI_AWLOCK[2] in module axi_crossbar_v2_1_37_crossbar is either unconnected or has no load
WARNING: [Synth 8-7129] Port S_AXI_AWCACHE[7] in module axi_crossbar_v2_1_37_crossbar is either unconnected or has no load
WARNING: [Synth 8-7129] Port S_AXI_AWCACHE[6] in module axi_crossbar_v2_1_37_crossbar is either unconnected or has no load
WARNING: [Synth 8-7129] Port S_AXI_AWCACHE[5] in module axi_crossbar_v2_1_37_crossbar is either unconnected or has no load
WARNING: [Synth 8-7129] Port S_AXI_AWCACHE[4] in module axi_crossbar_v2_1_37_crossbar is either unconnected or has no load
WARNING: [Synth 8-7129] Port S_AXI_AWPROT[5] in module axi_crossbar_v2_1_37_crossbar is either unconnected or has no load
WARNING: [Synth 8-7129] Port S_AXI_AWPROT[4] in module axi_crossbar_v2_1_37_crossbar is either unconnected or has no load
WARNING: [Synth 8-7129] Port S_AXI_AWPROT[3] in module axi_crossbar_v2_1_37_crossbar is either unconnected or has no load
WARNING: [Synth 8-7129] Port S_AXI_AWQOS[7] in module axi_crossbar_v2_1_37_crossbar is either unconnected or has no load
WARNING: [Synth 8-7129] Port S_AXI_AWQOS[6] in module axi_crossbar_v2_1_37_crossbar is either unconnected or has no load
WARNING: [Synth 8-7129] Port S_AXI_AWQOS[5] in module axi_crossbar_v2_1_37_crossbar is either unconnected or has no load
WARNING: [Synth 8-7129] Port S_AXI_AWQOS[4] in module axi_crossbar_v2_1_37_crossbar is either unconnected or has no load
WARNING: [Synth 8-7129] Port S_AXI_AWUSER[1] in module axi_crossbar_v2_1_37_crossbar is either unconnected or has no load
WARNING: [Synth 8-7129] Port S_AXI_AWVALID[1] in module axi_crossbar_v2_1_37_crossbar is either unconnected or has no load
WARNING: [Synth 8-7129] Port S_AXI_WID[1] in module axi_crossbar_v2_1_37_crossbar is either unconnected or has no load
WARNING: [Synth 8-7129] Port S_AXI_WID[0] in module axi_crossbar_v2_1_37_crossbar is either unconnected or has no load
WARNING: [Synth 8-7129] Port S_AXI_WDATA[255] in module axi_crossbar_v2_1_37_crossbar is either unconnected or has no load
WARNING: [Synth 8-7129] Port S_AXI_WDATA[254] in module axi_crossbar_v2_1_37_crossbar is either unconnected or has no load
WARNING: [Synth 8-7129] Port S_AXI_WDATA[253] in module axi_crossbar_v2_1_37_crossbar is either unconnected or has no load
WARNING: [Synth 8-7129] Port S_AXI_WDATA[252] in module axi_crossbar_v2_1_37_crossbar is either unconnected or has no load
WARNING: [Synth 8-7129] Port S_AXI_WDATA[251] in module axi_crossbar_v2_1_37_crossbar is either unconnected or has no load
WARNING: [Synth 8-7129] Port S_AXI_WDATA[250] in module axi_crossbar_v2_1_37_crossbar is either unconnected or has no load
WARNING: [Synth 8-7129] Port S_AXI_WDATA[249] in module axi_crossbar_v2_1_37_crossbar is either unconnected or has no load
WARNING: [Synth 8-7129] Port S_AXI_WDATA[248] in module axi_crossbar_v2_1_37_crossbar is either unconnected or has no load
WARNING: [Synth 8-7129] Port S_AXI_WDATA[247] in module axi_crossbar_v2_1_37_crossbar is either unconnected or has no load
WARNING: [Synth 8-7129] Port S_AXI_WDATA[246] in module axi_crossbar_v2_1_37_crossbar is either unconnected or has no load
WARNING: [Synth 8-7129] Port S_AXI_WDATA[245] in module axi_crossbar_v2_1_37_crossbar is either unconnected or has no load
WARNING: [Synth 8-7129] Port S_AXI_WDATA[244] in module axi_crossbar_v2_1_37_crossbar is either unconnected or has no load
WARNING: [Synth 8-7129] Port S_AXI_WDATA[243] in module axi_crossbar_v2_1_37_crossbar is either unconnected or has no load
WARNING: [Synth 8-7129] Port S_AXI_WDATA[242] in module axi_crossbar_v2_1_37_crossbar is either unconnected or has no load
WARNING: [Synth 8-7129] Port S_AXI_WDATA[241] in module axi_crossbar_v2_1_37_crossbar is either unconnected or has no load
WARNING: [Synth 8-7129] Port S_AXI_WDATA[240] in module axi_crossbar_v2_1_37_crossbar is either unconnected or has no load
WARNING: [Synth 8-7129] Port S_AXI_WDATA[239] in module axi_crossbar_v2_1_37_crossbar is either unconnected or has no load
WARNING: [Synth 8-7129] Port S_AXI_WDATA[238] in module axi_crossbar_v2_1_37_crossbar is either unconnected or has no load
WARNING: [Synth 8-7129] Port S_AXI_WDATA[237] in module axi_crossbar_v2_1_37_crossbar is either unconnected or has no load
INFO: [Common 17-14] Message 'Synth 8-7129' appears 100 times and further instances of the messages will be disabled. Use the Tcl command set_msg_config to change the current settings.
---------------------------------------------------------------------------------
Finished RTL Elaboration : Time (s): cpu = 00:00:11 ; elapsed = 00:00:12 . Memory (MB): peak = 2424.371 ; gain = 641.648 ; free physical = 3074 ; free virtual = 24830
---------------------------------------------------------------------------------
---------------------------------------------------------------------------------
Start Handling Custom Attributes
---------------------------------------------------------------------------------
---------------------------------------------------------------------------------
Finished Handling Custom Attributes : Time (s): cpu = 00:00:11 ; elapsed = 00:00:12 . Memory (MB): peak = 2427.340 ; gain = 644.617 ; free physical = 3074 ; free virtual = 24830
---------------------------------------------------------------------------------
---------------------------------------------------------------------------------
Finished RTL Optimization Phase 1 : Time (s): cpu = 00:00:11 ; elapsed = 00:00:12 . Memory (MB): peak = 2427.340 ; gain = 644.617 ; free physical = 3074 ; free virtual = 24830
---------------------------------------------------------------------------------
Netlist sorting complete. Time (s): cpu = 00:00:00.06 ; elapsed = 00:00:00.06 . Memory (MB): peak = 2430.309 ; gain = 0.000 ; free physical = 3077 ; free virtual = 24833
INFO: [Project 1-570] Preparing netlist for logic optimization

Processing XDC Constraints
Initializing timing engine
Parsing XDC File [/home/intern/Downloads/Nexys-A7-100T-DMA-Audio-2018.2-1/vivado_proj_debug/Nexys-A7-100T-DMA-Audio_NEW.gen/sources_1/bd/design_1/ip/design_1_axi_interconnect_0_upgraded_ipi_imp_xbar_0/design_1_axi_interconnect_0_upgraded_ipi_imp_xbar_0_ooc.xdc] for cell 'inst'
Finished Parsing XDC File [/home/intern/Downloads/Nexys-A7-100T-DMA-Audio-2018.2-1/vivado_proj_debug/Nexys-A7-100T-DMA-Audio_NEW.gen/sources_1/bd/design_1/ip/design_1_axi_interconnect_0_upgraded_ipi_imp_xbar_0/design_1_axi_interconnect_0_upgraded_ipi_imp_xbar_0_ooc.xdc] for cell 'inst'
Parsing XDC File [/home/intern/Downloads/Nexys-A7-100T-DMA-Audio-2018.2-1/vivado_proj_debug/Nexys-A7-100T-DMA-Audio_NEW.runs/design_1_axi_interconnect_0_upgraded_ipi_imp_xbar_0_synth_1/dont_touch.xdc]
Finished Parsing XDC File [/home/intern/Downloads/Nexys-A7-100T-DMA-Audio-2018.2-1/vivado_proj_debug/Nexys-A7-100T-DMA-Audio_NEW.runs/design_1_axi_interconnect_0_upgraded_ipi_imp_xbar_0_synth_1/dont_touch.xdc]
Completed Processing XDC Constraints

Netlist sorting complete. Time (s): cpu = 00:00:00 ; elapsed = 00:00:00 . Memory (MB): peak = 2499.773 ; gain = 0.000 ; free physical = 3091 ; free virtual = 24847
INFO: [Project 1-111] Unisim Transformation Summary:
No Unisim elements were transformed.

Constraint Validation Runtime : Time (s): cpu = 00:00:00.09 ; elapsed = 00:00:00.06 . Memory (MB): peak = 2499.809 ; gain = 0.000 ; free physical = 3091 ; free virtual = 24847
INFO: [Designutils 20-5008] Incremental synthesis strategy off
---------------------------------------------------------------------------------
Finished Constraint Validation : Time (s): cpu = 00:00:18 ; elapsed = 00:00:19 . Memory (MB): peak = 2499.809 ; gain = 717.086 ; free physical = 3228 ; free virtual = 24983
---------------------------------------------------------------------------------
---------------------------------------------------------------------------------
Start Loading Part and Timing Information
---------------------------------------------------------------------------------
Loading part: xc7a100tcsg324-1
---------------------------------------------------------------------------------
Finished Loading Part and Timing Information : Time (s): cpu = 00:00:18 ; elapsed = 00:00:19 . Memory (MB): peak = 2507.777 ; gain = 725.055 ; free physical = 3228 ; free virtual = 24983
---------------------------------------------------------------------------------
---------------------------------------------------------------------------------
Start Applying 'set_property' XDC Constraints
---------------------------------------------------------------------------------
---------------------------------------------------------------------------------
Finished applying 'set_property' XDC Constraints : Time (s): cpu = 00:00:18 ; elapsed = 00:00:19 . Memory (MB): peak = 2507.777 ; gain = 725.055 ; free physical = 3228 ; free virtual = 24983
---------------------------------------------------------------------------------
INFO: [Synth 8-802] inferred FSM for state register 'state_reg' in module 'axi_data_fifo_v2_1_35_axic_reg_srl_fifo'
INFO: [Synth 8-802] inferred FSM for state register 'state_reg' in module 'axi_data_fifo_v2_1_35_axic_reg_srl_fifo__parameterized0'
INFO: [Synth 8-802] inferred FSM for state register 'state_reg' in module 'axi_data_fifo_v2_1_35_axic_reg_srl_fifo__parameterized1'
INFO: [Synth 8-802] inferred FSM for state register 'gen_axi.write_cs_reg' in module 'axi_crossbar_v2_1_37_decerr_slave'
---------------------------------------------------------------------------------------------------
                   State |                     New Encoding |                Previous Encoding 
---------------------------------------------------------------------------------------------------
                    ZERO |                              100 |                               10
                     ONE |                              010 |                               11
                     TWO |                              001 |                               01
---------------------------------------------------------------------------------------------------
INFO: [Synth 8-3354] encoded FSM with state register 'state_reg' using encoding 'one-hot' in module 'axi_data_fifo_v2_1_35_axic_reg_srl_fifo'
---------------------------------------------------------------------------------------------------
                   State |                     New Encoding |                Previous Encoding 
---------------------------------------------------------------------------------------------------
                    ZERO |                              100 |                               10
                     ONE |                              010 |                               11
                     TWO |                              001 |                               01
---------------------------------------------------------------------------------------------------
INFO: [Synth 8-3354] encoded FSM with state register 'state_reg' using encoding 'one-hot' in module 'axi_data_fifo_v2_1_35_axic_reg_srl_fifo__parameterized0'
---------------------------------------------------------------------------------------------------
                   State |                     New Encoding |                Previous Encoding 
---------------------------------------------------------------------------------------------------
                    ZERO |                              100 |                               10
                     ONE |                              010 |                               11
                     TWO |                              001 |                               01
---------------------------------------------------------------------------------------------------
INFO: [Synth 8-3354] encoded FSM with state register 'state_reg' using encoding 'one-hot' in module 'axi_data_fifo_v2_1_35_axic_reg_srl_fifo__parameterized1'
---------------------------------------------------------------------------------------------------
                   State |                     New Encoding |                Previous Encoding 
---------------------------------------------------------------------------------------------------
            P_WRITE_IDLE |                              001 |                               00
            P_WRITE_DATA |                              010 |                               01
            P_WRITE_RESP |                              100 |                               10
---------------------------------------------------------------------------------------------------
INFO: [Synth 8-3354] encoded FSM with state register 'gen_axi.write_cs_reg' using encoding 'one-hot' in module 'axi_crossbar_v2_1_37_decerr_slave'
---------------------------------------------------------------------------------
Finished RTL Optimization Phase 2 : Time (s): cpu = 00:00:19 ; elapsed = 00:00:20 . Memory (MB): peak = 2507.777 ; gain = 725.055 ; free physical = 3230 ; free virtual = 24986
---------------------------------------------------------------------------------
---------------------------------------------------------------------------------
Start RTL Component Statistics 
---------------------------------------------------------------------------------
Detailed RTL Component Info : 
+---Adders : 
	   2 Input    8 Bit       Adders := 3     
	   2 Input    4 Bit       Adders := 4     
	   2 Input    3 Bit       Adders := 5     
	   2 Input    2 Bit       Adders := 7     
	   2 Input    1 Bit       Adders := 2     
+---XORs : 
	   2 Input      1 Bit         XORs := 8     
+---Registers : 
	              132 Bit    Registers := 4     
	               64 Bit    Registers := 2     
	                8 Bit    Registers := 7     
	                4 Bit    Registers := 5     
	                3 Bit    Registers := 5     
	                2 Bit    Registers := 25    
	                1 Bit    Registers := 41    
+---Muxes : 
	   2 Input  132 Bit        Muxes := 4     
	   2 Input    8 Bit        Muxes := 1     
	   2 Input    4 Bit        Muxes := 2     
	   3 Input    3 Bit        Muxes := 3     
	   2 Input    3 Bit        Muxes := 11    
	   2 Input    2 Bit        Muxes := 19    
	   2 Input    1 Bit        Muxes := 52    
	   3 Input    1 Bit        Muxes := 17    
---------------------------------------------------------------------------------
Finished RTL Component Statistics 
---------------------------------------------------------------------------------
---------------------------------------------------------------------------------
Start Part Resource Summary
---------------------------------------------------------------------------------
Part Resources:
DSPs: 240 (col length:80)
BRAMs: 270 (col length: RAMB18 80 RAMB36 40)
---------------------------------------------------------------------------------
Finished Part Resource Summary
---------------------------------------------------------------------------------
---------------------------------------------------------------------------------
Start Cross Boundary and Area Optimization
---------------------------------------------------------------------------------
WARNING: [Synth 8-7080] Parallel synthesis criteria is not met
---------------------------------------------------------------------------------
Finished Cross Boundary and Area Optimization : Time (s): cpu = 00:00:23 ; elapsed = 00:00:24 . Memory (MB): peak = 2539.793 ; gain = 757.070 ; free physical = 3320 ; free virtual = 25073
---------------------------------------------------------------------------------
---------------------------------------------------------------------------------
Start Applying XDC Timing Constraints
---------------------------------------------------------------------------------
---------------------------------------------------------------------------------
Finished Applying XDC Timing Constraints : Time (s): cpu = 00:00:29 ; elapsed = 00:00:30 . Memory (MB): peak = 2539.793 ; gain = 757.070 ; free physical = 3147 ; free virtual = 24902
---------------------------------------------------------------------------------
---------------------------------------------------------------------------------
Start Timing Optimization
---------------------------------------------------------------------------------
---------------------------------------------------------------------------------
Finished Timing Optimization : Time (s): cpu = 00:00:31 ; elapsed = 00:00:32 . Memory (MB): peak = 2555.801 ; gain = 773.078 ; free physical = 3149 ; free virtual = 24906
---------------------------------------------------------------------------------
---------------------------------------------------------------------------------
Start Technology Mapping
---------------------------------------------------------------------------------
---------------------------------------------------------------------------------
Finished Technology Mapping : Time (s): cpu = 00:00:31 ; elapsed = 00:00:32 . Memory (MB): peak = 2563.809 ; gain = 781.086 ; free physical = 3156 ; free virtual = 24913
---------------------------------------------------------------------------------
---------------------------------------------------------------------------------
Start IO Insertion
---------------------------------------------------------------------------------
---------------------------------------------------------------------------------
Start Flattening Before IO Insertion
---------------------------------------------------------------------------------
---------------------------------------------------------------------------------
Finished Flattening Before IO Insertion
---------------------------------------------------------------------------------
---------------------------------------------------------------------------------
Start Final Netlist Cleanup
---------------------------------------------------------------------------------
---------------------------------------------------------------------------------
Finished Final Netlist Cleanup
---------------------------------------------------------------------------------
---------------------------------------------------------------------------------
Finished IO Insertion : Time (s): cpu = 00:00:35 ; elapsed = 00:00:36 . Memory (MB): peak = 2699.621 ; gain = 916.898 ; free physical = 3060 ; free virtual = 24814
---------------------------------------------------------------------------------
---------------------------------------------------------------------------------
Start Renaming Generated Instances
---------------------------------------------------------------------------------
---------------------------------------------------------------------------------
Finished Renaming Generated Instances : Time (s): cpu = 00:00:35 ; elapsed = 00:00:36 . Memory (MB): peak = 2699.621 ; gain = 916.898 ; free physical = 3060 ; free virtual = 24814
---------------------------------------------------------------------------------
---------------------------------------------------------------------------------
Start Rebuilding User Hierarchy
---------------------------------------------------------------------------------
---------------------------------------------------------------------------------
Finished Rebuilding User Hierarchy : Time (s): cpu = 00:00:35 ; elapsed = 00:00:36 . Memory (MB): peak = 2699.621 ; gain = 916.898 ; free physical = 3060 ; free virtual = 24814
---------------------------------------------------------------------------------
---------------------------------------------------------------------------------
Start Renaming Generated Ports
---------------------------------------------------------------------------------
---------------------------------------------------------------------------------
Finished Renaming Generated Ports : Time (s): cpu = 00:00:35 ; elapsed = 00:00:36 . Memory (MB): peak = 2699.621 ; gain = 916.898 ; free physical = 3060 ; free virtual = 24814
---------------------------------------------------------------------------------
---------------------------------------------------------------------------------
Start Handling Custom Attributes
---------------------------------------------------------------------------------
---------------------------------------------------------------------------------
Finished Handling Custom Attributes : Time (s): cpu = 00:00:35 ; elapsed = 00:00:36 . Memory (MB): peak = 2699.621 ; gain = 916.898 ; free physical = 3060 ; free virtual = 24814
---------------------------------------------------------------------------------
---------------------------------------------------------------------------------
Start Renaming Generated Nets
---------------------------------------------------------------------------------
---------------------------------------------------------------------------------
Finished Renaming Generated Nets : Time (s): cpu = 00:00:35 ; elapsed = 00:00:36 . Memory (MB): peak = 2699.621 ; gain = 916.898 ; free physical = 3060 ; free virtual = 24814
---------------------------------------------------------------------------------
---------------------------------------------------------------------------------
Start Writing Synthesis Report
---------------------------------------------------------------------------------

Report BlackBoxes: 
+-+--------------+----------+
| |BlackBox name |Instances |
+-+--------------+----------+
+-+--------------+----------+

Report Cell Usage: 
+------+--------+------+
|      |Cell    |Count |
+------+--------+------+
|1     |LUT1    |     7|
|2     |LUT2    |   424|
|3     |LUT3    |   226|
|4     |LUT4    |    38|
|5     |LUT5    |    44|
|6     |LUT6    |    67|
|7     |SRLC32E |     3|
|8     |FDRE    |   473|
|9     |FDSE    |    16|
+------+--------+------+
---------------------------------------------------------------------------------
Finished Writing Synthesis Report : Time (s): cpu = 00:00:35 ; elapsed = 00:00:36 . Memory (MB): peak = 2699.621 ; gain = 916.898 ; free physical = 3060 ; free virtual = 24814
---------------------------------------------------------------------------------
Synthesis finished with 0 errors, 0 critical warnings and 445 warnings.
Synthesis Optimization Runtime : Time (s): cpu = 00:00:32 ; elapsed = 00:00:34 . Memory (MB): peak = 2699.621 ; gain = 844.430 ; free physical = 3068 ; free virtual = 24821
Synthesis Optimization Complete : Time (s): cpu = 00:00:35 ; elapsed = 00:00:36 . Memory (MB): peak = 2699.629 ; gain = 916.898 ; free physical = 3068 ; free virtual = 24821
INFO: [Project 1-571] Translating synthesized netlist
Netlist sorting complete. Time (s): cpu = 00:00:00.02 ; elapsed = 00:00:00.02 . Memory (MB): peak = 2699.629 ; gain = 0.000 ; free physical = 3230 ; free virtual = 24983
INFO: [Project 1-570] Preparing netlist for logic optimization
INFO: [Opt 31-138] Pushed 0 inverter(s) to 0 load pin(s).
Netlist sorting complete. Time (s): cpu = 00:00:00 ; elapsed = 00:00:00 . Memory (MB): peak = 2755.648 ; gain = 0.000 ; free physical = 3235 ; free virtual = 24986
INFO: [Project 1-111] Unisim Transformation Summary:
No Unisim elements were transformed.

Synth Design complete | Checksum: aecdf20e
INFO: [Common 17-83] Releasing license: Synthesis
109 Infos, 125 Warnings, 0 Critical Warnings and 0 Errors encountered.
synth_design completed successfully
synth_design: Time (s): cpu = 00:00:42 ; elapsed = 00:00:40 . Memory (MB): peak = 2755.684 ; gain = 1148.953 ; free physical = 3235 ; free virtual = 24986
INFO: [Common 17-2834] synth_design peak Physical Memory [PSS] (MB): overall = 1839.802; main = 1794.652; forked = 245.928
INFO: [Common 17-2834] synth_design peak Virtual Memory [VSS] (MB): overall = 3503.707; main = 2755.652; forked = 963.910
Write ShapeDB Complete: Time (s): cpu = 00:00:00.01 ; elapsed = 00:00:00 . Memory (MB): peak = 2779.660 ; gain = 0.000 ; free physical = 3247 ; free virtual = 25001
INFO: [Common 17-1381] The checkpoint '/home/intern/Downloads/Nexys-A7-100T-DMA-Audio-2018.2-1/vivado_proj_debug/Nexys-A7-100T-DMA-Audio_NEW.runs/design_1_axi_interconnect_0_upgraded_ipi_imp_xbar_0_synth_1/design_1_axi_interconnect_0_upgraded_ipi_imp_xbar_0.dcp' has been generated.
INFO: [Coretcl 2-1648] Added synthesis output to IP cache for IP design_1_axi_interconnect_0_upgraded_ipi_imp_xbar_0, cache-ID = 86bf3fefa985a745
INFO: [Coretcl 2-1174] Renamed 25 cell refs.
Write ShapeDB Complete: Time (s): cpu = 00:00:00.01 ; elapsed = 00:00:00 . Memory (MB): peak = 2779.660 ; gain = 0.000 ; free physical = 3235 ; free virtual = 24992
INFO: [Common 17-1381] The checkpoint '/home/intern/Downloads/Nexys-A7-100T-DMA-Audio-2018.2-1/vivado_proj_debug/Nexys-A7-100T-DMA-Audio_NEW.runs/design_1_axi_interconnect_0_upgraded_ipi_imp_xbar_0_synth_1/design_1_axi_interconnect_0_upgraded_ipi_imp_xbar_0.dcp' has been generated.
INFO: [Vivado 12-24828] Executing command : report_utilization -file design_1_axi_interconnect_0_upgraded_ipi_imp_xbar_0_utilization_synth.rpt -pb design_1_axi_interconnect_0_upgraded_ipi_imp_xbar_0_utilization_synth.pb
INFO: [Common 17-206] Exiting Vivado at Thu Sep 18 16:42:43 2025...
