Copyright 1986-2022 Xilinx, Inc. All Rights Reserved. Copyright 2022-2025 Advanced Micro Devices, Inc. All Rights Reserved.
----------------------------------------------------------------------------------------------------------------------------------------------------------------------
| Tool Version     : Vivado v.2025.1 (lin64) Build 6140274 Wed May 21 22:58:25 MDT 2025
| Date             : Fri Sep 19 11:31:21 2025
| Host             : OASIS2 running 64-bit Ubuntu 24.04.2 LTS
| Command          : report_power -file design_1_wrapper_power_routed.rpt -pb design_1_wrapper_power_summary_routed.pb -rpx design_1_wrapper_power_routed.rpx
| Design           : design_1_wrapper
| Device           : xc7a100tcsg324-1
| Design State     : routed
| Grade            : commercial
| Process          : typical
| Characterization : Production
----------------------------------------------------------------------------------------------------------------------------------------------------------------------

Power Report

Table of Contents
-----------------
1. Summary
1.1 On-Chip Components
1.2 Power Supply Summary
1.3 Confidence Level
2. Settings
2.1 Environment
2.2 Clock Constraints
3. Detailed Reports
3.1 By Hierarchy

1. Summary
----------

+--------------------------+--------------+
| Total On-Chip Power (W)  | 1.165        |
| Design Power Budget (W)  | Unspecified* |
| Power Budget Margin (W)  | NA           |
| Dynamic (W)              | 1.057        |
| Device Static (W)        | 0.108        |
| Effective TJA (C/W)      | 4.6          |
| Max Ambient (C)          | 79.7         |
| Junction Temperature (C) | 30.3         |
| Confidence Level         | Low          |
| Setting File             | ---          |
| Simulation Activity File | ---          |
| Design Nets Matched      | NA           |
+--------------------------+--------------+
* Specify Design Power Budget using, set_operating_conditions -design_power_budget <value in Watts>


1.1 On-Chip Components
----------------------

+--------------------------+-----------+----------+-----------+-----------------+
| On-Chip                  | Power (W) | Used     | Available | Utilization (%) |
+--------------------------+-----------+----------+-----------+-----------------+
| Clocks                   |     0.033 |       26 |       --- |             --- |
| Slice Logic              |     0.011 |    17911 |       --- |             --- |
|   LUT as Logic           |     0.009 |     6653 |     63400 |           10.49 |
|   LUT as Distributed RAM |    <0.001 |      482 |     19000 |            2.54 |
|   Register               |    <0.001 |     7085 |    126800 |            5.59 |
|   CARRY4                 |    <0.001 |      165 |     15850 |            1.04 |
|   F7/F8 Muxes            |    <0.001 |      198 |     63400 |            0.31 |
|   LUT as Shift Register  |    <0.001 |      329 |     19000 |            1.73 |
|   Others                 |    <0.001 |      743 |       --- |             --- |
| Signals                  |     0.015 |    13575 |       --- |             --- |
| Block RAM                |     0.019 |        8 |       135 |            5.93 |
| MMCM                     |     0.219 |        2 |         6 |           33.33 |
| PLL                      |     0.115 |        1 |         6 |           16.67 |
| DSPs                     |    <0.001 |        1 |       240 |            0.42 |
| I/O                      |     0.530 |       67 |       210 |           31.90 |
| PHASER                   |     0.110 |       14 |       --- |             --- |
| XADC                     |     0.004 |        1 |       --- |             --- |
| Static Power             |     0.108 |          |           |                 |
| Total                    |     1.165 |          |           |                 |
+--------------------------+-----------+----------+-----------+-----------------+


1.2 Power Supply Summary
------------------------

+-----------+-------------+-----------+-------------+------------+-------------+-------------+------------+
| Source    | Voltage (V) | Total (A) | Dynamic (A) | Static (A) | Powerup (A) | Budget (A)  | Margin (A) |
+-----------+-------------+-----------+-------------+------------+-------------+-------------+------------+
| Vccint    |       1.000 |     0.133 |       0.114 |      0.018 |       NA    | Unspecified | NA         |
| Vccaux    |       1.800 |     0.302 |       0.283 |      0.018 |       NA    | Unspecified | NA         |
| Vcco33    |       3.300 |     0.004 |       0.000 |      0.004 |       NA    | Unspecified | NA         |
| Vcco25    |       2.500 |     0.000 |       0.000 |      0.000 |       NA    | Unspecified | NA         |
| Vcco18    |       1.800 |     0.242 |       0.238 |      0.004 |       NA    | Unspecified | NA         |
| Vcco15    |       1.500 |     0.000 |       0.000 |      0.000 |       NA    | Unspecified | NA         |
| Vcco135   |       1.350 |     0.000 |       0.000 |      0.000 |       NA    | Unspecified | NA         |
| Vcco12    |       1.200 |     0.000 |       0.000 |      0.000 |       NA    | Unspecified | NA         |
| Vccaux_io |       1.800 |     0.000 |       0.000 |      0.000 |       NA    | Unspecified | NA         |
| Vccbram   |       1.000 |     0.002 |       0.001 |      0.001 |       NA    | Unspecified | NA         |
| MGTAVcc   |       1.000 |     0.000 |       0.000 |      0.000 |       NA    | Unspecified | NA         |
| MGTAVtt   |       1.200 |     0.000 |       0.000 |      0.000 |       NA    | Unspecified | NA         |
| Vccadc    |       1.800 |     0.022 |       0.002 |      0.020 |       NA    | Unspecified | NA         |
+-----------+-------------+-----------+-------------+------------+-------------+-------------+------------+


1.3 Confidence Level
--------------------

+-----------------------------+------------+--------------------------------------------------------+------------------------------------------------------------------------------------------------------------+
| User Input Data             | Confidence | Details                                                | Action                                                                                                     |
+-----------------------------+------------+--------------------------------------------------------+------------------------------------------------------------------------------------------------------------+
| Design implementation state | High       | Design is routed                                       |                                                                                                            |
| Clock nodes activity        | High       | User specified more than 95% of clocks                 |                                                                                                            |
| I/O nodes activity          | Low        | More than 75% of inputs are missing user specification | Provide missing input activity with simulation results or by editing the "By Resource Type -> I/Os" view   |
| Internal nodes activity     | Medium     | User specified less than 25% of internal nodes         | Provide missing internal nodes activity with simulation results or by editing the "By Resource Type" views |
| Device models               | High       | Device models are Production                           |                                                                                                            |
|                             |            |                                                        |                                                                                                            |
| Overall confidence level    | Low        |                                                        |                                                                                                            |
+-----------------------------+------------+--------------------------------------------------------+------------------------------------------------------------------------------------------------------------+


2. Settings
-----------

2.1 Environment
---------------

+-----------------------+--------------------------+
| Ambient Temp (C)      | 25.0                     |
| ThetaJA (C/W)         | 4.6                      |
| Airflow (LFM)         | 250                      |
| Heat Sink             | medium (Medium Profile)  |
| ThetaSA (C/W)         | 4.6                      |
| Board Selection       | medium (10"x10")         |
| # of Board Layers     | 12to15 (12 to 15 Layers) |
| Board Temperature (C) | 25.0                     |
+-----------------------+--------------------------+


2.2 Clock Constraints
---------------------

+-----------------------------------------------------------------------------------------------------------------------------------------------------------+---------------------------------------------------------------------------------------------------------------------------------------------------------------------------------------------------------------------------------+-----------------+
| Clock                                                                                                                                                     | Domain                                                                                                                                                                                                                          | Constraint (ns) |
+-----------------------------------------------------------------------------------------------------------------------------------------------------------+---------------------------------------------------------------------------------------------------------------------------------------------------------------------------------------------------------------------------------+-----------------+
| clk_out1_design_1_clk_wiz_0_0                                                                                                                             | design_1_i/clk_wiz_0/inst/clk_out1_design_1_clk_wiz_0_0                                                                                                                                                                         |            10.0 |
| clk_pll_i                                                                                                                                                 | design_1_i/mig_7series_0/u_design_1_mig_7series_0_1_mig/u_ddr2_infrastructure/clk_pll_i                                                                                                                                         |            12.3 |
| clkfbout_design_1_clk_wiz_0_0                                                                                                                             | design_1_i/clk_wiz_0/inst/clkfbout_design_1_clk_wiz_0_0                                                                                                                                                                         |            10.0 |
| design_1_i/mdm_1/U0/Use_E2.BSCAN_I/Use_E2.BSCANE2_I/DRCK                                                                                                  | design_1_i/mdm_1/U0/Use_E2.BSCAN_I/DRCK                                                                                                                                                                                         |            33.3 |
| design_1_i/mdm_1/U0/Use_E2.BSCAN_I/Use_E2.BSCANE2_I/UPDATE                                                                                                | design_1_i/mdm_1/U0/Use_E2.BSCAN_I/Dbg_Update_0                                                                                                                                                                                 |            33.3 |
| freq_refclk                                                                                                                                               | design_1_i/mig_7series_0/u_design_1_mig_7series_0_1_mig/u_ddr2_infrastructure/freq_refclk                                                                                                                                       |             1.5 |
| iserdes_clkdiv                                                                                                                                            | design_1_i/mig_7series_0/u_design_1_mig_7series_0_1_mig/u_memc_ui_top_axi/mem_intfc0/ddr_phy_top0/u_ddr_mc_phy_wrapper/u_ddr_mc_phy/ddr_phy_4lanes_0.u_ddr_phy_4lanes/ddr_byte_lane_A.ddr_byte_lane_A/iserdes_clkdiv            |            12.3 |
| iserdes_clkdiv_1                                                                                                                                          | design_1_i/mig_7series_0/u_design_1_mig_7series_0_1_mig/u_memc_ui_top_axi/mem_intfc0/ddr_phy_top0/u_ddr_mc_phy_wrapper/u_ddr_mc_phy/ddr_phy_4lanes_0.u_ddr_phy_4lanes/ddr_byte_lane_C.ddr_byte_lane_C/iserdes_clkdiv            |            12.3 |
| mem_refclk                                                                                                                                                | design_1_i/mig_7series_0/u_design_1_mig_7series_0_1_mig/u_ddr2_infrastructure/mem_refclk                                                                                                                                        |             3.1 |
| mmcm_clkout0                                                                                                                                              | design_1_i/mig_7series_0/u_design_1_mig_7series_0_1_mig/u_ddr2_infrastructure/mmcm_clkout0                                                                                                                                      |             5.3 |
| oserdes_clk                                                                                                                                               | design_1_i/mig_7series_0/u_design_1_mig_7series_0_1_mig/u_memc_ui_top_axi/mem_intfc0/ddr_phy_top0/u_ddr_mc_phy_wrapper/u_ddr_mc_phy/ddr_phy_4lanes_0.u_ddr_phy_4lanes/ddr_byte_lane_A.ddr_byte_lane_A/oserdes_clk               |             3.1 |
| oserdes_clk_1                                                                                                                                             | design_1_i/mig_7series_0/u_design_1_mig_7series_0_1_mig/u_memc_ui_top_axi/mem_intfc0/ddr_phy_top0/u_ddr_mc_phy_wrapper/u_ddr_mc_phy/ddr_phy_4lanes_0.u_ddr_phy_4lanes/ddr_byte_lane_B.ddr_byte_lane_B/oserdes_clk               |             3.1 |
| oserdes_clk_2                                                                                                                                             | design_1_i/mig_7series_0/u_design_1_mig_7series_0_1_mig/u_memc_ui_top_axi/mem_intfc0/ddr_phy_top0/u_ddr_mc_phy_wrapper/u_ddr_mc_phy/ddr_phy_4lanes_0.u_ddr_phy_4lanes/ddr_byte_lane_C.ddr_byte_lane_C/oserdes_clk               |             3.1 |
| oserdes_clk_3                                                                                                                                             | design_1_i/mig_7series_0/u_design_1_mig_7series_0_1_mig/u_memc_ui_top_axi/mem_intfc0/ddr_phy_top0/u_ddr_mc_phy_wrapper/u_ddr_mc_phy/ddr_phy_4lanes_0.u_ddr_phy_4lanes/ddr_byte_lane_D.ddr_byte_lane_D/oserdes_clk               |             3.1 |
| oserdes_clkdiv                                                                                                                                            | design_1_i/mig_7series_0/u_design_1_mig_7series_0_1_mig/u_memc_ui_top_axi/mem_intfc0/ddr_phy_top0/u_ddr_mc_phy_wrapper/u_ddr_mc_phy/ddr_phy_4lanes_0.u_ddr_phy_4lanes/ddr_byte_lane_A.ddr_byte_lane_A/oserdes_clkdiv            |             6.2 |
| oserdes_clkdiv_1                                                                                                                                          | design_1_i/mig_7series_0/u_design_1_mig_7series_0_1_mig/u_memc_ui_top_axi/mem_intfc0/ddr_phy_top0/u_ddr_mc_phy_wrapper/u_ddr_mc_phy/ddr_phy_4lanes_0.u_ddr_phy_4lanes/ddr_byte_lane_B.ddr_byte_lane_B/oserdes_clkdiv            |            12.3 |
| oserdes_clkdiv_2                                                                                                                                          | design_1_i/mig_7series_0/u_design_1_mig_7series_0_1_mig/u_memc_ui_top_axi/mem_intfc0/ddr_phy_top0/u_ddr_mc_phy_wrapper/u_ddr_mc_phy/ddr_phy_4lanes_0.u_ddr_phy_4lanes/ddr_byte_lane_C.ddr_byte_lane_C/oserdes_clkdiv            |             6.2 |
| oserdes_clkdiv_3                                                                                                                                          | design_1_i/mig_7series_0/u_design_1_mig_7series_0_1_mig/u_memc_ui_top_axi/mem_intfc0/ddr_phy_top0/u_ddr_mc_phy_wrapper/u_ddr_mc_phy/ddr_phy_4lanes_0.u_ddr_phy_4lanes/ddr_byte_lane_D.ddr_byte_lane_D/oserdes_clkdiv            |            12.3 |
| pll_clk3_out                                                                                                                                              | design_1_i/mig_7series_0/u_design_1_mig_7series_0_1_mig/u_ddr2_infrastructure/pll_clk3_out                                                                                                                                      |            12.3 |
| pll_clkfbout                                                                                                                                              | design_1_i/mig_7series_0/u_design_1_mig_7series_0_1_mig/u_ddr2_infrastructure/pll_clkfbout                                                                                                                                      |            10.0 |
| sync_pulse                                                                                                                                                | design_1_i/mig_7series_0/u_design_1_mig_7series_0_1_mig/u_ddr2_infrastructure/sync_pulse                                                                                                                                        |            49.2 |
| sys_clock                                                                                                                                                 | sys_clock                                                                                                                                                                                                                       |            10.0 |
| u_memc_ui_top_axi/mem_intfc0/ddr_phy_top0/u_ddr_mc_phy_wrapper/u_ddr_mc_phy/ddr_phy_4lanes_0.u_ddr_phy_4lanes/ddr_byte_lane_A.ddr_byte_lane_A/iserdes_clk | design_1_i/mig_7series_0/u_design_1_mig_7series_0_1_mig/u_memc_ui_top_axi/mem_intfc0/ddr_phy_top0/u_ddr_mc_phy_wrapper/u_ddr_mc_phy/ddr_phy_4lanes_0.u_ddr_phy_4lanes/ddr_byte_lane_A.ddr_byte_lane_A/phaser_in_gen.phaser_in_0 |             3.1 |
| u_memc_ui_top_axi/mem_intfc0/ddr_phy_top0/u_ddr_mc_phy_wrapper/u_ddr_mc_phy/ddr_phy_4lanes_0.u_ddr_phy_4lanes/ddr_byte_lane_C.ddr_byte_lane_C/iserdes_clk | design_1_i/mig_7series_0/u_design_1_mig_7series_0_1_mig/u_memc_ui_top_axi/mem_intfc0/ddr_phy_top0/u_ddr_mc_phy_wrapper/u_ddr_mc_phy/ddr_phy_4lanes_0.u_ddr_phy_4lanes/ddr_byte_lane_C.ddr_byte_lane_C/phaser_in_gen.phaser_in_0 |             3.1 |
+-----------------------------------------------------------------------------------------------------------------------------------------------------------+---------------------------------------------------------------------------------------------------------------------------------------------------------------------------------------------------------------------------------+-----------------+


3. Detailed Reports
-------------------

3.1 By Hierarchy
----------------

+--------------------------------------+-----------+
| Name                                 | Power (W) |
+--------------------------------------+-----------+
| design_1_wrapper                     |     1.057 |
|   design_1_i                         |     1.057 |
|     FP_Mult_0                        |     0.002 |
|       U0                             |     0.002 |
|     axi_interconnect_0               |     0.007 |
|       s00_couplers                   |     0.003 |
|       s01_couplers                   |     0.002 |
|       xbar                           |     0.002 |
|     clk_wiz_0                        |     0.106 |
|       inst                           |     0.106 |
|     microblaze_0                     |     0.035 |
|       U0                             |     0.035 |
|     microblaze_0_axi_intc            |     0.001 |
|       U0                             |     0.001 |
|     microblaze_0_local_memory        |     0.001 |
|       lmb_bram                       |     0.001 |
|     mig_7series_0                    |     0.902 |
|       u_design_1_mig_7series_0_1_mig |     0.901 |
+--------------------------------------+-----------+


