
*** Running vivado
    with args -log top_MAC_Test.vdi -applog -m64 -product Vivado -messageDb vivado.pb -mode batch -source top_MAC_Test.tcl -notrace


****** Vivado v2022.2 (64-bit)
  **** SW Build 3671981 on Fri Oct 14 04:59:54 MDT 2022
  **** IP Build 3669848 on Fri Oct 14 08:30:02 MDT 2022
    ** Copyright 1986-2022 Xilinx, Inc. All Rights Reserved.

source top_MAC_Test.tcl -notrace
Command: link_design -top top_MAC_Test -part xc7a100tcsg324-1
Design is defaulting to srcset: sources_1
Design is defaulting to constrset: constrs_1
INFO: [Device 21-403] Loading part xc7a100tcsg324-1
Netlist sorting complete. Time (s): cpu = 00:00:00.01 ; elapsed = 00:00:00 . Memory (MB): peak = 2063.953 ; gain = 0.000 ; free physical = 24247 ; free virtual = 35772
INFO: [Netlist 29-17] Analyzing 17 Unisim elements for replacement
INFO: [Netlist 29-28] Unisim Transformation completed in 0 CPU seconds
INFO: [Project 1-479] Netlist was created with Vivado 2022.2
INFO: [Project 1-570] Preparing netlist for logic optimization
Parsing XDC File [/home/intern/Bendaou/stage_2025/Code VHDL/project/impl_results/MAC/450MHz/temp_450MHz.xdc]
WARNING: [Vivado 12-2489] -period contains time 2.222222 which will be rounded to 2.222 to ensure it is an integer multiple of 1 picosecond [/home/intern/Bendaou/stage_2025/Code VHDL/project/impl_results/MAC/450MHz/temp_450MHz.xdc:3]
WARNING: [Vivado 12-2489] -waveform contains time 1.111111 which will be rounded to 1.111 to ensure it is an integer multiple of 1 picosecond [/home/intern/Bendaou/stage_2025/Code VHDL/project/impl_results/MAC/450MHz/temp_450MHz.xdc:3]
Finished Parsing XDC File [/home/intern/Bendaou/stage_2025/Code VHDL/project/impl_results/MAC/450MHz/temp_450MHz.xdc]
INFO: [Opt 31-138] Pushed 0 inverter(s) to 0 load pin(s).
Netlist sorting complete. Time (s): cpu = 00:00:00 ; elapsed = 00:00:00 . Memory (MB): peak = 2224.449 ; gain = 0.000 ; free physical = 24161 ; free virtual = 35686
INFO: [Project 1-111] Unisim Transformation Summary:
No Unisim elements were transformed.

7 Infos, 2 Warnings, 0 Critical Warnings and 0 Errors encountered.
link_design completed successfully
link_design: Time (s): cpu = 00:00:05 ; elapsed = 00:00:05 . Memory (MB): peak = 2224.449 ; gain = 509.410 ; free physical = 24161 ; free virtual = 35686
Command: opt_design
Attempting to get a license for feature 'Implementation' and/or device 'xc7a100t'
INFO: [Common 17-349] Got license for feature 'Implementation' and/or device 'xc7a100t'
Running DRC as a precondition to command opt_design

Starting DRC Task
INFO: [DRC 23-27] Running DRC with 8 threads
INFO: [Project 1-461] DRC finished with 0 Errors
INFO: [Project 1-462] Please refer to the DRC report (report_drc) for more information.

Time (s): cpu = 00:00:01 ; elapsed = 00:00:00.75 . Memory (MB): peak = 2314.230 ; gain = 89.781 ; free physical = 24162 ; free virtual = 35687

Starting Cache Timing Information Task
INFO: [Timing 38-35] Done setting XDC timing constraints.
Ending Cache Timing Information Task | Checksum: 17cea1fed

Time (s): cpu = 00:00:06 ; elapsed = 00:00:06 . Memory (MB): peak = 2708.051 ; gain = 393.820 ; free physical = 23793 ; free virtual = 35318

Starting Logic Optimization Task

Phase 1 Retarget
INFO: [Opt 31-138] Pushed 0 inverter(s) to 0 load pin(s).
INFO: [Opt 31-49] Retargeted 0 cell(s).
Phase 1 Retarget | Checksum: 17cea1fed

Time (s): cpu = 00:00:00.09 ; elapsed = 00:00:00.04 . Memory (MB): peak = 2986.941 ; gain = 0.000 ; free physical = 23547 ; free virtual = 35072
INFO: [Opt 31-389] Phase Retarget created 0 cells and removed 0 cells

Phase 2 Constant propagation
INFO: [Opt 31-138] Pushed 0 inverter(s) to 0 load pin(s).
Phase 2 Constant propagation | Checksum: 17cea1fed

Time (s): cpu = 00:00:00.1 ; elapsed = 00:00:00.04 . Memory (MB): peak = 2986.941 ; gain = 0.000 ; free physical = 23547 ; free virtual = 35072
INFO: [Opt 31-389] Phase Constant propagation created 0 cells and removed 0 cells

Phase 3 Sweep
Phase 3 Sweep | Checksum: 15d1dcfe5

Time (s): cpu = 00:00:00.11 ; elapsed = 00:00:00.05 . Memory (MB): peak = 2986.941 ; gain = 0.000 ; free physical = 23547 ; free virtual = 35072
INFO: [Opt 31-389] Phase Sweep created 0 cells and removed 0 cells

Phase 4 BUFG optimization
Phase 4 BUFG optimization | Checksum: 15d1dcfe5

Time (s): cpu = 00:00:00.13 ; elapsed = 00:00:00.06 . Memory (MB): peak = 3018.957 ; gain = 32.016 ; free physical = 23547 ; free virtual = 35072
INFO: [Opt 31-662] Phase BUFG optimization created 0 cells of which 0 are BUFGs and removed 0 cells.

Phase 5 Shift Register Optimization
INFO: [Opt 31-1064] SRL Remap converted 0 SRLs to 0 registers and converted 0 registers of register chains to 0 SRLs
Phase 5 Shift Register Optimization | Checksum: 15d1dcfe5

Time (s): cpu = 00:00:00.13 ; elapsed = 00:00:00.07 . Memory (MB): peak = 3018.957 ; gain = 32.016 ; free physical = 23547 ; free virtual = 35072
INFO: [Opt 31-389] Phase Shift Register Optimization created 0 cells and removed 0 cells

Phase 6 Post Processing Netlist
Phase 6 Post Processing Netlist | Checksum: 15d1dcfe5

Time (s): cpu = 00:00:00.13 ; elapsed = 00:00:00.07 . Memory (MB): peak = 3018.957 ; gain = 32.016 ; free physical = 23547 ; free virtual = 35072
INFO: [Opt 31-389] Phase Post Processing Netlist created 0 cells and removed 0 cells
Opt_design Change Summary
=========================


-------------------------------------------------------------------------------------------------------------------------
|  Phase                        |  #Cells created  |  #Cells Removed  |  #Constrained objects preventing optimizations  |
-------------------------------------------------------------------------------------------------------------------------
|  Retarget                     |               0  |               0  |                                              0  |
|  Constant propagation         |               0  |               0  |                                              0  |
|  Sweep                        |               0  |               0  |                                              0  |
|  BUFG optimization            |               0  |               0  |                                              0  |
|  Shift Register Optimization  |               0  |               0  |                                              0  |
|  Post Processing Netlist      |               0  |               0  |                                              0  |
-------------------------------------------------------------------------------------------------------------------------



Starting Connectivity Check Task

Time (s): cpu = 00:00:00 ; elapsed = 00:00:00 . Memory (MB): peak = 3018.957 ; gain = 0.000 ; free physical = 23547 ; free virtual = 35072
Ending Logic Optimization Task | Checksum: 1455557dd

Time (s): cpu = 00:00:00.14 ; elapsed = 00:00:00.08 . Memory (MB): peak = 3018.957 ; gain = 32.016 ; free physical = 23547 ; free virtual = 35072

Starting Power Optimization Task
INFO: [Pwropt 34-132] Skipping clock gating for clocks with a period < 2.00 ns.
Ending Power Optimization Task | Checksum: 1455557dd

Time (s): cpu = 00:00:00 ; elapsed = 00:00:00.01 . Memory (MB): peak = 3018.957 ; gain = 0.000 ; free physical = 23547 ; free virtual = 35072

Starting Final Cleanup Task
Ending Final Cleanup Task | Checksum: 1455557dd

Time (s): cpu = 00:00:00 ; elapsed = 00:00:00 . Memory (MB): peak = 3018.957 ; gain = 0.000 ; free physical = 23547 ; free virtual = 35072

Starting Netlist Obfuscation Task
Netlist sorting complete. Time (s): cpu = 00:00:00 ; elapsed = 00:00:00 . Memory (MB): peak = 3018.957 ; gain = 0.000 ; free physical = 23547 ; free virtual = 35072
Ending Netlist Obfuscation Task | Checksum: 1455557dd

Time (s): cpu = 00:00:00 ; elapsed = 00:00:00 . Memory (MB): peak = 3018.957 ; gain = 0.000 ; free physical = 23547 ; free virtual = 35072
INFO: [Common 17-83] Releasing license: Implementation
24 Infos, 2 Warnings, 0 Critical Warnings and 0 Errors encountered.
opt_design completed successfully
opt_design: Time (s): cpu = 00:00:09 ; elapsed = 00:00:09 . Memory (MB): peak = 3018.957 ; gain = 794.508 ; free physical = 23547 ; free virtual = 35072
INFO: [Timing 38-480] Writing timing data to binary archive.
Writing XDEF routing.
Writing XDEF routing logical nets.
Writing XDEF routing special nets.
Write XDEF Complete: Time (s): cpu = 00:00:00.09 ; elapsed = 00:00:00.02 . Memory (MB): peak = 3058.977 ; gain = 32.016 ; free physical = 23544 ; free virtual = 35069
INFO: [Common 17-1381] The checkpoint '/home/intern/Bendaou/stage_2025/Code VHDL/project/impl_results/MAC/450MHz/impl_MAC_450MHz.runs/impl_1/top_MAC_Test_opt.dcp' has been generated.
INFO: [runtcl-4] Executing : report_drc -file top_MAC_Test_drc_opted.rpt -pb top_MAC_Test_drc_opted.pb -rpx top_MAC_Test_drc_opted.rpx
Command: report_drc -file top_MAC_Test_drc_opted.rpt -pb top_MAC_Test_drc_opted.pb -rpx top_MAC_Test_drc_opted.rpx
INFO: [IP_Flow 19-234] Refreshing IP repositories
INFO: [IP_Flow 19-1704] No user IP repositories specified
INFO: [IP_Flow 19-2313] Loaded Vivado IP repository '/tools/Xilinx/Vivado/2022.2/data/ip'.
INFO: [DRC 23-27] Running DRC with 8 threads
INFO: [Vivado_Tcl 2-168] The results of DRC are in file /home/intern/Bendaou/stage_2025/Code VHDL/project/impl_results/MAC/450MHz/impl_MAC_450MHz.runs/impl_1/top_MAC_Test_drc_opted.rpt.
report_drc completed successfully
Command: place_design
Attempting to get a license for feature 'Implementation' and/or device 'xc7a100t'
INFO: [Common 17-349] Got license for feature 'Implementation' and/or device 'xc7a100t'
INFO: [DRC 23-27] Running DRC with 8 threads
INFO: [Vivado_Tcl 4-198] DRC finished with 0 Errors
INFO: [Vivado_Tcl 4-199] Please refer to the DRC report (report_drc) for more information.
Running DRC as a precondition to command place_design
INFO: [DRC 23-27] Running DRC with 8 threads
INFO: [Vivado_Tcl 4-198] DRC finished with 0 Errors
INFO: [Vivado_Tcl 4-199] Please refer to the DRC report (report_drc) for more information.

Starting Placer Task
INFO: [Place 30-611] Multithreading enabled for place_design using a maximum of 8 CPUs

Phase 1 Placer Initialization

Phase 1.1 Placer Initialization Netlist Sorting
Netlist sorting complete. Time (s): cpu = 00:00:00 ; elapsed = 00:00:00 . Memory (MB): peak = 3130.879 ; gain = 0.000 ; free physical = 23518 ; free virtual = 35043
Phase 1.1 Placer Initialization Netlist Sorting | Checksum: ba635261

Time (s): cpu = 00:00:00 ; elapsed = 00:00:00.01 . Memory (MB): peak = 3130.879 ; gain = 0.000 ; free physical = 23518 ; free virtual = 35043
Netlist sorting complete. Time (s): cpu = 00:00:00 ; elapsed = 00:00:00 . Memory (MB): peak = 3130.879 ; gain = 0.000 ; free physical = 23518 ; free virtual = 35043

Phase 1.2 IO Placement/ Clock Placement/ Build Placer Device
INFO: [Timing 38-35] Done setting XDC timing constraints.
Phase 1.2 IO Placement/ Clock Placement/ Build Placer Device | Checksum: d8021066

Time (s): cpu = 00:00:00.58 ; elapsed = 00:00:00.25 . Memory (MB): peak = 3130.879 ; gain = 0.000 ; free physical = 23515 ; free virtual = 35041

Phase 1.3 Build Placer Netlist Model
Phase 1.3 Build Placer Netlist Model | Checksum: 13ea666d3

Time (s): cpu = 00:00:00.99 ; elapsed = 00:00:00.44 . Memory (MB): peak = 3130.879 ; gain = 0.000 ; free physical = 23515 ; free virtual = 35041

Phase 1.4 Constrain Clocks/Macros
Phase 1.4 Constrain Clocks/Macros | Checksum: 13ea666d3

Time (s): cpu = 00:00:00.99 ; elapsed = 00:00:00.45 . Memory (MB): peak = 3130.879 ; gain = 0.000 ; free physical = 23515 ; free virtual = 35041
Phase 1 Placer Initialization | Checksum: 13ea666d3

Time (s): cpu = 00:00:00.99 ; elapsed = 00:00:00.45 . Memory (MB): peak = 3130.879 ; gain = 0.000 ; free physical = 23515 ; free virtual = 35041

Phase 2 Global Placement

Phase 2.1 Floorplanning
Phase 2.1 Floorplanning | Checksum: 1a0aa3f91

Time (s): cpu = 00:00:01 ; elapsed = 00:00:00.52 . Memory (MB): peak = 3130.879 ; gain = 0.000 ; free physical = 23560 ; free virtual = 35086

Phase 2.2 Update Timing before SLR Path Opt
Phase 2.2 Update Timing before SLR Path Opt | Checksum: 182285747

Time (s): cpu = 00:00:01 ; elapsed = 00:00:00.57 . Memory (MB): peak = 3130.879 ; gain = 0.000 ; free physical = 23561 ; free virtual = 35086

Phase 2.3 Post-Processing in Floorplanning
Phase 2.3 Post-Processing in Floorplanning | Checksum: 182285747

Time (s): cpu = 00:00:01 ; elapsed = 00:00:00.57 . Memory (MB): peak = 3130.879 ; gain = 0.000 ; free physical = 23561 ; free virtual = 35086

Phase 2.4 Global Placement Core

Phase 2.4.1 UpdateTiming Before Physical Synthesis
Phase 2.4.1 UpdateTiming Before Physical Synthesis | Checksum: 16543ba69

Time (s): cpu = 00:00:06 ; elapsed = 00:00:03 . Memory (MB): peak = 3130.879 ; gain = 0.000 ; free physical = 23536 ; free virtual = 35062

Phase 2.4.2 Physical Synthesis In Placer
INFO: [Physopt 32-1035] Found 28 LUTNM shape to break, 9 LUT instances to create LUTNM shape
INFO: [Physopt 32-1044] Break lutnm for timing: one critical 4, two critical 24, total 28, new lutff created 1
INFO: [Physopt 32-1138] End 1 Pass. Optimized 32 nets or LUTs. Breaked 28 LUTs, combined 4 existing LUTs and moved 0 existing LUT
INFO: [Physopt 32-65] No nets found for high-fanout optimization.
INFO: [Physopt 32-232] Optimized 0 net. Created 0 new instance.
INFO: [Physopt 32-775] End 1 Pass. Optimized 0 net or cell. Created 0 new cell, deleted 0 existing cell and moved 0 existing cell
INFO: [Physopt 32-456] No candidate cells for DSP register optimization found in the design.
INFO: [Physopt 32-775] End 2 Pass. Optimized 0 net or cell. Created 0 new cell, deleted 0 existing cell and moved 0 existing cell
INFO: [Physopt 32-1123] No candidate cells found for Shift Register to Pipeline optimization
INFO: [Physopt 32-775] End 2 Pass. Optimized 0 net or cell. Created 0 new cell, deleted 0 existing cell and moved 0 existing cell
INFO: [Physopt 32-677] No candidate cells for Shift Register optimization found in the design
INFO: [Physopt 32-775] End 1 Pass. Optimized 0 net or cell. Created 0 new cell, deleted 0 existing cell and moved 0 existing cell
INFO: [Physopt 32-526] No candidate cells for BRAM register optimization found in the design
INFO: [Physopt 32-775] End 1 Pass. Optimized 0 net or cell. Created 0 new cell, deleted 0 existing cell and moved 0 existing cell
INFO: [Physopt 32-846] No candidate cells for URAM register optimization found in the design
INFO: [Physopt 32-775] End 2 Pass. Optimized 0 net or cell. Created 0 new cell, deleted 0 existing cell and moved 0 existing cell
INFO: [Physopt 32-949] No candidate nets found for dynamic/static region interface net replication
INFO: [Physopt 32-775] End 1 Pass. Optimized 0 net or cell. Created 0 new cell, deleted 0 existing cell and moved 0 existing cell
Netlist sorting complete. Time (s): cpu = 00:00:00 ; elapsed = 00:00:00 . Memory (MB): peak = 3130.879 ; gain = 0.000 ; free physical = 23535 ; free virtual = 35060

Summary of Physical Synthesis Optimizations
============================================


-----------------------------------------------------------------------------------------------------------------------------------------------------------
|  Optimization                                     |  Added Cells  |  Removed Cells  |  Optimized Cells/Nets  |  Dont Touch  |  Iterations  |  Elapsed   |
-----------------------------------------------------------------------------------------------------------------------------------------------------------
|  LUT Combining                                    |           28  |              4  |                    32  |           0  |           1  |  00:00:00  |
|  Retime                                           |            0  |              0  |                     0  |           0  |           1  |  00:00:00  |
|  Very High Fanout                                 |            0  |              0  |                     0  |           0  |           1  |  00:00:00  |
|  DSP Register                                     |            0  |              0  |                     0  |           0  |           1  |  00:00:00  |
|  Shift Register to Pipeline                       |            0  |              0  |                     0  |           0  |           1  |  00:00:00  |
|  Shift Register                                   |            0  |              0  |                     0  |           0  |           1  |  00:00:00  |
|  BRAM Register                                    |            0  |              0  |                     0  |           0  |           1  |  00:00:00  |
|  URAM Register                                    |            0  |              0  |                     0  |           0  |           1  |  00:00:00  |
|  Dynamic/Static Region Interface Net Replication  |            0  |              0  |                     0  |           0  |           1  |  00:00:00  |
|  Total                                            |           28  |              4  |                    32  |           0  |           9  |  00:00:00  |
-----------------------------------------------------------------------------------------------------------------------------------------------------------


Phase 2.4.2 Physical Synthesis In Placer | Checksum: 199120268

Time (s): cpu = 00:00:06 ; elapsed = 00:00:03 . Memory (MB): peak = 3130.879 ; gain = 0.000 ; free physical = 23535 ; free virtual = 35060
Phase 2.4 Global Placement Core | Checksum: 17fe4e04e

Time (s): cpu = 00:00:07 ; elapsed = 00:00:03 . Memory (MB): peak = 3130.879 ; gain = 0.000 ; free physical = 23535 ; free virtual = 35060
Phase 2 Global Placement | Checksum: 17fe4e04e

Time (s): cpu = 00:00:07 ; elapsed = 00:00:03 . Memory (MB): peak = 3130.879 ; gain = 0.000 ; free physical = 23535 ; free virtual = 35060

Phase 3 Detail Placement

Phase 3.1 Commit Multi Column Macros
Phase 3.1 Commit Multi Column Macros | Checksum: 186f58330

Time (s): cpu = 00:00:07 ; elapsed = 00:00:03 . Memory (MB): peak = 3130.879 ; gain = 0.000 ; free physical = 23535 ; free virtual = 35060

Phase 3.2 Commit Most Macros & LUTRAMs
Phase 3.2 Commit Most Macros & LUTRAMs | Checksum: 16d1a4b56

Time (s): cpu = 00:00:07 ; elapsed = 00:00:03 . Memory (MB): peak = 3130.879 ; gain = 0.000 ; free physical = 23535 ; free virtual = 35060

Phase 3.3 Area Swap Optimization
Phase 3.3 Area Swap Optimization | Checksum: 19bcf1c5f

Time (s): cpu = 00:00:07 ; elapsed = 00:00:03 . Memory (MB): peak = 3130.879 ; gain = 0.000 ; free physical = 23535 ; free virtual = 35060

Phase 3.4 Pipeline Register Optimization
Phase 3.4 Pipeline Register Optimization | Checksum: 1a59e7e24

Time (s): cpu = 00:00:07 ; elapsed = 00:00:03 . Memory (MB): peak = 3130.879 ; gain = 0.000 ; free physical = 23535 ; free virtual = 35060

Phase 3.5 Fast Optimization
Phase 3.5 Fast Optimization | Checksum: 18d5f19be

Time (s): cpu = 00:00:09 ; elapsed = 00:00:05 . Memory (MB): peak = 3130.879 ; gain = 0.000 ; free physical = 23546 ; free virtual = 35072

Phase 3.6 Small Shape Detail Placement
Phase 3.6 Small Shape Detail Placement | Checksum: 257a29293

Time (s): cpu = 00:00:09 ; elapsed = 00:00:05 . Memory (MB): peak = 3130.879 ; gain = 0.000 ; free physical = 23540 ; free virtual = 35066

Phase 3.7 Re-assign LUT pins
Phase 3.7 Re-assign LUT pins | Checksum: 1f90c6862

Time (s): cpu = 00:00:09 ; elapsed = 00:00:05 . Memory (MB): peak = 3130.879 ; gain = 0.000 ; free physical = 23540 ; free virtual = 35066

Phase 3.8 Pipeline Register Optimization
Phase 3.8 Pipeline Register Optimization | Checksum: 19d480e10

Time (s): cpu = 00:00:09 ; elapsed = 00:00:05 . Memory (MB): peak = 3130.879 ; gain = 0.000 ; free physical = 23540 ; free virtual = 35066

Phase 3.9 Fast Optimization
Phase 3.9 Fast Optimization | Checksum: 17f6d26c7

Time (s): cpu = 00:00:12 ; elapsed = 00:00:08 . Memory (MB): peak = 3130.879 ; gain = 0.000 ; free physical = 23536 ; free virtual = 35061
Phase 3 Detail Placement | Checksum: 17f6d26c7

Time (s): cpu = 00:00:12 ; elapsed = 00:00:08 . Memory (MB): peak = 3130.879 ; gain = 0.000 ; free physical = 23536 ; free virtual = 35061

Phase 4 Post Placement Optimization and Clean-Up

Phase 4.1 Post Commit Optimization
INFO: [Timing 38-35] Done setting XDC timing constraints.

Phase 4.1.1 Post Placement Optimization
Post Placement Optimization Initialization | Checksum: 16d6d7cc2

Phase 4.1.1.1 BUFG Insertion

Starting Physical Synthesis Task

Phase 1 Physical Synthesis Initialization
INFO: [Physopt 32-721] Multithreading enabled for phys_opt_design using a maximum of 8 CPUs
INFO: [Physopt 32-619] Estimated Timing Summary | WNS=-3.682 | TNS=-486.469 |
Phase 1 Physical Synthesis Initialization | Checksum: 1d3a0c48d

Time (s): cpu = 00:00:00.17 ; elapsed = 00:00:00.05 . Memory (MB): peak = 3130.879 ; gain = 0.000 ; free physical = 23534 ; free virtual = 35060
INFO: [Place 46-56] BUFG insertion identified 0 candidate nets. Inserted BUFG: 0, Replicated BUFG Driver: 0, Skipped due to Placement/Routing Conflicts: 0, Skipped due to Timing Degradation: 0, Skipped due to Illegal Netlist: 0.
Ending Physical Synthesis Task | Checksum: 1aa90c2b5

Time (s): cpu = 00:00:00.18 ; elapsed = 00:00:00.06 . Memory (MB): peak = 3130.879 ; gain = 0.000 ; free physical = 23534 ; free virtual = 35060
Phase 4.1.1.1 BUFG Insertion | Checksum: 16d6d7cc2

Time (s): cpu = 00:00:13 ; elapsed = 00:00:09 . Memory (MB): peak = 3130.879 ; gain = 0.000 ; free physical = 23534 ; free virtual = 35060

Phase 4.1.1.2 Post Placement Timing Optimization
INFO: [Place 30-746] Post Placement Timing Summary WNS=-3.596. For the most accurate timing information please run report_timing.
Phase 4.1.1.2 Post Placement Timing Optimization | Checksum: 18341e947

Time (s): cpu = 00:00:17 ; elapsed = 00:00:12 . Memory (MB): peak = 3130.879 ; gain = 0.000 ; free physical = 23534 ; free virtual = 35059

Time (s): cpu = 00:00:17 ; elapsed = 00:00:12 . Memory (MB): peak = 3130.879 ; gain = 0.000 ; free physical = 23534 ; free virtual = 35059
Phase 4.1 Post Commit Optimization | Checksum: 18341e947

Time (s): cpu = 00:00:17 ; elapsed = 00:00:12 . Memory (MB): peak = 3130.879 ; gain = 0.000 ; free physical = 23534 ; free virtual = 35059

Phase 4.2 Post Placement Cleanup
Phase 4.2 Post Placement Cleanup | Checksum: 18341e947

Time (s): cpu = 00:00:17 ; elapsed = 00:00:12 . Memory (MB): peak = 3130.879 ; gain = 0.000 ; free physical = 23534 ; free virtual = 35059

Phase 4.3 Placer Reporting

Phase 4.3.1 Print Estimated Congestion
INFO: [Place 30-612] Post-Placement Estimated Congestion 
 ____________________________________________________
|           | Global Congestion | Short Congestion  |
| Direction | Region Size       | Region Size       |
|___________|___________________|___________________|
|      North|                1x1|                2x2|
|___________|___________________|___________________|
|      South|                1x1|                1x1|
|___________|___________________|___________________|
|       East|                1x1|                1x1|
|___________|___________________|___________________|
|       West|                1x1|                1x1|
|___________|___________________|___________________|

Phase 4.3.1 Print Estimated Congestion | Checksum: 18341e947

Time (s): cpu = 00:00:17 ; elapsed = 00:00:12 . Memory (MB): peak = 3130.879 ; gain = 0.000 ; free physical = 23534 ; free virtual = 35059
Phase 4.3 Placer Reporting | Checksum: 18341e947

Time (s): cpu = 00:00:17 ; elapsed = 00:00:12 . Memory (MB): peak = 3130.879 ; gain = 0.000 ; free physical = 23534 ; free virtual = 35059

Phase 4.4 Final Placement Cleanup
Netlist sorting complete. Time (s): cpu = 00:00:00 ; elapsed = 00:00:00 . Memory (MB): peak = 3130.879 ; gain = 0.000 ; free physical = 23534 ; free virtual = 35059

Time (s): cpu = 00:00:17 ; elapsed = 00:00:12 . Memory (MB): peak = 3130.879 ; gain = 0.000 ; free physical = 23534 ; free virtual = 35059
Phase 4 Post Placement Optimization and Clean-Up | Checksum: 18020c559

Time (s): cpu = 00:00:17 ; elapsed = 00:00:12 . Memory (MB): peak = 3130.879 ; gain = 0.000 ; free physical = 23534 ; free virtual = 35059
Ending Placer Task | Checksum: 118774913

Time (s): cpu = 00:00:17 ; elapsed = 00:00:12 . Memory (MB): peak = 3130.879 ; gain = 0.000 ; free physical = 23534 ; free virtual = 35059
INFO: [Common 17-83] Releasing license: Implementation
66 Infos, 2 Warnings, 0 Critical Warnings and 0 Errors encountered.
place_design completed successfully
place_design: Time (s): cpu = 00:00:18 ; elapsed = 00:00:12 . Memory (MB): peak = 3130.879 ; gain = 0.000 ; free physical = 23534 ; free virtual = 35059
INFO: [Timing 38-480] Writing timing data to binary archive.
Writing XDEF routing.
Writing XDEF routing logical nets.
Writing XDEF routing special nets.
Write XDEF Complete: Time (s): cpu = 00:00:00.25 ; elapsed = 00:00:00.08 . Memory (MB): peak = 3130.879 ; gain = 0.000 ; free physical = 23518 ; free virtual = 35045
INFO: [Common 17-1381] The checkpoint '/home/intern/Bendaou/stage_2025/Code VHDL/project/impl_results/MAC/450MHz/impl_MAC_450MHz.runs/impl_1/top_MAC_Test_placed.dcp' has been generated.
INFO: [runtcl-4] Executing : report_io -file top_MAC_Test_io_placed.rpt
report_io: Time (s): cpu = 00:00:00.06 ; elapsed = 00:00:00.14 . Memory (MB): peak = 3130.879 ; gain = 0.000 ; free physical = 23497 ; free virtual = 35024
INFO: [runtcl-4] Executing : report_utilization -file top_MAC_Test_utilization_placed.rpt -pb top_MAC_Test_utilization_placed.pb
INFO: [runtcl-4] Executing : report_control_sets -verbose -file top_MAC_Test_control_sets_placed.rpt
report_control_sets: Time (s): cpu = 00:00:00.02 ; elapsed = 00:00:00.09 . Memory (MB): peak = 3130.879 ; gain = 0.000 ; free physical = 23493 ; free virtual = 35020
Command: phys_opt_design
Attempting to get a license for feature 'Implementation' and/or device 'xc7a100t'
INFO: [Common 17-349] Got license for feature 'Implementation' and/or device 'xc7a100t'

Starting Initial Update Timing Task

Time (s): cpu = 00:00:00.42 ; elapsed = 00:00:00.2 . Memory (MB): peak = 3130.879 ; gain = 0.000 ; free physical = 23493 ; free virtual = 35020
INFO: [Vivado_Tcl 4-1435] PhysOpt_Tcl_Interface Runtime Before Starting Physical Synthesis Task | CPU: 0.45s |  WALL: 0.21s
Netlist sorting complete. Time (s): cpu = 00:00:00 ; elapsed = 00:00:00 . Memory (MB): peak = 3130.879 ; gain = 0.000 ; free physical = 23493 ; free virtual = 35020

Starting Physical Synthesis Task

Phase 1 Physical Synthesis Initialization
INFO: [Physopt 32-721] Multithreading enabled for phys_opt_design using a maximum of 8 CPUs
INFO: [Physopt 32-619] Estimated Timing Summary | WNS=-3.596 | TNS=-486.926 |
Phase 1 Physical Synthesis Initialization | Checksum: 150faab0e

Time (s): cpu = 00:00:00.5 ; elapsed = 00:00:00.24 . Memory (MB): peak = 3130.879 ; gain = 0.000 ; free physical = 23490 ; free virtual = 35016
INFO: [Physopt 32-619] Estimated Timing Summary | WNS=-3.596 | TNS=-486.926 |

Phase 2 DSP Register Optimization
INFO: [Physopt 32-456] No candidate cells for DSP register optimization found in the design.
INFO: [Physopt 32-775] End 2 Pass. Optimized 0 net or cell. Created 0 new cell, deleted 0 existing cell and moved 0 existing cell
Phase 2 DSP Register Optimization | Checksum: 150faab0e

Time (s): cpu = 00:00:00.58 ; elapsed = 00:00:00.29 . Memory (MB): peak = 3130.879 ; gain = 0.000 ; free physical = 23489 ; free virtual = 35015

Phase 3 Critical Path Optimization
INFO: [Physopt 32-619] Estimated Timing Summary | WNS=-3.596 | TNS=-486.926 |
INFO: [Physopt 32-702] Processed net add_inst/p_0_in. Optimizations did not improve timing on the net.
INFO: [Physopt 32-663] Processed net add_inst/aligned_x_1[0].  Re-placed instance add_inst/aligned_x_1_reg[0]
INFO: [Physopt 32-735] Processed net add_inst/aligned_x_1[0]. Optimization improves timing on the net.
INFO: [Physopt 32-619] Estimated Timing Summary | WNS=-3.562 | TNS=-486.123 |
INFO: [Physopt 32-81] Processed net add_inst/aligned_x_1[0]. Replicated 1 times.
INFO: [Physopt 32-735] Processed net add_inst/aligned_x_1[0]. Optimization improves timing on the net.
INFO: [Physopt 32-619] Estimated Timing Summary | WNS=-3.556 | TNS=-487.949 |
INFO: [Physopt 32-702] Processed net add_inst/aligned_x_1[0]. Optimizations did not improve timing on the net.
INFO: [Physopt 32-702] Processed net add_inst/r_mant_2_reg[39]_i_1_n_0. Optimizations did not improve timing on the net.
INFO: [Physopt 32-702] Processed net add_inst/r_mant_2_reg[35]_i_1_n_0. Optimizations did not improve timing on the net.
INFO: [Physopt 32-702] Processed net add_inst/r_mant_2_reg[31]_i_1_n_0. Optimizations did not improve timing on the net.
INFO: [Physopt 32-702] Processed net add_inst/r_mant_2_reg[27]_i_1_n_0. Optimizations did not improve timing on the net.
INFO: [Physopt 32-702] Processed net add_inst/r_mant_2_reg[23]_i_1_n_0. Optimizations did not improve timing on the net.
INFO: [Physopt 32-702] Processed net add_inst/r_mant_2_reg[19]_i_1_n_0. Optimizations did not improve timing on the net.
INFO: [Physopt 32-702] Processed net add_inst/r_mant_2_reg[15]_i_1_n_0. Optimizations did not improve timing on the net.
INFO: [Physopt 32-702] Processed net add_inst/r_mant_2_reg[11]_i_1_n_0. Optimizations did not improve timing on the net.
INFO: [Physopt 32-702] Processed net add_inst/r_mant_2_reg[7]_i_1_n_0. Optimizations did not improve timing on the net.
INFO: [Physopt 32-702] Processed net add_inst/r_mant_2_reg[3]_i_1_n_0. Optimizations did not improve timing on the net.
INFO: [Physopt 32-702] Processed net add_inst/r_mant_2[3]_i_6_n_0. Optimizations did not improve timing on the net.
INFO: [Physopt 32-702] Processed net add_inst/r_mant_21_carry__3_n_0. Optimizations did not improve timing on the net.
INFO: [Physopt 32-702] Processed net add_inst/r_mant_21_carry__2_n_0. Optimizations did not improve timing on the net.
INFO: [Physopt 32-702] Processed net add_inst/r_mant_21_carry__1_n_0. Optimizations did not improve timing on the net.
INFO: [Physopt 32-702] Processed net add_inst/r_mant_21_carry__0_n_0. Optimizations did not improve timing on the net.
INFO: [Physopt 32-702] Processed net add_inst/r_mant_21_carry_n_0. Optimizations did not improve timing on the net.
INFO: [Physopt 32-702] Processed net add_inst/r_mant_21_carry_i_8_n_0. Optimizations did not improve timing on the net.
INFO: [Physopt 32-702] Processed net add_inst/r_mant_2_reg[40]_i_1_n_7. Optimizations did not improve timing on the net.
INFO: [Physopt 32-702] Processed net clk_IBUF. Optimizations did not improve timing on the net.
INFO: [Physopt 32-702] Processed net clk. Optimizations did not improve timing on the net.
INFO: [Physopt 32-702] Processed net add_inst/p_0_in. Optimizations did not improve timing on the net.
INFO: [Physopt 32-702] Processed net add_inst/aligned_x_1[0]. Optimizations did not improve timing on the net.
INFO: [Physopt 32-702] Processed net add_inst/r_mant_2[3]_i_6_n_0. Optimizations did not improve timing on the net.
INFO: [Physopt 32-702] Processed net add_inst/r_mant_21_carry__3_n_0. Optimizations did not improve timing on the net.
INFO: [Physopt 32-702] Processed net add_inst/r_mant_21_carry_i_8_n_0. Optimizations did not improve timing on the net.
INFO: [Physopt 32-702] Processed net add_inst/r_mant_2_reg[40]_i_1_n_7. Optimizations did not improve timing on the net.
INFO: [Physopt 32-702] Processed net clk_IBUF. Optimizations did not improve timing on the net.
INFO: [Physopt 32-702] Processed net clk. Optimizations did not improve timing on the net.
INFO: [Physopt 32-619] Estimated Timing Summary | WNS=-3.556 | TNS=-487.949 |
Phase 3 Critical Path Optimization | Checksum: 150faab0e

Time (s): cpu = 00:00:03 ; elapsed = 00:00:01 . Memory (MB): peak = 3130.879 ; gain = 0.000 ; free physical = 23502 ; free virtual = 35029

Phase 4 Critical Path Optimization
INFO: [Physopt 32-619] Estimated Timing Summary | WNS=-3.556 | TNS=-487.949 |
INFO: [Physopt 32-702] Processed net add_inst/p_0_in. Optimizations did not improve timing on the net.
INFO: [Physopt 32-702] Processed net add_inst/aligned_x_1[0]. Optimizations did not improve timing on the net.
INFO: [Physopt 32-702] Processed net add_inst/r_mant_2_reg[39]_i_1_n_0. Optimizations did not improve timing on the net.
INFO: [Physopt 32-702] Processed net add_inst/r_mant_2_reg[35]_i_1_n_0. Optimizations did not improve timing on the net.
INFO: [Physopt 32-702] Processed net add_inst/r_mant_2_reg[31]_i_1_n_0. Optimizations did not improve timing on the net.
INFO: [Physopt 32-702] Processed net add_inst/r_mant_2_reg[27]_i_1_n_0. Optimizations did not improve timing on the net.
INFO: [Physopt 32-702] Processed net add_inst/r_mant_2_reg[23]_i_1_n_0. Optimizations did not improve timing on the net.
INFO: [Physopt 32-702] Processed net add_inst/r_mant_2_reg[19]_i_1_n_0. Optimizations did not improve timing on the net.
INFO: [Physopt 32-702] Processed net add_inst/r_mant_2_reg[15]_i_1_n_0. Optimizations did not improve timing on the net.
INFO: [Physopt 32-702] Processed net add_inst/r_mant_2_reg[11]_i_1_n_0. Optimizations did not improve timing on the net.
INFO: [Physopt 32-702] Processed net add_inst/r_mant_2_reg[7]_i_1_n_0. Optimizations did not improve timing on the net.
INFO: [Physopt 32-702] Processed net add_inst/r_mant_2_reg[3]_i_1_n_0. Optimizations did not improve timing on the net.
INFO: [Physopt 32-702] Processed net add_inst/r_mant_2[3]_i_6_n_0. Optimizations did not improve timing on the net.
INFO: [Physopt 32-702] Processed net add_inst/r_mant_21_carry__3_n_0. Optimizations did not improve timing on the net.
INFO: [Physopt 32-702] Processed net add_inst/r_mant_21_carry__2_n_0. Optimizations did not improve timing on the net.
INFO: [Physopt 32-702] Processed net add_inst/r_mant_21_carry__1_n_0. Optimizations did not improve timing on the net.
INFO: [Physopt 32-702] Processed net add_inst/r_mant_21_carry__0_n_0. Optimizations did not improve timing on the net.
INFO: [Physopt 32-702] Processed net add_inst/r_mant_21_carry_n_0. Optimizations did not improve timing on the net.
INFO: [Physopt 32-702] Processed net add_inst/r_mant_21_carry_i_8_n_0. Optimizations did not improve timing on the net.
INFO: [Physopt 32-702] Processed net add_inst/r_mant_2_reg[40]_i_1_n_7. Optimizations did not improve timing on the net.
INFO: [Physopt 32-702] Processed net clk_IBUF. Optimizations did not improve timing on the net.
INFO: [Physopt 32-702] Processed net clk. Optimizations did not improve timing on the net.
INFO: [Physopt 32-702] Processed net add_inst/p_0_in. Optimizations did not improve timing on the net.
INFO: [Physopt 32-702] Processed net add_inst/aligned_x_1[0]. Optimizations did not improve timing on the net.
INFO: [Physopt 32-702] Processed net add_inst/r_mant_2[3]_i_6_n_0. Optimizations did not improve timing on the net.
INFO: [Physopt 32-702] Processed net add_inst/r_mant_21_carry__3_n_0. Optimizations did not improve timing on the net.
INFO: [Physopt 32-702] Processed net add_inst/r_mant_21_carry_i_8_n_0. Optimizations did not improve timing on the net.
INFO: [Physopt 32-702] Processed net add_inst/r_mant_2_reg[40]_i_1_n_7. Optimizations did not improve timing on the net.
INFO: [Physopt 32-702] Processed net clk_IBUF. Optimizations did not improve timing on the net.
INFO: [Physopt 32-702] Processed net clk. Optimizations did not improve timing on the net.
INFO: [Physopt 32-619] Estimated Timing Summary | WNS=-3.556 | TNS=-487.949 |
Phase 4 Critical Path Optimization | Checksum: 150faab0e

Time (s): cpu = 00:00:04 ; elapsed = 00:00:02 . Memory (MB): peak = 3130.879 ; gain = 0.000 ; free physical = 23502 ; free virtual = 35029
Netlist sorting complete. Time (s): cpu = 00:00:00 ; elapsed = 00:00:00 . Memory (MB): peak = 3130.879 ; gain = 0.000 ; free physical = 23502 ; free virtual = 35029
INFO: [Physopt 32-603] Post Physical Optimization Timing Summary | WNS=-3.556 | TNS=-487.949 |

Summary of Physical Synthesis Optimizations
============================================


-------------------------------------------------------------------------------------------------------------------------------------------------------------
|  Optimization   |  WNS Gain (ns)  |  TNS Gain (ns)  |  Added Cells  |  Removed Cells  |  Optimized Cells/Nets  |  Dont Touch  |  Iterations  |  Elapsed   |
-------------------------------------------------------------------------------------------------------------------------------------------------------------
|  DSP Register   |          0.000  |          0.000  |            0  |              0  |                     0  |           0  |           1  |  00:00:00  |
|  Critical Path  |          0.040  |         -1.023  |            1  |              0  |                     2  |           0  |           2  |  00:00:02  |
|  Total          |          0.040  |         -1.023  |            1  |              0  |                     2  |           0  |           3  |  00:00:02  |
-------------------------------------------------------------------------------------------------------------------------------------------------------------


Netlist sorting complete. Time (s): cpu = 00:00:00 ; elapsed = 00:00:00 . Memory (MB): peak = 3130.879 ; gain = 0.000 ; free physical = 23502 ; free virtual = 35029
Ending Physical Synthesis Task | Checksum: 195700600

Time (s): cpu = 00:00:04 ; elapsed = 00:00:02 . Memory (MB): peak = 3130.879 ; gain = 0.000 ; free physical = 23502 ; free virtual = 35029
INFO: [Common 17-83] Releasing license: Implementation
150 Infos, 2 Warnings, 0 Critical Warnings and 0 Errors encountered.
phys_opt_design completed successfully
INFO: [Timing 38-480] Writing timing data to binary archive.
Writing XDEF routing.
Writing XDEF routing logical nets.
Writing XDEF routing special nets.
Write XDEF Complete: Time (s): cpu = 00:00:00.24 ; elapsed = 00:00:00.08 . Memory (MB): peak = 3130.879 ; gain = 0.000 ; free physical = 23495 ; free virtual = 35023
INFO: [Common 17-1381] The checkpoint '/home/intern/Bendaou/stage_2025/Code VHDL/project/impl_results/MAC/450MHz/impl_MAC_450MHz.runs/impl_1/top_MAC_Test_physopt.dcp' has been generated.
Command: route_design
Attempting to get a license for feature 'Implementation' and/or device 'xc7a100t'
INFO: [Common 17-349] Got license for feature 'Implementation' and/or device 'xc7a100t'
INFO: [DRC 23-27] Running DRC with 8 threads
INFO: [Vivado_Tcl 4-198] DRC finished with 0 Errors
INFO: [Vivado_Tcl 4-199] Please refer to the DRC report (report_drc) for more information.
Running DRC as a precondition to command route_design
INFO: [DRC 23-27] Running DRC with 8 threads
INFO: [Vivado_Tcl 4-198] DRC finished with 0 Errors
INFO: [Vivado_Tcl 4-199] Please refer to the DRC report (report_drc) for more information.


Starting Routing Task
INFO: [Route 35-254] Multithreading enabled for route_design using a maximum of 8 CPUs

Phase 1 Build RT Design
Checksum: PlaceDB: 71095ca2 ConstDB: 0 ShapeSum: b9b84b88 RouteDB: 0
Post Restoration Checksum: NetGraph: 6c084b63 NumContArr: 61bc3a27 Constraints: 0 Timing: 0
Phase 1 Build RT Design | Checksum: cdc4858a

Time (s): cpu = 00:00:26 ; elapsed = 00:00:22 . Memory (MB): peak = 3190.438 ; gain = 44.957 ; free physical = 22928 ; free virtual = 34670

Phase 2 Router Initialization

Phase 2.1 Fix Topology Constraints
Phase 2.1 Fix Topology Constraints | Checksum: cdc4858a

Time (s): cpu = 00:00:26 ; elapsed = 00:00:22 . Memory (MB): peak = 3222.438 ; gain = 76.957 ; free physical = 22881 ; free virtual = 34623

Phase 2.2 Pre Route Cleanup
Phase 2.2 Pre Route Cleanup | Checksum: cdc4858a

Time (s): cpu = 00:00:26 ; elapsed = 00:00:22 . Memory (MB): peak = 3222.438 ; gain = 76.957 ; free physical = 22881 ; free virtual = 34623
 Number of Nodes with overlaps = 0

Phase 2.3 Update Timing
Phase 2.3 Update Timing | Checksum: 10bfa60f1

Time (s): cpu = 00:00:27 ; elapsed = 00:00:22 . Memory (MB): peak = 3238.734 ; gain = 93.254 ; free physical = 22870 ; free virtual = 34603
INFO: [Route 35-416] Intermediate Timing Summary | WNS=-3.540 | TNS=-473.063| WHS=-0.143 | THS=-7.410 |


Router Utilization Summary
  Global Vertical Routing Utilization    = 0 %
  Global Horizontal Routing Utilization  = 0 %
  Routable Net Status*
  *Does not include unroutable nets such as driverless and loadless.
  Run report_route_status for detailed report.
  Number of Failed Nets               = 856
    (Failed Nets is the sum of unrouted and partially routed nets)
  Number of Unrouted Nets             = 856
  Number of Partially Routed Nets     = 0
  Number of Node Overlaps             = 0

Phase 2 Router Initialization | Checksum: 113d03a6c

Time (s): cpu = 00:00:28 ; elapsed = 00:00:22 . Memory (MB): peak = 3246.422 ; gain = 100.941 ; free physical = 22853 ; free virtual = 34586

Phase 3 Initial Routing

Phase 3.1 Global Routing
Phase 3.1 Global Routing | Checksum: 113d03a6c

Time (s): cpu = 00:00:28 ; elapsed = 00:00:22 . Memory (MB): peak = 3246.422 ; gain = 100.941 ; free physical = 22854 ; free virtual = 34586
Phase 3 Initial Routing | Checksum: 189c801d4

Time (s): cpu = 00:00:29 ; elapsed = 00:00:23 . Memory (MB): peak = 3246.422 ; gain = 100.941 ; free physical = 22852 ; free virtual = 34585
INFO: [Route 35-580] Design has 69 pins with tight setup and hold constraints.

The top 5 pins with tight setup and hold constraints:

+====================+===================+=============================+
| Launch Setup Clock | Launch Hold Clock | Pin                         |
+====================+===================+=============================+
| sys_clk_pin        | sys_clk_pin       | add_inst/r_mant_2_reg[39]/D |
| sys_clk_pin        | sys_clk_pin       | add_inst/r_mant_2_reg[38]/D |
| sys_clk_pin        | sys_clk_pin       | add_inst/r_mant_2_reg[36]/D |
| sys_clk_pin        | sys_clk_pin       | add_inst/r_mant_2_reg[34]/D |
| sys_clk_pin        | sys_clk_pin       | add_inst/r_mant_2_reg[32]/D |
+--------------------+-------------------+-----------------------------+

File with complete list of pins: tight_setup_hold_pins.txt


Phase 4 Rip-up And Reroute

Phase 4.1 Global Iteration 0
 Number of Nodes with overlaps = 325
 Number of Nodes with overlaps = 114
 Number of Nodes with overlaps = 68
 Number of Nodes with overlaps = 35
 Number of Nodes with overlaps = 28
 Number of Nodes with overlaps = 13
 Number of Nodes with overlaps = 9
 Number of Nodes with overlaps = 2
 Number of Nodes with overlaps = 0
INFO: [Route 35-416] Intermediate Timing Summary | WNS=-3.839 | TNS=-633.371| WHS=N/A    | THS=N/A    |

Phase 4.1 Global Iteration 0 | Checksum: 163369c65

Time (s): cpu = 00:00:34 ; elapsed = 00:00:26 . Memory (MB): peak = 3246.422 ; gain = 100.941 ; free physical = 22838 ; free virtual = 34570

Phase 4.2 Global Iteration 1
 Number of Nodes with overlaps = 22
 Number of Nodes with overlaps = 17
 Number of Nodes with overlaps = 13
 Number of Nodes with overlaps = 7
 Number of Nodes with overlaps = 1
 Number of Nodes with overlaps = 0
INFO: [Route 35-416] Intermediate Timing Summary | WNS=-3.842 | TNS=-633.750| WHS=N/A    | THS=N/A    |

Phase 4.2 Global Iteration 1 | Checksum: 14e19805c

Time (s): cpu = 00:00:35 ; elapsed = 00:00:27 . Memory (MB): peak = 3246.422 ; gain = 100.941 ; free physical = 22838 ; free virtual = 34570
Phase 4 Rip-up And Reroute | Checksum: 14e19805c

Time (s): cpu = 00:00:35 ; elapsed = 00:00:27 . Memory (MB): peak = 3246.422 ; gain = 100.941 ; free physical = 22838 ; free virtual = 34570

Phase 5 Delay and Skew Optimization

Phase 5.1 Delay CleanUp

Phase 5.1.1 Update Timing
Phase 5.1.1 Update Timing | Checksum: 1823987f5

Time (s): cpu = 00:00:35 ; elapsed = 00:00:27 . Memory (MB): peak = 3246.422 ; gain = 100.941 ; free physical = 22838 ; free virtual = 34570
INFO: [Route 35-416] Intermediate Timing Summary | WNS=-3.760 | TNS=-602.055| WHS=N/A    | THS=N/A    |

 Number of Nodes with overlaps = 0
Phase 5.1 Delay CleanUp | Checksum: a19ace1e

Time (s): cpu = 00:00:36 ; elapsed = 00:00:27 . Memory (MB): peak = 3248.422 ; gain = 102.941 ; free physical = 22834 ; free virtual = 34566

Phase 5.2 Clock Skew Optimization
Phase 5.2 Clock Skew Optimization | Checksum: a19ace1e

Time (s): cpu = 00:00:36 ; elapsed = 00:00:27 . Memory (MB): peak = 3248.422 ; gain = 102.941 ; free physical = 22834 ; free virtual = 34566
Phase 5 Delay and Skew Optimization | Checksum: a19ace1e

Time (s): cpu = 00:00:36 ; elapsed = 00:00:27 . Memory (MB): peak = 3248.422 ; gain = 102.941 ; free physical = 22834 ; free virtual = 34566

Phase 6 Post Hold Fix

Phase 6.1 Hold Fix Iter

Phase 6.1.1 Update Timing
Phase 6.1.1 Update Timing | Checksum: d9e0ebb2

Time (s): cpu = 00:00:36 ; elapsed = 00:00:27 . Memory (MB): peak = 3248.422 ; gain = 102.941 ; free physical = 22834 ; free virtual = 34566
INFO: [Route 35-416] Intermediate Timing Summary | WNS=-3.758 | TNS=-561.861| WHS=0.117  | THS=0.000  |

Phase 6.1 Hold Fix Iter | Checksum: d9e0ebb2

Time (s): cpu = 00:00:36 ; elapsed = 00:00:27 . Memory (MB): peak = 3248.422 ; gain = 102.941 ; free physical = 22834 ; free virtual = 34566
Phase 6 Post Hold Fix | Checksum: d9e0ebb2

Time (s): cpu = 00:00:36 ; elapsed = 00:00:27 . Memory (MB): peak = 3248.422 ; gain = 102.941 ; free physical = 22834 ; free virtual = 34566

Phase 7 Route finalize

Router Utilization Summary
  Global Vertical Routing Utilization    = 0.223571 %
  Global Horizontal Routing Utilization  = 0.236289 %
  Routable Net Status*
  *Does not include unroutable nets such as driverless and loadless.
  Run report_route_status for detailed report.
  Number of Failed Nets               = 0
    (Failed Nets is the sum of unrouted and partially routed nets)
  Number of Unrouted Nets             = 0
  Number of Partially Routed Nets     = 0
  Number of Node Overlaps             = 0

Congestion Report
North Dir 1x1 Area, Max Cong = 38.7387%, No Congested Regions.
South Dir 1x1 Area, Max Cong = 53.1532%, No Congested Regions.
East Dir 1x1 Area, Max Cong = 64.7059%, No Congested Regions.
West Dir 1x1 Area, Max Cong = 41.1765%, No Congested Regions.

------------------------------
Reporting congestion hotspots
------------------------------
Direction: North
----------------
Congested clusters found at Level 0
Effective congestion level: 0 Aspect Ratio: 1 Sparse Ratio: 0
Direction: South
----------------
Congested clusters found at Level 0
Effective congestion level: 0 Aspect Ratio: 1 Sparse Ratio: 0
Direction: East
----------------
Congested clusters found at Level 0
Effective congestion level: 0 Aspect Ratio: 1 Sparse Ratio: 0
Direction: West
----------------
Congested clusters found at Level 0
Effective congestion level: 0 Aspect Ratio: 1 Sparse Ratio: 0

Phase 7 Route finalize | Checksum: e106e990

Time (s): cpu = 00:00:37 ; elapsed = 00:00:27 . Memory (MB): peak = 3248.422 ; gain = 102.941 ; free physical = 22834 ; free virtual = 34566

Phase 8 Verifying routed nets

 Verification completed successfully
Phase 8 Verifying routed nets | Checksum: e106e990

Time (s): cpu = 00:00:37 ; elapsed = 00:00:27 . Memory (MB): peak = 3248.422 ; gain = 102.941 ; free physical = 22834 ; free virtual = 34566

Phase 9 Depositing Routes
Phase 9 Depositing Routes | Checksum: 10a4ab695

Time (s): cpu = 00:00:37 ; elapsed = 00:00:27 . Memory (MB): peak = 3264.430 ; gain = 118.949 ; free physical = 22834 ; free virtual = 34566

Phase 10 Post Router Timing
INFO: [Route 35-57] Estimated Timing Summary | WNS=-3.758 | TNS=-561.861| WHS=0.117  | THS=0.000  |

WARNING: [Route 35-328] Router estimated timing not met.
Resolution: For a complete and accurate timing signoff, report_timing_summary must be run after route_design. Alternatively, route_design can be run with the -timing_summary option to enable a complete timing signoff at the end of route_design.
Phase 10 Post Router Timing | Checksum: 10a4ab695

Time (s): cpu = 00:00:37 ; elapsed = 00:00:27 . Memory (MB): peak = 3264.430 ; gain = 118.949 ; free physical = 22834 ; free virtual = 34566
INFO: [Route 35-16] Router Completed Successfully

Time (s): cpu = 00:00:37 ; elapsed = 00:00:27 . Memory (MB): peak = 3264.430 ; gain = 118.949 ; free physical = 22872 ; free virtual = 34604

Routing Is Done.
INFO: [Common 17-83] Releasing license: Implementation
169 Infos, 3 Warnings, 0 Critical Warnings and 0 Errors encountered.
route_design completed successfully
route_design: Time (s): cpu = 00:00:38 ; elapsed = 00:00:28 . Memory (MB): peak = 3264.430 ; gain = 133.551 ; free physical = 22872 ; free virtual = 34604
INFO: [Timing 38-480] Writing timing data to binary archive.
Writing XDEF routing.
Writing XDEF routing logical nets.
Writing XDEF routing special nets.
Write XDEF Complete: Time (s): cpu = 00:00:00.26 ; elapsed = 00:00:00.09 . Memory (MB): peak = 3264.430 ; gain = 0.000 ; free physical = 22870 ; free virtual = 34604
INFO: [Common 17-1381] The checkpoint '/home/intern/Bendaou/stage_2025/Code VHDL/project/impl_results/MAC/450MHz/impl_MAC_450MHz.runs/impl_1/top_MAC_Test_routed.dcp' has been generated.
INFO: [runtcl-4] Executing : report_drc -file top_MAC_Test_drc_routed.rpt -pb top_MAC_Test_drc_routed.pb -rpx top_MAC_Test_drc_routed.rpx
Command: report_drc -file top_MAC_Test_drc_routed.rpt -pb top_MAC_Test_drc_routed.pb -rpx top_MAC_Test_drc_routed.rpx
INFO: [IP_Flow 19-1839] IP Catalog is up to date.
INFO: [DRC 23-27] Running DRC with 8 threads
INFO: [Vivado_Tcl 2-168] The results of DRC are in file /home/intern/Bendaou/stage_2025/Code VHDL/project/impl_results/MAC/450MHz/impl_MAC_450MHz.runs/impl_1/top_MAC_Test_drc_routed.rpt.
report_drc completed successfully
INFO: [runtcl-4] Executing : report_methodology -file top_MAC_Test_methodology_drc_routed.rpt -pb top_MAC_Test_methodology_drc_routed.pb -rpx top_MAC_Test_methodology_drc_routed.rpx
Command: report_methodology -file top_MAC_Test_methodology_drc_routed.rpt -pb top_MAC_Test_methodology_drc_routed.pb -rpx top_MAC_Test_methodology_drc_routed.rpx
INFO: [Timing 38-35] Done setting XDC timing constraints.
INFO: [DRC 23-133] Running Methodology with 8 threads
INFO: [Vivado_Tcl 2-1520] The results of Report Methodology are in file /home/intern/Bendaou/stage_2025/Code VHDL/project/impl_results/MAC/450MHz/impl_MAC_450MHz.runs/impl_1/top_MAC_Test_methodology_drc_routed.rpt.
report_methodology completed successfully
INFO: [runtcl-4] Executing : report_power -file top_MAC_Test_power_routed.rpt -pb top_MAC_Test_power_summary_routed.pb -rpx top_MAC_Test_power_routed.rpx
Command: report_power -file top_MAC_Test_power_routed.rpt -pb top_MAC_Test_power_summary_routed.pb -rpx top_MAC_Test_power_routed.rpx
INFO: [Timing 38-35] Done setting XDC timing constraints.
Running Vector-less Activity Propagation...

Finished Running Vector-less Activity Propagation
181 Infos, 3 Warnings, 0 Critical Warnings and 0 Errors encountered.
report_power completed successfully
INFO: [runtcl-4] Executing : report_route_status -file top_MAC_Test_route_status.rpt -pb top_MAC_Test_route_status.pb
INFO: [runtcl-4] Executing : report_timing_summary -max_paths 10 -report_unconstrained -file top_MAC_Test_timing_summary_routed.rpt -pb top_MAC_Test_timing_summary_routed.pb -rpx top_MAC_Test_timing_summary_routed.rpx -warn_on_violation 
INFO: [Timing 38-91] UpdateTimingParams: Speed grade: -1, Delay Type: min_max.
INFO: [Timing 38-191] Multithreading enabled for timing update using a maximum of 8 CPUs
CRITICAL WARNING: [Timing 38-282] The design failed to meet the timing requirements. Please see the timing summary report for details on the timing violations.
INFO: [runtcl-4] Executing : report_incremental_reuse -file top_MAC_Test_incremental_reuse_routed.rpt
INFO: [Vivado_Tcl 4-1062] Incremental flow is disabled. No incremental reuse Info to report.
INFO: [runtcl-4] Executing : report_clock_utilization -file top_MAC_Test_clock_utilization_routed.rpt
INFO: [runtcl-4] Executing : report_bus_skew -warn_on_violation -file top_MAC_Test_bus_skew_routed.rpt -pb top_MAC_Test_bus_skew_routed.pb -rpx top_MAC_Test_bus_skew_routed.rpx
INFO: [Timing 38-91] UpdateTimingParams: Speed grade: -1, Delay Type: min_max.
INFO: [Timing 38-191] Multithreading enabled for timing update using a maximum of 8 CPUs
INFO: [Common 17-206] Exiting Vivado at Thu Jul 17 10:54:32 2025...
