
*** Running vivado
    with args -log design_1_rst_mig_7series_0_81M_0.vds -m64 -product Vivado -mode batch -messageDb vivado.pb -notrace -source design_1_rst_mig_7series_0_81M_0.tcl


****** Vivado v2025.1 (64-bit)
  **** SW Build 6140274 on Wed May 21 22:58:25 MDT 2025
  **** IP Build 6138677 on Thu May 22 03:10:11 MDT 2025
  **** SharedData Build 6139179 on Tue May 20 17:58:58 MDT 2025
  **** Start of session at: Thu Sep 18 16:49:38 2025
    ** Copyright 1986-2022 Xilinx, Inc. All Rights Reserved.
    ** Copyright 2022-2025 Advanced Micro Devices, Inc. All Rights Reserved.

source design_1_rst_mig_7series_0_81M_0.tcl -notrace
INFO: [IP_Flow 19-234] Refreshing IP repositories
INFO: [IP_Flow 19-1700] Loaded user IP repository '/home/intern/Downloads/Nexys-A7-100T-DMA-Audio-2018.2-1/ip_repo/FP_Mult_1_0'.
WARNING: [IP_Flow 19-2248] Failed to load user IP repository '/home/intern/Downloads/Nexys-A7-100T-DMA-Audio-2018.2-1/ip_repo/FP_multiplier_1_0'; Can't find the specified path.
If this directory should no longer be in your list of user repositories, go to the IP Settings dialog and remove it.
WARNING: [IP_Flow 19-2248] Failed to load user IP repository '/home/intern/Downloads/Nexys-A7-100T-DMA-Audio-2018.2-1/ip_repo/FP_multiply_1_0'; Can't find the specified path.
If this directory should no longer be in your list of user repositories, go to the IP Settings dialog and remove it.
WARNING: [IP_Flow 19-2248] Failed to load user IP repository '/home/intern/Downloads/Nexys-A7-100T-DMA-Audio-2018.2-1/ip_repo/flopoco_multiply_1_0'; Can't find the specified path.
If this directory should no longer be in your list of user repositories, go to the IP Settings dialog and remove it.
WARNING: [IP_Flow 19-2248] Failed to load user IP repository '/home/intern/Downloads/Nexys-A7-100T-DMA-Audio-2018.2-1/ip_repo/multiplier_flopoco_1_0'; Can't find the specified path.
If this directory should no longer be in your list of user repositories, go to the IP Settings dialog and remove it.
INFO: [IP_Flow 19-2313] Loaded Vivado IP repository '/tools/Xilinx/2025.1/Vivado/data/ip'.
Command: synth_design -top design_1_rst_mig_7series_0_81M_0 -part xc7a100tcsg324-1 -incremental_mode off -mode out_of_context
Starting synth_design
Attempting to get a license for feature 'Synthesis' and/or device 'xc7a100t'
INFO: [Common 17-349] Got license for feature 'Synthesis' and/or device 'xc7a100t'
INFO: [Device 21-403] Loading part xc7a100tcsg324-1
INFO: [Synth 8-7079] Multithreading enabled for synth_design using a maximum of 7 processes.
INFO: [Synth 8-7078] Launching helper process for spawning children vivado processes
INFO: [Synth 8-7075] Helper process launched with PID 1389344
---------------------------------------------------------------------------------
Starting RTL Elaboration : Time (s): cpu = 00:00:05 ; elapsed = 00:00:05 . Memory (MB): peak = 2213.641 ; gain = 440.797 ; free physical = 4047 ; free virtual = 25835
---------------------------------------------------------------------------------
INFO: [Synth 8-638] synthesizing module 'design_1_rst_mig_7series_0_81M_0' [/home/intern/Downloads/Nexys-A7-100T-DMA-Audio-2018.2-1/vivado_proj_debug/Nexys-A7-100T-DMA-Audio_NEW.gen/sources_1/bd/design_1/ip/design_1_rst_mig_7series_0_81M_0/synth/design_1_rst_mig_7series_0_81M_0.vhd:74]
	Parameter C_FAMILY bound to: artix7 - type: string 
	Parameter C_EXT_RST_WIDTH bound to: 4 - type: integer 
	Parameter C_AUX_RST_WIDTH bound to: 4 - type: integer 
	Parameter C_EXT_RESET_HIGH bound to: 1'b1 
	Parameter C_AUX_RESET_HIGH bound to: 1'b0 
	Parameter C_NUM_BUS_RST bound to: 1 - type: integer 
	Parameter C_NUM_PERP_RST bound to: 1 - type: integer 
	Parameter C_NUM_INTERCONNECT_ARESETN bound to: 1 - type: integer 
	Parameter C_NUM_PERP_ARESETN bound to: 1 - type: integer 
INFO: [Synth 8-3491] module 'proc_sys_reset' declared at '/home/intern/Downloads/Nexys-A7-100T-DMA-Audio-2018.2-1/vivado_proj_debug/Nexys-A7-100T-DMA-Audio_NEW.gen/sources_1/bd/design_1/ipshared/9438/hdl/proc_sys_reset_v5_0_vh_rfs.vhd:1243' bound to instance 'U0' of component 'proc_sys_reset' [/home/intern/Downloads/Nexys-A7-100T-DMA-Audio-2018.2-1/vivado_proj_debug/Nexys-A7-100T-DMA-Audio_NEW.gen/sources_1/bd/design_1/ip/design_1_rst_mig_7series_0_81M_0/synth/design_1_rst_mig_7series_0_81M_0.vhd:139]
INFO: [Synth 8-638] synthesizing module 'proc_sys_reset' [/home/intern/Downloads/Nexys-A7-100T-DMA-Audio-2018.2-1/vivado_proj_debug/Nexys-A7-100T-DMA-Audio_NEW.gen/sources_1/bd/design_1/ipshared/9438/hdl/proc_sys_reset_v5_0_vh_rfs.vhd:1302]
	Parameter INIT bound to: 1'b1 
INFO: [Synth 8-113] binding component instance 'FDRE_inst' to cell 'FDRE' [/home/intern/Downloads/Nexys-A7-100T-DMA-Audio-2018.2-1/vivado_proj_debug/Nexys-A7-100T-DMA-Audio_NEW.gen/sources_1/bd/design_1/ipshared/9438/hdl/proc_sys_reset_v5_0_vh_rfs.vhd:1371]
	Parameter INIT bound to: 1'b1 
INFO: [Synth 8-113] binding component instance 'FDRE_BSR' to cell 'FDRE' [/home/intern/Downloads/Nexys-A7-100T-DMA-Audio-2018.2-1/vivado_proj_debug/Nexys-A7-100T-DMA-Audio_NEW.gen/sources_1/bd/design_1/ipshared/9438/hdl/proc_sys_reset_v5_0_vh_rfs.vhd:1387]
	Parameter INIT bound to: 1'b0 
INFO: [Synth 8-113] binding component instance 'FDRE_BSR_N' to cell 'FDRE' [/home/intern/Downloads/Nexys-A7-100T-DMA-Audio-2018.2-1/vivado_proj_debug/Nexys-A7-100T-DMA-Audio_NEW.gen/sources_1/bd/design_1/ipshared/9438/hdl/proc_sys_reset_v5_0_vh_rfs.vhd:1413]
	Parameter INIT bound to: 1'b1 
INFO: [Synth 8-113] binding component instance 'FDRE_PER' to cell 'FDRE' [/home/intern/Downloads/Nexys-A7-100T-DMA-Audio-2018.2-1/vivado_proj_debug/Nexys-A7-100T-DMA-Audio_NEW.gen/sources_1/bd/design_1/ipshared/9438/hdl/proc_sys_reset_v5_0_vh_rfs.vhd:1436]
	Parameter INIT bound to: 1'b0 
INFO: [Synth 8-113] binding component instance 'FDRE_PER_N' to cell 'FDRE' [/home/intern/Downloads/Nexys-A7-100T-DMA-Audio-2018.2-1/vivado_proj_debug/Nexys-A7-100T-DMA-Audio_NEW.gen/sources_1/bd/design_1/ipshared/9438/hdl/proc_sys_reset_v5_0_vh_rfs.vhd:1460]
INFO: [Synth 8-638] synthesizing module 'lpf' [/home/intern/Downloads/Nexys-A7-100T-DMA-Audio-2018.2-1/vivado_proj_debug/Nexys-A7-100T-DMA-Audio_NEW.gen/sources_1/bd/design_1/ipshared/9438/hdl/proc_sys_reset_v5_0_vh_rfs.vhd:821]
INFO: [Synth 8-3491] module 'SRL16' declared at '/tools/Xilinx/2025.1/Vivado/scripts/rt/data/unisim_comp.v:158596' bound to instance 'POR_SRL_I' of component 'SRL16' [/home/intern/Downloads/Nexys-A7-100T-DMA-Audio-2018.2-1/vivado_proj_debug/Nexys-A7-100T-DMA-Audio_NEW.gen/sources_1/bd/design_1/ipshared/9438/hdl/proc_sys_reset_v5_0_vh_rfs.vhd:873]
INFO: [Synth 8-6157] synthesizing module 'SRL16' [/tools/Xilinx/2025.1/Vivado/scripts/rt/data/unisim_comp.v:158596]
INFO: [Synth 8-6155] done synthesizing module 'SRL16' (0#1) [/tools/Xilinx/2025.1/Vivado/scripts/rt/data/unisim_comp.v:158596]
	Parameter DEST_SYNC_FF bound to: 4 - type: integer 
	Parameter INIT_SYNC_FF bound to: 0 - type: integer 
	Parameter SIM_ASSERT_CHK bound to: 0 - type: integer 
	Parameter SRC_INPUT_REG bound to: 0 - type: integer 
INFO: [Synth 8-3491] module 'xpm_cdc_single' declared at '/tools/Xilinx/2025.1/Vivado/data/ip/xpm/xpm_cdc/hdl/xpm_cdc.sv:152' bound to instance 'ACT_HI_EXT' of component 'xpm_cdc_single' [/home/intern/Downloads/Nexys-A7-100T-DMA-Audio-2018.2-1/vivado_proj_debug/Nexys-A7-100T-DMA-Audio_NEW.gen/sources_1/bd/design_1/ipshared/9438/hdl/proc_sys_reset_v5_0_vh_rfs.vhd:944]
INFO: [Synth 8-6157] synthesizing module 'xpm_cdc_single' [/tools/Xilinx/2025.1/Vivado/data/ip/xpm/xpm_cdc/hdl/xpm_cdc.sv:152]
INFO: [Synth 8-6155] done synthesizing module 'xpm_cdc_single' (0#1) [/tools/Xilinx/2025.1/Vivado/data/ip/xpm/xpm_cdc/hdl/xpm_cdc.sv:152]
	Parameter DEST_SYNC_FF bound to: 4 - type: integer 
	Parameter INIT_SYNC_FF bound to: 0 - type: integer 
	Parameter SIM_ASSERT_CHK bound to: 0 - type: integer 
	Parameter SRC_INPUT_REG bound to: 0 - type: integer 
INFO: [Synth 8-3491] module 'xpm_cdc_single' declared at '/tools/Xilinx/2025.1/Vivado/data/ip/xpm/xpm_cdc/hdl/xpm_cdc.sv:152' bound to instance 'ACT_LO_AUX' of component 'xpm_cdc_single' [/home/intern/Downloads/Nexys-A7-100T-DMA-Audio-2018.2-1/vivado_proj_debug/Nexys-A7-100T-DMA-Audio_NEW.gen/sources_1/bd/design_1/ipshared/9438/hdl/proc_sys_reset_v5_0_vh_rfs.vhd:1015]
INFO: [Synth 8-256] done synthesizing module 'lpf' (0#1) [/home/intern/Downloads/Nexys-A7-100T-DMA-Audio-2018.2-1/vivado_proj_debug/Nexys-A7-100T-DMA-Audio_NEW.gen/sources_1/bd/design_1/ipshared/9438/hdl/proc_sys_reset_v5_0_vh_rfs.vhd:821]
INFO: [Synth 8-638] synthesizing module 'sequence_psr' [/home/intern/Downloads/Nexys-A7-100T-DMA-Audio-2018.2-1/vivado_proj_debug/Nexys-A7-100T-DMA-Audio_NEW.gen/sources_1/bd/design_1/ipshared/9438/hdl/proc_sys_reset_v5_0_vh_rfs.vhd:304]
INFO: [Synth 8-638] synthesizing module 'upcnt_n' [/home/intern/Downloads/Nexys-A7-100T-DMA-Audio-2018.2-1/vivado_proj_debug/Nexys-A7-100T-DMA-Audio_NEW.gen/sources_1/bd/design_1/ipshared/9438/hdl/proc_sys_reset_v5_0_vh_rfs.vhd:126]
INFO: [Synth 8-256] done synthesizing module 'upcnt_n' (0#1) [/home/intern/Downloads/Nexys-A7-100T-DMA-Audio-2018.2-1/vivado_proj_debug/Nexys-A7-100T-DMA-Audio_NEW.gen/sources_1/bd/design_1/ipshared/9438/hdl/proc_sys_reset_v5_0_vh_rfs.vhd:126]
INFO: [Synth 8-256] done synthesizing module 'sequence_psr' (0#1) [/home/intern/Downloads/Nexys-A7-100T-DMA-Audio-2018.2-1/vivado_proj_debug/Nexys-A7-100T-DMA-Audio_NEW.gen/sources_1/bd/design_1/ipshared/9438/hdl/proc_sys_reset_v5_0_vh_rfs.vhd:304]
INFO: [Synth 8-256] done synthesizing module 'proc_sys_reset' (0#1) [/home/intern/Downloads/Nexys-A7-100T-DMA-Audio-2018.2-1/vivado_proj_debug/Nexys-A7-100T-DMA-Audio_NEW.gen/sources_1/bd/design_1/ipshared/9438/hdl/proc_sys_reset_v5_0_vh_rfs.vhd:1302]
INFO: [Synth 8-256] done synthesizing module 'design_1_rst_mig_7series_0_81M_0' (0#1) [/home/intern/Downloads/Nexys-A7-100T-DMA-Audio-2018.2-1/vivado_proj_debug/Nexys-A7-100T-DMA-Audio_NEW.gen/sources_1/bd/design_1/ip/design_1_rst_mig_7series_0_81M_0/synth/design_1_rst_mig_7series_0_81M_0.vhd:74]
WARNING: [Synth 8-7129] Port src_clk in module xpm_cdc_single is either unconnected or has no load
---------------------------------------------------------------------------------
Finished RTL Elaboration : Time (s): cpu = 00:00:06 ; elapsed = 00:00:07 . Memory (MB): peak = 2291.578 ; gain = 518.734 ; free physical = 3952 ; free virtual = 25744
---------------------------------------------------------------------------------
---------------------------------------------------------------------------------
Start Handling Custom Attributes
---------------------------------------------------------------------------------
---------------------------------------------------------------------------------
Finished Handling Custom Attributes : Time (s): cpu = 00:00:06 ; elapsed = 00:00:07 . Memory (MB): peak = 2309.391 ; gain = 536.547 ; free physical = 3951 ; free virtual = 25743
---------------------------------------------------------------------------------
---------------------------------------------------------------------------------
Finished RTL Optimization Phase 1 : Time (s): cpu = 00:00:06 ; elapsed = 00:00:07 . Memory (MB): peak = 2309.391 ; gain = 536.547 ; free physical = 3951 ; free virtual = 25743
---------------------------------------------------------------------------------
Netlist sorting complete. Time (s): cpu = 00:00:00 ; elapsed = 00:00:00 . Memory (MB): peak = 2315.328 ; gain = 0.000 ; free physical = 3944 ; free virtual = 25736
INFO: [Netlist 29-17] Analyzing 1 Unisim elements for replacement
INFO: [Netlist 29-28] Unisim Transformation completed in 0 CPU seconds
INFO: [Project 1-570] Preparing netlist for logic optimization

Processing XDC Constraints
Initializing timing engine
Parsing XDC File [/home/intern/Downloads/Nexys-A7-100T-DMA-Audio-2018.2-1/vivado_proj_debug/Nexys-A7-100T-DMA-Audio_NEW.gen/sources_1/bd/design_1/ip/design_1_rst_mig_7series_0_81M_0/design_1_rst_mig_7series_0_81M_0_ooc.xdc] for cell 'U0'
Finished Parsing XDC File [/home/intern/Downloads/Nexys-A7-100T-DMA-Audio-2018.2-1/vivado_proj_debug/Nexys-A7-100T-DMA-Audio_NEW.gen/sources_1/bd/design_1/ip/design_1_rst_mig_7series_0_81M_0/design_1_rst_mig_7series_0_81M_0_ooc.xdc] for cell 'U0'
Parsing XDC File [/home/intern/Downloads/Nexys-A7-100T-DMA-Audio-2018.2-1/vivado_proj_debug/Nexys-A7-100T-DMA-Audio_NEW.gen/sources_1/bd/design_1/ip/design_1_rst_mig_7series_0_81M_0/design_1_rst_mig_7series_0_81M_0_board.xdc] for cell 'U0'
Finished Parsing XDC File [/home/intern/Downloads/Nexys-A7-100T-DMA-Audio-2018.2-1/vivado_proj_debug/Nexys-A7-100T-DMA-Audio_NEW.gen/sources_1/bd/design_1/ip/design_1_rst_mig_7series_0_81M_0/design_1_rst_mig_7series_0_81M_0_board.xdc] for cell 'U0'
Parsing XDC File [/home/intern/Downloads/Nexys-A7-100T-DMA-Audio-2018.2-1/vivado_proj_debug/Nexys-A7-100T-DMA-Audio_NEW.runs/design_1_rst_mig_7series_0_81M_0_synth_1/dont_touch.xdc]
Finished Parsing XDC File [/home/intern/Downloads/Nexys-A7-100T-DMA-Audio-2018.2-1/vivado_proj_debug/Nexys-A7-100T-DMA-Audio_NEW.runs/design_1_rst_mig_7series_0_81M_0_synth_1/dont_touch.xdc]
INFO: [Project 1-236] Implementation specific constraints were found while reading constraint file [/tools/Xilinx/2025.1/Vivado/data/ip/xpm/xpm_cdc/tcl/xpm_cdc_single.tcl]. These constraints will be ignored for synthesis but will be used in implementation. Impacted constraints are listed in the file [.Xil/design_1_rst_mig_7series_0_81M_0_propImpl.xdc].
Resolution: To avoid this warning, move constraints listed in [.Xil/design_1_rst_mig_7series_0_81M_0_propImpl.xdc] to another XDC file and exclude this new file from synthesis with the used_in_synthesis property (File Properties dialog in GUI) and re-run elaboration/synthesis.
INFO: [Project 1-1714] 2 XPM XDC files have been applied to the design.
Completed Processing XDC Constraints

Netlist sorting complete. Time (s): cpu = 00:00:00 ; elapsed = 00:00:00 . Memory (MB): peak = 2437.129 ; gain = 0.000 ; free physical = 3951 ; free virtual = 25739
INFO: [Project 1-111] Unisim Transformation Summary:
  A total of 1 instances were transformed.
  SRL16 => SRL16E: 1 instance 

Constraint Validation Runtime : Time (s): cpu = 00:00:00.01 ; elapsed = 00:00:00.01 . Memory (MB): peak = 2437.164 ; gain = 0.000 ; free physical = 3951 ; free virtual = 25739
INFO: [Designutils 20-5008] Incremental synthesis strategy off
---------------------------------------------------------------------------------
Finished Constraint Validation : Time (s): cpu = 00:00:13 ; elapsed = 00:00:14 . Memory (MB): peak = 2437.164 ; gain = 664.320 ; free physical = 4055 ; free virtual = 25844
---------------------------------------------------------------------------------
---------------------------------------------------------------------------------
Start Loading Part and Timing Information
---------------------------------------------------------------------------------
Loading part: xc7a100tcsg324-1
---------------------------------------------------------------------------------
Finished Loading Part and Timing Information : Time (s): cpu = 00:00:13 ; elapsed = 00:00:14 . Memory (MB): peak = 2445.133 ; gain = 672.289 ; free physical = 4055 ; free virtual = 25844
---------------------------------------------------------------------------------
---------------------------------------------------------------------------------
Start Applying 'set_property' XDC Constraints
---------------------------------------------------------------------------------
---------------------------------------------------------------------------------
Finished applying 'set_property' XDC Constraints : Time (s): cpu = 00:00:13 ; elapsed = 00:00:14 . Memory (MB): peak = 2445.133 ; gain = 672.289 ; free physical = 4055 ; free virtual = 25844
---------------------------------------------------------------------------------
---------------------------------------------------------------------------------
Finished RTL Optimization Phase 2 : Time (s): cpu = 00:00:14 ; elapsed = 00:00:14 . Memory (MB): peak = 2445.133 ; gain = 672.289 ; free physical = 4054 ; free virtual = 25843
---------------------------------------------------------------------------------
---------------------------------------------------------------------------------
Start RTL Component Statistics 
---------------------------------------------------------------------------------
Detailed RTL Component Info : 
+---Adders : 
	   2 Input    6 Bit       Adders := 1     
+---Registers : 
	                6 Bit    Registers := 1     
	                4 Bit    Registers := 2     
	                3 Bit    Registers := 3     
	                1 Bit    Registers := 14    
+---Muxes : 
	   2 Input    6 Bit        Muxes := 1     
	   2 Input    1 Bit        Muxes := 1     
---------------------------------------------------------------------------------
Finished RTL Component Statistics 
---------------------------------------------------------------------------------
---------------------------------------------------------------------------------
Start Part Resource Summary
---------------------------------------------------------------------------------
Part Resources:
DSPs: 240 (col length:80)
BRAMs: 270 (col length: RAMB18 80 RAMB36 40)
---------------------------------------------------------------------------------
Finished Part Resource Summary
---------------------------------------------------------------------------------
---------------------------------------------------------------------------------
Start Cross Boundary and Area Optimization
---------------------------------------------------------------------------------
WARNING: [Synth 8-7080] Parallel synthesis criteria is not met
WARNING: [Synth 8-7129] Port src_clk in module xpm_cdc_single is either unconnected or has no load
---------------------------------------------------------------------------------
Finished Cross Boundary and Area Optimization : Time (s): cpu = 00:00:15 ; elapsed = 00:00:15 . Memory (MB): peak = 2445.133 ; gain = 672.289 ; free physical = 4066 ; free virtual = 25855
---------------------------------------------------------------------------------
---------------------------------------------------------------------------------
Start Applying XDC Timing Constraints
---------------------------------------------------------------------------------
---------------------------------------------------------------------------------
Finished Applying XDC Timing Constraints : Time (s): cpu = 00:00:20 ; elapsed = 00:00:21 . Memory (MB): peak = 2471.133 ; gain = 698.289 ; free physical = 4028 ; free virtual = 25817
---------------------------------------------------------------------------------
---------------------------------------------------------------------------------
Start Timing Optimization
---------------------------------------------------------------------------------
---------------------------------------------------------------------------------
Finished Timing Optimization : Time (s): cpu = 00:00:20 ; elapsed = 00:00:21 . Memory (MB): peak = 2472.133 ; gain = 699.289 ; free physical = 4028 ; free virtual = 25817
---------------------------------------------------------------------------------
---------------------------------------------------------------------------------
Start Technology Mapping
---------------------------------------------------------------------------------
---------------------------------------------------------------------------------
Finished Technology Mapping : Time (s): cpu = 00:00:20 ; elapsed = 00:00:21 . Memory (MB): peak = 2500.180 ; gain = 727.336 ; free physical = 3997 ; free virtual = 25786
---------------------------------------------------------------------------------
---------------------------------------------------------------------------------
Start IO Insertion
---------------------------------------------------------------------------------
---------------------------------------------------------------------------------
Start Flattening Before IO Insertion
---------------------------------------------------------------------------------
---------------------------------------------------------------------------------
Finished Flattening Before IO Insertion
---------------------------------------------------------------------------------
---------------------------------------------------------------------------------
Start Final Netlist Cleanup
---------------------------------------------------------------------------------
---------------------------------------------------------------------------------
Finished Final Netlist Cleanup
---------------------------------------------------------------------------------
---------------------------------------------------------------------------------
Finished IO Insertion : Time (s): cpu = 00:00:24 ; elapsed = 00:00:25 . Memory (MB): peak = 2656.992 ; gain = 884.148 ; free physical = 3860 ; free virtual = 25649
---------------------------------------------------------------------------------
---------------------------------------------------------------------------------
Start Renaming Generated Instances
---------------------------------------------------------------------------------
---------------------------------------------------------------------------------
Finished Renaming Generated Instances : Time (s): cpu = 00:00:24 ; elapsed = 00:00:25 . Memory (MB): peak = 2656.992 ; gain = 884.148 ; free physical = 3860 ; free virtual = 25649
---------------------------------------------------------------------------------
---------------------------------------------------------------------------------
Start Rebuilding User Hierarchy
---------------------------------------------------------------------------------
---------------------------------------------------------------------------------
Finished Rebuilding User Hierarchy : Time (s): cpu = 00:00:24 ; elapsed = 00:00:25 . Memory (MB): peak = 2656.992 ; gain = 884.148 ; free physical = 3860 ; free virtual = 25649
---------------------------------------------------------------------------------
---------------------------------------------------------------------------------
Start Renaming Generated Ports
---------------------------------------------------------------------------------
---------------------------------------------------------------------------------
Finished Renaming Generated Ports : Time (s): cpu = 00:00:24 ; elapsed = 00:00:25 . Memory (MB): peak = 2656.992 ; gain = 884.148 ; free physical = 3860 ; free virtual = 25649
---------------------------------------------------------------------------------
---------------------------------------------------------------------------------
Start Handling Custom Attributes
---------------------------------------------------------------------------------
---------------------------------------------------------------------------------
Finished Handling Custom Attributes : Time (s): cpu = 00:00:24 ; elapsed = 00:00:25 . Memory (MB): peak = 2656.992 ; gain = 884.148 ; free physical = 3860 ; free virtual = 25649
---------------------------------------------------------------------------------
---------------------------------------------------------------------------------
Start Renaming Generated Nets
---------------------------------------------------------------------------------
---------------------------------------------------------------------------------
Finished Renaming Generated Nets : Time (s): cpu = 00:00:24 ; elapsed = 00:00:25 . Memory (MB): peak = 2656.992 ; gain = 884.148 ; free physical = 3860 ; free virtual = 25649
---------------------------------------------------------------------------------
---------------------------------------------------------------------------------
Start Writing Synthesis Report
---------------------------------------------------------------------------------

Report BlackBoxes: 
+-+--------------+----------+
| |BlackBox name |Instances |
+-+--------------+----------+
+-+--------------+----------+

Report Cell Usage: 
+------+------+------+
|      |Cell  |Count |
+------+------+------+
|1     |LUT1  |     5|
|2     |LUT2  |     9|
|3     |LUT3  |     1|
|4     |LUT4  |     6|
|5     |LUT5  |     3|
|6     |LUT6  |     1|
|7     |SRL16 |     1|
|8     |FDRE  |    36|
|9     |FDSE  |     4|
+------+------+------+
---------------------------------------------------------------------------------
Finished Writing Synthesis Report : Time (s): cpu = 00:00:24 ; elapsed = 00:00:25 . Memory (MB): peak = 2656.992 ; gain = 884.148 ; free physical = 3860 ; free virtual = 25649
---------------------------------------------------------------------------------
Synthesis finished with 0 errors, 0 critical warnings and 2 warnings.
Synthesis Optimization Runtime : Time (s): cpu = 00:00:22 ; elapsed = 00:00:23 . Memory (MB): peak = 2656.992 ; gain = 756.375 ; free physical = 3860 ; free virtual = 25649
Synthesis Optimization Complete : Time (s): cpu = 00:00:24 ; elapsed = 00:00:25 . Memory (MB): peak = 2657.000 ; gain = 884.148 ; free physical = 3860 ; free virtual = 25649
INFO: [Project 1-571] Translating synthesized netlist
Netlist sorting complete. Time (s): cpu = 00:00:00 ; elapsed = 00:00:00 . Memory (MB): peak = 2657.000 ; gain = 0.000 ; free physical = 3860 ; free virtual = 25649
INFO: [Netlist 29-17] Analyzing 1 Unisim elements for replacement
INFO: [Netlist 29-28] Unisim Transformation completed in 0 CPU seconds
INFO: [Project 1-570] Preparing netlist for logic optimization
INFO: [Opt 31-138] Pushed 0 inverter(s) to 0 load pin(s).
Netlist sorting complete. Time (s): cpu = 00:00:00 ; elapsed = 00:00:00 . Memory (MB): peak = 2713.020 ; gain = 0.000 ; free physical = 3948 ; free virtual = 25737
INFO: [Project 1-111] Unisim Transformation Summary:
  A total of 1 instances were transformed.
  SRL16 => SRL16E: 1 instance 

Synth Design complete | Checksum: d911b14e
INFO: [Common 17-83] Releasing license: Synthesis
45 Infos, 7 Warnings, 0 Critical Warnings and 0 Errors encountered.
synth_design completed successfully
synth_design: Time (s): cpu = 00:00:32 ; elapsed = 00:00:28 . Memory (MB): peak = 2713.055 ; gain = 1103.297 ; free physical = 3948 ; free virtual = 25737
INFO: [Common 17-2834] synth_design peak Physical Memory [PSS] (MB): overall = 1711.078; main = 1711.078; forked = 230.266
INFO: [Common 17-2834] synth_design peak Virtual Memory [VSS] (MB): overall = 3417.043; main = 2713.023; forked = 963.906
Write ShapeDB Complete: Time (s): cpu = 00:00:00 ; elapsed = 00:00:00 . Memory (MB): peak = 2737.031 ; gain = 0.000 ; free physical = 3948 ; free virtual = 25737
INFO: [Common 17-1381] The checkpoint '/home/intern/Downloads/Nexys-A7-100T-DMA-Audio-2018.2-1/vivado_proj_debug/Nexys-A7-100T-DMA-Audio_NEW.runs/design_1_rst_mig_7series_0_81M_0_synth_1/design_1_rst_mig_7series_0_81M_0.dcp' has been generated.
INFO: [Coretcl 2-1648] Added synthesis output to IP cache for IP design_1_rst_mig_7series_0_81M_0, cache-ID = 024b5cdb334180c3
INFO: [Coretcl 2-1174] Renamed 6 cell refs.
Write ShapeDB Complete: Time (s): cpu = 00:00:00 ; elapsed = 00:00:00 . Memory (MB): peak = 2737.031 ; gain = 0.000 ; free physical = 3947 ; free virtual = 25736
INFO: [Common 17-1381] The checkpoint '/home/intern/Downloads/Nexys-A7-100T-DMA-Audio-2018.2-1/vivado_proj_debug/Nexys-A7-100T-DMA-Audio_NEW.runs/design_1_rst_mig_7series_0_81M_0_synth_1/design_1_rst_mig_7series_0_81M_0.dcp' has been generated.
INFO: [Vivado 12-24828] Executing command : report_utilization -file design_1_rst_mig_7series_0_81M_0_utilization_synth.rpt -pb design_1_rst_mig_7series_0_81M_0_utilization_synth.pb
INFO: [Common 17-206] Exiting Vivado at Thu Sep 18 16:50:15 2025...
